           1   32.20004    
           2   21.01030    
           3   15.69026    
           4   12.66703    
           5   10.71567    
           6   9.343623    
           7   8.320818    
           8   7.525648    
           9   6.887603    
          10   6.362851    
          11   5.922771    
          12   5.547635    
          13   5.223561    
          14   4.940573    
          15   4.690836    
          16   4.468747    
          17   4.269690    
          18   4.090176    
          19   3.927305    
          20   3.778895    
          21   3.642888    
          22   3.517730    
          23   3.402249    
          24   3.295184    
          25   3.195664    
          26   3.102877    
          27   3.016174    
          28   2.934919    
          29   2.858570    
          30   2.786754    
          31   2.718953    
          32   2.654904    
          33   2.594228    
          34   2.536777    
          35   2.482155    
          36   2.430196    
          37   2.380721    
          38   2.333515    
          39   2.288445    
          40   2.245372    
          41   2.204138    
          42   2.164619    
          43   2.126715    
          44   2.090308    
          45   2.055367    
          46   2.021724    
          47   1.989346    
          48   1.958153    
          49   1.928089    
          50   1.899061    
          51   1.871043    
          52   1.843969    
          53   1.817786    
          54   1.792473    
          55   1.767965    
          56   1.744214    
          57   1.721197    
          58   1.698887    
          59   1.677230    
          60   1.656194    
          61   1.635767    
          62   1.615945    
          63   1.596654    
          64   1.577884    
          65   1.559629    
          66   1.541859    
          67   1.524572    
          68   1.507729    
          69   1.491291    
          70   1.475275    
          71   1.459647    
          72   1.444404    
          73   1.429548    
          74   1.415023    
          75   1.400840    
          76   1.386981    
          77   1.373439    
          78   1.360207    
          79   1.347264    
          80   1.334611    
          81   1.322232    
          82   1.310116    
          83   1.298254    
          84   1.286628    
          85   1.275248    
          86   1.264113    
          87   1.253201    
          88   1.242496    
          89   1.232005    
          90   1.221716    
          91   1.211629    
          92   1.201739    
          93   1.192027    
          94   1.182500    
          95   1.173143    
          96   1.163960    
          97   1.154951    
          98   1.146101    
          99   1.137403    
         100   1.128852    
         101   1.120452    
         102   1.112211    
         103   1.104100    
         104   1.096120    
         105   1.088277    
         106   1.080567    
         107   1.072981    
         108   1.065511    
         109   1.058173    
         110   1.050940    
         111   1.043830    
         112   1.036837    
         113   1.029945    
         114   1.023158    
         115   1.016472    
         116   1.009894    
         117   1.003409    
         118  0.9970167    
         119  0.9907237    
         120  0.9845314    
         121  0.9784152    
         122  0.9723945    
         123  0.9664561    
         124  0.9606001    
         125  0.9548298    
         126  0.9491363    
         127  0.9435252    
         128  0.9379906    
         129  0.9325298    
         130  0.9271390    
         131  0.9218295    
         132  0.9165846    
         133  0.9114130    
         134  0.9063108    
         135  0.9012670    
         136  0.8962858    
         137  0.8913775    
         138  0.8865244    
         139  0.8817304    
         140  0.8770038    
         141  0.8723365    
         142  0.8677320    
         143  0.8631771    
         144  0.8586690    
         145  0.8542212    
         146  0.8498303    
         147  0.8454872    
         148  0.8411981    
         149  0.8369524    
         150  0.8327635    
         151  0.8286198    
         152  0.8245273    
         153  0.8204818    
         154  0.8164856    
         155  0.8125295    
         156  0.8086127    
         157  0.8047489    
         158  0.8009260    
         159  0.7971463    
         160  0.7934056    
         161  0.7897078    
         162  0.7860462    
         163  0.7824207    
         164  0.7788372    
         165  0.7752956    
         166  0.7717875    
         167  0.7683215    
         168  0.7648895    
         169  0.7614888    
         170  0.7581263    
         171  0.7547945    
         172  0.7515024    
         173  0.7482423    
         174  0.7450126    
         175  0.7418202    
         176  0.7386548    
         177  0.7355188    
         178  0.7324235    
         179  0.7293534    
         180  0.7263147    
         181  0.7233065    
         182  0.7203213    
         183  0.7173684    
         184  0.7144395    
         185  0.7115390    
         186  0.7086669    
         187  0.7058209    
         188  0.7030026    
         189  0.7002102    
         190  0.6974458    
         191  0.6947013    
         192  0.6919865    
         193  0.6892962    
         194  0.6866306    
         195  0.6839887    
         196  0.6813688    
         197  0.6787730    
         198  0.6761993    
         199  0.6736497    
         200  0.6711208    
         201  0.6686115    
         202  0.6661234    
         203  0.6636624    
         204  0.6612204    
         205  0.6587980    
         206  0.6563969    
         207  0.6540136    
         208  0.6516545    
         209  0.6493134    
         210  0.6469905    
         211  0.6446908    
         212  0.6424085    
         213  0.6401432    
         214  0.6379017    
         215  0.6356740    
         216  0.6334645    
         217  0.6312726    
         218  0.6291022    
         219  0.6269442    
         220  0.6248029    
         221  0.6226835    
         222  0.6205775    
         223  0.6184894    
         224  0.6164166    
         225  0.6143638    
         226  0.6123235    
         227  0.6102990    
         228  0.6082936    
         229  0.6062998    
         230  0.6043215    
         231  0.6023581    
         232  0.6004097    
         233  0.5984755    
         234  0.5965588    
         235  0.5946552    
         236  0.5927632    
         237  0.5908836    
         238  0.5890200    
         239  0.5871694    
         240  0.5853336    
         241  0.5835121    
         242  0.5817006    
         243  0.5799034    
         244  0.5781215    
         245  0.5763515    
         246  0.5745938    
         247  0.5728485    
         248  0.5711134    
         249  0.5693914    
         250  0.5676827    
         251  0.5659837    
         252  0.5642967    
         253  0.5626196    
         254  0.5609571    
         255  0.5593055    
         256  0.5576649    
         257  0.5560368    
         258  0.5544190    
         259  0.5528121    
         260  0.5512171    
         261  0.5496306    
         262  0.5480549    
         263  0.5464941    
         264  0.5449392    
         265  0.5433986    
         266  0.5418649    
         267  0.5403410    
         268  0.5388261    
         269  0.5373229    
         270  0.5358297    
         271  0.5343471    
         272  0.5328755    
         273  0.5314117    
         274  0.5299591    
         275  0.5285137    
         276  0.5270710    
         277  0.5256447    
         278  0.5242253    
         279  0.5228148    
         280  0.5214128    
         281  0.5200207    
         282  0.5186363    
         283  0.5172601    
         284  0.5158926    
         285  0.5145311    
         286  0.5131852    
         287  0.5118430    
         288  0.5105095    
         289  0.5091849    
         290  0.5078647    
         291  0.5065557    
         292  0.5052547    
         293  0.5039604    
         294  0.5026738    
         295  0.5013942    
         296  0.5001196    
         297  0.4988571    
         298  0.4976017    
         299  0.4963548    
         300  0.4951130    
         301  0.4938777    
         302  0.4926509    
         303  0.4914309    
         304  0.4902193    
         305  0.4890143    
         306  0.4878151    
         307  0.4866222    
         308  0.4854381    
         309  0.4842579    
         310  0.4830866    
         311  0.4819222    
         312  0.4807617    
         313  0.4796087    
         314  0.4784642    
         315  0.4773229    
         316  0.4761893    
         317  0.4750634    
         318  0.4739416    
         319  0.4728259    
         320  0.4717160    
         321  0.4706129    
         322  0.4695172    
         323  0.4684278    
         324  0.4673430    
         325  0.4662638    
         326  0.4651910    
         327  0.4641221    
         328  0.4630616    
         329  0.4620044    
         330  0.4609546    
         331  0.4599083    
         332  0.4588712    
         333  0.4578345    
         334  0.4568084    
         335  0.4557839    
         336  0.4547660    
         337  0.4537538    
         338  0.4527460    
         339  0.4517409    
         340  0.4507457    
         341  0.4497538    
         342  0.4487651    
         343  0.4477853    
         344  0.4468080    
         345  0.4458344    
         346  0.4448679    
         347  0.4439079    
         348  0.4429483    
         349  0.4419930    
         350  0.4410458    
         351  0.4401016    
         352  0.4391634    
         353  0.4382308    
         354  0.4373014    
         355  0.4363752    
         356  0.4354573    
         357  0.4345414    
         358  0.4336289    
         359  0.4327275    
         360  0.4318233    
         361  0.4309215    
         362  0.4300310    
         363  0.4291424    
         364  0.4282557    
         365  0.4273784    
         366  0.4265023    
         367  0.4256306    
         368  0.4247639    
         369  0.4238982    
         370  0.4230408    
         371  0.4221836    
         372  0.4213310    
         373  0.4204858    
         374  0.4196391    
         375  0.4187997    
         376  0.4179633    
         377  0.4171300    
         378  0.4163028    
         379  0.4154792    
         380  0.4146604    
         381  0.4138403    
         382  0.4130270    
         383  0.4122197    
         384  0.4114127    
         385  0.4106130    
         386  0.4098146    
         387  0.4090208    
         388  0.4082292    
         389  0.4074419    
         390  0.4066575    
         391  0.4058758    
         392  0.4050994    
         393  0.4043275    
         394  0.4035582    
         395  0.4027918    
         396  0.4020287    
         397  0.4012688    
         398  0.4005129    
         399  0.3997615    
         400  0.3990116    
         401  0.3982641    
         402  0.3975214    
         403  0.3967822    
         404  0.3960473    
         405  0.3953126    
         406  0.3945816    
         407  0.3938537    
         408  0.3931316    
         409  0.3924068    
         410  0.3916897    
         411  0.3909751    
         412  0.3902633    
         413  0.3895531    
         414  0.3888468    
         415  0.3881444    
         416  0.3874430    
         417  0.3867454    
         418  0.3860515    
         419  0.3853613    
         420  0.3846733    
         421  0.3839896    
         422  0.3833053    
         423  0.3826265    
         424  0.3819504    
         425  0.3812752    
         426  0.3806010    
         427  0.3799322    
         428  0.3792658    
         429  0.3786034    
         430  0.3779415    
         431  0.3772843    
         432  0.3766292    
         433  0.3759763    
         434  0.3753257    
         435  0.3746793    
         436  0.3740339    
         437  0.3733914    
         438  0.3727496    
         439  0.3721137    
         440  0.3714776    
         441  0.3708459    
         442  0.3702153    
         443  0.3695905    
         444  0.3689656    
         445  0.3683438    
         446  0.3677219    
         447  0.3671051    
         448  0.3664912    
         449  0.3658797    
         450  0.3652692    
         451  0.3646607    
         452  0.3640566    
         453  0.3634536    
         454  0.3628543    
         455  0.3622540    
         456  0.3616583    
         457  0.3610651    
         458  0.3604747    
         459  0.3598852    
         460  0.3592975    
         461  0.3587132    
         462  0.3581307    
         463  0.3575518    
         464  0.3569708    
         465  0.3563961    
         466  0.3558199    
         467  0.3552495    
         468  0.3546780    
         469  0.3541105    
         470  0.3535460    
         471  0.3529833    
         472  0.3524221    
         473  0.3518620    
         474  0.3513069    
         475  0.3507515    
         476  0.3501973    
         477  0.3496477    
         478  0.3490982    
         479  0.3485526    
         480  0.3480055    
         481  0.3474639    
         482  0.3469253    
         483  0.3463849    
         484  0.3458496    
         485  0.3453140    
         486  0.3447791    
         487  0.3442482    
         488  0.3437182    
         489  0.3431930    
         490  0.3426675    
         491  0.3421431    
         492  0.3416233    
         493  0.3411032    
         494  0.3405859    
         495  0.3400701    
         496  0.3395543    
         497  0.3390441    
         498  0.3385329    
         499  0.3380241    
         500  0.3375183    
         501  0.3370131    
         502  0.3365087    
         503  0.3360076    
         504  0.3355058    
         505  0.3350084    
         506  0.3345107    
         507  0.3340148    
         508  0.3335226    
         509  0.3330302    
         510  0.3325410    
         511  0.3320535    
         512  0.3315657    
         513  0.3310808    
         514  0.3305990    
         515  0.3301175    
         516  0.3296365    
         517  0.3291587    
         518  0.3286814    
         519  0.3282085    
         520  0.3277344    
         521  0.3272617    
         522  0.3267921    
         523  0.3263216    
         524  0.3258545    
         525  0.3253889    
         526  0.3249243    
         527  0.3244615    
         528  0.3240005    
         529  0.3235412    
         530  0.3230837    
         531  0.3226276    
         532  0.3221701    
         533  0.3217171    
         534  0.3212658    
         535  0.3208166    
         536  0.3203683    
         537  0.3199198    
         538  0.3194739    
         539  0.3190281    
         540  0.3185849    
         541  0.3181420    
         542  0.3177023    
         543  0.3172645    
         544  0.3168281    
         545  0.3163907    
         546  0.3159560    
         547  0.3155239    
         548  0.3150902    
         549  0.3146601    
         550  0.3142306    
         551  0.3138041    
         552  0.3133774    
         553  0.3129534    
         554  0.3125293    
         555  0.3121053    
         556  0.3116833    
         557  0.3112643    
         558  0.3108436    
         559  0.3104269    
         560  0.3100108    
         561  0.3095971    
         562  0.3091833    
         563  0.3087729    
         564  0.3083627    
         565  0.3079531    
         566  0.3075457    
         567  0.3071396    
         568  0.3067331    
         569  0.3063284    
         570  0.3059244    
         571  0.3055226    
         572  0.3051184    
         573  0.3047209    
         574  0.3043237    
         575  0.3039277    
         576  0.3035311    
         577  0.3031364    
         578  0.3027427    
         579  0.3023494    
         580  0.3019590    
         581  0.3015688    
         582  0.3011818    
         583  0.3007925    
         584  0.3004062    
         585  0.3000204    
         586  0.2996378    
         587  0.2992536    
         588  0.2988732    
         589  0.2984930    
         590  0.2981145    
         591  0.2977351    
         592  0.2973571    
         593  0.2969807    
         594  0.2966058    
         595  0.2962306    
         596  0.2958576    
         597  0.2954859    
         598  0.2951159    
         599  0.2947447    
         600  0.2943770    
         601  0.2940076    
         602  0.2936420    
         603  0.2932755    
         604  0.2929123    
         605  0.2925500    
         606  0.2921875    
         607  0.2918257    
         608  0.2914664    
         609  0.2911080    
         610  0.2907510    
         611  0.2903928    
         612  0.2900376    
         613  0.2896814    
         614  0.2893290    
         615  0.2889747    
         616  0.2886236    
         617  0.2882735    
         618  0.2879235    
         619  0.2875759    
         620  0.2872261    
         621  0.2868806    
         622  0.2865352    
         623  0.2861911    
         624  0.2858459    
         625  0.2855034    
         626  0.2851620    
         627  0.2848216    
         628  0.2844806    
         629  0.2841397    
         630  0.2838022    
         631  0.2834633    
         632  0.2831273    
         633  0.2827897    
         634  0.2824554    
         635  0.2821206    
         636  0.2817869    
         637  0.2814559    
         638  0.2811236    
         639  0.2807940    
         640  0.2804635    
         641  0.2801355    
         642  0.2798063    
         643  0.2794798    
         644  0.2791540    
         645  0.2788282    
         646  0.2785062    
         647  0.2781821    
         648  0.2778608    
         649  0.2775397    
         650  0.2772199    
         651  0.2769014    
         652  0.2765817    
         653  0.2762648    
         654  0.2759484    
         655  0.2756330    
         656  0.2753190    
         657  0.2750043    
         658  0.2746914    
         659  0.2743788    
         660  0.2740683    
         661  0.2737588    
         662  0.2734472    
         663  0.2731392    
         664  0.2728309    
         665  0.2725219    
         666  0.2722168    
         667  0.2719102    
         668  0.2716043    
         669  0.2713010    
         670  0.2709966    
         671  0.2706939    
         672  0.2703910    
         673  0.2700889    
         674  0.2697887    
         675  0.2694882    
         676  0.2691900    
         677  0.2688917    
         678  0.2685941    
         679  0.2682967    
         680  0.2680003    
         681  0.2677057    
         682  0.2674116    
         683  0.2671164    
         684  0.2668241    
         685  0.2665325    
         686  0.2662407    
         687  0.2659497    
         688  0.2656602    
         689  0.2653705    
         690  0.2650817    
         691  0.2647933    
         692  0.2645062    
         693  0.2642196    
         694  0.2639330    
         695  0.2636482    
         696  0.2633631    
         697  0.2630793    
         698  0.2627965    
         699  0.2625151    
         700  0.2622339    
         701  0.2619532    
         702  0.2616743    
         703  0.2613938    
         704  0.2611161    
         705  0.2608393    
         706  0.2605609    
         707  0.2602852    
         708  0.2600096    
         709  0.2597333    
         710  0.2594591    
         711  0.2591853    
         712  0.2589113    
         713  0.2586384    
         714  0.2583672    
         715  0.2580944    
         716  0.2578246    
         717  0.2575566    
         718  0.2572868    
         719  0.2570201    
         720  0.2567532    
         721  0.2564864    
         722  0.2562183    
         723  0.2559528    
         724  0.2556866    
         725  0.2554211    
         726  0.2551585    
         727  0.2548946    
         728  0.2546313    
         729  0.2543690    
         730  0.2541087    
         731  0.2538466    
         732  0.2535879    
         733  0.2533291    
         734  0.2530695    
         735  0.2528120    
         736  0.2525545    
         737  0.2522974    
         738  0.2520403    
         739  0.2517859    
         740  0.2515306    
         741  0.2512750    
         742  0.2510206    
         743  0.2507690    
         744  0.2505147    
         745  0.2502637    
         746  0.2500120    
         747  0.2497615    
         748  0.2495092    
         749  0.2492604    
         750  0.2490111    
         751  0.2487617    
         752  0.2485135    
         753  0.2482669    
         754  0.2480201    
         755  0.2477732    
         756  0.2475276    
         757  0.2472827    
         758  0.2470366    
         759  0.2467923    
         760  0.2465484    
         761  0.2463053    
         762  0.2460614    
         763  0.2458201    
         764  0.2455788    
         765  0.2453383    
         766  0.2450980    
         767  0.2448593    
         768  0.2446198    
         769  0.2443800    
         770  0.2441412    
         771  0.2439039    
         772  0.2436655    
         773  0.2434286    
         774  0.2431927    
         775  0.2429588    
         776  0.2427225    
         777  0.2424885    
         778  0.2422546    
         779  0.2420225    
         780  0.2417889    
         781  0.2415574    
         782  0.2413259    
         783  0.2410952    
         784  0.2408640    
         785  0.2406338    
         786  0.2404055    
         787  0.2401756    
         788  0.2399467    
         789  0.2397185    
         790  0.2394921    
         791  0.2392657    
         792  0.2390382    
         793  0.2388109    
         794  0.2385853    
         795  0.2383610    
         796  0.2381343    
         797  0.2379105    
         798  0.2376868    
         799  0.2374651    
         800  0.2372401    
         801  0.2370178    
         802  0.2367965    
         803  0.2365756    
         804  0.2363540    
         805  0.2361334    
         806  0.2359152    
         807  0.2356955    
         808  0.2354767    
         809  0.2352581    
         810  0.2350403    
         811  0.2348245    
         812  0.2346067    
         813  0.2343900    
         814  0.2341736    
         815  0.2339589    
         816  0.2337433    
         817  0.2335279    
         818  0.2333148    
         819  0.2331003    
         820  0.2328879    
         821  0.2326735    
         822  0.2324611    
         823  0.2322502    
         824  0.2320385    
         825  0.2318282    
         826  0.2316161    
         827  0.2314066    
         828  0.2311974    
         829  0.2309879    
         830  0.2307786    
         831  0.2305684    
         832  0.2303615    
         833  0.2301552    
         834  0.2299477    
         835  0.2297414    
         836  0.2295345    
         837  0.2293304    
         838  0.2291255    
         839  0.2289195    
         840  0.2287153    
         841  0.2285113    
         842  0.2283084    
         843  0.2281056    
         844  0.2279007    
         845  0.2276980    
         846  0.2274961    
         847  0.2272947    
         848  0.2270935    
         849  0.2268915    
         850  0.2266920    
         851  0.2264924    
         852  0.2262928    
         853  0.2260933    
         854  0.2258943    
         855  0.2256963    
         856  0.2254984    
         857  0.2253007    
         858  0.2251035    
         859  0.2249066    
         860  0.2247103    
         861  0.2245148    
         862  0.2243200    
         863  0.2241240    
         864  0.2239295    
         865  0.2237352    
         866  0.2235416    
         867  0.2233481    
         868  0.2231534    
         869  0.2229609    
         870  0.2227686    
         871  0.2225763    
         872  0.2223858    
         873  0.2221938    
         874  0.2220025    
         875  0.2218129    
         876  0.2216228    
         877  0.2214331    
         878  0.2212431    
         879  0.2210540    
         880  0.2208656    
         881  0.2206776    
         882  0.2204897    
         883  0.2203021    
         884  0.2201150    
         885  0.2199286    
         886  0.2197430    
         887  0.2195575    
         888  0.2193721    
         889  0.2191869    
         890  0.2190028    
         891  0.2188192    
         892  0.2186358    
         893  0.2184529    
         894  0.2182691    
         895  0.2180861    
         896  0.2179037    
         897  0.2177213    
         898  0.2175397    
         899  0.2173584    
         900  0.2171765    
         901  0.2169958    
         902  0.2168154    
         903  0.2166360    
         904  0.2164569    
         905  0.2162770    
         906  0.2160976    
         907  0.2159181    
         908  0.2157406    
         909  0.2155629    
         910  0.2153861    
         911  0.2152089    
         912  0.2150309    
         913  0.2148547    
         914  0.2146792    
         915  0.2145030    
         916  0.2143275    
         917  0.2141525    
         918  0.2139776    
         919  0.2138041    
         920  0.2136298    
         921  0.2134556    
         922  0.2132827    
         923  0.2131086    
         924  0.2129355    
         925  0.2127630    
         926  0.2125905    
         927  0.2124195    
         928  0.2122467    
         929  0.2120745    
         930  0.2119043    
         931  0.2117334    
         932  0.2115637    
         933  0.2113943    
         934  0.2112233    
         935  0.2110538    
         936  0.2108852    
         937  0.2107172    
         938  0.2105476    
         939  0.2103798    
         940  0.2102117    
         941  0.2100434    
         942  0.2098772    
         943  0.2097105    
         944  0.2095427    
         945  0.2093770    
         946  0.2092106    
         947  0.2090444    
         948  0.2088790    
         949  0.2087147    
         950  0.2085498    
         951  0.2083854    
         952  0.2082216    
         953  0.2080569    
         954  0.2078936    
         955  0.2077305    
         956  0.2075678    
         957  0.2074054    
         958  0.2072428    
         959  0.2070807    
         960  0.2069178    
         961  0.2067562    
         962  0.2065948    
         963  0.2064336    
         964  0.2062738    
         965  0.2061124    
         966  0.2059517    
         967  0.2057918    
         968  0.2056324    
         969  0.2054728    
         970  0.2053134    
         971  0.2051557    
         972  0.2049969    
         973  0.2048378    
         974  0.2046800    
         975  0.2045227    
         976  0.2043643    
         977  0.2042077    
         978  0.2040514    
         979  0.2038947    
         980  0.2037381    
         981  0.2035826    
         982  0.2034280    
         983  0.2032718    
         984  0.2031178    
         985  0.2029632    
         986  0.2028095    
         987  0.2026542    
         988  0.2025012    
         989  0.2023480    
         990  0.2021949    
         991  0.2020419    
         992  0.2018901    
         993  0.2017374    
         994  0.2015845    
         995  0.2014329    
         996  0.2012814    
         997  0.2011301    
         998  0.2009791    
         999  0.2008293    
        1000  0.2006780    
##IPMv2.0.5########################################################
#
# command   : /global/u1/k/klarsen/ASTRO250/HW2/new_code/./jacobi 
# start     : Mon Mar 06 16:50:15 2017   host      : nid00106        
# stop      : Mon Mar 06 16:53:12 2017   wallclock : 176.97
# mpi_tasks : 4 on 2 nodes               %comm     : 1.75
# mem [GB]  : 3.05                       gflop/sec : 0.00
#
#           :       [total]        <avg>          min          max
# wallclock :        707.87       176.97       176.96       176.97 
# MPI       :         12.36         3.09         0.49         6.41 
# %wall     :
#   MPI     :                       1.75         0.28         3.62 
# #calls    :
#   MPI     :         28056         7014         7014         7014
# mem [GB]  :          3.05         0.76         0.76         0.76 
#
#                             [time]        [count]        <%wall>
# MPI_Allreduce                10.26           4000           1.45
# MPI_Sendrecv                  2.10           8000           0.30
# MPI_Comm_size                 0.01           8016           0.00
# MPI_Comm_rank                 0.00           8016           0.00
# MPI_Bcast                     0.00             16           0.00
# MPI_Init                      0.00              4           0.00
# MPI_Finalize                  0.00              4           0.00
#
###################################################################
