           1   32.20004    
           2   21.01031    
           3   15.69025    
           4   12.66719    
           5   10.71567    
           6   9.343628    
           7   8.320905    
           8   7.525738    
           9   6.887667    
          10   6.362918    
          11   5.922804    
          12   5.547673    
          13   5.223639    
          14   4.940585    
          15   4.690890    
          16   4.468761    
          17   4.269736    
          18   4.090234    
          19   3.927374    
          20   3.778899    
          21   3.642884    
          22   3.517770    
          23   3.402242    
          24   3.295185    
          25   3.195690    
          26   3.102918    
          27   3.016204    
          28   2.934939    
          29   2.858603    
          30   2.786743    
          31   2.718969    
          32   2.654917    
          33   2.594275    
          34   2.536766    
          35   2.482157    
          36   2.430205    
          37   2.380727    
          38   2.333538    
          39   2.288466    
          40   2.245386    
          41   2.204139    
          42   2.164624    
          43   2.126723    
          44   2.090329    
          45   2.055370    
          46   2.021732    
          47   1.989357    
          48   1.958169    
          49   1.928103    
          50   1.899080    
          51   1.871069    
          52   1.843990    
          53   1.817816    
          54   1.792492    
          55   1.767974    
          56   1.744228    
          57   1.721211    
          58   1.698886    
          59   1.677230    
          60   1.656204    
          61   1.635786    
          62   1.615954    
          63   1.596663    
          64   1.577902    
          65   1.559647    
          66   1.541883    
          67   1.524581    
          68   1.507723    
          69   1.491293    
          70   1.475277    
          71   1.459654    
          72   1.444410    
          73   1.429545    
          74   1.415022    
          75   1.400839    
          76   1.386987    
          77   1.373448    
          78   1.360215    
          79   1.347276    
          80   1.334612    
          81   1.322233    
          82   1.310115    
          83   1.298253    
          84   1.286639    
          85   1.275259    
          86   1.264122    
          87   1.253204    
          88   1.242499    
          89   1.232013    
          90   1.221725    
          91   1.211635    
          92   1.201742    
          93   1.192030    
          94   1.182508    
          95   1.173154    
          96   1.163974    
          97   1.154956    
          98   1.146107    
          99   1.137407    
         100   1.128864    
         101   1.120462    
         102   1.112213    
         103   1.104106    
         104   1.096123    
         105   1.088286    
         106   1.080574    
         107   1.072984    
         108   1.065520    
         109   1.058178    
         110   1.050950    
         111   1.043837    
         112   1.036843    
         113   1.029950    
         114   1.023159    
         115   1.016477    
         116   1.009899    
         117   1.003419    
         118  0.9970282    
         119  0.9907353    
         120  0.9845363    
         121  0.9784274    
         122  0.9724060    
         123  0.9664670    
         124  0.9606098    
         125  0.9548413    
         126  0.9491487    
         127  0.9435392    
         128  0.9380049    
         129  0.9325440    
         130  0.9271559    
         131  0.9218415    
         132  0.9165965    
         133  0.9114216    
         134  0.9063138    
         135  0.9012716    
         136  0.8962936    
         137  0.8913816    
         138  0.8865310    
         139  0.8817412    
         140  0.8770109    
         141  0.8723417    
         142  0.8677320    
         143  0.8631740    
         144  0.8586686    
         145  0.8542231    
         146  0.8498332    
         147  0.8454902    
         148  0.8412021    
         149  0.8369605    
         150  0.8327724    
         151  0.8286316    
         152  0.8245388    
         153  0.8204945    
         154  0.8164954    
         155  0.8125412    
         156  0.8086239    
         157  0.8047587    
         158  0.8009354    
         159  0.7971571    
         160  0.7934176    
         161  0.7897168    
         162  0.7860554    
         163  0.7824324    
         164  0.7788496    
         165  0.7753095    
         166  0.7718009    
         167  0.7683331    
         168  0.7649009    
         169  0.7615001    
         170  0.7581405    
         171  0.7548112    
         172  0.7515180    
         173  0.7482558    
         174  0.7450238    
         175  0.7418302    
         176  0.7386667    
         177  0.7355306    
         178  0.7324330    
         179  0.7293624    
         180  0.7263200    
         181  0.7233102    
         182  0.7203271    
         183  0.7173742    
         184  0.7144437    
         185  0.7115393    
         186  0.7086701    
         187  0.7058256    
         188  0.7030074    
         189  0.7002144    
         190  0.6974465    
         191  0.6947023    
         192  0.6919884    
         193  0.6892994    
         194  0.6866348    
         195  0.6839911    
         196  0.6813720    
         197  0.6787775    
         198  0.6762034    
         199  0.6736540    
         200  0.6711245    
         201  0.6686147    
         202  0.6661273    
         203  0.6636658    
         204  0.6612257    
         205  0.6588039    
         206  0.6564031    
         207  0.6540205    
         208  0.6516618    
         209  0.6493217    
         210  0.6470006    
         211  0.6446990    
         212  0.6424169    
         213  0.6401514    
         214  0.6379124    
         215  0.6356848    
         216  0.6334755    
         217  0.6312834    
         218  0.6291101    
         219  0.6269544    
         220  0.6248142    
         221  0.6226931    
         222  0.6205874    
         223  0.6184992    
         224  0.6164248    
         225  0.6143700    
         226  0.6123302    
         227  0.6103052    
         228  0.6082954    
         229  0.6063020    
         230  0.6043231    
         231  0.6023604    
         232  0.6004126    
         233  0.5984776    
         234  0.5965595    
         235  0.5946535    
         236  0.5927607    
         237  0.5908828    
         238  0.5890198    
         239  0.5871710    
         240  0.5853361    
         241  0.5835131    
         242  0.5817007    
         243  0.5799045    
         244  0.5781214    
         245  0.5763519    
         246  0.5745937    
         247  0.5728465    
         248  0.5711125    
         249  0.5693914    
         250  0.5676847    
         251  0.5659863    
         252  0.5643010    
         253  0.5626259    
         254  0.5609623    
         255  0.5593103    
         256  0.5576700    
         257  0.5560422    
         258  0.5544248    
         259  0.5528186    
         260  0.5512245    
         261  0.5496369    
         262  0.5480614    
         263  0.5465000    
         264  0.5449461    
         265  0.5434039    
         266  0.5418699    
         267  0.5403452    
         268  0.5388305    
         269  0.5373274    
         270  0.5358353    
         271  0.5343524    
         272  0.5328789    
         273  0.5314147    
         274  0.5299622    
         275  0.5285159    
         276  0.5270734    
         277  0.5256462    
         278  0.5242279    
         279  0.5228177    
         280  0.5214157    
         281  0.5200235    
         282  0.5186384    
         283  0.5172633    
         284  0.5158946    
         285  0.5145322    
         286  0.5131840    
         287  0.5118431    
         288  0.5105096    
         289  0.5091859    
         290  0.5078666    
         291  0.5065575    
         292  0.5052570    
         293  0.5039640    
         294  0.5026768    
         295  0.5013971    
         296  0.5001221    
         297  0.4988582    
         298  0.4976039    
         299  0.4963573    
         300  0.4951143    
         301  0.4938799    
         302  0.4926554    
         303  0.4914344    
         304  0.4902234    
         305  0.4890188    
         306  0.4878199    
         307  0.4866268    
         308  0.4854420    
         309  0.4842606    
         310  0.4830900    
         311  0.4819265    
         312  0.4807643    
         313  0.4796116    
         314  0.4784666    
         315  0.4773249    
         316  0.4761916    
         317  0.4750673    
         318  0.4739459    
         319  0.4728302    
         320  0.4717204    
         321  0.4706159    
         322  0.4695202    
         323  0.4684314    
         324  0.4673463    
         325  0.4662671    
         326  0.4651934    
         327  0.4641245    
         328  0.4630644    
         329  0.4620070    
         330  0.4609572    
         331  0.4599116    
         332  0.4588749    
         333  0.4578387    
         334  0.4568118    
         335  0.4557864    
         336  0.4547664    
         337  0.4537549    
         338  0.4527480    
         339  0.4517427    
         340  0.4507483    
         341  0.4497559    
         342  0.4487678    
         343  0.4477888    
         344  0.4468120    
         345  0.4458394    
         346  0.4448730    
         347  0.4439117    
         348  0.4429535    
         349  0.4419998    
         350  0.4410528    
         351  0.4401099    
         352  0.4391724    
         353  0.4382397    
         354  0.4373113    
         355  0.4363870    
         356  0.4354674    
         357  0.4345513    
         358  0.4336402    
         359  0.4327352    
         360  0.4318304    
         361  0.4309316    
         362  0.4300389    
         363  0.4291501    
         364  0.4282647    
         365  0.4273854    
         366  0.4265087    
         367  0.4256361    
         368  0.4247690    
         369  0.4239046    
         370  0.4230473    
         371  0.4221921    
         372  0.4213403    
         373  0.4204935    
         374  0.4196482    
         375  0.4188091    
         376  0.4179730    
         377  0.4171406    
         378  0.4163140    
         379  0.4154900    
         380  0.4146703    
         381  0.4138515    
         382  0.4130380    
         383  0.4122309    
         384  0.4114250    
         385  0.4106244    
         386  0.4098260    
         387  0.4090311    
         388  0.4082400    
         389  0.4074517    
         390  0.4066667    
         391  0.4058858    
         392  0.4051090    
         393  0.4043376    
         394  0.4035683    
         395  0.4028028    
         396  0.4020387    
         397  0.4012781    
         398  0.4005210    
         399  0.3997683    
         400  0.3990182    
         401  0.3982705    
         402  0.3975279    
         403  0.3967881    
         404  0.3960522    
         405  0.3953178    
         406  0.3945869    
         407  0.3938591    
         408  0.3931355    
         409  0.3924125    
         410  0.3916950    
         411  0.3909802    
         412  0.3902674    
         413  0.3895586    
         414  0.3888526    
         415  0.3881507    
         416  0.3874494    
         417  0.3867528    
         418  0.3860590    
         419  0.3853678    
         420  0.3846790    
         421  0.3839947    
         422  0.3833110    
         423  0.3826312    
         424  0.3819549    
         425  0.3812802    
         426  0.3806076    
         427  0.3799382    
         428  0.3792726    
         429  0.3786116    
         430  0.3779510    
         431  0.3772920    
         432  0.3766355    
         433  0.3759826    
         434  0.3753326    
         435  0.3746859    
         436  0.3740406    
         437  0.3733989    
         438  0.3727574    
         439  0.3721205    
         440  0.3714854    
         441  0.3708530    
         442  0.3702234    
         443  0.3695978    
         444  0.3689733    
         445  0.3683526    
         446  0.3677315    
         447  0.3671143    
         448  0.3664996    
         449  0.3658877    
         450  0.3652777    
         451  0.3646702    
         452  0.3640649    
         453  0.3634612    
         454  0.3628606    
         455  0.3622622    
         456  0.3616662    
         457  0.3610722    
         458  0.3604815    
         459  0.3598916    
         460  0.3593048    
         461  0.3587203    
         462  0.3581378    
         463  0.3575593    
         464  0.3569789    
         465  0.3564034    
         466  0.3558271    
         467  0.3552570    
         468  0.3546853    
         469  0.3541187    
         470  0.3535539    
         471  0.3529919    
         472  0.3524311    
         473  0.3518712    
         474  0.3513143    
         475  0.3507587    
         476  0.3502070    
         477  0.3496571    
         478  0.3491066    
         479  0.3485622    
         480  0.3480150    
         481  0.3474739    
         482  0.3469344    
         483  0.3463948    
         484  0.3458593    
         485  0.3453228    
         486  0.3447890    
         487  0.3442566    
         488  0.3437253    
         489  0.3431995    
         490  0.3426743    
         491  0.3421501    
         492  0.3416306    
         493  0.3411108    
         494  0.3405927    
         495  0.3400773    
         496  0.3395626    
         497  0.3390510    
         498  0.3385386    
         499  0.3380295    
         500  0.3375224    
         501  0.3370180    
         502  0.3365133    
         503  0.3360112    
         504  0.3355104    
         505  0.3350123    
         506  0.3345143    
         507  0.3340199    
         508  0.3335272    
         509  0.3330355    
         510  0.3325461    
         511  0.3320574    
         512  0.3315706    
         513  0.3310847    
         514  0.3306017    
         515  0.3301207    
         516  0.3296391    
         517  0.3291616    
         518  0.3286852    
         519  0.3282121    
         520  0.3277389    
         521  0.3272666    
         522  0.3267974    
         523  0.3263279    
         524  0.3258614    
         525  0.3253959    
         526  0.3249310    
         527  0.3244686    
         528  0.3240072    
         529  0.3235478    
         530  0.3230907    
         531  0.3226339    
         532  0.3221777    
         533  0.3217242    
         534  0.3212724    
         535  0.3208225    
         536  0.3203742    
         537  0.3199249    
         538  0.3194791    
         539  0.3190347    
         540  0.3185912    
         541  0.3181484    
         542  0.3177084    
         543  0.3172704    
         544  0.3168330    
         545  0.3163961    
         546  0.3159609    
         547  0.3155282    
         548  0.3150955    
         549  0.3146646    
         550  0.3142348    
         551  0.3138078    
         552  0.3133814    
         553  0.3129568    
         554  0.3125334    
         555  0.3121100    
         556  0.3116883    
         557  0.3112685    
         558  0.3108493    
         559  0.3104328    
         560  0.3100163    
         561  0.3096024    
         562  0.3091889    
         563  0.3087772    
         564  0.3083666    
         565  0.3079570    
         566  0.3075494    
         567  0.3071427    
         568  0.3067372    
         569  0.3063327    
         570  0.3059295    
         571  0.3055276    
         572  0.3051263    
         573  0.3047271    
         574  0.3043290    
         575  0.3039327    
         576  0.3035368    
         577  0.3031419    
         578  0.3027477    
         579  0.3023551    
         580  0.3019639    
         581  0.3015739    
         582  0.3011855    
         583  0.3007975    
         584  0.3004109    
         585  0.3000253    
         586  0.2996419    
         587  0.2992587    
         588  0.2988776    
         589  0.2984969    
         590  0.2981178    
         591  0.2977385    
         592  0.2973608    
         593  0.2969834    
         594  0.2966093    
         595  0.2962347    
         596  0.2958620    
         597  0.2954908    
         598  0.2951212    
         599  0.2947512    
         600  0.2943830    
         601  0.2940143    
         602  0.2936481    
         603  0.2932821    
         604  0.2929183    
         605  0.2925555    
         606  0.2921931    
         607  0.2918317    
         608  0.2914721    
         609  0.2911134    
         610  0.2907556    
         611  0.2903982    
         612  0.2900426    
         613  0.2896867    
         614  0.2893340    
         615  0.2889798    
         616  0.2886287    
         617  0.2882776    
         618  0.2879271    
         619  0.2875789    
         620  0.2872296    
         621  0.2868839    
         622  0.2865379    
         623  0.2861936    
         624  0.2858493    
         625  0.2855067    
         626  0.2851655    
         627  0.2848249    
         628  0.2844847    
         629  0.2841445    
         630  0.2838067    
         631  0.2834691    
         632  0.2831326    
         633  0.2827957    
         634  0.2824612    
         635  0.2821263    
         636  0.2817929    
         637  0.2814613    
         638  0.2811294    
         639  0.2808003    
         640  0.2804702    
         641  0.2801417    
         642  0.2798131    
         643  0.2794879    
         644  0.2791620    
         645  0.2788368    
         646  0.2785138    
         647  0.2781902    
         648  0.2778691    
         649  0.2775472    
         650  0.2772275    
         651  0.2769081    
         652  0.2765886    
         653  0.2762718    
         654  0.2759547    
         655  0.2756388    
         656  0.2753238    
         657  0.2750096    
         658  0.2746964    
         659  0.2743834    
         660  0.2740727    
         661  0.2737624    
         662  0.2734511    
         663  0.2731426    
         664  0.2728335    
         665  0.2725249    
         666  0.2722190    
         667  0.2719125    
         668  0.2716066    
         669  0.2713023    
         670  0.2709980    
         671  0.2706948    
         672  0.2703914    
         673  0.2700904    
         674  0.2697903    
         675  0.2694901    
         676  0.2691919    
         677  0.2688933    
         678  0.2685966    
         679  0.2682985    
         680  0.2680023    
         681  0.2677078    
         682  0.2674131    
         683  0.2671180    
         684  0.2668265    
         685  0.2665343    
         686  0.2662429    
         687  0.2659523    
         688  0.2656627    
         689  0.2653733    
         690  0.2650852    
         691  0.2647961    
         692  0.2645093    
         693  0.2642232    
         694  0.2639363    
         695  0.2636520    
         696  0.2633672    
         697  0.2630835    
         698  0.2628015    
         699  0.2625195    
         700  0.2622389    
         701  0.2619587    
         702  0.2616796    
         703  0.2613999    
         704  0.2611218    
         705  0.2608445    
         706  0.2605662    
         707  0.2602905    
         708  0.2600144    
         709  0.2597383    
         710  0.2594647    
         711  0.2591906    
         712  0.2589161    
         713  0.2586428    
         714  0.2583712    
         715  0.2580984    
         716  0.2578278    
         717  0.2575586    
         718  0.2572890    
         719  0.2570219    
         720  0.2567546    
         721  0.2564875    
         722  0.2562210    
         723  0.2559552    
         724  0.2556899    
         725  0.2554253    
         726  0.2551626    
         727  0.2548986    
         728  0.2546358    
         729  0.2543736    
         730  0.2541127    
         731  0.2538512    
         732  0.2535917    
         733  0.2533329    
         734  0.2530737    
         735  0.2528168    
         736  0.2525588    
         737  0.2523016    
         738  0.2520449    
         739  0.2517897    
         740  0.2515340    
         741  0.2512789    
         742  0.2510252    
         743  0.2507727    
         744  0.2505187    
         745  0.2502673    
         746  0.2500156    
         747  0.2497642    
         748  0.2495130    
         749  0.2492638    
         750  0.2490140    
         751  0.2487650    
         752  0.2485176    
         753  0.2482704    
         754  0.2480236    
         755  0.2477771    
         756  0.2475318    
         757  0.2472855    
         758  0.2470402    
         759  0.2467967    
         760  0.2465534    
         761  0.2463095    
         762  0.2460664    
         763  0.2458245    
         764  0.2455840    
         765  0.2453434    
         766  0.2451041    
         767  0.2448650    
         768  0.2446255    
         769  0.2443857    
         770  0.2441470    
         771  0.2439093    
         772  0.2436709    
         773  0.2434340    
         774  0.2431981    
         775  0.2429634    
         776  0.2427271    
         777  0.2424933    
         778  0.2422593    
         779  0.2420268    
         780  0.2417935    
         781  0.2415627    
         782  0.2413308    
         783  0.2411000    
         784  0.2408686    
         785  0.2406390    
         786  0.2404100    
         787  0.2401804    
         788  0.2399517    
         789  0.2397235    
         790  0.2394966    
         791  0.2392700    
         792  0.2390430    
         793  0.2388161    
         794  0.2385907    
         795  0.2383658    
         796  0.2381406    
         797  0.2379163    
         798  0.2376928    
         799  0.2374706    
         800  0.2372468    
         801  0.2370247    
         802  0.2368032    
         803  0.2365824    
         804  0.2363610    
         805  0.2361409    
         806  0.2359224    
         807  0.2357029    
         808  0.2354846    
         809  0.2352660    
         810  0.2350484    
         811  0.2348311    
         812  0.2346140    
         813  0.2343977    
         814  0.2341810    
         815  0.2339663    
         816  0.2337500    
         817  0.2335352    
         818  0.2333214    
         819  0.2331070    
         820  0.2328941    
         821  0.2326802    
         822  0.2324680    
         823  0.2322565    
         824  0.2320453    
         825  0.2318345    
         826  0.2316235    
         827  0.2314137    
         828  0.2312041    
         829  0.2309948    
         830  0.2307861    
         831  0.2305767    
         832  0.2303690    
         833  0.2301617    
         834  0.2299546    
         835  0.2297483    
         836  0.2295417    
         837  0.2293367    
         838  0.2291312    
         839  0.2289265    
         840  0.2287221    
         841  0.2285185    
         842  0.2283153    
         843  0.2281121    
         844  0.2279089    
         845  0.2277060    
         846  0.2275041    
         847  0.2273025    
         848  0.2271016    
         849  0.2269005    
         850  0.2267008    
         851  0.2265010    
         852  0.2263019    
         853  0.2261026    
         854  0.2259039    
         855  0.2257057    
         856  0.2255075    
         857  0.2253098    
         858  0.2251132    
         859  0.2249167    
         860  0.2247206    
         861  0.2245248    
         862  0.2243294    
         863  0.2241349    
         864  0.2239399    
         865  0.2237459    
         866  0.2235521    
         867  0.2233582    
         868  0.2231650    
         869  0.2229721    
         870  0.2227801    
         871  0.2225880    
         872  0.2223968    
         873  0.2222062    
         874  0.2220154    
         875  0.2218255    
         876  0.2216352    
         877  0.2214459    
         878  0.2212565    
         879  0.2210673    
         880  0.2208795    
         881  0.2206911    
         882  0.2205032    
         883  0.2203167    
         884  0.2201292    
         885  0.2199428    
         886  0.2197569    
         887  0.2195709    
         888  0.2193855    
         889  0.2192004    
         890  0.2190162    
         891  0.2188322    
         892  0.2186478    
         893  0.2184649    
         894  0.2182816    
         895  0.2180983    
         896  0.2179157    
         897  0.2177328    
         898  0.2175504    
         899  0.2173688    
         900  0.2171868    
         901  0.2170058    
         902  0.2168252    
         903  0.2166448    
         904  0.2164650    
         905  0.2162857    
         906  0.2161061    
         907  0.2159275    
         908  0.2157497    
         909  0.2155710    
         910  0.2153938    
         911  0.2152165    
         912  0.2150390    
         913  0.2148625    
         914  0.2146861    
         915  0.2145100    
         916  0.2143344    
         917  0.2141590    
         918  0.2139846    
         919  0.2138106    
         920  0.2136358    
         921  0.2134618    
         922  0.2132888    
         923  0.2131148    
         924  0.2129420    
         925  0.2127690    
         926  0.2125961    
         927  0.2124245    
         928  0.2122528    
         929  0.2120807    
         930  0.2119102    
         931  0.2117400    
         932  0.2115697    
         933  0.2113998    
         934  0.2112300    
         935  0.2110605    
         936  0.2108913    
         937  0.2107227    
         938  0.2105535    
         939  0.2103851    
         940  0.2102175    
         941  0.2100497    
         942  0.2098832    
         943  0.2097161    
         944  0.2095489    
         945  0.2093829    
         946  0.2092167    
         947  0.2090506    
         948  0.2088852    
         949  0.2087198    
         950  0.2085549    
         951  0.2083905    
         952  0.2082268    
         953  0.2080623    
         954  0.2078991    
         955  0.2077365    
         956  0.2075731    
         957  0.2074105    
         958  0.2072482    
         959  0.2070867    
         960  0.2069244    
         961  0.2067630    
         962  0.2066021    
         963  0.2064407    
         964  0.2062805    
         965  0.2061198    
         966  0.2059593    
         967  0.2057992    
         968  0.2056398    
         969  0.2054803    
         970  0.2053208    
         971  0.2051625    
         972  0.2050043    
         973  0.2048459    
         974  0.2046878    
         975  0.2045304    
         976  0.2043722    
         977  0.2042156    
         978  0.2040588    
         979  0.2039027    
         980  0.2037468    
         981  0.2035910    
         982  0.2034361    
         983  0.2032801    
         984  0.2031256    
         985  0.2029707    
         986  0.2028166    
         987  0.2026619    
         988  0.2025084    
         989  0.2023547    
         990  0.2022013    
         991  0.2020483    
         992  0.2018959    
         993  0.2017434    
         994  0.2015909    
         995  0.2014392    
         996  0.2012874    
         997  0.2011360    
         998  0.2009848    
         999  0.2008342    
        1000  0.2006832    
##IPMv2.0.5########################################################
#
# command   : /global/u1/k/klarsen/ASTRO250/HW2/new_code/./jacobi 
# start     : Mon Mar 06 16:59:46 2017   host      : nid00144        
# stop      : Mon Mar 06 17:00:38 2017   wallclock : 51.76
# mpi_tasks : 16 on 2 nodes              %comm     : 4.15
# mem [GB]  : 3.20                       gflop/sec : 0.00
#
#           :       [total]        <avg>          min          max
# wallclock :        828.16        51.76        51.75        51.76 
# MPI       :         34.39         2.15         1.21         3.08 
# %wall     :
#   MPI     :                       4.15         2.35         5.95 
# #calls    :
#   MPI     :        112224         7014         7014         7014
# mem [GB]  :          3.20         0.20         0.20         0.20 
#
#                             [time]        [count]        <%wall>
# MPI_Allreduce                26.86          16000           3.24
# MPI_Sendrecv                  7.51          32000           0.91
# MPI_Comm_size                 0.02          32064           0.00
# MPI_Comm_rank                 0.01          32064           0.00
# MPI_Bcast                     0.00             64           0.00
# MPI_Init                      0.00             16           0.00
# MPI_Finalize                  0.00             16           0.00
#
###################################################################
