           1   32.20003    
           2   21.01031    
           3   15.69026    
           4   12.66713    
           5   10.71567    
           6   9.343612    
           7   8.320894    
           8   7.525723    
           9   6.887630    
          10   6.362896    
          11   5.922791    
          12   5.547661    
          13   5.223589    
          14   4.940578    
          15   4.690869    
          16   4.468731    
          17   4.269724    
          18   4.090214    
          19   3.927365    
          20   3.778885    
          21   3.642887    
          22   3.517758    
          23   3.402249    
          24   3.295172    
          25   3.195685    
          26   3.102906    
          27   3.016194    
          28   2.934937    
          29   2.858600    
          30   2.786744    
          31   2.718968    
          32   2.654915    
          33   2.594266    
          34   2.536754    
          35   2.482156    
          36   2.430208    
          37   2.380731    
          38   2.333532    
          39   2.288458    
          40   2.245381    
          41   2.204134    
          42   2.164620    
          43   2.126723    
          44   2.090327    
          45   2.055370    
          46   2.021728    
          47   1.989353    
          48   1.958158    
          49   1.928095    
          50   1.899065    
          51   1.871059    
          52   1.843985    
          53   1.817816    
          54   1.792493    
          55   1.767972    
          56   1.744230    
          57   1.721208    
          58   1.698881    
          59   1.677226    
          60   1.656197    
          61   1.635785    
          62   1.615952    
          63   1.596663    
          64   1.577896    
          65   1.559644    
          66   1.541883    
          67   1.524578    
          68   1.507719    
          69   1.491294    
          70   1.475275    
          71   1.459649    
          72   1.444408    
          73   1.429546    
          74   1.415022    
          75   1.400841    
          76   1.386982    
          77   1.373446    
          78   1.360211    
          79   1.347269    
          80   1.334608    
          81   1.322236    
          82   1.310116    
          83   1.298252    
          84   1.286637    
          85   1.275258    
          86   1.264116    
          87   1.253204    
          88   1.242500    
          89   1.232012    
          90   1.221723    
          91   1.211635    
          92   1.201738    
          93   1.192029    
          94   1.182507    
          95   1.173152    
          96   1.163968    
          97   1.154953    
          98   1.146104    
          99   1.137408    
         100   1.128860    
         101   1.120459    
         102   1.112212    
         103   1.104102    
         104   1.096125    
         105   1.088284    
         106   1.080569    
         107   1.072986    
         108   1.065516    
         109   1.058176    
         110   1.050949    
         111   1.043833    
         112   1.036841    
         113   1.029948    
         114   1.023157    
         115   1.016475    
         116   1.009893    
         117   1.003414    
         118  0.9970228    
         119  0.9907294    
         120  0.9845315    
         121  0.9784216    
         122  0.9724007    
         123  0.9664626    
         124  0.9606028    
         125  0.9548334    
         126  0.9491412    
         127  0.9435298    
         128  0.9380007    
         129  0.9325414    
         130  0.9271529    
         131  0.9218428    
         132  0.9165953    
         133  0.9114205    
         134  0.9063175    
         135  0.9012726    
         136  0.8962917    
         137  0.8913820    
         138  0.8865304    
         139  0.8817379    
         140  0.8770092    
         141  0.8723403    
         142  0.8677311    
         143  0.8631718    
         144  0.8586671    
         145  0.8542196    
         146  0.8498267    
         147  0.8454838    
         148  0.8411985    
         149  0.8369556    
         150  0.8327697    
         151  0.8286282    
         152  0.8245354    
         153  0.8204908    
         154  0.8164927    
         155  0.8125378    
         156  0.8086203    
         157  0.8047558    
         158  0.8009326    
         159  0.7971537    
         160  0.7934122    
         161  0.7897132    
         162  0.7860539    
         163  0.7824327    
         164  0.7788502    
         165  0.7753076    
         166  0.7717984    
         167  0.7683308    
         168  0.7648980    
         169  0.7614970    
         170  0.7581354    
         171  0.7548071    
         172  0.7515152    
         173  0.7482533    
         174  0.7450207    
         175  0.7418246    
         176  0.7386611    
         177  0.7355252    
         178  0.7324305    
         179  0.7293609    
         180  0.7263205    
         181  0.7233104    
         182  0.7203245    
         183  0.7173706    
         184  0.7144417    
         185  0.7115389    
         186  0.7086670    
         187  0.7058223    
         188  0.7030039    
         189  0.7002103    
         190  0.6974453    
         191  0.6947026    
         192  0.6919891    
         193  0.6892995    
         194  0.6866336    
         195  0.6839913    
         196  0.6813741    
         197  0.6787778    
         198  0.6762038    
         199  0.6736533    
         200  0.6711249    
         201  0.6686139    
         202  0.6661271    
         203  0.6636654    
         204  0.6612219    
         205  0.6588008    
         206  0.6564025    
         207  0.6540198    
         208  0.6516611    
         209  0.6493208    
         210  0.6469979    
         211  0.6446981    
         212  0.6424164    
         213  0.6401517    
         214  0.6379104    
         215  0.6356819    
         216  0.6334724    
         217  0.6312806    
         218  0.6291092    
         219  0.6269529    
         220  0.6248121    
         221  0.6226913    
         222  0.6205841    
         223  0.6184950    
         224  0.6164223    
         225  0.6143698    
         226  0.6123306    
         227  0.6103048    
         228  0.6082949    
         229  0.6063011    
         230  0.6043213    
         231  0.6023584    
         232  0.6004102    
         233  0.5984761    
         234  0.5965582    
         235  0.5946549    
         236  0.5927621    
         237  0.5908829    
         238  0.5890198    
         239  0.5871695    
         240  0.5853333    
         241  0.5835121    
         242  0.5817006    
         243  0.5799030    
         244  0.5781220    
         245  0.5763524    
         246  0.5745933    
         247  0.5728480    
         248  0.5711126    
         249  0.5693910    
         250  0.5676836    
         251  0.5659856    
         252  0.5642996    
         253  0.5626242    
         254  0.5609616    
         255  0.5593102    
         256  0.5576692    
         257  0.5560408    
         258  0.5544234    
         259  0.5528173    
         260  0.5512220    
         261  0.5496351    
         262  0.5480598    
         263  0.5464976    
         264  0.5449430    
         265  0.5434006    
         266  0.5418658    
         267  0.5403419    
         268  0.5388283    
         269  0.5373255    
         270  0.5358335    
         271  0.5343508    
         272  0.5328779    
         273  0.5314143    
         274  0.5299615    
         275  0.5285166    
         276  0.5270746    
         277  0.5256473    
         278  0.5242282    
         279  0.5228176    
         280  0.5214141    
         281  0.5200210    
         282  0.5186371    
         283  0.5172611    
         284  0.5158930    
         285  0.5145316    
         286  0.5131817    
         287  0.5118399    
         288  0.5105068    
         289  0.5091826    
         290  0.5078631    
         291  0.5065547    
         292  0.5052539    
         293  0.5039604    
         294  0.5026740    
         295  0.5013942    
         296  0.5001197    
         297  0.4988564    
         298  0.4976001    
         299  0.4963537    
         300  0.4951119    
         301  0.4938773    
         302  0.4926509    
         303  0.4914313    
         304  0.4902196    
         305  0.4890138    
         306  0.4878151    
         307  0.4866222    
         308  0.4854379    
         309  0.4842573    
         310  0.4830858    
         311  0.4819212    
         312  0.4807598    
         313  0.4796065    
         314  0.4784623    
         315  0.4773216    
         316  0.4761884    
         317  0.4750640    
         318  0.4739425    
         319  0.4728266    
         320  0.4717183    
         321  0.4706165    
         322  0.4695196    
         323  0.4684307    
         324  0.4673454    
         325  0.4662650    
         326  0.4651929    
         327  0.4641242    
         328  0.4630633    
         329  0.4620067    
         330  0.4609567    
         331  0.4599105    
         332  0.4588742    
         333  0.4578369    
         334  0.4568094    
         335  0.4557849    
         336  0.4547661    
         337  0.4537537    
         338  0.4527469    
         339  0.4517419    
         340  0.4507455    
         341  0.4497532    
         342  0.4487647    
         343  0.4477851    
         344  0.4468084    
         345  0.4458351    
         346  0.4448692    
         347  0.4439090    
         348  0.4429497    
         349  0.4419951    
         350  0.4410489    
         351  0.4401052    
         352  0.4391668    
         353  0.4382345    
         354  0.4373061    
         355  0.4363807    
         356  0.4354630    
         357  0.4345474    
         358  0.4336345    
         359  0.4327330    
         360  0.4318290    
         361  0.4309281    
         362  0.4300364    
         363  0.4291472    
         364  0.4282597    
         365  0.4273817    
         366  0.4265050    
         367  0.4256332    
         368  0.4247672    
         369  0.4239017    
         370  0.4230449    
         371  0.4221877    
         372  0.4213351    
         373  0.4204905    
         374  0.4196442    
         375  0.4188055    
         376  0.4179693    
         377  0.4171351    
         378  0.4163084    
         379  0.4154852    
         380  0.4146669    
         381  0.4138473    
         382  0.4130340    
         383  0.4122271    
         384  0.4114197    
         385  0.4106205    
         386  0.4098218    
         387  0.4090276    
         388  0.4082369    
         389  0.4074497    
         390  0.4066651    
         391  0.4058826    
         392  0.4051067    
         393  0.4043349    
         394  0.4035659    
         395  0.4027999    
         396  0.4020360    
         397  0.4012758    
         398  0.4005191    
         399  0.3997676    
         400  0.3990169    
         401  0.3982694    
         402  0.3975261    
         403  0.3967865    
         404  0.3960507    
         405  0.3953170    
         406  0.3945864    
         407  0.3938589    
         408  0.3931361    
         409  0.3924122    
         410  0.3916948    
         411  0.3909799    
         412  0.3902676    
         413  0.3895582    
         414  0.3888524    
         415  0.3881503    
         416  0.3874493    
         417  0.3867527    
         418  0.3860580    
         419  0.3853669    
         420  0.3846776    
         421  0.3839933    
         422  0.3833090    
         423  0.3826295    
         424  0.3819527    
         425  0.3812782    
         426  0.3806048    
         427  0.3799359    
         428  0.3792697    
         429  0.3786087    
         430  0.3779471    
         431  0.3772892    
         432  0.3766326    
         433  0.3759804    
         434  0.3753296    
         435  0.3746830    
         436  0.3740370    
         437  0.3733952    
         438  0.3727532    
         439  0.3721169    
         440  0.3714814    
         441  0.3708498    
         442  0.3702201    
         443  0.3695952    
         444  0.3689702    
         445  0.3683490    
         446  0.3677281    
         447  0.3671114    
         448  0.3664966    
         449  0.3658846    
         450  0.3652752    
         451  0.3646668    
         452  0.3640626    
         453  0.3634593    
         454  0.3628593    
         455  0.3622602    
         456  0.3616652    
         457  0.3610711    
         458  0.3604810    
         459  0.3598904    
         460  0.3593026    
         461  0.3587184    
         462  0.3581354    
         463  0.3575566    
         464  0.3569751    
         465  0.3564005    
         466  0.3558239    
         467  0.3552542    
         468  0.3546824    
         469  0.3541147    
         470  0.3535506    
         471  0.3529878    
         472  0.3524269    
         473  0.3518662    
         474  0.3513106    
         475  0.3507562    
         476  0.3502029    
         477  0.3496537    
         478  0.3491049    
         479  0.3485602    
         480  0.3480128    
         481  0.3474716    
         482  0.3469326    
         483  0.3463918    
         484  0.3458568    
         485  0.3453216    
         486  0.3447874    
         487  0.3442560    
         488  0.3437252    
         489  0.3431993    
         490  0.3426730    
         491  0.3421487    
         492  0.3416289    
         493  0.3411082    
         494  0.3405907    
         495  0.3400745    
         496  0.3395583    
         497  0.3390481    
         498  0.3385363    
         499  0.3380272    
         500  0.3375212    
         501  0.3370154    
         502  0.3365115    
         503  0.3360098    
         504  0.3355080    
         505  0.3350103    
         506  0.3345133    
         507  0.3340182    
         508  0.3335265    
         509  0.3330336    
         510  0.3325442    
         511  0.3320568    
         512  0.3315677    
         513  0.3310827    
         514  0.3306008    
         515  0.3301186    
         516  0.3296385    
         517  0.3291608    
         518  0.3286845    
         519  0.3282122    
         520  0.3277381    
         521  0.3272662    
         522  0.3267972    
         523  0.3263269    
         524  0.3258608    
         525  0.3253955    
         526  0.3249313    
         527  0.3244684    
         528  0.3240080    
         529  0.3235485    
         530  0.3230912    
         531  0.3226352    
         532  0.3221775    
         533  0.3217246    
         534  0.3212730    
         535  0.3208232    
         536  0.3203749    
         537  0.3199260    
         538  0.3194796    
         539  0.3190338    
         540  0.3185908    
         541  0.3181476    
         542  0.3177077    
         543  0.3172695    
         544  0.3168333    
         545  0.3163959    
         546  0.3159616    
         547  0.3155295    
         548  0.3150957    
         549  0.3146657    
         550  0.3142360    
         551  0.3138087    
         552  0.3133815    
         553  0.3129576    
         554  0.3125328    
         555  0.3121091    
         556  0.3116868    
         557  0.3112678    
         558  0.3108470    
         559  0.3104317    
         560  0.3100154    
         561  0.3096021    
         562  0.3091881    
         563  0.3087779    
         564  0.3083673    
         565  0.3079579    
         566  0.3075504    
         567  0.3071446    
         568  0.3067374    
         569  0.3063331    
         570  0.3059293    
         571  0.3055282    
         572  0.3051252    
         573  0.3047266    
         574  0.3043284    
         575  0.3039326    
         576  0.3035365    
         577  0.3031423    
         578  0.3027482    
         579  0.3023548    
         580  0.3019645    
         581  0.3015744    
         582  0.3011868    
         583  0.3007970    
         584  0.3004111    
         585  0.3000248    
         586  0.2996424    
         587  0.2992581    
         588  0.2988783    
         589  0.2984981    
         590  0.2981195    
         591  0.2977399    
         592  0.2973619    
         593  0.2969853    
         594  0.2966100    
         595  0.2962350    
         596  0.2958621    
         597  0.2954907    
         598  0.2951204    
         599  0.2947498    
         600  0.2943818    
         601  0.2940124    
         602  0.2936466    
         603  0.2932805    
         604  0.2929176    
         605  0.2925549    
         606  0.2921919    
         607  0.2918303    
         608  0.2914712    
         609  0.2911127    
         610  0.2907552    
         611  0.2903973    
         612  0.2900417    
         613  0.2896854    
         614  0.2893324    
         615  0.2889776    
         616  0.2886266    
         617  0.2882763    
         618  0.2879259    
         619  0.2875779    
         620  0.2872281    
         621  0.2868827    
         622  0.2865368    
         623  0.2861926    
         624  0.2858476    
         625  0.2855051    
         626  0.2851640    
         627  0.2848231    
         628  0.2844827    
         629  0.2841425    
         630  0.2838055    
         631  0.2834674    
         632  0.2831311    
         633  0.2827941    
         634  0.2824604    
         635  0.2821255    
         636  0.2817915    
         637  0.2814602    
         638  0.2811281    
         639  0.2807991    
         640  0.2804683    
         641  0.2801401    
         642  0.2798117    
         643  0.2794862    
         644  0.2791604    
         645  0.2788347    
         646  0.2785122    
         647  0.2781882    
         648  0.2778671    
         649  0.2775456    
         650  0.2772258    
         651  0.2769068    
         652  0.2765870    
         653  0.2762706    
         654  0.2759534    
         655  0.2756371    
         656  0.2753229    
         657  0.2750079    
         658  0.2746945    
         659  0.2743816    
         660  0.2740703    
         661  0.2737598    
         662  0.2734482    
         663  0.2731398    
         664  0.2728309    
         665  0.2725221    
         666  0.2722163    
         667  0.2719094    
         668  0.2716040    
         669  0.2713005    
         670  0.2709956    
         671  0.2706930    
         672  0.2703898    
         673  0.2700884    
         674  0.2697888    
         675  0.2694882    
         676  0.2691898    
         677  0.2688915    
         678  0.2685944    
         679  0.2682967    
         680  0.2680001    
         681  0.2677058    
         682  0.2674111    
         683  0.2671159    
         684  0.2668243    
         685  0.2665324    
         686  0.2662410    
         687  0.2659508    
         688  0.2656615    
         689  0.2653722    
         690  0.2650843    
         691  0.2647960    
         692  0.2645086    
         693  0.2642226    
         694  0.2639361    
         695  0.2636516    
         696  0.2633670    
         697  0.2630834    
         698  0.2628008    
         699  0.2625194    
         700  0.2622382    
         701  0.2619577    
         702  0.2616788    
         703  0.2613980    
         704  0.2611203    
         705  0.2608432    
         706  0.2605642    
         707  0.2602887    
         708  0.2600128    
         709  0.2597366    
         710  0.2594626    
         711  0.2591890    
         712  0.2589146    
         713  0.2586416    
         714  0.2583706    
         715  0.2580975    
         716  0.2578272    
         717  0.2575578    
         718  0.2572877    
         719  0.2570205    
         720  0.2567531    
         721  0.2564860    
         722  0.2562189    
         723  0.2559538    
         724  0.2556883    
         725  0.2554231    
         726  0.2551602    
         727  0.2548965    
         728  0.2546334    
         729  0.2543715    
         730  0.2541115    
         731  0.2538490    
         732  0.2535902    
         733  0.2533312    
         734  0.2530718    
         735  0.2528143    
         736  0.2525567    
         737  0.2522995    
         738  0.2520421    
         739  0.2517874    
         740  0.2515318    
         741  0.2512765    
         742  0.2510227    
         743  0.2507707    
         744  0.2505158    
         745  0.2502649    
         746  0.2500130    
         747  0.2497624    
         748  0.2495101    
         749  0.2492618    
         750  0.2490126    
         751  0.2487637    
         752  0.2485158    
         753  0.2482694    
         754  0.2480222    
         755  0.2477755    
         756  0.2475301    
         757  0.2472855    
         758  0.2470393    
         759  0.2467951    
         760  0.2465509    
         761  0.2463075    
         762  0.2460629    
         763  0.2458217    
         764  0.2455807    
         765  0.2453399    
         766  0.2450997    
         767  0.2448611    
         768  0.2446214    
         769  0.2443815    
         770  0.2441426    
         771  0.2439057    
         772  0.2436671    
         773  0.2434301    
         774  0.2431942    
         775  0.2429603    
         776  0.2427238    
         777  0.2424897    
         778  0.2422555    
         779  0.2420233    
         780  0.2417895    
         781  0.2415581    
         782  0.2413262    
         783  0.2410951    
         784  0.2408635    
         785  0.2406334    
         786  0.2404050    
         787  0.2401751    
         788  0.2399462    
         789  0.2397179    
         790  0.2394918    
         791  0.2392652    
         792  0.2390377    
         793  0.2388109    
         794  0.2385858    
         795  0.2383616    
         796  0.2381351    
         797  0.2379117    
         798  0.2376881    
         799  0.2374668    
         800  0.2372423    
         801  0.2370209    
         802  0.2367999    
         803  0.2365794    
         804  0.2363582    
         805  0.2361379    
         806  0.2359198    
         807  0.2356999    
         808  0.2354811    
         809  0.2352625    
         810  0.2350447    
         811  0.2348286    
         812  0.2346109    
         813  0.2343950    
         814  0.2341785    
         815  0.2339640    
         816  0.2337483    
         817  0.2335330    
         818  0.2333199    
         819  0.2331052    
         820  0.2328926    
         821  0.2326778    
         822  0.2324672    
         823  0.2322562    
         824  0.2320444    
         825  0.2318339    
         826  0.2316217    
         827  0.2314124    
         828  0.2312033    
         829  0.2309933    
         830  0.2307841    
         831  0.2305742    
         832  0.2303673    
         833  0.2301607    
         834  0.2299527    
         835  0.2297463    
         836  0.2295395    
         837  0.2293352    
         838  0.2291299    
         839  0.2289237    
         840  0.2287197    
         841  0.2285159    
         842  0.2283130    
         843  0.2281100    
         844  0.2279052    
         845  0.2277031    
         846  0.2275015    
         847  0.2273000    
         848  0.2270988    
         849  0.2268970    
         850  0.2266980    
         851  0.2264986    
         852  0.2262989    
         853  0.2260996    
         854  0.2259008    
         855  0.2257030    
         856  0.2255053    
         857  0.2253074    
         858  0.2251105    
         859  0.2249139    
         860  0.2247175    
         861  0.2245225    
         862  0.2243272    
         863  0.2241314    
         864  0.2239370    
         865  0.2237426    
         866  0.2235493    
         867  0.2233555    
         868  0.2231612    
         869  0.2229691    
         870  0.2227768    
         871  0.2225849    
         872  0.2223944    
         873  0.2222025    
         874  0.2220117    
         875  0.2218225    
         876  0.2216321    
         877  0.2214428    
         878  0.2212531    
         879  0.2210637    
         880  0.2208759    
         881  0.2206883    
         882  0.2205002    
         883  0.2203128    
         884  0.2201255    
         885  0.2199390    
         886  0.2197537    
         887  0.2195680    
         888  0.2193824    
         889  0.2191973    
         890  0.2190133    
         891  0.2188297    
         892  0.2186461    
         893  0.2184631    
         894  0.2182794    
         895  0.2180966    
         896  0.2179139    
         897  0.2177316    
         898  0.2175497    
         899  0.2173672    
         900  0.2171855    
         901  0.2170047    
         902  0.2168239    
         903  0.2166441    
         904  0.2164641    
         905  0.2162838    
         906  0.2161043    
         907  0.2159255    
         908  0.2157477    
         909  0.2155691    
         910  0.2153911    
         911  0.2152134    
         912  0.2150355    
         913  0.2148593    
         914  0.2146837    
         915  0.2145071    
         916  0.2143314    
         917  0.2141564    
         918  0.2139813    
         919  0.2138080    
         920  0.2136334    
         921  0.2134590    
         922  0.2132863    
         923  0.2131125    
         924  0.2129395    
         925  0.2127670    
         926  0.2125940    
         927  0.2124225    
         928  0.2122498    
         929  0.2120778    
         930  0.2119073    
         931  0.2117362    
         932  0.2115666    
         933  0.2113965    
         934  0.2112254    
         935  0.2110563    
         936  0.2108871    
         937  0.2107188    
         938  0.2105493    
         939  0.2103812    
         940  0.2102133    
         941  0.2100451    
         942  0.2098796    
         943  0.2097130    
         944  0.2095452    
         945  0.2093798    
         946  0.2092132    
         947  0.2090473    
         948  0.2088821    
         949  0.2087181    
         950  0.2085531    
         951  0.2083885    
         952  0.2082249    
         953  0.2080603    
         954  0.2078970    
         955  0.2077345    
         956  0.2075718    
         957  0.2074090    
         958  0.2072466    
         959  0.2070849    
         960  0.2069225    
         961  0.2067612    
         962  0.2066002    
         963  0.2064391    
         964  0.2062791    
         965  0.2061179    
         966  0.2059577    
         967  0.2057977    
         968  0.2056384    
         969  0.2054788    
         970  0.2053196    
         971  0.2051614    
         972  0.2050028    
         973  0.2048442    
         974  0.2046864    
         975  0.2045291    
         976  0.2043707    
         977  0.2042140    
         978  0.2040573    
         979  0.2039007    
         980  0.2037444    
         981  0.2035888    
         982  0.2034338    
         983  0.2032774    
         984  0.2031230    
         985  0.2029682    
         986  0.2028142    
         987  0.2026592    
         988  0.2025061    
         989  0.2023529    
         990  0.2021995    
         991  0.2020462    
         992  0.2018942    
         993  0.2017416    
         994  0.2015886    
         995  0.2014370    
         996  0.2012855    
         997  0.2011340    
         998  0.2009828    
         999  0.2008326    
        1000  0.2006815    
##IPMv2.0.5########################################################
#
# command   : /global/u1/k/klarsen/ASTRO250/HW2/new_code/./jacobi 
# start     : Mon Mar 06 16:53:58 2017   host      : nid00106        
# stop      : Mon Mar 06 16:55:29 2017   wallclock : 90.39
# mpi_tasks : 8 on 2 nodes               %comm     : 2.05
# mem [GB]  : 3.10                       gflop/sec : 0.00
#
#           :       [total]        <avg>          min          max
# wallclock :        723.07        90.38        90.38        90.39 
# MPI       :         14.85         1.86         0.65         3.46 
# %wall     :
#   MPI     :                       2.05         0.72         3.83 
# #calls    :
#   MPI     :         56112         7014         7014         7014
# mem [GB]  :          3.10         0.39         0.39         0.39 
#
#                             [time]        [count]        <%wall>
# MPI_Allreduce                10.53           8000           1.46
# MPI_Sendrecv                  4.31          16000           0.60
# MPI_Comm_size                 0.01          16032           0.00
# MPI_Comm_rank                 0.00          16032           0.00
# MPI_Bcast                     0.00             32           0.00
# MPI_Init                      0.00              8           0.00
# MPI_Finalize                  0.00              8           0.00
#
###################################################################
