           1   32.20004    
           2   21.01031    
           3   15.69022    
           4   12.66722    
           5   10.71570    
           6   9.343668    
           7   8.320924    
           8   7.525765    
           9   6.887691    
          10   6.362936    
          11   5.922812    
          12   5.547693    
          13   5.223670    
          14   4.940600    
          15   4.690906    
          16   4.468784    
          17   4.269745    
          18   4.090233    
          19   3.927379    
          20   3.778903    
          21   3.642889    
          22   3.517778    
          23   3.402249    
          24   3.295199    
          25   3.195694    
          26   3.102928    
          27   3.016210    
          28   2.934944    
          29   2.858609    
          30   2.786752    
          31   2.718971    
          32   2.654920    
          33   2.594278    
          34   2.536776    
          35   2.482160    
          36   2.430209    
          37   2.380728    
          38   2.333539    
          39   2.288467    
          40   2.245384    
          41   2.204142    
          42   2.164630    
          43   2.126730    
          44   2.090340    
          45   2.055372    
          46   2.021740    
          47   1.989364    
          48   1.958176    
          49   1.928102    
          50   1.899084    
          51   1.871068    
          52   1.843993    
          53   1.817818    
          54   1.792493    
          55   1.767977    
          56   1.744230    
          57   1.721212    
          58   1.698888    
          59   1.677233    
          60   1.656209    
          61   1.635790    
          62   1.615953    
          63   1.596662    
          64   1.577902    
          65   1.559648    
          66   1.541883    
          67   1.524580    
          68   1.507723    
          69   1.491295    
          70   1.475279    
          71   1.459659    
          72   1.444419    
          73   1.429546    
          74   1.415024    
          75   1.400842    
          76   1.386988    
          77   1.373451    
          78   1.360216    
          79   1.347276    
          80   1.334617    
          81   1.322234    
          82   1.310118    
          83   1.298255    
          84   1.286640    
          85   1.275266    
          86   1.264123    
          87   1.253205    
          88   1.242503    
          89   1.232013    
          90   1.221727    
          91   1.211637    
          92   1.201743    
          93   1.192033    
          94   1.182507    
          95   1.173156    
          96   1.163973    
          97   1.154958    
          98   1.146107    
          99   1.137409    
         100   1.128865    
         101   1.120467    
         102   1.112216    
         103   1.104105    
         104   1.096130    
         105   1.088289    
         106   1.080574    
         107   1.072988    
         108   1.065523    
         109   1.058182    
         110   1.050956    
         111   1.043845    
         112   1.036845    
         113   1.029952    
         114   1.023166    
         115   1.016483    
         116   1.009902    
         117   1.003419    
         118  0.9970322    
         119  0.9907398    
         120  0.9845388    
         121  0.9784287    
         122  0.9724057    
         123  0.9664680    
         124  0.9606143    
         125  0.9548449    
         126  0.9491528    
         127  0.9435410    
         128  0.9380051    
         129  0.9325438    
         130  0.9271574    
         131  0.9218426    
         132  0.9165996    
         133  0.9114242    
         134  0.9063153    
         135  0.9012729    
         136  0.8962958    
         137  0.8913834    
         138  0.8865331    
         139  0.8817441    
         140  0.8770136    
         141  0.8723445    
         142  0.8677327    
         143  0.8631758    
         144  0.8586733    
         145  0.8542265    
         146  0.8498346    
         147  0.8454940    
         148  0.8412035    
         149  0.8369642    
         150  0.8327752    
         151  0.8286351    
         152  0.8245413    
         153  0.8204961    
         154  0.8164969    
         155  0.8125419    
         156  0.8086297    
         157  0.8047622    
         158  0.8009385    
         159  0.7971565    
         160  0.7934167    
         161  0.7897169    
         162  0.7860572    
         163  0.7824357    
         164  0.7788540    
         165  0.7753105    
         166  0.7718039    
         167  0.7683353    
         168  0.7649022    
         169  0.7615027    
         170  0.7581410    
         171  0.7548120    
         172  0.7515175    
         173  0.7482558    
         174  0.7450265    
         175  0.7418320    
         176  0.7386671    
         177  0.7355334    
         178  0.7324330    
         179  0.7293614    
         180  0.7263187    
         181  0.7233068    
         182  0.7203226    
         183  0.7173684    
         184  0.7144418    
         185  0.7115413    
         186  0.7086691    
         187  0.7058251    
         188  0.7030076    
         189  0.7002147    
         190  0.6974482    
         191  0.6947060    
         192  0.6919920    
         193  0.6893016    
         194  0.6866344    
         195  0.6839909    
         196  0.6813722    
         197  0.6787757    
         198  0.6762021    
         199  0.6736509    
         200  0.6711231    
         201  0.6686166    
         202  0.6661314    
         203  0.6636680    
         204  0.6612269    
         205  0.6588060    
         206  0.6564059    
         207  0.6540245    
         208  0.6516648    
         209  0.6493243    
         210  0.6470031    
         211  0.6447017    
         212  0.6424201    
         213  0.6401559    
         214  0.6379114    
         215  0.6356842    
         216  0.6334751    
         217  0.6312847    
         218  0.6291112    
         219  0.6269554    
         220  0.6248164    
         221  0.6226945    
         222  0.6205888    
         223  0.6184999    
         224  0.6164268    
         225  0.6143708    
         226  0.6123308    
         227  0.6103057    
         228  0.6082963    
         229  0.6063023    
         230  0.6043247    
         231  0.6023614    
         232  0.6004135    
         233  0.5984795    
         234  0.5965593    
         235  0.5946535    
         236  0.5927624    
         237  0.5908846    
         238  0.5890217    
         239  0.5871724    
         240  0.5853359    
         241  0.5835135    
         242  0.5817036    
         243  0.5799064    
         244  0.5781231    
         245  0.5763524    
         246  0.5745931    
         247  0.5728466    
         248  0.5711135    
         249  0.5693927    
         250  0.5676838    
         251  0.5659860    
         252  0.5643011    
         253  0.5626270    
         254  0.5609641    
         255  0.5593132    
         256  0.5576730    
         257  0.5560445    
         258  0.5544272    
         259  0.5528200    
         260  0.5512251    
         261  0.5496392    
         262  0.5480642    
         263  0.5465006    
         264  0.5449464    
         265  0.5434034    
         266  0.5418705    
         267  0.5403468    
         268  0.5388331    
         269  0.5373300    
         270  0.5358368    
         271  0.5343530    
         272  0.5328790    
         273  0.5314147    
         274  0.5299610    
         275  0.5285147    
         276  0.5270769    
         277  0.5256494    
         278  0.5242301    
         279  0.5228202    
         280  0.5214191    
         281  0.5200263    
         282  0.5186424    
         283  0.5172670    
         284  0.5158998    
         285  0.5145408    
         286  0.5131912    
         287  0.5118491    
         288  0.5105150    
         289  0.5091903    
         290  0.5078720    
         291  0.5065627    
         292  0.5052611    
         293  0.5039670    
         294  0.5026807    
         295  0.5014024    
         296  0.5001304    
         297  0.4988669    
         298  0.4976103    
         299  0.4963619    
         300  0.4951198    
         301  0.4938862    
         302  0.4926586    
         303  0.4914382    
         304  0.4902255    
         305  0.4890196    
         306  0.4878204    
         307  0.4866282    
         308  0.4854428    
         309  0.4842636    
         310  0.4830917    
         311  0.4819263    
         312  0.4807665    
         313  0.4796138    
         314  0.4784675    
         315  0.4773279    
         316  0.4761946    
         317  0.4750674    
         318  0.4739464    
         319  0.4728312    
         320  0.4717225    
         321  0.4706201    
         322  0.4695232    
         323  0.4684328    
         324  0.4673481    
         325  0.4662688    
         326  0.4651949    
         327  0.4641272    
         328  0.4630652    
         329  0.4620090    
         330  0.4609588    
         331  0.4599138    
         332  0.4588745    
         333  0.4578398    
         334  0.4568114    
         335  0.4557880    
         336  0.4547698    
         337  0.4537572    
         338  0.4527496    
         339  0.4517473    
         340  0.4507504    
         341  0.4497583    
         342  0.4487715    
         343  0.4477896    
         344  0.4468131    
         345  0.4458415    
         346  0.4448747    
         347  0.4439128    
         348  0.4429550    
         349  0.4420023    
         350  0.4410551    
         351  0.4401121    
         352  0.4391746    
         353  0.4382413    
         354  0.4373123    
         355  0.4363883    
         356  0.4354689    
         357  0.4345534    
         358  0.4336424    
         359  0.4327357    
         360  0.4318329    
         361  0.4309349    
         362  0.4300421    
         363  0.4291533    
         364  0.4282681    
         365  0.4273875    
         366  0.4265112    
         367  0.4256394    
         368  0.4247718    
         369  0.4239077    
         370  0.4230479    
         371  0.4221928    
         372  0.4213412    
         373  0.4204937    
         374  0.4196500    
         375  0.4188105    
         376  0.4179747    
         377  0.4171428    
         378  0.4163149    
         379  0.4154901    
         380  0.4146700    
         381  0.4138531    
         382  0.4130404    
         383  0.4122313    
         384  0.4114254    
         385  0.4106241    
         386  0.4098259    
         387  0.4090315    
         388  0.4082406    
         389  0.4074529    
         390  0.4066688    
         391  0.4058881    
         392  0.4051112    
         393  0.4043380    
         394  0.4035681    
         395  0.4028020    
         396  0.4020385    
         397  0.4012780    
         398  0.4005217    
         399  0.3997687    
         400  0.3990187    
         401  0.3982720    
         402  0.3975287    
         403  0.3967888    
         404  0.3960519    
         405  0.3953182    
         406  0.3945875    
         407  0.3938601    
         408  0.3931361    
         409  0.3924144    
         410  0.3916966    
         411  0.3909816    
         412  0.3902697    
         413  0.3895605    
         414  0.3888543    
         415  0.3881516    
         416  0.3874515    
         417  0.3867543    
         418  0.3860605    
         419  0.3853692    
         420  0.3846807    
         421  0.3839954    
         422  0.3833124    
         423  0.3826325    
         424  0.3819560    
         425  0.3812818    
         426  0.3806101    
         427  0.3799410    
         428  0.3792749    
         429  0.3786121    
         430  0.3779513    
         431  0.3772931    
         432  0.3766369    
         433  0.3759844    
         434  0.3753338    
         435  0.3746866    
         436  0.3740430    
         437  0.3734007    
         438  0.3727608    
         439  0.3721239    
         440  0.3714894    
         441  0.3708569    
         442  0.3702273    
         443  0.3696007    
         444  0.3689761    
         445  0.3683540    
         446  0.3677346    
         447  0.3671174    
         448  0.3665025    
         449  0.3658902    
         450  0.3652801    
         451  0.3646725    
         452  0.3640670    
         453  0.3634636    
         454  0.3628632    
         455  0.3622648    
         456  0.3616688    
         457  0.3610750    
         458  0.3604836    
         459  0.3598940    
         460  0.3593073    
         461  0.3587225    
         462  0.3581397    
         463  0.3575594    
         464  0.3569811    
         465  0.3564048    
         466  0.3558306    
         467  0.3552589    
         468  0.3546894    
         469  0.3541219    
         470  0.3535568    
         471  0.3529937    
         472  0.3524326    
         473  0.3518736    
         474  0.3513165    
         475  0.3507616    
         476  0.3502087    
         477  0.3496581    
         478  0.3491095    
         479  0.3485630    
         480  0.3480179    
         481  0.3474757    
         482  0.3469350    
         483  0.3463960    
         484  0.3458588    
         485  0.3453237    
         486  0.3447906    
         487  0.3442590    
         488  0.3437297    
         489  0.3432027    
         490  0.3426774    
         491  0.3421542    
         492  0.3416323    
         493  0.3411122    
         494  0.3405941    
         495  0.3400782    
         496  0.3395638    
         497  0.3390512    
         498  0.3385405    
         499  0.3380310    
         500  0.3375238    
         501  0.3370184    
         502  0.3365145    
         503  0.3360126    
         504  0.3355124    
         505  0.3350143    
         506  0.3345177    
         507  0.3340227    
         508  0.3335296    
         509  0.3330376    
         510  0.3325479    
         511  0.3320597    
         512  0.3315732    
         513  0.3310885    
         514  0.3306051    
         515  0.3301234    
         516  0.3296432    
         517  0.3291647    
         518  0.3286879    
         519  0.3282128    
         520  0.3277394    
         521  0.3272672    
         522  0.3267972    
         523  0.3263285    
         524  0.3258613    
         525  0.3253960    
         526  0.3249317    
         527  0.3244690    
         528  0.3240079    
         529  0.3235485    
         530  0.3230908    
         531  0.3226342    
         532  0.3221790    
         533  0.3217254    
         534  0.3212735    
         535  0.3208230    
         536  0.3203741    
         537  0.3199263    
         538  0.3194804    
         539  0.3190357    
         540  0.3185923    
         541  0.3181504    
         542  0.3177100    
         543  0.3172713    
         544  0.3168340    
         545  0.3163977    
         546  0.3159629    
         547  0.3155299    
         548  0.3150976    
         549  0.3146670    
         550  0.3142377    
         551  0.3138098    
         552  0.3133831    
         553  0.3129579    
         554  0.3125340    
         555  0.3121112    
         556  0.3116899    
         557  0.3112701    
         558  0.3108515    
         559  0.3104346    
         560  0.3100185    
         561  0.3096041    
         562  0.3091909    
         563  0.3087789    
         564  0.3083682    
         565  0.3079587    
         566  0.3075503    
         567  0.3071435    
         568  0.3067377    
         569  0.3063335    
         570  0.3059303    
         571  0.3055283    
         572  0.3051274    
         573  0.3047281    
         574  0.3043297    
         575  0.3039326    
         576  0.3035368    
         577  0.3031420    
         578  0.3027483    
         579  0.3023560    
         580  0.3019649    
         581  0.3015749    
         582  0.3011864    
         583  0.3007987    
         584  0.3004122    
         585  0.3000270    
         586  0.2996431    
         587  0.2992602    
         588  0.2988787    
         589  0.2984978    
         590  0.2981184    
         591  0.2977398    
         592  0.2973624    
         593  0.2969861    
         594  0.2966112    
         595  0.2962370    
         596  0.2958641    
         597  0.2954924    
         598  0.2951218    
         599  0.2947521    
         600  0.2943835    
         601  0.2940159    
         602  0.2936495    
         603  0.2932841    
         604  0.2929199    
         605  0.2925569    
         606  0.2921945    
         607  0.2918332    
         608  0.2914732    
         609  0.2911140    
         610  0.2907560    
         611  0.2903988    
         612  0.2900429    
         613  0.2896880    
         614  0.2893344    
         615  0.2889814    
         616  0.2886296    
         617  0.2882789    
         618  0.2879289    
         619  0.2875802    
         620  0.2872323    
         621  0.2868851    
         622  0.2865392    
         623  0.2861941    
         624  0.2858502    
         625  0.2855072    
         626  0.2851652    
         627  0.2848242    
         628  0.2844840    
         629  0.2841447    
         630  0.2838066    
         631  0.2834691    
         632  0.2831324    
         633  0.2827965    
         634  0.2824620    
         635  0.2821280    
         636  0.2817947    
         637  0.2814627    
         638  0.2811315    
         639  0.2808015    
         640  0.2804722    
         641  0.2801439    
         642  0.2798163    
         643  0.2794900    
         644  0.2791643    
         645  0.2788397    
         646  0.2785161    
         647  0.2781929    
         648  0.2778710    
         649  0.2775497    
         650  0.2772294    
         651  0.2769099    
         652  0.2765911    
         653  0.2762731    
         654  0.2759564    
         655  0.2756403    
         656  0.2753251    
         657  0.2750109    
         658  0.2746973    
         659  0.2743846    
         660  0.2740727    
         661  0.2737618    
         662  0.2734515    
         663  0.2731420    
         664  0.2728335    
         665  0.2725255    
         666  0.2722187    
         667  0.2719125    
         668  0.2716069    
         669  0.2713022    
         670  0.2709987    
         671  0.2706954    
         672  0.2703932    
         673  0.2700917    
         674  0.2697913    
         675  0.2694915    
         676  0.2691924    
         677  0.2688941    
         678  0.2685967    
         679  0.2683000    
         680  0.2680039    
         681  0.2677090    
         682  0.2674144    
         683  0.2671208    
         684  0.2668279    
         685  0.2665361    
         686  0.2662445    
         687  0.2659536    
         688  0.2656637    
         689  0.2653744    
         690  0.2650864    
         691  0.2647990    
         692  0.2645118    
         693  0.2642255    
         694  0.2639398    
         695  0.2636550    
         696  0.2633708    
         697  0.2630873    
         698  0.2628047    
         699  0.2625223    
         700  0.2622412    
         701  0.2619605    
         702  0.2616807    
         703  0.2614014    
         704  0.2611228    
         705  0.2608450    
         706  0.2605677    
         707  0.2602912    
         708  0.2600155    
         709  0.2597402    
         710  0.2594660    
         711  0.2591920    
         712  0.2589187    
         713  0.2586461    
         714  0.2583745    
         715  0.2581031    
         716  0.2578329    
         717  0.2575633    
         718  0.2572941    
         719  0.2570259    
         720  0.2567581    
         721  0.2564911    
         722  0.2562245    
         723  0.2559587    
         724  0.2556935    
         725  0.2554290    
         726  0.2551652    
         727  0.2549018    
         728  0.2546389    
         729  0.2543769    
         730  0.2541153    
         731  0.2538545    
         732  0.2535943    
         733  0.2533347    
         734  0.2530759    
         735  0.2528178    
         736  0.2525600    
         737  0.2523030    
         738  0.2520464    
         739  0.2517907    
         740  0.2515354    
         741  0.2512808    
         742  0.2510269    
         743  0.2507733    
         744  0.2505203    
         745  0.2502682    
         746  0.2500165    
         747  0.2497655    
         748  0.2495148    
         749  0.2492651    
         750  0.2490158    
         751  0.2487672    
         752  0.2485191    
         753  0.2482714    
         754  0.2480244    
         755  0.2477778    
         756  0.2475319    
         757  0.2472866    
         758  0.2470417    
         759  0.2467976    
         760  0.2465539    
         761  0.2463106    
         762  0.2460680    
         763  0.2458262    
         764  0.2455850    
         765  0.2453443    
         766  0.2451042    
         767  0.2448645    
         768  0.2446253    
         769  0.2443866    
         770  0.2441486    
         771  0.2439112    
         772  0.2436740    
         773  0.2434375    
         774  0.2432018    
         775  0.2429665    
         776  0.2427316    
         777  0.2424972    
         778  0.2422635    
         779  0.2420303    
         780  0.2417976    
         781  0.2415652    
         782  0.2413335    
         783  0.2411021    
         784  0.2408713    
         785  0.2406413    
         786  0.2404113    
         787  0.2401820    
         788  0.2399534    
         789  0.2397254    
         790  0.2394976    
         791  0.2392706    
         792  0.2390441    
         793  0.2388180    
         794  0.2385925    
         795  0.2383674    
         796  0.2381429    
         797  0.2379188    
         798  0.2376952    
         799  0.2374720    
         800  0.2372494    
         801  0.2370272    
         802  0.2368055    
         803  0.2365843    
         804  0.2363637    
         805  0.2361434    
         806  0.2359237    
         807  0.2357043    
         808  0.2354856    
         809  0.2352670    
         810  0.2350491    
         811  0.2348317    
         812  0.2346146    
         813  0.2343982    
         814  0.2341819    
         815  0.2339664    
         816  0.2337513    
         817  0.2335365    
         818  0.2333222    
         819  0.2331084    
         820  0.2328951    
         821  0.2326822    
         822  0.2324697    
         823  0.2322578    
         824  0.2320463    
         825  0.2318354    
         826  0.2316246    
         827  0.2314146    
         828  0.2312049    
         829  0.2309954    
         830  0.2307868    
         831  0.2305783    
         832  0.2303705    
         833  0.2301630    
         834  0.2299560    
         835  0.2297494    
         836  0.2295432    
         837  0.2293376    
         838  0.2291323    
         839  0.2289274    
         840  0.2287231    
         841  0.2285191    
         842  0.2283155    
         843  0.2281123    
         844  0.2279096    
         845  0.2277071    
         846  0.2275053    
         847  0.2273038    
         848  0.2271028    
         849  0.2269023    
         850  0.2267020    
         851  0.2265021    
         852  0.2263027    
         853  0.2261037    
         854  0.2259052    
         855  0.2257068    
         856  0.2255092    
         857  0.2253117    
         858  0.2251147    
         859  0.2249182    
         860  0.2247220    
         861  0.2245263    
         862  0.2243309    
         863  0.2241360    
         864  0.2239413    
         865  0.2237471    
         866  0.2235532    
         867  0.2233599    
         868  0.2231667    
         869  0.2229740    
         870  0.2227817    
         871  0.2225898    
         872  0.2223984    
         873  0.2222073    
         874  0.2220165    
         875  0.2218262    
         876  0.2216361    
         877  0.2214465    
         878  0.2212573    
         879  0.2210683    
         880  0.2208799    
         881  0.2206919    
         882  0.2205041    
         883  0.2203169    
         884  0.2201299    
         885  0.2199433    
         886  0.2197571    
         887  0.2195713    
         888  0.2193857    
         889  0.2192006    
         890  0.2190160    
         891  0.2188315    
         892  0.2186476    
         893  0.2184640    
         894  0.2182807    
         895  0.2180978    
         896  0.2179151    
         897  0.2177328    
         898  0.2175509    
         899  0.2173693    
         900  0.2171881    
         901  0.2170073    
         902  0.2168269    
         903  0.2166468    
         904  0.2164670    
         905  0.2162875    
         906  0.2161083    
         907  0.2159295    
         908  0.2157512    
         909  0.2155731    
         910  0.2153953    
         911  0.2152180    
         912  0.2150409    
         913  0.2148643    
         914  0.2146880    
         915  0.2145120    
         916  0.2143362    
         917  0.2141609    
         918  0.2139861    
         919  0.2138114    
         920  0.2136370    
         921  0.2134629    
         922  0.2132893    
         923  0.2131159    
         924  0.2129429    
         925  0.2127702    
         926  0.2125977    
         927  0.2124257    
         928  0.2122541    
         929  0.2120825    
         930  0.2119115    
         931  0.2117407    
         932  0.2115705    
         933  0.2114004    
         934  0.2112306    
         935  0.2110611    
         936  0.2108920    
         937  0.2107232    
         938  0.2105546    
         939  0.2103863    
         940  0.2102184    
         941  0.2100508    
         942  0.2098837    
         943  0.2097168    
         944  0.2095500    
         945  0.2093837    
         946  0.2092178    
         947  0.2090519    
         948  0.2088866    
         949  0.2087215    
         950  0.2085566    
         951  0.2083922    
         952  0.2082280    
         953  0.2080642    
         954  0.2079006    
         955  0.2077373    
         956  0.2075743    
         957  0.2074116    
         958  0.2072492    
         959  0.2070871    
         960  0.2069253    
         961  0.2067638    
         962  0.2066025    
         963  0.2064415    
         964  0.2062809    
         965  0.2061204    
         966  0.2059602    
         967  0.2058003    
         968  0.2056409    
         969  0.2054815    
         970  0.2053226    
         971  0.2051640    
         972  0.2050058    
         973  0.2048476    
         974  0.2046898    
         975  0.2045324    
         976  0.2043751    
         977  0.2042183    
         978  0.2040616    
         979  0.2039053    
         980  0.2037492    
         981  0.2035933    
         982  0.2034379    
         983  0.2032825    
         984  0.2031277    
         985  0.2029730    
         986  0.2028187    
         987  0.2026647    
         988  0.2025108    
         989  0.2023571    
         990  0.2022037    
         991  0.2020506    
         992  0.2018978    
         993  0.2017452    
         994  0.2015927    
         995  0.2014408    
         996  0.2012889    
         997  0.2011375    
         998  0.2009864    
         999  0.2008354    
        1000  0.2006847    
##IPMv2.0.5########################################################
#
# command   : /global/u1/k/klarsen/ASTRO250/HW2/new_code/./jacobi 
# start     : Mon Mar 06 16:34:13 2017   host      : nid00072        
# stop      : Mon Mar 06 16:34:52 2017   wallclock : 39.24
# mpi_tasks : 128 on 2 nodes             %comm     : 3.29
# mem [GB]  : 4.54                       gflop/sec : 0.00
#
#           :       [total]        <avg>          min          max
# wallclock :       5012.22        39.16        39.07        39.24 
# MPI       :        164.93         1.29         0.74         1.79 
# %wall     :
#   MPI     :                       3.29         1.88         4.57 
# #calls    :
#   MPI     :        897792         7014         7014         7014
# mem [GB]  :          4.54         0.04         0.04         0.04 
#
#                             [time]        [count]        <%wall>
# MPI_Allreduce               108.22         128000           2.16
# MPI_Sendrecv                 56.05         256000           1.12
# MPI_Comm_size                 0.44         256512           0.01
# MPI_Comm_rank                 0.14         256512           0.00
# MPI_Bcast                     0.07            512           0.00
# MPI_Init                      0.00            128           0.00
# MPI_Finalize                  0.00            128           0.00
#
###################################################################
