           1   32.20004    
           2   21.01030    
           3   15.69024    
           4   12.66700    
           5   10.71566    
           6   9.343517    
           7   8.320786    
           8   7.525608    
           9   6.887558    
          10   6.362896    
          11   5.922655    
          12   5.547583    
          13   5.223465    
          14   4.940536    
          15   4.690738    
          16   4.468715    
          17   4.269629    
          18   4.090161    
          19   3.927230    
          20   3.778763    
          21   3.642835    
          22   3.517685    
          23   3.402253    
          24   3.295190    
          25   3.195673    
          26   3.102875    
          27   3.016168    
          28   2.934890    
          29   2.858535    
          30   2.786691    
          31   2.718922    
          32   2.654895    
          33   2.594222    
          34   2.536746    
          35   2.482156    
          36   2.430225    
          37   2.380724    
          38   2.333515    
          39   2.288451    
          40   2.245376    
          41   2.204132    
          42   2.164619    
          43   2.126710    
          44   2.090315    
          45   2.055368    
          46   2.021715    
          47   1.989342    
          48   1.958148    
          49   1.928083    
          50   1.899056    
          51   1.871038    
          52   1.843961    
          53   1.817776    
          54   1.792455    
          55   1.767942    
          56   1.744184    
          57   1.721166    
          58   1.698862    
          59   1.677215    
          60   1.656195    
          61   1.635771    
          62   1.615936    
          63   1.596633    
          64   1.577876    
          65   1.559635    
          66   1.541867    
          67   1.524581    
          68   1.507733    
          69   1.491303    
          70   1.475292    
          71   1.459651    
          72   1.444402    
          73   1.429537    
          74   1.415013    
          75   1.400824    
          76   1.386972    
          77   1.373428    
          78   1.360188    
          79   1.347255    
          80   1.334611    
          81   1.322239    
          82   1.310116    
          83   1.298255    
          84   1.286631    
          85   1.275247    
          86   1.264109    
          87   1.253193    
          88   1.242490    
          89   1.232007    
          90   1.221708    
          91   1.211620    
          92   1.201731    
          93   1.192019    
          94   1.182499    
          95   1.173144    
          96   1.163966    
          97   1.154949    
          98   1.146095    
          99   1.137398    
         100   1.128851    
         101   1.120453    
         102   1.112207    
         103   1.104096    
         104   1.096119    
         105   1.088275    
         106   1.080565    
         107   1.072979    
         108   1.065510    
         109   1.058171    
         110   1.050940    
         111   1.043827    
         112   1.036835    
         113   1.029943    
         114   1.023152    
         115   1.016468    
         116   1.009888    
         117   1.003406    
         118  0.9970115    
         119  0.9907179    
         120  0.9845266    
         121  0.9784099    
         122  0.9723870    
         123  0.9664487    
         124  0.9605944    
         125  0.9548227    
         126  0.9491273    
         127  0.9435156    
         128  0.9379841    
         129  0.9325207    
         130  0.9271278    
         131  0.9218175    
         132  0.9165683    
         133  0.9113950    
         134  0.9062908    
         135  0.9012475    
         136  0.8962653    
         137  0.8913612    
         138  0.8865085    
         139  0.8817161    
         140  0.8769882    
         141  0.8723222    
         142  0.8677151    
         143  0.8631600    
         144  0.8586581    
         145  0.8542126    
         146  0.8498240    
         147  0.8454847    
         148  0.8412069    
         149  0.8369610    
         150  0.8327696    
         151  0.8286276    
         152  0.8245356    
         153  0.8204879    
         154  0.8164880    
         155  0.8125297    
         156  0.8086076    
         157  0.8047442    
         158  0.8009205    
         159  0.7971426    
         160  0.7934014    
         161  0.7897031    
         162  0.7860418    
         163  0.7824174    
         164  0.7788344    
         165  0.7752943    
         166  0.7717879    
         167  0.7683224    
         168  0.7648889    
         169  0.7614893    
         170  0.7581291    
         171  0.7548000    
         172  0.7515106    
         173  0.7482512    
         174  0.7450225    
         175  0.7418301    
         176  0.7386640    
         177  0.7355262    
         178  0.7324287    
         179  0.7293562    
         180  0.7263145    
         181  0.7233036    
         182  0.7203192    
         183  0.7173651    
         184  0.7144344    
         185  0.7115332    
         186  0.7086613    
         187  0.7058163    
         188  0.7029974    
         189  0.7002059    
         190  0.6974425    
         191  0.6946985    
         192  0.6919835    
         193  0.6892925    
         194  0.6866257    
         195  0.6839809    
         196  0.6813606    
         197  0.6787655    
         198  0.6761919    
         199  0.6736411    
         200  0.6711133    
         201  0.6686061    
         202  0.6661198    
         203  0.6636596    
         204  0.6612167    
         205  0.6587952    
         206  0.6563905    
         207  0.6540054    
         208  0.6516448    
         209  0.6493040    
         210  0.6469818    
         211  0.6446817    
         212  0.6424000    
         213  0.6401350    
         214  0.6378948    
         215  0.6356674    
         216  0.6334568    
         217  0.6312640    
         218  0.6290898    
         219  0.6269314    
         220  0.6247900    
         221  0.6226721    
         222  0.6205656    
         223  0.6184756    
         224  0.6164019    
         225  0.6143493    
         226  0.6123084    
         227  0.6102831    
         228  0.6082732    
         229  0.6062794    
         230  0.6042997    
         231  0.6023350    
         232  0.6003836    
         233  0.5984497    
         234  0.5965348    
         235  0.5946379    
         236  0.5927446    
         237  0.5908663    
         238  0.5890020    
         239  0.5871506    
         240  0.5853130    
         241  0.5834903    
         242  0.5816793    
         243  0.5798836    
         244  0.5781029    
         245  0.5763340    
         246  0.5745777    
         247  0.5728332    
         248  0.5710987    
         249  0.5693783    
         250  0.5676714    
         251  0.5659734    
         252  0.5642880    
         253  0.5626134    
         254  0.5609514    
         255  0.5593003    
         256  0.5576596    
         257  0.5560317    
         258  0.5544143    
         259  0.5528067    
         260  0.5512113    
         261  0.5496250    
         262  0.5480495    
         263  0.5464886    
         264  0.5449343    
         265  0.5433934    
         266  0.5418602    
         267  0.5403365    
         268  0.5388227    
         269  0.5373200    
         270  0.5358276    
         271  0.5343445    
         272  0.5328724    
         273  0.5314083    
         274  0.5299556    
         275  0.5285113    
         276  0.5270694    
         277  0.5256428    
         278  0.5242224    
         279  0.5228112    
         280  0.5214083    
         281  0.5200154    
         282  0.5186310    
         283  0.5172547    
         284  0.5158864    
         285  0.5145255    
         286  0.5131763    
         287  0.5118356    
         288  0.5105016    
         289  0.5091767    
         290  0.5078573    
         291  0.5065473    
         292  0.5052450    
         293  0.5039502    
         294  0.5026631    
         295  0.5013833    
         296  0.5001076    
         297  0.4988451    
         298  0.4975902    
         299  0.4963433    
         300  0.4951018    
         301  0.4938672    
         302  0.4926402    
         303  0.4914199    
         304  0.4902089    
         305  0.4890038    
         306  0.4878049    
         307  0.4866116    
         308  0.4854276    
         309  0.4842474    
         310  0.4830768    
         311  0.4819137    
         312  0.4807537    
         313  0.4796004    
         314  0.4784551    
         315  0.4773122    
         316  0.4761777    
         317  0.4750516    
         318  0.4739296    
         319  0.4728141    
         320  0.4717038    
         321  0.4706003    
         322  0.4695041    
         323  0.4684136    
         324  0.4673284    
         325  0.4662504    
         326  0.4651771    
         327  0.4641079    
         328  0.4630462    
         329  0.4619886    
         330  0.4609374    
         331  0.4598909    
         332  0.4588543    
         333  0.4578180    
         334  0.4567912    
         335  0.4557674    
         336  0.4547495    
         337  0.4537372    
         338  0.4527303    
         339  0.4517257    
         340  0.4507299    
         341  0.4497389    
         342  0.4487513    
         343  0.4477720    
         344  0.4467951    
         345  0.4458221    
         346  0.4448553    
         347  0.4438954    
         348  0.4429365    
         349  0.4419817    
         350  0.4410349    
         351  0.4400910    
         352  0.4391521    
         353  0.4382191    
         354  0.4372899    
         355  0.4363640    
         356  0.4354454    
         357  0.4345296    
         358  0.4336171    
         359  0.4327157    
         360  0.4318110    
         361  0.4309110    
         362  0.4300191    
         363  0.4291308    
         364  0.4282444    
         365  0.4273678    
         366  0.4264925    
         367  0.4256212    
         368  0.4247543    
         369  0.4238904    
         370  0.4230343    
         371  0.4221769    
         372  0.4213269    
         373  0.4204851    
         374  0.4196381    
         375  0.4187997    
         376  0.4179637    
         377  0.4171305    
         378  0.4163026    
         379  0.4154797    
         380  0.4146608    
         381  0.4138414    
         382  0.4130275    
         383  0.4122203    
         384  0.4114138    
         385  0.4106134    
         386  0.4098145    
         387  0.4090197    
         388  0.4082283    
         389  0.4074408    
         390  0.4066559    
         391  0.4058736    
         392  0.4050965    
         393  0.4043238    
         394  0.4035548    
         395  0.4027882    
         396  0.4020253    
         397  0.4012638    
         398  0.4005066    
         399  0.3997556    
         400  0.3990056    
         401  0.3982590    
         402  0.3975169    
         403  0.3967769    
         404  0.3960417    
         405  0.3953070    
         406  0.3945758    
         407  0.3938473    
         408  0.3931245    
         409  0.3923990    
         410  0.3916821    
         411  0.3909677    
         412  0.3902564    
         413  0.3895462    
         414  0.3888403    
         415  0.3881377    
         416  0.3874358    
         417  0.3867376    
         418  0.3860432    
         419  0.3853530    
         420  0.3846648    
         421  0.3839802    
         422  0.3832957    
         423  0.3826163    
         424  0.3819404    
         425  0.3812658    
         426  0.3805919    
         427  0.3799228    
         428  0.3792569    
         429  0.3785941    
         430  0.3779325    
         431  0.3772756    
         432  0.3766197    
         433  0.3759671    
         434  0.3753169    
         435  0.3746705    
         436  0.3740247    
         437  0.3733824    
         438  0.3727406    
         439  0.3721040    
         440  0.3714678    
         441  0.3708369    
         442  0.3702068    
         443  0.3695821    
         444  0.3689573    
         445  0.3683357    
         446  0.3677151    
         447  0.3670984    
         448  0.3664834    
         449  0.3658723    
         450  0.3652622    
         451  0.3646538    
         452  0.3640493    
         453  0.3634459    
         454  0.3628456    
         455  0.3622463    
         456  0.3616508    
         457  0.3610576    
         458  0.3604675    
         459  0.3598785    
         460  0.3592911    
         461  0.3587073    
         462  0.3581249    
         463  0.3575467    
         464  0.3569660    
         465  0.3563915    
         466  0.3558158    
         467  0.3552456    
         468  0.3546747    
         469  0.3541073    
         470  0.3535431    
         471  0.3529806    
         472  0.3524196    
         473  0.3518596    
         474  0.3513047    
         475  0.3507494    
         476  0.3501958    
         477  0.3496458    
         478  0.3490961    
         479  0.3485509    
         480  0.3480033    
         481  0.3474611    
         482  0.3469219    
         483  0.3463810    
         484  0.3458458    
         485  0.3453098    
         486  0.3447754    
         487  0.3442435    
         488  0.3437136    
         489  0.3431877    
         490  0.3426619    
         491  0.3421369    
         492  0.3416167    
         493  0.3410963    
         494  0.3405786    
         495  0.3400629    
         496  0.3395470    
         497  0.3390372    
         498  0.3385255    
         499  0.3380165    
         500  0.3375108    
         501  0.3370058    
         502  0.3365014    
         503  0.3360010    
         504  0.3354992    
         505  0.3350025    
         506  0.3345045    
         507  0.3340086    
         508  0.3335164    
         509  0.3330246    
         510  0.3325352    
         511  0.3320474    
         512  0.3315595    
         513  0.3310744    
         514  0.3305920    
         515  0.3301109    
         516  0.3296301    
         517  0.3291528    
         518  0.3286760    
         519  0.3282037    
         520  0.3277300    
         521  0.3272577    
         522  0.3267891    
         523  0.3263195    
         524  0.3258529    
         525  0.3253878    
         526  0.3249238    
         527  0.3244614    
         528  0.3240011    
         529  0.3235416    
         530  0.3230844    
         531  0.3226276    
         532  0.3221699    
         533  0.3217172    
         534  0.3212660    
         535  0.3208167    
         536  0.3203689    
         537  0.3199205    
         538  0.3194747    
         539  0.3190289    
         540  0.3185854    
         541  0.3181424    
         542  0.3177022    
         543  0.3172637    
         544  0.3168271    
         545  0.3163886    
         546  0.3159540    
         547  0.3155214    
         548  0.3150879    
         549  0.3146573    
         550  0.3142275    
         551  0.3138004    
         552  0.3133736    
         553  0.3129501    
         554  0.3125261    
         555  0.3121035    
         556  0.3116815    
         557  0.3112623    
         558  0.3108420    
         559  0.3104252    
         560  0.3100091    
         561  0.3095947    
         562  0.3091799    
         563  0.3087685    
         564  0.3083577    
         565  0.3079479    
         566  0.3075401    
         567  0.3071340    
         568  0.3067272    
         569  0.3063222    
         570  0.3059183    
         571  0.3055173    
         572  0.3051149    
         573  0.3047157    
         574  0.3043179    
         575  0.3039218    
         576  0.3035253    
         577  0.3031306    
         578  0.3027372    
         579  0.3023441    
         580  0.3019533    
         581  0.3015628    
         582  0.3011751    
         583  0.3007853    
         584  0.3003992    
         585  0.3000132    
         586  0.2996298    
         587  0.2992454    
         588  0.2988647    
         589  0.2984855    
         590  0.2981084    
         591  0.2977297    
         592  0.2973523    
         593  0.2969762    
         594  0.2966005    
         595  0.2962248    
         596  0.2958523    
         597  0.2954808    
         598  0.2951107    
         599  0.2947398    
         600  0.2943718    
         601  0.2940028    
         602  0.2936366    
         603  0.2932699    
         604  0.2929070    
         605  0.2925447    
         606  0.2921820    
         607  0.2918203    
         608  0.2914613    
         609  0.2911028    
         610  0.2907457    
         611  0.2903874    
         612  0.2900321    
         613  0.2896761    
         614  0.2893235    
         615  0.2889692    
         616  0.2886179    
         617  0.2882679    
         618  0.2879179    
         619  0.2875698    
         620  0.2872203    
         621  0.2868749    
         622  0.2865297    
         623  0.2861848    
         624  0.2858396    
         625  0.2854970    
         626  0.2851557    
         627  0.2848154    
         628  0.2844737    
         629  0.2841327    
         630  0.2837960    
         631  0.2834574    
         632  0.2831213    
         633  0.2827839    
         634  0.2824498    
         635  0.2821152    
         636  0.2817804    
         637  0.2814502    
         638  0.2811197    
         639  0.2807899    
         640  0.2804590    
         641  0.2801313    
         642  0.2798021    
         643  0.2794757    
         644  0.2791498    
         645  0.2788241    
         646  0.2785023    
         647  0.2781782    
         648  0.2778568    
         649  0.2775356    
         650  0.2772154    
         651  0.2768969    
         652  0.2765772    
         653  0.2762605    
         654  0.2759441    
         655  0.2756284    
         656  0.2753146    
         657  0.2749995    
         658  0.2746865    
         659  0.2743736    
         660  0.2740628    
         661  0.2737528    
         662  0.2734407    
         663  0.2731327    
         664  0.2728242    
         665  0.2725158    
         666  0.2722104    
         667  0.2719038    
         668  0.2715981    
         669  0.2712950    
         670  0.2709903    
         671  0.2706879    
         672  0.2703852    
         673  0.2700834    
         674  0.2697833    
         675  0.2694829    
         676  0.2691845    
         677  0.2688862    
         678  0.2685885    
         679  0.2682910    
         680  0.2679945    
         681  0.2676999    
         682  0.2674056    
         683  0.2671106    
         684  0.2668182    
         685  0.2665265    
         686  0.2662346    
         687  0.2659437    
         688  0.2656540    
         689  0.2653643    
         690  0.2650758    
         691  0.2647868    
         692  0.2645002    
         693  0.2642134    
         694  0.2639271    
         695  0.2636424    
         696  0.2633573    
         697  0.2630737    
         698  0.2627909    
         699  0.2625094    
         700  0.2622282    
         701  0.2619475    
         702  0.2616686    
         703  0.2613882    
         704  0.2611104    
         705  0.2608335    
         706  0.2605556    
         707  0.2602799    
         708  0.2600041    
         709  0.2597280    
         710  0.2594537    
         711  0.2591802    
         712  0.2589063    
         713  0.2586336    
         714  0.2583621    
         715  0.2580888    
         716  0.2578186    
         717  0.2575499    
         718  0.2572796    
         719  0.2570125    
         720  0.2567450    
         721  0.2564777    
         722  0.2562105    
         723  0.2559452    
         724  0.2556793    
         725  0.2554142    
         726  0.2551517    
         727  0.2548877    
         728  0.2546247    
         729  0.2543625    
         730  0.2541021    
         731  0.2538399    
         732  0.2535809    
         733  0.2533223    
         734  0.2530628    
         735  0.2528051    
         736  0.2525477    
         737  0.2522907    
         738  0.2520336    
         739  0.2517791    
         740  0.2515233    
         741  0.2512679    
         742  0.2510138    
         743  0.2507620    
         744  0.2505081    
         745  0.2502565    
         746  0.2500048    
         747  0.2497540    
         748  0.2495017    
         749  0.2492529    
         750  0.2490035    
         751  0.2487543    
         752  0.2485062    
         753  0.2482595    
         754  0.2480125    
         755  0.2477658    
         756  0.2475200    
         757  0.2472751    
         758  0.2470288    
         759  0.2467846    
         760  0.2465406    
         761  0.2462975    
         762  0.2460535    
         763  0.2458127    
         764  0.2455720    
         765  0.2453320    
         766  0.2450915    
         767  0.2448530    
         768  0.2446132    
         769  0.2443732    
         770  0.2441347    
         771  0.2438976    
         772  0.2436594    
         773  0.2434226    
         774  0.2431867    
         775  0.2429527    
         776  0.2427161    
         777  0.2424821    
         778  0.2422483    
         779  0.2420162    
         780  0.2417825    
         781  0.2415510    
         782  0.2413193    
         783  0.2410882    
         784  0.2408567    
         785  0.2406261    
         786  0.2403977    
         787  0.2401677    
         788  0.2399384    
         789  0.2397097    
         790  0.2394828    
         791  0.2392556    
         792  0.2390278    
         793  0.2388008    
         794  0.2385757    
         795  0.2383512    
         796  0.2381245    
         797  0.2379008    
         798  0.2376768    
         799  0.2374550    
         800  0.2372300    
         801  0.2370076    
         802  0.2367861    
         803  0.2365650    
         804  0.2363435    
         805  0.2361232    
         806  0.2359051    
         807  0.2356853    
         808  0.2354665    
         809  0.2352477    
         810  0.2350304    
         811  0.2348142    
         812  0.2345964    
         813  0.2343799    
         814  0.2341634    
         815  0.2339486    
         816  0.2337333    
         817  0.2335178    
         818  0.2333042    
         819  0.2330896    
         820  0.2328772    
         821  0.2326632    
         822  0.2324510    
         823  0.2322401    
         824  0.2320286    
         825  0.2318180    
         826  0.2316058    
         827  0.2313963    
         828  0.2311866    
         829  0.2309773    
         830  0.2307679    
         831  0.2305582    
         832  0.2303511    
         833  0.2301445    
         834  0.2299369    
         835  0.2297305    
         836  0.2295235    
         837  0.2293190    
         838  0.2291138    
         839  0.2289075    
         840  0.2287032    
         841  0.2284993    
         842  0.2282964    
         843  0.2280937    
         844  0.2278889    
         845  0.2276863    
         846  0.2274845    
         847  0.2272834    
         848  0.2270823    
         849  0.2268802    
         850  0.2266807    
         851  0.2264813    
         852  0.2262814    
         853  0.2260824    
         854  0.2258834    
         855  0.2256852    
         856  0.2254874    
         857  0.2252895    
         858  0.2250920    
         859  0.2248952    
         860  0.2246986    
         861  0.2245033    
         862  0.2243081    
         863  0.2241118    
         864  0.2239173    
         865  0.2237227    
         866  0.2235293    
         867  0.2233357    
         868  0.2231412    
         869  0.2229487    
         870  0.2227567    
         871  0.2225646    
         872  0.2223743    
         873  0.2221825    
         874  0.2219917    
         875  0.2218028    
         876  0.2216124    
         877  0.2214232    
         878  0.2212336    
         879  0.2210443    
         880  0.2208563    
         881  0.2206685    
         882  0.2204808    
         883  0.2202933    
         884  0.2201062    
         885  0.2199197    
         886  0.2197343    
         887  0.2195488    
         888  0.2193635    
         889  0.2191784    
         890  0.2189942    
         891  0.2188106    
         892  0.2186273    
         893  0.2184446    
         894  0.2182607    
         895  0.2180779    
         896  0.2178950    
         897  0.2177129    
         898  0.2175313    
         899  0.2173493    
         900  0.2171674    
         901  0.2169867    
         902  0.2168065    
         903  0.2166270    
         904  0.2164474    
         905  0.2162677    
         906  0.2160883    
         907  0.2159101    
         908  0.2157322    
         909  0.2155539    
         910  0.2153766    
         911  0.2151985    
         912  0.2150207    
         913  0.2148447    
         914  0.2146694    
         915  0.2144933    
         916  0.2143178    
         917  0.2141430    
         918  0.2139678    
         919  0.2137943    
         920  0.2136200    
         921  0.2134461    
         922  0.2132732    
         923  0.2130992    
         924  0.2129263    
         925  0.2127538    
         926  0.2125812    
         927  0.2124103    
         928  0.2122373    
         929  0.2120652    
         930  0.2118948    
         931  0.2117240    
         932  0.2115538    
         933  0.2113839    
         934  0.2112140    
         935  0.2110451    
         936  0.2108766    
         937  0.2107093    
         938  0.2105400    
         939  0.2103729    
         940  0.2102053    
         941  0.2100368    
         942  0.2098707    
         943  0.2097041    
         944  0.2095360    
         945  0.2093704    
         946  0.2092036    
         947  0.2090377    
         948  0.2088725    
         949  0.2087081    
         950  0.2085432    
         951  0.2083788    
         952  0.2082148    
         953  0.2080497    
         954  0.2078866    
         955  0.2077235    
         956  0.2075607    
         957  0.2073985    
         958  0.2072359    
         959  0.2070741    
         960  0.2069112    
         961  0.2067499    
         962  0.2065887    
         963  0.2064278    
         964  0.2062680    
         965  0.2061067    
         966  0.2059459    
         967  0.2057862    
         968  0.2056268    
         969  0.2054669    
         970  0.2053077    
         971  0.2051499    
         972  0.2049911    
         973  0.2048324    
         974  0.2046744    
         975  0.2045174    
         976  0.2043589    
         977  0.2042022    
         978  0.2040459    
         979  0.2038891    
         980  0.2037322    
         981  0.2035767    
         982  0.2034221    
         983  0.2032655    
         984  0.2031111    
         985  0.2029568    
         986  0.2028029    
         987  0.2026477    
         988  0.2024948    
         989  0.2023417    
         990  0.2021882    
         991  0.2020348    
         992  0.2018828    
         993  0.2017301    
         994  0.2015776    
         995  0.2014259    
         996  0.2012743    
         997  0.2011238    
         998  0.2009729    
         999  0.2008224    
        1000  0.2006713    
##IPMv2.0.5########################################################
#
# command   : /global/u1/k/klarsen/ASTRO250/HW2/new_code/./jacobi 
# start     : Mon Mar 06 17:00:00 2017   host      : nid00303        
# stop      : Mon Mar 06 17:05:53 2017   wallclock : 353.15
# mpi_tasks : 2 on 2 nodes               %comm     : 0.35
# mem [GB]  : 3.03                       gflop/sec : 0.00
#
#           :       [total]        <avg>          min          max
# wallclock :        706.31       353.15       353.15       353.15 
# MPI       :          2.45         1.23         0.40         2.06 
# %wall     :
#   MPI     :                       0.35         0.11         0.58 
# #calls    :
#   MPI     :         14028         7014         7014         7014
# mem [GB]  :          3.03         1.51         1.51         1.51 
#
#                             [time]        [count]        <%wall>
# MPI_Allreduce                 1.57           2000           0.22
# MPI_Sendrecv                  0.88           4000           0.13
# MPI_Comm_size                 0.00           4008           0.00
# MPI_Comm_rank                 0.00           4008           0.00
# MPI_Bcast                     0.00              8           0.00
# MPI_Init                      0.00              2           0.00
# MPI_Finalize                  0.00              2           0.00
#
###################################################################
