           1   25.15661    
           2   16.41411    
           3   12.25775    
           4   9.895947    
           5   8.371467    
           6   7.299523    
           7   6.500540    
           8   5.879318    
           9   5.380798    
          10   4.970882    
          11   4.627043    
          12   4.333987    
          13   4.080880    
          14   3.859665    
          15   3.664642    
          16   3.491105    
          17   3.335642    
          18   3.195378    
          19   3.068150    
          20   2.952188    
          21   2.845935    
          22   2.748213    
          23   2.657939    
          24   2.574304    
          25   2.496570    
          26   2.424093    
          27   2.356339    
          28   2.292853    
          29   2.233231    
          30   2.177099    
          31   2.124138    
          32   2.074104    
          33   2.026738    
          34   1.981827    
          35   1.939143    
          36   1.898544    
          37   1.859899    
          38   1.823028    
          39   1.787829    
          40   1.754170    
          41   1.721939    
          42   1.691083    
          43   1.661467    
          44   1.633041    
          45   1.605722    
          46   1.579446    
          47   1.554149    
          48   1.529785    
          49   1.506287    
          50   1.483617    
          51   1.461727    
          52   1.440572    
          53   1.420121    
          54   1.400340    
          55   1.381189    
          56   1.362640    
          57   1.344658    
          58   1.327223    
          59   1.310296    
          60   1.293871    
          61   1.277925    
          62   1.262432    
          63   1.247361    
          64   1.232710    
          65   1.218453    
          66   1.204574    
          67   1.191053    
          68   1.177879    
          69   1.165046    
          70   1.152534    
          71   1.140329    
          72   1.128430    
          73   1.116810    
          74   1.105461    
          75   1.094385    
          76   1.083560    
          77   1.072981    
          78   1.062641    
          79   1.052536    
          80   1.042645    
          81   1.032967    
          82   1.023502    
          83   1.014234    
          84   1.005161    
          85  0.9962770    
          86  0.9875724    
          87  0.9790422    
          88  0.9706833    
          89  0.9624876    
          90  0.9544512    
          91  0.9465696    
          92  0.9388384    
          93  0.9312494    
          94  0.9238119    
          95  0.9165016    
          96  0.9093283    
          97  0.9022866    
          98  0.8953692    
          99  0.8885764    
         100  0.8819015    
         101  0.8753428    
         102  0.8688952    
         103  0.8625563    
         104  0.8563297    
         105  0.8502018    
         106  0.8441747    
         107  0.8382492    
         108  0.8324167    
         109  0.8266824    
         110  0.8210371    
         111  0.8154809    
         112  0.8100137    
         113  0.8046267    
         114  0.7993238    
         115  0.7941022    
         116  0.7889619    
         117  0.7838968    
         118  0.7789072    
         119  0.7739927    
         120  0.7691456    
         121  0.7643749    
         122  0.7596663    
         123  0.7550282    
         124  0.7504529    
         125  0.7459440    
         126  0.7414989    
         127  0.7371128    
         128  0.7327892    
         129  0.7285222    
         130  0.7243139    
         131  0.7201632    
         132  0.7160676    
         133  0.7120252    
         134  0.7080353    
         135  0.7040950    
         136  0.7002063    
         137  0.6963699    
         138  0.6925807    
         139  0.6888373    
         140  0.6851435    
         141  0.6814963    
         142  0.6778955    
         143  0.6743344    
         144  0.6708151    
         145  0.6673403    
         146  0.6639096    
         147  0.6605186    
         148  0.6571651    
         149  0.6538521    
         150  0.6505799    
         151  0.6473444    
         152  0.6441482    
         153  0.6409871    
         154  0.6378636    
         155  0.6347744    
         156  0.6317199    
         157  0.6287008    
         158  0.6257148    
         159  0.6227631    
         160  0.6198416    
         161  0.6169506    
         162  0.6140911    
         163  0.6112629    
         164  0.6084656    
         165  0.6056952    
         166  0.6029553    
         167  0.6002432    
         168  0.5975599    
         169  0.5949064    
         170  0.5922798    
         171  0.5896792    
         172  0.5871059    
         173  0.5845591    
         174  0.5820379    
         175  0.5795397    
         176  0.5770652    
         177  0.5746164    
         178  0.5721931    
         179  0.5697935    
         180  0.5674177    
         181  0.5650644    
         182  0.5627340    
         183  0.5604240    
         184  0.5581387    
         185  0.5558733    
         186  0.5536299    
         187  0.5514093    
         188  0.5492072    
         189  0.5470267    
         190  0.5448648    
         191  0.5427242    
         192  0.5406045    
         193  0.5385016    
         194  0.5364164    
         195  0.5343515    
         196  0.5323043    
         197  0.5302750    
         198  0.5282653    
         199  0.5262724    
         200  0.5242978    
         201  0.5223398    
         202  0.5203969    
         203  0.5184737    
         204  0.5165669    
         205  0.5146760    
         206  0.5128005    
         207  0.5109392    
         208  0.5090950    
         209  0.5072669    
         210  0.5054529    
         211  0.5036561    
         212  0.5018732    
         213  0.5001060    
         214  0.4983533    
         215  0.4966142    
         216  0.4948889    
         217  0.4931772    
         218  0.4914795    
         219  0.4897955    
         220  0.4881244    
         221  0.4864668    
         222  0.4848213    
         223  0.4831901    
         224  0.4815696    
         225  0.4799640    
         226  0.4783705    
         227  0.4767883    
         228  0.4752188    
         229  0.4736626    
         230  0.4721177    
         231  0.4705839    
         232  0.4690606    
         233  0.4675494    
         234  0.4660496    
         235  0.4645601    
         236  0.4630822    
         237  0.4616156    
         238  0.4601589    
         239  0.4587142    
         240  0.4572809    
         241  0.4558566    
         242  0.4544435    
         243  0.4530392    
         244  0.4516461    
         245  0.4502621    
         246  0.4488877    
         247  0.4475226    
         248  0.4461690    
         249  0.4448250    
         250  0.4434885    
         251  0.4421631    
         252  0.4408451    
         253  0.4395390    
         254  0.4382408    
         255  0.4369512    
         256  0.4356706    
         257  0.4343972    
         258  0.4331321    
         259  0.4318771    
         260  0.4306297    
         261  0.4293920    
         262  0.4281617    
         263  0.4269397    
         264  0.4257260    
         265  0.4245203    
         266  0.4233232    
         267  0.4221343    
         268  0.4209517    
         269  0.4197768    
         270  0.4186108    
         271  0.4174512    
         272  0.4162986    
         273  0.4151551    
         274  0.4140178    
         275  0.4128876    
         276  0.4117653    
         277  0.4106496    
         278  0.4095409    
         279  0.4084389    
         280  0.4073442    
         281  0.4062562    
         282  0.4051754    
         283  0.4041011    
         284  0.4030331    
         285  0.4019721    
         286  0.4009171    
         287  0.3998683    
         288  0.3988258    
         289  0.3977910    
         290  0.3967627    
         291  0.3957396    
         292  0.3947223    
         293  0.3937111    
         294  0.3927056    
         295  0.3917068    
         296  0.3907142    
         297  0.3897268    
         298  0.3887449    
         299  0.3877685    
         300  0.3867992    
         301  0.3858357    
         302  0.3848779    
         303  0.3839248    
         304  0.3829775    
         305  0.3820348    
         306  0.3810971    
         307  0.3801658    
         308  0.3792397    
         309  0.3783186    
         310  0.3774025    
         311  0.3764922    
         312  0.3755864    
         313  0.3746854    
         314  0.3737895    
         315  0.3728996    
         316  0.3720141    
         317  0.3711337    
         318  0.3702575    
         319  0.3693856    
         320  0.3685188    
         321  0.3676585    
         322  0.3668018    
         323  0.3659491    
         324  0.3651027    
         325  0.3642593    
         326  0.3634200    
         327  0.3625856    
         328  0.3617558    
         329  0.3609311    
         330  0.3601109    
         331  0.3592942    
         332  0.3584826    
         333  0.3576746    
         334  0.3568713    
         335  0.3560715    
         336  0.3552758    
         337  0.3544843    
         338  0.3536971    
         339  0.3529139    
         340  0.3521349    
         341  0.3513598    
         342  0.3505892    
         343  0.3498230    
         344  0.3490601    
         345  0.3483019    
         346  0.3475457    
         347  0.3467942    
         348  0.3460474    
         349  0.3453015    
         350  0.3445619    
         351  0.3438249    
         352  0.3430915    
         353  0.3423635    
         354  0.3416376    
         355  0.3409157    
         356  0.3401970    
         357  0.3394808    
         358  0.3387688    
         359  0.3380618    
         360  0.3373555    
         361  0.3366537    
         362  0.3359559    
         363  0.3352617    
         364  0.3345706    
         365  0.3338838    
         366  0.3331992    
         367  0.3325179    
         368  0.3318396    
         369  0.3311640    
         370  0.3304930    
         371  0.3298240    
         372  0.3291581    
         373  0.3284962    
         374  0.3278367    
         375  0.3271807    
         376  0.3265275    
         377  0.3258780    
         378  0.3252309    
         379  0.3245865    
         380  0.3239456    
         381  0.3233076    
         382  0.3226723    
         383  0.3220393    
         384  0.3214105    
         385  0.3207838    
         386  0.3201598    
         387  0.3195397    
         388  0.3189221    
         389  0.3183062    
         390  0.3176939    
         391  0.3170835    
         392  0.3164767    
         393  0.3158726    
         394  0.3152712    
         395  0.3146720    
         396  0.3140760    
         397  0.3134828    
         398  0.3128920    
         399  0.3123044    
         400  0.3117178    
         401  0.3111349    
         402  0.3105538    
         403  0.3099751    
         404  0.3093983    
         405  0.3088250    
         406  0.3082547    
         407  0.3076867    
         408  0.3071214    
         409  0.3065582    
         410  0.3059978    
         411  0.3054394    
         412  0.3048835    
         413  0.3043297    
         414  0.3037786    
         415  0.3032292    
         416  0.3026820    
         417  0.3021375    
         418  0.3015948    
         419  0.3010552    
         420  0.3005177    
         421  0.2999818    
         422  0.2994484    
         423  0.2989185    
         424  0.2983903    
         425  0.2978635    
         426  0.2973391    
         427  0.2968169    
         428  0.2962964    
         429  0.2957788    
         430  0.2952630    
         431  0.2947487    
         432  0.2942370    
         433  0.2937270    
         434  0.2932189    
         435  0.2927130    
         436  0.2922097    
         437  0.2917080    
         438  0.2912078    
         439  0.2907105    
         440  0.2902145    
         441  0.2897203    
         442  0.2892280    
         443  0.2887379    
         444  0.2882502    
         445  0.2877641    
         446  0.2872798    
         447  0.2867972    
         448  0.2863170    
         449  0.2858375    
         450  0.2853600    
         451  0.2848852    
         452  0.2844126    
         453  0.2839413    
         454  0.2834717    
         455  0.2830046    
         456  0.2825392    
         457  0.2820761    
         458  0.2816127    
         459  0.2811533    
         460  0.2806950    
         461  0.2802379    
         462  0.2797830    
         463  0.2793292    
         464  0.2788774    
         465  0.2784268    
         466  0.2779792    
         467  0.2775322    
         468  0.2770875    
         469  0.2766449    
         470  0.2762032    
         471  0.2757630    
         472  0.2753244    
         473  0.2748872    
         474  0.2744521    
         475  0.2740186    
         476  0.2735875    
         477  0.2731574    
         478  0.2727287    
         479  0.2723017    
         480  0.2718764    
         481  0.2714525    
         482  0.2710290    
         483  0.2706082    
         484  0.2701889    
         485  0.2697712    
         486  0.2693542    
         487  0.2689389    
         488  0.2685263    
         489  0.2681150    
         490  0.2677038    
         491  0.2672953    
         492  0.2668877    
         493  0.2664817    
         494  0.2660773    
         495  0.2656743    
         496  0.2652728    
         497  0.2648729    
         498  0.2644745    
         499  0.2640768    
         500  0.2636812    
         501  0.2632861    
         502  0.2628928    
         503  0.2625002    
         504  0.2621098    
         505  0.2617210    
         506  0.2613336    
         507  0.2609472    
         508  0.2605621    
         509  0.2601774    
         510  0.2597942    
         511  0.2594132    
         512  0.2590328    
         513  0.2586539    
         514  0.2582760    
         515  0.2578992    
         516  0.2575241    
         517  0.2571500    
         518  0.2567763    
         519  0.2564057    
         520  0.2560357    
         521  0.2556661    
         522  0.2552992    
         523  0.2549326    
         524  0.2545671    
         525  0.2542031    
         526  0.2538409    
         527  0.2534791    
         528  0.2531186    
         529  0.2527597    
         530  0.2524018    
         531  0.2520448    
         532  0.2516895    
         533  0.2513345    
         534  0.2509813    
         535  0.2506298    
         536  0.2502796    
         537  0.2499292    
         538  0.2495806    
         539  0.2492328    
         540  0.2488862    
         541  0.2485406    
         542  0.2481962    
         543  0.2478539    
         544  0.2475116    
         545  0.2471707    
         546  0.2468316    
         547  0.2464931    
         548  0.2461557    
         549  0.2458189    
         550  0.2454832    
         551  0.2451492    
         552  0.2448155    
         553  0.2444837    
         554  0.2441530    
         555  0.2438221    
         556  0.2434926    
         557  0.2431647    
         558  0.2428381    
         559  0.2425120    
         560  0.2421868    
         561  0.2418637    
         562  0.2415405    
         563  0.2412190    
         564  0.2408976    
         565  0.2405780    
         566  0.2402593    
         567  0.2399413    
         568  0.2396246    
         569  0.2393085    
         570  0.2389935    
         571  0.2386793    
         572  0.2383664    
         573  0.2380538    
         574  0.2377425    
         575  0.2374326    
         576  0.2371230    
         577  0.2368149    
         578  0.2365071    
         579  0.2362007    
         580  0.2358949    
         581  0.2355906    
         582  0.2352869    
         583  0.2349834    
         584  0.2346814    
         585  0.2343807    
         586  0.2340811    
         587  0.2337821    
         588  0.2334840    
         589  0.2331868    
         590  0.2328905    
         591  0.2325947    
         592  0.2322998    
         593  0.2320061    
         594  0.2317134    
         595  0.2314207    
         596  0.2311296    
         597  0.2308390    
         598  0.2305494    
         599  0.2302605    
         600  0.2299726    
         601  0.2296850    
         602  0.2293990    
         603  0.2291139    
         604  0.2288294    
         605  0.2285451    
         606  0.2282630    
         607  0.2279806    
         608  0.2276994    
         609  0.2274187    
         610  0.2271396    
         611  0.2268612    
         612  0.2265832    
         613  0.2263058    
         614  0.2260294    
         615  0.2257541    
         616  0.2254793    
         617  0.2252060    
         618  0.2249320    
         619  0.2246600    
         620  0.2243883    
         621  0.2241174    
         622  0.2238470    
         623  0.2235778    
         624  0.2233090    
         625  0.2230420    
         626  0.2227747    
         627  0.2225083    
         628  0.2222423    
         629  0.2219775    
         630  0.2217136    
         631  0.2214498    
         632  0.2211871    
         633  0.2209247    
         634  0.2206631    
         635  0.2204022    
         636  0.2201417    
         637  0.2198821    
         638  0.2196232    
         639  0.2193657    
         640  0.2191088    
         641  0.2188524    
         642  0.2185974    
         643  0.2183414    
         644  0.2180876    
         645  0.2178331    
         646  0.2175810    
         647  0.2173285    
         648  0.2170767    
         649  0.2168266    
         650  0.2165757    
         651  0.2163261    
         652  0.2160771    
         653  0.2158291    
         654  0.2155816    
         655  0.2153339    
         656  0.2150878    
         657  0.2148418    
         658  0.2145972    
         659  0.2143533    
         660  0.2141088    
         661  0.2138661    
         662  0.2136240    
         663  0.2133822    
         664  0.2131416    
         665  0.2129001    
         666  0.2126605    
         667  0.2124218    
         668  0.2121831    
         669  0.2119453    
         670  0.2117083    
         671  0.2114721    
         672  0.2112371    
         673  0.2110006    
         674  0.2107657    
         675  0.2105316    
         676  0.2102977    
         677  0.2100648    
         678  0.2098323    
         679  0.2096009    
         680  0.2093698    
         681  0.2091386    
         682  0.2089083    
         683  0.2086791    
         684  0.2084496    
         685  0.2082212    
         686  0.2079934    
         687  0.2077666    
         688  0.2075402    
         689  0.2073138    
         690  0.2070883    
         691  0.2068637    
         692  0.2066387    
         693  0.2064154    
         694  0.2061925    
         695  0.2059691    
         696  0.2057472    
         697  0.2055259    
         698  0.2053044    
         699  0.2050841    
         700  0.2048643    
         701  0.2046447    
         702  0.2044259    
         703  0.2042079    
         704  0.2039906    
         705  0.2037738    
         706  0.2035574    
         707  0.2033412    
         708  0.2031255    
         709  0.2029113    
         710  0.2026967    
         711  0.2024832    
         712  0.2022702    
         713  0.2020569    
         714  0.2018442    
         715  0.2016327    
         716  0.2014210    
         717  0.2012101    
         718  0.2010003    
         719  0.2007903    
         720  0.2005811    
         721  0.2003726    
         722  0.2001642    
         723  0.1999566    
         724  0.1997500    
         725  0.1995430    
         726  0.1993367    
         727  0.1991309    
         728  0.1989266    
         729  0.1987217    
         730  0.1985172    
         731  0.1983141    
         732  0.1981102    
         733  0.1979071    
         734  0.1977049    
         735  0.1975026    
         736  0.1973016    
         737  0.1971004    
         738  0.1969001    
         739  0.1966999    
         740  0.1965004    
         741  0.1963014    
         742  0.1961029    
         743  0.1959048    
         744  0.1957080    
         745  0.1955106    
         746  0.1953145    
         747  0.1951182    
         748  0.1949224    
         749  0.1947269    
         750  0.1945322    
         751  0.1943382    
         752  0.1941442    
         753  0.1939512    
         754  0.1937584    
         755  0.1935660    
         756  0.1933738    
         757  0.1931822    
         758  0.1929914    
         759  0.1928008    
         760  0.1926109    
         761  0.1924208    
         762  0.1922317    
         763  0.1920422    
         764  0.1918533    
         765  0.1916654    
         766  0.1914775    
         767  0.1912904    
         768  0.1911031    
         769  0.1909171    
         770  0.1907313    
         771  0.1905458    
         772  0.1903605    
         773  0.1901761    
         774  0.1899916    
         775  0.1898075    
         776  0.1896241    
         777  0.1894411    
         778  0.1892583    
         779  0.1890762    
         780  0.1888947    
         781  0.1887128    
         782  0.1885321    
         783  0.1883510    
         784  0.1881714    
         785  0.1879912    
         786  0.1878121    
         787  0.1876326    
         788  0.1874546    
         789  0.1872764    
         790  0.1870986    
         791  0.1869209    
         792  0.1867441    
         793  0.1865674    
         794  0.1863914    
         795  0.1862148    
         796  0.1860395    
         797  0.1858643    
         798  0.1856899    
         799  0.1855152    
         800  0.1853416    
         801  0.1851678    
         802  0.1849948    
         803  0.1848216    
         804  0.1846491    
         805  0.1844770    
         806  0.1843054    
         807  0.1841336    
         808  0.1839630    
         809  0.1837920    
         810  0.1836214    
         811  0.1834514    
         812  0.1832818    
         813  0.1831125    
         814  0.1829436    
         815  0.1827755    
         816  0.1826072    
         817  0.1824398    
         818  0.1822722    
         819  0.1821053    
         820  0.1819390    
         821  0.1817722    
         822  0.1816061    
         823  0.1814405    
         824  0.1812751    
         825  0.1811105    
         826  0.1809462    
         827  0.1807820    
         828  0.1806183    
         829  0.1804541    
         830  0.1802912    
         831  0.1801281    
         832  0.1799662    
         833  0.1798041    
         834  0.1796426    
         835  0.1794813    
         836  0.1793203    
         837  0.1791601    
         838  0.1789993    
         839  0.1788397    
         840  0.1786796    
         841  0.1785208    
         842  0.1783616    
         843  0.1782030    
         844  0.1780441    
         845  0.1778857    
         846  0.1777283    
         847  0.1775706    
         848  0.1774139    
         849  0.1772569    
         850  0.1771007    
         851  0.1769448    
         852  0.1767885    
         853  0.1766331    
         854  0.1764779    
         855  0.1763230    
         856  0.1761685    
         857  0.1760140    
         858  0.1758607    
         859  0.1757068    
         860  0.1755539    
         861  0.1754009    
         862  0.1752482    
         863  0.1750963    
         864  0.1749436    
         865  0.1747921    
         866  0.1746406    
         867  0.1744894    
         868  0.1743388    
         869  0.1741879    
         870  0.1740381    
         871  0.1738877    
         872  0.1737382    
         873  0.1735896    
         874  0.1734401    
         875  0.1732917    
         876  0.1731432    
         877  0.1729952    
         878  0.1728473    
         879  0.1726993    
         880  0.1725527    
         881  0.1724056    
         882  0.1722585    
         883  0.1721130    
         884  0.1719665    
         885  0.1718204    
         886  0.1716762    
         887  0.1715301    
         888  0.1713855    
         889  0.1712410    
         890  0.1710968    
         891  0.1709532    
         892  0.1708092    
         893  0.1706661    
         894  0.1705230    
         895  0.1703799    
         896  0.1702374    
         897  0.1700947    
         898  0.1699523    
         899  0.1698106    
         900  0.1696687    
         901  0.1695274    
         902  0.1693866    
         903  0.1692457    
         904  0.1691055    
         905  0.1689654    
         906  0.1688248    
         907  0.1686855    
         908  0.1685466    
         909  0.1684070    
         910  0.1682687    
         911  0.1681300    
         912  0.1679917    
         913  0.1678538    
         914  0.1677158    
         915  0.1675781    
         916  0.1674413    
         917  0.1673038    
         918  0.1671673    
         919  0.1670312    
         920  0.1668944    
         921  0.1667586    
         922  0.1666233    
         923  0.1664872    
         924  0.1663523    
         925  0.1662171    
         926  0.1660821    
         927  0.1659479    
         928  0.1658138    
         929  0.1656794    
         930  0.1655457    
         931  0.1654124    
         932  0.1652794    
         933  0.1651466    
         934  0.1650138    
         935  0.1648809    
         936  0.1647488    
         937  0.1646177    
         938  0.1644855    
         939  0.1643541    
         940  0.1642232    
         941  0.1640919    
         942  0.1639614    
         943  0.1638311    
         944  0.1637003    
         945  0.1635706    
         946  0.1634407    
         947  0.1633111    
         948  0.1631818    
         949  0.1630532    
         950  0.1629243    
         951  0.1627951    
         952  0.1626673    
         953  0.1625391    
         954  0.1624110    
         955  0.1622838    
         956  0.1621560    
         957  0.1620287    
         958  0.1619016    
         959  0.1617750    
         960  0.1616482    
         961  0.1615221    
         962  0.1613964    
         963  0.1612704    
         964  0.1611449    
         965  0.1610194    
         966  0.1608942    
         967  0.1607691    
         968  0.1606447    
         969  0.1605205    
         970  0.1603961    
         971  0.1602719    
         972  0.1601483    
         973  0.1600246    
         974  0.1599013    
         975  0.1597787    
         976  0.1596557    
         977  0.1595333    
         978  0.1594110    
         979  0.1592891    
         980  0.1591665    
         981  0.1590446    
         982  0.1589231    
         983  0.1588018    
         984  0.1586808    
         985  0.1585599    
         986  0.1584399    
         987  0.1583190    
         988  0.1581994    
         989  0.1580792    
         990  0.1579594    
         991  0.1578394    
         992  0.1577204    
         993  0.1576013    
         994  0.1574822    
         995  0.1573634    
         996  0.1572448    
         997  0.1571261    
         998  0.1570077    
         999  0.1568899    
        1000  0.1567727    
        1001  0.1566548    
        1002  0.1565375    
        1003  0.1564202    
        1004  0.1563036    
        1005  0.1561869    
        1006  0.1560707    
        1007  0.1559545    
        1008  0.1558381    
        1009  0.1557224    
        1010  0.1556064    
        1011  0.1554913    
        1012  0.1553754    
        1013  0.1552603    
        1014  0.1551456    
        1015  0.1550308    
        1016  0.1549162    
        1017  0.1548024    
        1018  0.1546886    
        1019  0.1545748    
        1020  0.1544609    
        1021  0.1543479    
        1022  0.1542347    
        1023  0.1541216    
        1024  0.1540087    
        1025  0.1538962    
        1026  0.1537837    
        1027  0.1536712    
        1028  0.1535591    
        1029  0.1534475    
        1030  0.1533359    
        1031  0.1532239    
        1032  0.1531128    
        1033  0.1530015    
        1034  0.1528904    
        1035  0.1527793    
        1036  0.1526687    
        1037  0.1525585    
        1038  0.1524484    
        1039  0.1523379    
        1040  0.1522281    
        1041  0.1521184    
        1042  0.1520087    
        1043  0.1518992    
        1044  0.1517904    
        1045  0.1516814    
        1046  0.1515727    
        1047  0.1514638    
        1048  0.1513558    
        1049  0.1512475    
        1050  0.1511395    
        1051  0.1510315    
        1052  0.1509238    
        1053  0.1508160    
        1054  0.1507090    
        1055  0.1506019    
        1056  0.1504948    
        1057  0.1503881    
        1058  0.1502817    
        1059  0.1501755    
        1060  0.1500698    
        1061  0.1499638    
        1062  0.1498582    
        1063  0.1497526    
        1064  0.1496472    
        1065  0.1495421    
        1066  0.1494371    
        1067  0.1493319    
        1068  0.1492266    
        1069  0.1491218    
        1070  0.1490169    
        1071  0.1489125    
        1072  0.1488079    
        1073  0.1487039    
        1074  0.1486000    
        1075  0.1484969    
        1076  0.1483929    
        1077  0.1482893    
        1078  0.1481863    
        1079  0.1480831    
        1080  0.1479801    
        1081  0.1478773    
        1082  0.1477750    
        1083  0.1476726    
        1084  0.1475703    
        1085  0.1474680    
        1086  0.1473662    
        1087  0.1472645    
        1088  0.1471633    
        1089  0.1470616    
        1090  0.1469602    
        1091  0.1468590    
        1092  0.1467581    
        1093  0.1466575    
        1094  0.1465568    
        1095  0.1464568    
        1096  0.1463566    
        1097  0.1462568    
        1098  0.1461565    
        1099  0.1460567    
        1100  0.1459574    
        1101  0.1458577    
        1102  0.1457586    
        1103  0.1456589    
        1104  0.1455599    
        1105  0.1454614    
        1106  0.1453628    
        1107  0.1452642    
        1108  0.1451656    
        1109  0.1450675    
        1110  0.1449694    
        1111  0.1448716    
        1112  0.1447737    
        1113  0.1446759    
        1114  0.1445787    
        1115  0.1444813    
        1116  0.1443843    
        1117  0.1442870    
        1118  0.1441902    
        1119  0.1440935    
        1120  0.1439973    
        1121  0.1439008    
        1122  0.1438043    
        1123  0.1437084    
        1124  0.1436123    
        1125  0.1435172    
        1126  0.1434213    
        1127  0.1433257    
        1128  0.1432304    
        1129  0.1431350    
        1130  0.1430404    
        1131  0.1429451    
        1132  0.1428503    
        1133  0.1427556    
        1134  0.1426611    
        1135  0.1425668    
        1136  0.1424726    
        1137  0.1423785    
        1138  0.1422849    
        1139  0.1421909    
        1140  0.1420976    
        1141  0.1420040    
        1142  0.1419108    
        1143  0.1418177    
        1144  0.1417246    
        1145  0.1416320    
        1146  0.1415398    
        1147  0.1414470    
        1148  0.1413548    
        1149  0.1412627    
        1150  0.1411709    
        1151  0.1410787    
        1152  0.1409868    
        1153  0.1408950    
        1154  0.1408037    
        1155  0.1407126    
        1156  0.1406215    
        1157  0.1405301    
        1158  0.1404393    
        1159  0.1403483    
        1160  0.1402579    
        1161  0.1401672    
        1162  0.1400764    
        1163  0.1399864    
        1164  0.1398964    
        1165  0.1398062    
        1166  0.1397165    
        1167  0.1396263    
        1168  0.1395368    
        1169  0.1394473    
        1170  0.1393579    
        1171  0.1392689    
        1172  0.1391797    
        1173  0.1390905    
        1174  0.1390019    
        1175  0.1389131    
        1176  0.1388244    
        1177  0.1387363    
        1178  0.1386477    
        1179  0.1385595    
        1180  0.1384717    
        1181  0.1383838    
        1182  0.1382961    
        1183  0.1382082    
        1184  0.1381204    
        1185  0.1380333    
        1186  0.1379457    
        1187  0.1378585    
        1188  0.1377719    
        1189  0.1376850    
        1190  0.1375981    
        1191  0.1375117    
        1192  0.1374251    
        1193  0.1373388    
        1194  0.1372524    
        1195  0.1371661    
        1196  0.1370801    
        1197  0.1369942    
        1198  0.1369085    
        1199  0.1368228    
        1200  0.1367370    
##IPMv2.0.5########################################################
#
# command   : /global/u1/k/klarsen/ASTRO250/HW2/new_code/./jacobi 
# start     : Mon Mar 06 16:15:16 2017   host      : nid00168        
# stop      : Mon Mar 06 16:17:45 2017   wallclock : 148.31
# mpi_tasks : 2 on 1 nodes               %comm     : 0.87
# mem [GB]  : 1.13                       gflop/sec : 0.00
#
#           :       [total]        <avg>          min          max
# wallclock :        296.61       148.30       148.30       148.31 
# MPI       :          2.59         1.29         0.12         2.46 
# %wall     :
#   MPI     :                       0.87         0.08         1.66 
# #calls    :
#   MPI     :         16828         8414         8414         8414
# mem [GB]  :          1.13         0.57         0.57         0.57 
#
###################################################################
