           1   30.81009    
           2   20.10330    
           3   15.01282    
           4   12.12012    
           5   10.25307    
           6   8.940172    
           7   7.961578    
           8   7.200751    
           9   6.590249    
          10   6.088174    
          11   5.666981    
          12   5.308114    
          13   4.998022    
          14   4.727252    
          15   4.488250    
          16   4.275800    
          17   4.085290    
          18   3.913590    
          19   3.757704    
          20   3.615623    
          21   3.485532    
          22   3.365786    
          23   3.255314    
          24   3.152893    
          25   3.057687    
          26   2.968886    
          27   2.885896    
          28   2.808180    
          29   2.735131    
          30   2.666383    
          31   2.601515    
          32   2.540212    
          33   2.482176    
          34   2.427207    
          35   2.374983    
          36   2.325271    
          37   2.277900    
          38   2.232765    
          39   2.189639    
          40   2.148425    
          41   2.108954    
          42   2.071161    
          43   2.034873    
          44   2.000047    
          45   1.966596    
          46   1.934408    
          47   1.903422    
          48   1.873578    
          49   1.844817    
          50   1.817064    
          51   1.790248    
          52   1.764342    
          53   1.739301    
          54   1.715068    
          55   1.691618    
          56   1.668892    
          57   1.646869    
          58   1.625522    
          59   1.604807    
          60   1.584704    
          61   1.565156    
          62   1.546167    
          63   1.527696    
          64   1.509755    
          65   1.492289    
          66   1.475295    
          67   1.458741    
          68   1.442622    
          69   1.426914    
          70   1.411592    
          71   1.396635    
          72   1.382044    
          73   1.367804    
          74   1.353904    
          75   1.340335    
          76   1.327087    
          77   1.314137    
          78   1.301476    
          79   1.289089    
          80   1.276988    
          81   1.265141    
          82   1.253553    
          83   1.242200    
          84   1.231081    
          85   1.220194    
          86   1.209536    
          87   1.199085    
          88   1.188847    
          89   1.178811    
          90   1.168970    
          91   1.159319    
          92   1.149844    
          93   1.140552    
          94   1.131443    
          95   1.122496    
          96   1.113709    
          97   1.105084    
          98   1.096621    
          99   1.088298    
         100   1.080128    
         101   1.072091    
         102   1.064193    
         103   1.056437    
         104   1.048802    
         105   1.041298    
         106   1.033921    
         107   1.026662    
         108   1.019515    
         109   1.012488    
         110   1.005572    
         111  0.9987702    
         112  0.9920739    
         113  0.9854776    
         114  0.9789785    
         115  0.9725804    
         116  0.9662872    
         117  0.9600876    
         118  0.9539759    
         119  0.9479520    
         120  0.9420260    
         121  0.9361771    
         122  0.9304104    
         123  0.9247289    
         124  0.9191366    
         125  0.9136130    
         126  0.9081653    
         127  0.9027975    
         128  0.8974957    
         129  0.8922722    
         130  0.8871171    
         131  0.8820307    
         132  0.8770131    
         133  0.8720616    
         134  0.8671781    
         135  0.8623505    
         136  0.8575870    
         137  0.8528948    
         138  0.8482564    
         139  0.8436735    
         140  0.8391518    
         141  0.8346843    
         142  0.8302693    
         143  0.8259086    
         144  0.8216015    
         145  0.8173457    
         146  0.8131464    
         147  0.8089953    
         148  0.8048897    
         149  0.8008348    
         150  0.7968163    
         151  0.7928548    
         152  0.7889385    
         153  0.7850662    
         154  0.7812390    
         155  0.7774524    
         156  0.7737079    
         157  0.7700101    
         158  0.7663531    
         159  0.7627345    
         160  0.7591537    
         161  0.7556152    
         162  0.7521135    
         163  0.7486469    
         164  0.7452203    
         165  0.7418308    
         166  0.7384751    
         167  0.7351546    
         168  0.7318665    
         169  0.7286120    
         170  0.7253972    
         171  0.7222134    
         172  0.7190621    
         173  0.7159413    
         174  0.7128505    
         175  0.7097924    
         176  0.7067659    
         177  0.7037670    
         178  0.7008029    
         179  0.6978633    
         180  0.6949534    
         181  0.6920749    
         182  0.6892201    
         183  0.6863956    
         184  0.6835935    
         185  0.6808167    
         186  0.6780705    
         187  0.6753468    
         188  0.6726490    
         189  0.6699789    
         190  0.6673315    
         191  0.6647098    
         192  0.6621100    
         193  0.6595358    
         194  0.6569846    
         195  0.6544563    
         196  0.6519499    
         197  0.6494656    
         198  0.6470032    
         199  0.6445601    
         200  0.6421425    
         201  0.6397455    
         202  0.6373658    
         203  0.6350102    
         204  0.6326707    
         205  0.6303527    
         206  0.6280549    
         207  0.6257733    
         208  0.6235161    
         209  0.6212760    
         210  0.6190534    
         211  0.6168522    
         212  0.6146688    
         213  0.6125003    
         214  0.6103537    
         215  0.6082248    
         216  0.6061098    
         217  0.6040117    
         218  0.6019286    
         219  0.5998657    
         220  0.5978164    
         221  0.5957898    
         222  0.5937741    
         223  0.5917764    
         224  0.5897915    
         225  0.5878250    
         226  0.5858740    
         227  0.5839369    
         228  0.5820139    
         229  0.5801052    
         230  0.5782126    
         231  0.5763318    
         232  0.5744672    
         233  0.5726168    
         234  0.5707805    
         235  0.5689588    
         236  0.5671518    
         237  0.5653555    
         238  0.5635738    
         239  0.5618072    
         240  0.5600507    
         241  0.5583066    
         242  0.5565754    
         243  0.5548561    
         244  0.5531513    
         245  0.5514559    
         246  0.5497726    
         247  0.5481021    
         248  0.5464427    
         249  0.5447953    
         250  0.5431608    
         251  0.5415394    
         252  0.5399263    
         253  0.5383236    
         254  0.5367315    
         255  0.5351524    
         256  0.5335833    
         257  0.5320234    
         258  0.5304753    
         259  0.5289384    
         260  0.5274112    
         261  0.5258934    
         262  0.5243875    
         263  0.5228928    
         264  0.5214058    
         265  0.5199313    
         266  0.5184653    
         267  0.5170075    
         268  0.5155569    
         269  0.5141203    
         270  0.5126926    
         271  0.5112715    
         272  0.5098608    
         273  0.5084595    
         274  0.5070677    
         275  0.5056852    
         276  0.5043089    
         277  0.5029454    
         278  0.5015882    
         279  0.5002397    
         280  0.4988986    
         281  0.4975656    
         282  0.4962416    
         283  0.4949260    
         284  0.4936158    
         285  0.4923132    
         286  0.4910221    
         287  0.4897373    
         288  0.4884607    
         289  0.4871931    
         290  0.4859286    
         291  0.4846771    
         292  0.4834310    
         293  0.4821927    
         294  0.4809618    
         295  0.4797370    
         296  0.4785185    
         297  0.4773095    
         298  0.4761076    
         299  0.4749112    
         300  0.4737235    
         301  0.4725439    
         302  0.4713683    
         303  0.4702018    
         304  0.4690413    
         305  0.4678881    
         306  0.4667396    
         307  0.4655996    
         308  0.4644644    
         309  0.4633383    
         310  0.4622174    
         311  0.4611053    
         312  0.4599960    
         313  0.4588954    
         314  0.4578003    
         315  0.4567092    
         316  0.4556254    
         317  0.4545479    
         318  0.4534751    
         319  0.4524072    
         320  0.4513478    
         321  0.4502934    
         322  0.4492427    
         323  0.4481978    
         324  0.4471601    
         325  0.4461280    
         326  0.4451008    
         327  0.4440786    
         328  0.4430602    
         329  0.4420502    
         330  0.4410453    
         331  0.4400459    
         332  0.4390502    
         333  0.4380603    
         334  0.4370778    
         335  0.4360999    
         336  0.4351284    
         337  0.4341580    
         338  0.4331928    
         339  0.4322335    
         340  0.4312801    
         341  0.4303309    
         342  0.4293872    
         343  0.4284470    
         344  0.4275135    
         345  0.4265834    
         346  0.4256587    
         347  0.4247370    
         348  0.4238213    
         349  0.4229090    
         350  0.4220016    
         351  0.4211012    
         352  0.4202061    
         353  0.4193122    
         354  0.4184226    
         355  0.4175377    
         356  0.4166568    
         357  0.4157798    
         358  0.4149073    
         359  0.4140414    
         360  0.4131788    
         361  0.4123192    
         362  0.4114652    
         363  0.4106164    
         364  0.4097699    
         365  0.4089273    
         366  0.4080914    
         367  0.4072560    
         368  0.4064249    
         369  0.4055973    
         370  0.4047769    
         371  0.4039590    
         372  0.4031438    
         373  0.4023322    
         374  0.4015239    
         375  0.4007204    
         376  0.3999207    
         377  0.3991251    
         378  0.3983306    
         379  0.3975436    
         380  0.3967576    
         381  0.3959740    
         382  0.3951956    
         383  0.3944225    
         384  0.3936517    
         385  0.3928866    
         386  0.3921241    
         387  0.3913646    
         388  0.3906076    
         389  0.3898544    
         390  0.3891029    
         391  0.3883561    
         392  0.3876132    
         393  0.3868769    
         394  0.3861406    
         395  0.3854075    
         396  0.3846773    
         397  0.3839494    
         398  0.3832258    
         399  0.3825049    
         400  0.3817864    
         401  0.3810710    
         402  0.3803588    
         403  0.3796520    
         404  0.3789466    
         405  0.3782449    
         406  0.3775451    
         407  0.3768487    
         408  0.3761560    
         409  0.3754627    
         410  0.3747765    
         411  0.3740938    
         412  0.3734120    
         413  0.3727343    
         414  0.3720596    
         415  0.3713871    
         416  0.3707155    
         417  0.3700484    
         418  0.3693849    
         419  0.3687217    
         420  0.3680639    
         421  0.3674095    
         422  0.3667534    
         423  0.3661012    
         424  0.3654546    
         425  0.3648099    
         426  0.3641661    
         427  0.3635270    
         428  0.3628927    
         429  0.3622566    
         430  0.3616240    
         431  0.3609946    
         432  0.3603666    
         433  0.3597416    
         434  0.3591195    
         435  0.3585019    
         436  0.3578835    
         437  0.3572678    
         438  0.3566551    
         439  0.3560432    
         440  0.3554363    
         441  0.3548310    
         442  0.3542290    
         443  0.3536297    
         444  0.3530327    
         445  0.3524372    
         446  0.3518435    
         447  0.3512525    
         448  0.3506649    
         449  0.3500790    
         450  0.3494966    
         451  0.3489170    
         452  0.3483383    
         453  0.3477589    
         454  0.3471822    
         455  0.3466108    
         456  0.3460392    
         457  0.3454716    
         458  0.3449065    
         459  0.3443423    
         460  0.3437794    
         461  0.3432196    
         462  0.3426636    
         463  0.3421069    
         464  0.3415530    
         465  0.3410031    
         466  0.3404545    
         467  0.3399070    
         468  0.3393616    
         469  0.3388188    
         470  0.3382781    
         471  0.3377398    
         472  0.3372048    
         473  0.3366700    
         474  0.3361365    
         475  0.3356052    
         476  0.3350772    
         477  0.3345508    
         478  0.3340253    
         479  0.3335030    
         480  0.3329845    
         481  0.3324643    
         482  0.3319461    
         483  0.3314316    
         484  0.3309178    
         485  0.3304072    
         486  0.3298974    
         487  0.3293903    
         488  0.3288837    
         489  0.3283789    
         490  0.3278751    
         491  0.3273745    
         492  0.3268747    
         493  0.3263790    
         494  0.3258833    
         495  0.3253895    
         496  0.3248970    
         497  0.3244058    
         498  0.3239166    
         499  0.3234288    
         500  0.3229446    
         501  0.3224615    
         502  0.3219787    
         503  0.3214978    
         504  0.3210202    
         505  0.3205438    
         506  0.3200667    
         507  0.3195928    
         508  0.3191213    
         509  0.3186515    
         510  0.3181831    
         511  0.3177176    
         512  0.3172505    
         513  0.3167853    
         514  0.3163230    
         515  0.3158622    
         516  0.3154026    
         517  0.3149434    
         518  0.3144884    
         519  0.3140344    
         520  0.3135794    
         521  0.3131257    
         522  0.3126779    
         523  0.3122297    
         524  0.3117830    
         525  0.3113378    
         526  0.3108943    
         527  0.3104517    
         528  0.3100086    
         529  0.3095702    
         530  0.3091322    
         531  0.3086952    
         532  0.3082590    
         533  0.3078258    
         534  0.3073924    
         535  0.3069604    
         536  0.3065304    
         537  0.3061019    
         538  0.3056743    
         539  0.3052490    
         540  0.3048238    
         541  0.3044011    
         542  0.3039795    
         543  0.3035588    
         544  0.3031398    
         545  0.3027220    
         546  0.3023057    
         547  0.3018926    
         548  0.3014791    
         549  0.3010667    
         550  0.3006560    
         551  0.3002482    
         552  0.2998388    
         553  0.2994317    
         554  0.2990270    
         555  0.2986217    
         556  0.2982186    
         557  0.2978182    
         558  0.2974176    
         559  0.2970187    
         560  0.2966205    
         561  0.2962236    
         562  0.2958276    
         563  0.2954345    
         564  0.2950414    
         565  0.2946504    
         566  0.2942599    
         567  0.2938719    
         568  0.2934839    
         569  0.2930977    
         570  0.2927107    
         571  0.2923263    
         572  0.2919426    
         573  0.2915600    
         574  0.2911774    
         575  0.2907973    
         576  0.2904189    
         577  0.2900409    
         578  0.2896639    
         579  0.2892889    
         580  0.2889145    
         581  0.2885404    
         582  0.2881680    
         583  0.2877974    
         584  0.2874274    
         585  0.2870583    
         586  0.2866899    
         587  0.2863238    
         588  0.2859601    
         589  0.2855963    
         590  0.2852339    
         591  0.2848699    
         592  0.2845093    
         593  0.2841488    
         594  0.2837902    
         595  0.2834316    
         596  0.2830749    
         597  0.2827201    
         598  0.2823665    
         599  0.2820114    
         600  0.2816594    
         601  0.2813100    
         602  0.2809597    
         603  0.2806107    
         604  0.2802618    
         605  0.2799154    
         606  0.2795687    
         607  0.2792242    
         608  0.2788790    
         609  0.2785358    
         610  0.2781936    
         611  0.2778516    
         612  0.2775105    
         613  0.2771705    
         614  0.2768331    
         615  0.2764955    
         616  0.2761605    
         617  0.2758237    
         618  0.2754893    
         619  0.2751558    
         620  0.2748231    
         621  0.2744909    
         622  0.2741593    
         623  0.2738304    
         624  0.2735011    
         625  0.2731740    
         626  0.2728461    
         627  0.2725201    
         628  0.2721942    
         629  0.2718699    
         630  0.2715463    
         631  0.2712222    
         632  0.2709001    
         633  0.2705777    
         634  0.2702582    
         635  0.2699380    
         636  0.2696182    
         637  0.2693009    
         638  0.2689841    
         639  0.2686694    
         640  0.2683538    
         641  0.2680387    
         642  0.2677241    
         643  0.2674115    
         644  0.2671012    
         645  0.2667893    
         646  0.2664792    
         647  0.2661706    
         648  0.2658632    
         649  0.2655569    
         650  0.2652495    
         651  0.2649441    
         652  0.2646378    
         653  0.2643336    
         654  0.2640305    
         655  0.2637269    
         656  0.2634263    
         657  0.2631260    
         658  0.2628267    
         659  0.2625277    
         660  0.2622295    
         661  0.2619335    
         662  0.2616352    
         663  0.2613390    
         664  0.2610440    
         665  0.2607490    
         666  0.2604563    
         667  0.2601629    
         668  0.2598715    
         669  0.2595809    
         670  0.2592897    
         671  0.2590003    
         672  0.2587104    
         673  0.2584223    
         674  0.2581347    
         675  0.2578476    
         676  0.2575620    
         677  0.2572767    
         678  0.2569925    
         679  0.2567089    
         680  0.2564247    
         681  0.2561422    
         682  0.2558607    
         683  0.2555794    
         684  0.2553000    
         685  0.2550188    
         686  0.2547399    
         687  0.2544615    
         688  0.2541845    
         689  0.2539091    
         690  0.2536319    
         691  0.2533566    
         692  0.2530822    
         693  0.2528086    
         694  0.2525348    
         695  0.2522617    
         696  0.2519881    
         697  0.2517174    
         698  0.2514467    
         699  0.2511772    
         700  0.2509105    
         701  0.2506407    
         702  0.2503733    
         703  0.2501071    
         704  0.2498412    
         705  0.2495761    
         706  0.2493090    
         707  0.2490435    
         708  0.2487805    
         709  0.2485173    
         710  0.2482549    
         711  0.2479936    
         712  0.2477305    
         713  0.2474695    
         714  0.2472098    
         715  0.2469504    
         716  0.2466920    
         717  0.2464326    
         718  0.2461742    
         719  0.2459172    
         720  0.2456606    
         721  0.2454051    
         722  0.2451515    
         723  0.2448957    
         724  0.2446421    
         725  0.2443900    
         726  0.2441370    
         727  0.2438860    
         728  0.2436352    
         729  0.2433821    
         730  0.2431317    
         731  0.2428824    
         732  0.2426329    
         733  0.2423859    
         734  0.2421390    
         735  0.2418915    
         736  0.2416451    
         737  0.2414002    
         738  0.2411556    
         739  0.2409110    
         740  0.2406660    
         741  0.2404200    
         742  0.2401765    
         743  0.2399347    
         744  0.2396933    
         745  0.2394527    
         746  0.2392117    
         747  0.2389707    
         748  0.2387313    
         749  0.2384933    
         750  0.2382554    
         751  0.2380182    
         752  0.2377798    
         753  0.2375412    
         754  0.2373056    
         755  0.2370706    
         756  0.2368355    
         757  0.2366013    
         758  0.2363673    
         759  0.2361324    
         760  0.2358997    
         761  0.2356681    
         762  0.2354368    
         763  0.2352059    
         764  0.2349745    
         765  0.2347421    
         766  0.2345122    
         767  0.2342837    
         768  0.2340539    
         769  0.2338254    
         770  0.2335986    
         771  0.2333700    
         772  0.2331432    
         773  0.2329175    
         774  0.2326915    
         775  0.2324663    
         776  0.2322415    
         777  0.2320165    
         778  0.2317915    
         779  0.2315684    
         780  0.2313460    
         781  0.2311235    
         782  0.2309018    
         783  0.2306814    
         784  0.2304607    
         785  0.2302410    
         786  0.2300215    
         787  0.2298021    
         788  0.2295834    
         789  0.2293651    
         790  0.2291463    
         791  0.2289285    
         792  0.2287111    
         793  0.2284943    
         794  0.2282792    
         795  0.2280636    
         796  0.2278492    
         797  0.2276347    
         798  0.2274206    
         799  0.2272066    
         800  0.2269927    
         801  0.2267809    
         802  0.2265682    
         803  0.2263560    
         804  0.2261456    
         805  0.2259350    
         806  0.2257245    
         807  0.2255147    
         808  0.2253053    
         809  0.2250964    
         810  0.2248874    
         811  0.2246804    
         812  0.2244722    
         813  0.2242643    
         814  0.2240577    
         815  0.2238522    
         816  0.2236466    
         817  0.2234415    
         818  0.2232372    
         819  0.2230324    
         820  0.2228286    
         821  0.2226243    
         822  0.2224213    
         823  0.2222182    
         824  0.2220158    
         825  0.2218151    
         826  0.2216132    
         827  0.2214117    
         828  0.2212110    
         829  0.2210108    
         830  0.2208098    
         831  0.2206108    
         832  0.2204126    
         833  0.2202138    
         834  0.2200156    
         835  0.2198184    
         836  0.2196222    
         837  0.2194250    
         838  0.2192291    
         839  0.2190334    
         840  0.2188373    
         841  0.2186408    
         842  0.2184456    
         843  0.2182508    
         844  0.2180566    
         845  0.2178628    
         846  0.2176689    
         847  0.2174764    
         848  0.2172834    
         849  0.2170909    
         850  0.2168989    
         851  0.2167086    
         852  0.2165174    
         853  0.2163273    
         854  0.2161376    
         855  0.2159479    
         856  0.2157575    
         857  0.2155689    
         858  0.2153812    
         859  0.2151936    
         860  0.2150053    
         861  0.2148183    
         862  0.2146310    
         863  0.2144444    
         864  0.2142580    
         865  0.2140723    
         866  0.2138875    
         867  0.2137018    
         868  0.2135172    
         869  0.2133326    
         870  0.2131489    
         871  0.2129649    
         872  0.2127819    
         873  0.2125989    
         874  0.2124170    
         875  0.2122345    
         876  0.2120531    
         877  0.2118708    
         878  0.2116899    
         879  0.2115085    
         880  0.2113293    
         881  0.2111495    
         882  0.2109707    
         883  0.2107916    
         884  0.2106136    
         885  0.2104346    
         886  0.2102570    
         887  0.2100788    
         888  0.2099018    
         889  0.2097243    
         890  0.2095483    
         891  0.2093718    
         892  0.2091961    
         893  0.2090201    
         894  0.2088452    
         895  0.2086697    
         896  0.2084947    
         897  0.2083203    
         898  0.2081467    
         899  0.2079731    
         900  0.2077987    
         901  0.2076251    
         902  0.2074524    
         903  0.2072799    
         904  0.2071071    
         905  0.2069356    
         906  0.2067641    
         907  0.2065936    
         908  0.2064223    
         909  0.2062517    
         910  0.2060814    
         911  0.2059124    
         912  0.2057424    
         913  0.2055734    
         914  0.2054054    
         915  0.2052375    
         916  0.2050695    
         917  0.2049001    
         918  0.2047330    
         919  0.2045659    
         920  0.2043999    
         921  0.2042333    
         922  0.2040680    
         923  0.2039025    
         924  0.2037380    
         925  0.2035717    
         926  0.2034065    
         927  0.2032421    
         928  0.2030781    
         929  0.2029146    
         930  0.2027507    
         931  0.2025882    
         932  0.2024259    
         933  0.2022639    
         934  0.2021000    
         935  0.2019378    
         936  0.2017763    
         937  0.2016142    
         938  0.2014531    
         939  0.2012915    
         940  0.2011311    
         941  0.2009708    
         942  0.2008112    
         943  0.2006506    
         944  0.2004914    
         945  0.2003324    
         946  0.2001730    
         947  0.2000145    
         948  0.1998559    
         949  0.1996984    
         950  0.1995410    
         951  0.1993823    
         952  0.1992248    
         953  0.1990681    
         954  0.1989126    
         955  0.1987567    
         956  0.1986015    
         957  0.1984457    
         958  0.1982898    
         959  0.1981356    
         960  0.1979801    
         961  0.1978254    
         962  0.1976700    
         963  0.1975163    
         964  0.1973632    
         965  0.1972097    
         966  0.1970560    
         967  0.1969022    
         968  0.1967505    
         969  0.1965978    
         970  0.1964453    
         971  0.1962928    
         972  0.1961408    
         973  0.1959906    
         974  0.1958393    
         975  0.1956886    
         976  0.1955381    
         977  0.1953882    
         978  0.1952390    
         979  0.1950889    
         980  0.1949398    
         981  0.1947905    
         982  0.1946419    
         983  0.1944942    
         984  0.1943460    
         985  0.1941985    
         986  0.1940506    
         987  0.1939031    
         988  0.1937555    
         989  0.1936090    
         990  0.1934624    
         991  0.1933161    
         992  0.1931697    
         993  0.1930240    
         994  0.1928792    
         995  0.1927342    
         996  0.1925893    
         997  0.1924441    
         998  0.1922992    
         999  0.1921548    
        1000  0.1920105    

real	4m48.371s
user	0m0.096s
sys	0m0.076s
