           1   30.81008    
           2   20.10330    
           3   15.01288    
           4   12.12019    
           5   10.25306    
           6   8.940248    
           7   7.961622    
           8   7.200778    
           9   6.590261    
          10   6.088167    
          11   5.667091    
          12   5.308132    
          13   4.998081    
          14   4.727270    
          15   4.488348    
          16   4.275818    
          17   4.085343    
          18   3.913615    
          19   3.757761    
          20   3.615727    
          21   3.485615    
          22   3.365849    
          23   3.255316    
          24   3.152915    
          25   3.057709    
          26   2.968929    
          27   2.885921    
          28   2.808219    
          29   2.735177    
          30   2.666439    
          31   2.601560    
          32   2.540272    
          33   2.482230    
          34   2.427261    
          35   2.375010    
          36   2.325280    
          37   2.277918    
          38   2.232772    
          39   2.189645    
          40   2.148433    
          41   2.108960    
          42   2.071168    
          43   2.034900    
          44   2.000074    
          45   1.966618    
          46   1.934430    
          47   1.903454    
          48   1.873617    
          49   1.844848    
          50   1.817094    
          51   1.790277    
          52   1.764361    
          53   1.739311    
          54   1.715085    
          55   1.691641    
          56   1.668909    
          57   1.646884    
          58   1.625537    
          59   1.604812    
          60   1.584693    
          61   1.565149    
          62   1.546175    
          63   1.527719    
          64   1.509767    
          65   1.492293    
          66   1.475302    
          67   1.458745    
          68   1.442624    
          69   1.426904    
          70   1.411579    
          71   1.396631    
          72   1.382040    
          73   1.367812    
          74   1.353912    
          75   1.340343    
          76   1.327094    
          77   1.314147    
          78   1.301496    
          79   1.289109    
          80   1.276996    
          81   1.265146    
          82   1.253552    
          83   1.242199    
          84   1.231081    
          85   1.220203    
          86   1.209540    
          87   1.199100    
          88   1.188856    
          89   1.178815    
          90   1.168975    
          91   1.159328    
          92   1.149854    
          93   1.140564    
          94   1.131454    
          95   1.122502    
          96   1.113715    
          97   1.105087    
          98   1.096626    
          99   1.088303    
         100   1.080130    
         101   1.072090    
         102   1.064193    
         103   1.056433    
         104   1.048800    
         105   1.041295    
         106   1.033918    
         107   1.026660    
         108   1.019516    
         109   1.012490    
         110   1.005574    
         111  0.9987755    
         112  0.9920814    
         113  0.9854869    
         114  0.9789888    
         115  0.9725927    
         116  0.9662970    
         117  0.9600931    
         118  0.9539824    
         119  0.9479614    
         120  0.9420334    
         121  0.9361850    
         122  0.9304174    
         123  0.9247371    
         124  0.9191399    
         125  0.9136163    
         126  0.9081697    
         127  0.9027989    
         128  0.8974990    
         129  0.8922756    
         130  0.8871244    
         131  0.8820390    
         132  0.8770223    
         133  0.8720707    
         134  0.8671849    
         135  0.8623570    
         136  0.8575939    
         137  0.8528957    
         138  0.8482546    
         139  0.8436702    
         140  0.8391429    
         141  0.8346772    
         142  0.8302653    
         143  0.8259027    
         144  0.8215942    
         145  0.8173401    
         146  0.8131392    
         147  0.8089868    
         148  0.8048816    
         149  0.8008265    
         150  0.7968155    
         151  0.7928540    
         152  0.7889373    
         153  0.7850663    
         154  0.7812384    
         155  0.7774539    
         156  0.7737083    
         157  0.7700103    
         158  0.7663521    
         159  0.7627343    
         160  0.7591549    
         161  0.7556176    
         162  0.7521163    
         163  0.7486494    
         164  0.7452223    
         165  0.7418334    
         166  0.7384782    
         167  0.7351563    
         168  0.7318688    
         169  0.7286147    
         170  0.7254019    
         171  0.7222162    
         172  0.7190631    
         173  0.7159427    
         174  0.7128516    
         175  0.7097935    
         176  0.7067679    
         177  0.7037703    
         178  0.7008071    
         179  0.6978692    
         180  0.6949589    
         181  0.6920804    
         182  0.6892242    
         183  0.6863996    
         184  0.6835983    
         185  0.6808215    
         186  0.6780754    
         187  0.6753529    
         188  0.6726542    
         189  0.6699825    
         190  0.6673352    
         191  0.6647139    
         192  0.6621143    
         193  0.6595396    
         194  0.6569873    
         195  0.6544584    
         196  0.6519503    
         197  0.6494650    
         198  0.6470031    
         199  0.6445608    
         200  0.6421416    
         201  0.6397453    
         202  0.6373664    
         203  0.6350118    
         204  0.6326736    
         205  0.6303569    
         206  0.6280606    
         207  0.6257803    
         208  0.6235236    
         209  0.6212832    
         210  0.6190608    
         211  0.6168593    
         212  0.6146764    
         213  0.6125097    
         214  0.6103628    
         215  0.6082341    
         216  0.6061196    
         217  0.6040224    
         218  0.6019424    
         219  0.5998807    
         220  0.5978323    
         221  0.5958026    
         222  0.5937867    
         223  0.5917886    
         224  0.5898048    
         225  0.5878388    
         226  0.5858883    
         227  0.5839521    
         228  0.5820303    
         229  0.5801226    
         230  0.5782292    
         231  0.5763497    
         232  0.5744859    
         233  0.5726357    
         234  0.5707985    
         235  0.5689752    
         236  0.5671655    
         237  0.5653688    
         238  0.5635869    
         239  0.5618178    
         240  0.5600616    
         241  0.5583173    
         242  0.5565853    
         243  0.5548657    
         244  0.5531594    
         245  0.5514632    
         246  0.5497795    
         247  0.5481085    
         248  0.5464484    
         249  0.5448016    
         250  0.5431674    
         251  0.5415459    
         252  0.5399331    
         253  0.5383307    
         254  0.5367392    
         255  0.5351603    
         256  0.5335916    
         257  0.5320334    
         258  0.5304857    
         259  0.5289485    
         260  0.5274212    
         261  0.5259026    
         262  0.5243964    
         263  0.5229018    
         264  0.5214140    
         265  0.5199385    
         266  0.5184720    
         267  0.5170137    
         268  0.5155632    
         269  0.5141268    
         270  0.5127012    
         271  0.5112800    
         272  0.5098697    
         273  0.5084701    
         274  0.5070779    
         275  0.5056956    
         276  0.5043175    
         277  0.5029538    
         278  0.5015954    
         279  0.5002467    
         280  0.4989050    
         281  0.4975721    
         282  0.4962472    
         283  0.4949315    
         284  0.4936222    
         285  0.4923195    
         286  0.4910283    
         287  0.4897438    
         288  0.4884676    
         289  0.4872001    
         290  0.4859354    
         291  0.4846835    
         292  0.4834380    
         293  0.4822004    
         294  0.4809702    
         295  0.4797469    
         296  0.4785296    
         297  0.4773209    
         298  0.4761202    
         299  0.4749257    
         300  0.4737393    
         301  0.4725594    
         302  0.4713853    
         303  0.4702184    
         304  0.4690589    
         305  0.4679046    
         306  0.4667563    
         307  0.4656164    
         308  0.4644813    
         309  0.4633543    
         310  0.4622317    
         311  0.4611189    
         312  0.4600087    
         313  0.4589067    
         314  0.4578104    
         315  0.4567199    
         316  0.4556358    
         317  0.4545580    
         318  0.4534842    
         319  0.4524153    
         320  0.4513544    
         321  0.4502994    
         322  0.4492496    
         323  0.4482063    
         324  0.4471693    
         325  0.4461375    
         326  0.4451099    
         327  0.4440881    
         328  0.4430722    
         329  0.4420625    
         330  0.4410587    
         331  0.4400589    
         332  0.4390629    
         333  0.4380732    
         334  0.4370894    
         335  0.4361095    
         336  0.4351361    
         337  0.4341663    
         338  0.4332009    
         339  0.4322406    
         340  0.4312847    
         341  0.4303377    
         342  0.4293939    
         343  0.4284540    
         344  0.4275205    
         345  0.4265907    
         346  0.4256653    
         347  0.4247445    
         348  0.4238287    
         349  0.4229171    
         350  0.4220104    
         351  0.4211073    
         352  0.4202108    
         353  0.4193182    
         354  0.4184286    
         355  0.4175439    
         356  0.4166628    
         357  0.4157859    
         358  0.4149128    
         359  0.4140457    
         360  0.4131815    
         361  0.4123210    
         362  0.4114662    
         363  0.4106176    
         364  0.4097700    
         365  0.4089279    
         366  0.4080907    
         367  0.4072571    
         368  0.4064272    
         369  0.4055992    
         370  0.4047778    
         371  0.4039609    
         372  0.4031463    
         373  0.4023358    
         374  0.4015265    
         375  0.4007217    
         376  0.3999218    
         377  0.3991255    
         378  0.3983337    
         379  0.3975447    
         380  0.3967596    
         381  0.3959766    
         382  0.3951997    
         383  0.3944258    
         384  0.3936550    
         385  0.3928895    
         386  0.3921257    
         387  0.3913662    
         388  0.3906096    
         389  0.3898565    
         390  0.3891058    
         391  0.3883607    
         392  0.3876174    
         393  0.3868797    
         394  0.3861434    
         395  0.3854104    
         396  0.3846797    
         397  0.3839515    
         398  0.3832283    
         399  0.3825089    
         400  0.3817907    
         401  0.3810752    
         402  0.3803641    
         403  0.3796576    
         404  0.3789523    
         405  0.3782510    
         406  0.3775512    
         407  0.3768557    
         408  0.3761631    
         409  0.3754704    
         410  0.3747835    
         411  0.3741003    
         412  0.3734187    
         413  0.3727397    
         414  0.3720643    
         415  0.3713919    
         416  0.3707208    
         417  0.3700531    
         418  0.3693889    
         419  0.3687266    
         420  0.3680683    
         421  0.3674134    
         422  0.3667589    
         423  0.3661068    
         424  0.3654597    
         425  0.3648133    
         426  0.3641704    
         427  0.3635317    
         428  0.3628961    
         429  0.3622607    
         430  0.3616292    
         431  0.3610000    
         432  0.3603728    
         433  0.3597471    
         434  0.3591247    
         435  0.3585053    
         436  0.3578877    
         437  0.3572727    
         438  0.3566608    
         439  0.3560500    
         440  0.3554429    
         441  0.3548375    
         442  0.3542349    
         443  0.3536362    
         444  0.3530390    
         445  0.3524431    
         446  0.3518500    
         447  0.3512587    
         448  0.3506705    
         449  0.3500847    
         450  0.3495013    
         451  0.3489205    
         452  0.3483414    
         453  0.3477637    
         454  0.3471886    
         455  0.3466160    
         456  0.3460464    
         457  0.3454788    
         458  0.3449129    
         459  0.3443479    
         460  0.3437870    
         461  0.3432276    
         462  0.3426712    
         463  0.3421147    
         464  0.3415605    
         465  0.3410096    
         466  0.3404603    
         467  0.3399132    
         468  0.3393686    
         469  0.3388260    
         470  0.3382850    
         471  0.3377468    
         472  0.3372097    
         473  0.3366742    
         474  0.3361414    
         475  0.3356104    
         476  0.3350816    
         477  0.3345554    
         478  0.3340304    
         479  0.3335063    
         480  0.3329875    
         481  0.3324682    
         482  0.3319508    
         483  0.3314357    
         484  0.3309209    
         485  0.3304097    
         486  0.3298988    
         487  0.3293916    
         488  0.3288855    
         489  0.3283809    
         490  0.3278770    
         491  0.3273764    
         492  0.3268768    
         493  0.3263793    
         494  0.3258829    
         495  0.3253903    
         496  0.3248974    
         497  0.3244068    
         498  0.3239184    
         499  0.3234313    
         500  0.3229460    
         501  0.3224624    
         502  0.3219796    
         503  0.3214981    
         504  0.3210200    
         505  0.3205439    
         506  0.3200690    
         507  0.3195949    
         508  0.3191236    
         509  0.3186526    
         510  0.3181844    
         511  0.3177177    
         512  0.3172529    
         513  0.3167885    
         514  0.3163266    
         515  0.3158649    
         516  0.3154042    
         517  0.3149460    
         518  0.3144903    
         519  0.3140362    
         520  0.3135820    
         521  0.3131297    
         522  0.3126793    
         523  0.3122305    
         524  0.3117840    
         525  0.3113384    
         526  0.3108940    
         527  0.3104513    
         528  0.3100106    
         529  0.3095714    
         530  0.3091334    
         531  0.3086962    
         532  0.3082603    
         533  0.3078261    
         534  0.3073941    
         535  0.3069639    
         536  0.3065352    
         537  0.3061062    
         538  0.3056786    
         539  0.3052529    
         540  0.3048285    
         541  0.3044062    
         542  0.3039848    
         543  0.3035644    
         544  0.3031464    
         545  0.3027296    
         546  0.3023136    
         547  0.3018995    
         548  0.3014861    
         549  0.3010737    
         550  0.3006634    
         551  0.3002548    
         552  0.2998463    
         553  0.2994387    
         554  0.2990338    
         555  0.2986284    
         556  0.2982242    
         557  0.2978227    
         558  0.2974222    
         559  0.2970234    
         560  0.2966257    
         561  0.2962289    
         562  0.2958340    
         563  0.2954406    
         564  0.2950481    
         565  0.2946564    
         566  0.2942666    
         567  0.2938777    
         568  0.2934894    
         569  0.2931025    
         570  0.2927169    
         571  0.2923322    
         572  0.2919481    
         573  0.2915656    
         574  0.2911839    
         575  0.2908036    
         576  0.2904252    
         577  0.2900465    
         578  0.2896707    
         579  0.2892951    
         580  0.2889212    
         581  0.2885478    
         582  0.2881760    
         583  0.2878053    
         584  0.2874349    
         585  0.2870653    
         586  0.2866974    
         587  0.2863308    
         588  0.2859654    
         589  0.2856008    
         590  0.2852383    
         591  0.2848755    
         592  0.2845141    
         593  0.2841535    
         594  0.2837948    
         595  0.2834373    
         596  0.2830803    
         597  0.2827252    
         598  0.2823710    
         599  0.2820180    
         600  0.2816659    
         601  0.2813140    
         602  0.2809635    
         603  0.2806142    
         604  0.2802659    
         605  0.2799188    
         606  0.2795720    
         607  0.2792268    
         608  0.2788827    
         609  0.2785392    
         610  0.2781970    
         611  0.2778556    
         612  0.2775154    
         613  0.2771764    
         614  0.2768385    
         615  0.2765009    
         616  0.2761652    
         617  0.2758294    
         618  0.2754948    
         619  0.2751611    
         620  0.2748271    
         621  0.2744958    
         622  0.2741650    
         623  0.2738355    
         624  0.2735062    
         625  0.2731786    
         626  0.2728519    
         627  0.2725257    
         628  0.2721996    
         629  0.2718748    
         630  0.2715501    
         631  0.2712276    
         632  0.2709053    
         633  0.2705835    
         634  0.2702632    
         635  0.2699436    
         636  0.2696245    
         637  0.2693065    
         638  0.2689893    
         639  0.2686733    
         640  0.2683581    
         641  0.2680435    
         642  0.2677294    
         643  0.2674164    
         644  0.2671048    
         645  0.2667939    
         646  0.2664837    
         647  0.2661752    
         648  0.2658674    
         649  0.2655597    
         650  0.2652534    
         651  0.2649476    
         652  0.2646430    
         653  0.2643389    
         654  0.2640354    
         655  0.2637331    
         656  0.2634319    
         657  0.2631321    
         658  0.2628321    
         659  0.2625332    
         660  0.2622354    
         661  0.2619384    
         662  0.2616417    
         663  0.2613455    
         664  0.2610505    
         665  0.2607562    
         666  0.2604629    
         667  0.2601698    
         668  0.2598784    
         669  0.2595873    
         670  0.2592971    
         671  0.2590065    
         672  0.2587169    
         673  0.2584290    
         674  0.2581413    
         675  0.2578562    
         676  0.2575700    
         677  0.2572854    
         678  0.2570009    
         679  0.2567161    
         680  0.2564324    
         681  0.2561492    
         682  0.2558672    
         683  0.2555860    
         684  0.2553057    
         685  0.2550264    
         686  0.2547477    
         687  0.2544696    
         688  0.2541923    
         689  0.2539157    
         690  0.2536396    
         691  0.2533635    
         692  0.2530884    
         693  0.2528147    
         694  0.2525405    
         695  0.2522679    
         696  0.2519953    
         697  0.2517244    
         698  0.2514539    
         699  0.2511844    
         700  0.2509162    
         701  0.2506475    
         702  0.2503795    
         703  0.2501127    
         704  0.2498461    
         705  0.2495805    
         706  0.2493152    
         707  0.2490509    
         708  0.2487872    
         709  0.2485242    
         710  0.2482615    
         711  0.2479987    
         712  0.2477364    
         713  0.2474753    
         714  0.2472152    
         715  0.2469553    
         716  0.2466964    
         717  0.2464383    
         718  0.2461813    
         719  0.2459242    
         720  0.2456682    
         721  0.2454127    
         722  0.2451570    
         723  0.2449025    
         724  0.2446495    
         725  0.2443960    
         726  0.2441432    
         727  0.2438922    
         728  0.2436408    
         729  0.2433903    
         730  0.2431409    
         731  0.2428909    
         732  0.2426419    
         733  0.2423943    
         734  0.2421468    
         735  0.2419003    
         736  0.2416540    
         737  0.2414084    
         738  0.2411636    
         739  0.2409183    
         740  0.2406743    
         741  0.2404304    
         742  0.2401867    
         743  0.2399448    
         744  0.2397029    
         745  0.2394615    
         746  0.2392205    
         747  0.2389800    
         748  0.2387402    
         749  0.2385013    
         750  0.2382625    
         751  0.2380246    
         752  0.2377876    
         753  0.2375503    
         754  0.2373148    
         755  0.2370798    
         756  0.2368444    
         757  0.2366099    
         758  0.2363756    
         759  0.2361417    
         760  0.2359086    
         761  0.2356757    
         762  0.2354436    
         763  0.2352122    
         764  0.2349807    
         765  0.2347500    
         766  0.2345198    
         767  0.2342899    
         768  0.2340607    
         769  0.2338320    
         770  0.2336044    
         771  0.2333768    
         772  0.2331495    
         773  0.2329233    
         774  0.2326977    
         775  0.2324717    
         776  0.2322471    
         777  0.2320228    
         778  0.2317987    
         779  0.2315759    
         780  0.2313530    
         781  0.2311304    
         782  0.2309088    
         783  0.2306877    
         784  0.2304669    
         785  0.2302476    
         786  0.2300283    
         787  0.2298089    
         788  0.2295905    
         789  0.2293725    
         790  0.2291537    
         791  0.2289366    
         792  0.2287203    
         793  0.2285038    
         794  0.2282877    
         795  0.2280727    
         796  0.2278579    
         797  0.2276430    
         798  0.2274291    
         799  0.2272151    
         800  0.2270018    
         801  0.2267892    
         802  0.2265768    
         803  0.2263649    
         804  0.2261537    
         805  0.2259431    
         806  0.2257330    
         807  0.2255234    
         808  0.2253137    
         809  0.2251050    
         810  0.2248962    
         811  0.2246881    
         812  0.2244806    
         813  0.2242731    
         814  0.2240665    
         815  0.2238604    
         816  0.2236544    
         817  0.2234492    
         818  0.2232442    
         819  0.2230401    
         820  0.2228360    
         821  0.2226314    
         822  0.2224280    
         823  0.2222253    
         824  0.2220227    
         825  0.2218210    
         826  0.2216198    
         827  0.2214183    
         828  0.2212176    
         829  0.2210167    
         830  0.2208163    
         831  0.2206170    
         832  0.2204181    
         833  0.2202201    
         834  0.2200225    
         835  0.2198253    
         836  0.2196282    
         837  0.2194315    
         838  0.2192352    
         839  0.2190395    
         840  0.2188437    
         841  0.2186484    
         842  0.2184532    
         843  0.2182581    
         844  0.2180640    
         845  0.2178703    
         846  0.2176756    
         847  0.2174828    
         848  0.2172905    
         849  0.2170983    
         850  0.2169063    
         851  0.2167155    
         852  0.2165249    
         853  0.2163344    
         854  0.2161450    
         855  0.2159550    
         856  0.2157652    
         857  0.2155768    
         858  0.2153894    
         859  0.2152025    
         860  0.2150144    
         861  0.2148274    
         862  0.2146402    
         863  0.2144538    
         864  0.2142672    
         865  0.2140817    
         866  0.2138962    
         867  0.2137108    
         868  0.2135256    
         869  0.2133412    
         870  0.2131575    
         871  0.2129738    
         872  0.2127908    
         873  0.2126075    
         874  0.2124251    
         875  0.2122426    
         876  0.2120607    
         877  0.2118791    
         878  0.2116979    
         879  0.2115169    
         880  0.2113363    
         881  0.2111561    
         882  0.2109762    
         883  0.2107970    
         884  0.2106180    
         885  0.2104396    
         886  0.2102615    
         887  0.2100840    
         888  0.2099066    
         889  0.2097293    
         890  0.2095527    
         891  0.2093768    
         892  0.2092008    
         893  0.2090251    
         894  0.2088498    
         895  0.2086746    
         896  0.2084993    
         897  0.2083245    
         898  0.2081506    
         899  0.2079770    
         900  0.2078030    
         901  0.2076295    
         902  0.2074566    
         903  0.2072842    
         904  0.2071117    
         905  0.2069397    
         906  0.2067680    
         907  0.2065975    
         908  0.2064270    
         909  0.2062564    
         910  0.2060861    
         911  0.2059165    
         912  0.2057469    
         913  0.2055776    
         914  0.2054095    
         915  0.2052413    
         916  0.2050734    
         917  0.2049052    
         918  0.2047380    
         919  0.2045711    
         920  0.2044048    
         921  0.2042383    
         922  0.2040727    
         923  0.2039070    
         924  0.2037417    
         925  0.2035763    
         926  0.2034111    
         927  0.2032463    
         928  0.2030824    
         929  0.2029188    
         930  0.2027553    
         931  0.2025926    
         932  0.2024301    
         933  0.2022678    
         934  0.2021049    
         935  0.2019427    
         936  0.2017811    
         937  0.2016193    
         938  0.2014579    
         939  0.2012966    
         940  0.2011361    
         941  0.2009755    
         942  0.2008159    
         943  0.2006562    
         944  0.2004969    
         945  0.2003376    
         946  0.2001785    
         947  0.2000197    
         948  0.1998613    
         949  0.1997035    
         950  0.1995461    
         951  0.1993892    
         952  0.1992320    
         953  0.1990745    
         954  0.1989178    
         955  0.1987618    
         956  0.1986065    
         957  0.1984510    
         958  0.1982948    
         959  0.1981402    
         960  0.1979853    
         961  0.1978306    
         962  0.1976755    
         963  0.1975217    
         964  0.1973683    
         965  0.1972149    
         966  0.1970612    
         967  0.1969073    
         968  0.1967554    
         969  0.1966029    
         970  0.1964505    
         971  0.1962985    
         972  0.1961466    
         973  0.1959961    
         974  0.1958449    
         975  0.1956940    
         976  0.1955436    
         977  0.1953938    
         978  0.1952443    
         979  0.1950943    
         980  0.1949452    
         981  0.1947960    
         982  0.1946476    
         983  0.1944993    
         984  0.1943510    
         985  0.1942032    
         986  0.1940553    
         987  0.1939078    
         988  0.1937601    
         989  0.1936134    
         990  0.1934668    
         991  0.1933207    
         992  0.1931744    
         993  0.1930285    
         994  0.1928836    
         995  0.1927384    
         996  0.1925937    
         997  0.1924486    
         998  0.1923040    
         999  0.1921597    
        1000  0.1920153    

real	2m32.877s
user	0m0.076s
sys	0m0.112s
