           1   30.81008    
           2   20.10330    
           3   15.01287    
           4   12.12028    
           5   10.25304    
           6   8.940216    
           7   7.961660    
           8   7.200822    
           9   6.590287    
          10   6.088203    
          11   5.667090    
          12   5.308148    
          13   4.998099    
          14   4.727286    
          15   4.488380    
          16   4.275809    
          17   4.085351    
          18   3.913627    
          19   3.757812    
          20   3.615731    
          21   3.485607    
          22   3.365868    
          23   3.255351    
          24   3.152923    
          25   3.057728    
          26   2.968936    
          27   2.885941    
          28   2.808228    
          29   2.735195    
          30   2.666436    
          31   2.601583    
          32   2.540287    
          33   2.482259    
          34   2.427248    
          35   2.374998    
          36   2.325284    
          37   2.277928    
          38   2.232792    
          39   2.189653    
          40   2.148438    
          41   2.108981    
          42   2.071177    
          43   2.034906    
          44   2.000086    
          45   1.966638    
          46   1.934450    
          47   1.903474    
          48   1.873631    
          49   1.844855    
          50   1.817093    
          51   1.790276    
          52   1.764363    
          53   1.739326    
          54   1.715098    
          55   1.691653    
          56   1.668924    
          57   1.646899    
          58   1.625535    
          59   1.604812    
          60   1.584700    
          61   1.565163    
          62   1.546183    
          63   1.527717    
          64   1.509780    
          65   1.492309    
          66   1.475316    
          67   1.458758    
          68   1.442627    
          69   1.426906    
          70   1.411582    
          71   1.396634    
          72   1.382045    
          73   1.367821    
          74   1.353922    
          75   1.340348    
          76   1.327100    
          77   1.314153    
          78   1.301498    
          79   1.289113    
          80   1.276998    
          81   1.265151    
          82   1.253556    
          83   1.242201    
          84   1.231089    
          85   1.220206    
          86   1.209546    
          87   1.199103    
          88   1.188859    
          89   1.178820    
          90   1.168980    
          91   1.159329    
          92   1.149855    
          93   1.140562    
          94   1.131455    
          95   1.122505    
          96   1.113721    
          97   1.105091    
          98   1.096629    
          99   1.088304    
         100   1.080128    
         101   1.072089    
         102   1.064194    
         103   1.056437    
         104   1.048805    
         105   1.041302    
         106   1.033923    
         107   1.026664    
         108   1.019518    
         109   1.012495    
         110   1.005579    
         111  0.9987766    
         112  0.9920818    
         113  0.9854891    
         114  0.9789909    
         115  0.9725966    
         116  0.9663010    
         117  0.9600971    
         118  0.9539836    
         119  0.9479654    
         120  0.9420365    
         121  0.9361894    
         122  0.9304220    
         123  0.9247424    
         124  0.9191433    
         125  0.9136193    
         126  0.9081736    
         127  0.9028024    
         128  0.8975037    
         129  0.8922800    
         130  0.8871284    
         131  0.8820430    
         132  0.8770249    
         133  0.8720748    
         134  0.8671871    
         135  0.8623600    
         136  0.8575974    
         137  0.8528986    
         138  0.8482584    
         139  0.8436736    
         140  0.8391504    
         141  0.8346827    
         142  0.8302689    
         143  0.8259066    
         144  0.8215964    
         145  0.8173434    
         146  0.8131425    
         147  0.8089891    
         148  0.8048851    
         149  0.8008299    
         150  0.7968193    
         151  0.7928583    
         152  0.7889421    
         153  0.7850713    
         154  0.7812431    
         155  0.7774585    
         156  0.7737131    
         157  0.7700136    
         158  0.7663549    
         159  0.7627375    
         160  0.7591574    
         161  0.7556199    
         162  0.7521176    
         163  0.7486507    
         164  0.7452228    
         165  0.7418326    
         166  0.7384785    
         167  0.7351598    
         168  0.7318735    
         169  0.7286205    
         170  0.7254048    
         171  0.7222216    
         172  0.7190691    
         173  0.7159480    
         174  0.7128565    
         175  0.7097979    
         176  0.7067716    
         177  0.7037739    
         178  0.7008103    
         179  0.6978731    
         180  0.6949635    
         181  0.6920835    
         182  0.6892266    
         183  0.6864014    
         184  0.6835994    
         185  0.6808223    
         186  0.6780744    
         187  0.6753515    
         188  0.6726541    
         189  0.6699830    
         190  0.6673365    
         191  0.6647155    
         192  0.6621159    
         193  0.6595415    
         194  0.6569892    
         195  0.6544602    
         196  0.6519542    
         197  0.6494697    
         198  0.6470070    
         199  0.6445652    
         200  0.6421458    
         201  0.6397465    
         202  0.6373675    
         203  0.6350131    
         204  0.6326753    
         205  0.6303588    
         206  0.6280634    
         207  0.6257823    
         208  0.6235257    
         209  0.6212866    
         210  0.6190643    
         211  0.6168638    
         212  0.6146808    
         213  0.6125139    
         214  0.6103672    
         215  0.6082372    
         216  0.6061231    
         217  0.6040255    
         218  0.6019443    
         219  0.5998818    
         220  0.5978327    
         221  0.5958019    
         222  0.5937881    
         223  0.5917899    
         224  0.5898065    
         225  0.5878398    
         226  0.5858894    
         227  0.5839532    
         228  0.5820317    
         229  0.5801237    
         230  0.5782304    
         231  0.5763507    
         232  0.5744853    
         233  0.5726354    
         234  0.5707984    
         235  0.5689761    
         236  0.5671660    
         237  0.5653698    
         238  0.5635869    
         239  0.5618175    
         240  0.5600601    
         241  0.5583166    
         242  0.5565856    
         243  0.5548661    
         244  0.5531618    
         245  0.5514670    
         246  0.5497842    
         247  0.5481134    
         248  0.5464545    
         249  0.5448083    
         250  0.5431732    
         251  0.5415511    
         252  0.5399395    
         253  0.5383359    
         254  0.5367439    
         255  0.5351650    
         256  0.5335963    
         257  0.5320365    
         258  0.5304886    
         259  0.5289508    
         260  0.5274242    
         261  0.5259051    
         262  0.5243984    
         263  0.5229032    
         264  0.5214162    
         265  0.5199406    
         266  0.5184729    
         267  0.5170146    
         268  0.5155654    
         269  0.5141282    
         270  0.5127007    
         271  0.5112810    
         272  0.5098719    
         273  0.5084712    
         274  0.5070791    
         275  0.5056957    
         276  0.5043166    
         277  0.5029519    
         278  0.5015941    
         279  0.5002450    
         280  0.4989031    
         281  0.4975703    
         282  0.4962456    
         283  0.4949299    
         284  0.4936206    
         285  0.4923182    
         286  0.4910268    
         287  0.4897427    
         288  0.4884677    
         289  0.4872007    
         290  0.4859368    
         291  0.4846843    
         292  0.4834392    
         293  0.4822019    
         294  0.4809729    
         295  0.4797490    
         296  0.4785311    
         297  0.4773219    
         298  0.4761201    
         299  0.4749254    
         300  0.4737380    
         301  0.4725580    
         302  0.4713828    
         303  0.4702148    
         304  0.4690549    
         305  0.4678999    
         306  0.4667512    
         307  0.4656117    
         308  0.4644776    
         309  0.4633519    
         310  0.4622296    
         311  0.4611174    
         312  0.4600070    
         313  0.4589068    
         314  0.4578099    
         315  0.4567197    
         316  0.4556354    
         317  0.4545575    
         318  0.4534842    
         319  0.4524157    
         320  0.4513557    
         321  0.4503027    
         322  0.4492531    
         323  0.4482102    
         324  0.4471732    
         325  0.4461404    
         326  0.4451118    
         327  0.4440891    
         328  0.4430731    
         329  0.4420629    
         330  0.4410585    
         331  0.4400582    
         332  0.4390623    
         333  0.4380729    
         334  0.4370880    
         335  0.4361086    
         336  0.4351347    
         337  0.4341651    
         338  0.4332011    
         339  0.4322409    
         340  0.4312862    
         341  0.4303376    
         342  0.4293941    
         343  0.4284546    
         344  0.4275216    
         345  0.4265923    
         346  0.4256663    
         347  0.4247451    
         348  0.4238297    
         349  0.4229178    
         350  0.4220117    
         351  0.4211092    
         352  0.4202138    
         353  0.4193207    
         354  0.4184310    
         355  0.4175470    
         356  0.4166661    
         357  0.4157890    
         358  0.4149168    
         359  0.4140496    
         360  0.4131853    
         361  0.4123248    
         362  0.4114699    
         363  0.4106210    
         364  0.4097738    
         365  0.4089318    
         366  0.4080941    
         367  0.4072599    
         368  0.4064303    
         369  0.4056025    
         370  0.4047813    
         371  0.4039632    
         372  0.4031489    
         373  0.4023381    
         374  0.4015297    
         375  0.4007256    
         376  0.3999262    
         377  0.3991305    
         378  0.3983384    
         379  0.3975505    
         380  0.3967657    
         381  0.3959832    
         382  0.3952064    
         383  0.3944323    
         384  0.3936616    
         385  0.3928967    
         386  0.3921327    
         387  0.3913728    
         388  0.3906153    
         389  0.3898605    
         390  0.3891089    
         391  0.3883629    
         392  0.3876199    
         393  0.3868819    
         394  0.3861457    
         395  0.3854124    
         396  0.3846819    
         397  0.3839539    
         398  0.3832301    
         399  0.3825110    
         400  0.3817928    
         401  0.3810779    
         402  0.3803665    
         403  0.3796592    
         404  0.3789539    
         405  0.3782522    
         406  0.3775519    
         407  0.3768560    
         408  0.3761635    
         409  0.3754712    
         410  0.3747838    
         411  0.3741006    
         412  0.3734189    
         413  0.3727406    
         414  0.3720657    
         415  0.3713932    
         416  0.3707231    
         417  0.3700553    
         418  0.3693912    
         419  0.3687291    
         420  0.3680706    
         421  0.3674158    
         422  0.3667619    
         423  0.3661101    
         424  0.3654633    
         425  0.3648175    
         426  0.3641743    
         427  0.3635345    
         428  0.3628985    
         429  0.3622640    
         430  0.3616324    
         431  0.3610030    
         432  0.3603756    
         433  0.3597501    
         434  0.3591281    
         435  0.3585091    
         436  0.3578911    
         437  0.3572764    
         438  0.3566636    
         439  0.3560526    
         440  0.3554458    
         441  0.3548402    
         442  0.3542377    
         443  0.3536389    
         444  0.3530423    
         445  0.3524467    
         446  0.3518542    
         447  0.3512632    
         448  0.3506745    
         449  0.3500884    
         450  0.3495052    
         451  0.3489242    
         452  0.3483454    
         453  0.3477674    
         454  0.3471918    
         455  0.3466198    
         456  0.3460503    
         457  0.3454823    
         458  0.3449163    
         459  0.3443515    
         460  0.3437905    
         461  0.3432311    
         462  0.3426746    
         463  0.3421184    
         464  0.3415644    
         465  0.3410136    
         466  0.3404647    
         467  0.3399176    
         468  0.3393728    
         469  0.3388299    
         470  0.3382893    
         471  0.3377511    
         472  0.3372137    
         473  0.3366782    
         474  0.3361452    
         475  0.3356141    
         476  0.3350856    
         477  0.3345589    
         478  0.3340341    
         479  0.3335099    
         480  0.3329902    
         481  0.3324706    
         482  0.3319525    
         483  0.3314375    
         484  0.3309226    
         485  0.3304118    
         486  0.3299010    
         487  0.3293934    
         488  0.3288874    
         489  0.3283827    
         490  0.3278794    
         491  0.3273785    
         492  0.3268791    
         493  0.3263817    
         494  0.3258857    
         495  0.3253929    
         496  0.3249006    
         497  0.3244104    
         498  0.3239215    
         499  0.3234341    
         500  0.3229490    
         501  0.3224655    
         502  0.3219829    
         503  0.3215009    
         504  0.3210228    
         505  0.3205469    
         506  0.3200721    
         507  0.3195983    
         508  0.3191267    
         509  0.3186562    
         510  0.3181876    
         511  0.3177211    
         512  0.3172558    
         513  0.3167912    
         514  0.3163290    
         515  0.3158676    
         516  0.3154067    
         517  0.3149487    
         518  0.3144930    
         519  0.3140385    
         520  0.3135851    
         521  0.3131326    
         522  0.3126824    
         523  0.3122338    
         524  0.3117871    
         525  0.3113417    
         526  0.3108971    
         527  0.3104546    
         528  0.3100139    
         529  0.3095748    
         530  0.3091365    
         531  0.3086997    
         532  0.3082637    
         533  0.3078297    
         534  0.3073982    
         535  0.3069681    
         536  0.3065393    
         537  0.3061107    
         538  0.3056837    
         539  0.3052579    
         540  0.3048325    
         541  0.3044097    
         542  0.3039888    
         543  0.3035682    
         544  0.3031501    
         545  0.3027327    
         546  0.3023165    
         547  0.3019027    
         548  0.3014889    
         549  0.3010763    
         550  0.3006657    
         551  0.3002566    
         552  0.2998480    
         553  0.2994408    
         554  0.2990359    
         555  0.2986307    
         556  0.2982276    
         557  0.2978268    
         558  0.2974268    
         559  0.2970279    
         560  0.2966300    
         561  0.2962333    
         562  0.2958384    
         563  0.2954448    
         564  0.2950523    
         565  0.2946605    
         566  0.2942703    
         567  0.2938812    
         568  0.2934931    
         569  0.2931067    
         570  0.2927212    
         571  0.2923368    
         572  0.2919531    
         573  0.2915704    
         574  0.2911889    
         575  0.2908089    
         576  0.2904306    
         577  0.2900519    
         578  0.2896759    
         579  0.2893005    
         580  0.2889267    
         581  0.2885532    
         582  0.2881817    
         583  0.2878110    
         584  0.2874405    
         585  0.2870714    
         586  0.2867035    
         587  0.2863373    
         588  0.2859717    
         589  0.2856072    
         590  0.2852446    
         591  0.2848817    
         592  0.2845206    
         593  0.2841599    
         594  0.2838013    
         595  0.2834437    
         596  0.2830867    
         597  0.2827317    
         598  0.2823775    
         599  0.2820243    
         600  0.2816721    
         601  0.2813200    
         602  0.2809691    
         603  0.2806196    
         604  0.2802714    
         605  0.2799239    
         606  0.2795770    
         607  0.2792318    
         608  0.2788879    
         609  0.2785444    
         610  0.2782020    
         611  0.2778604    
         612  0.2775203    
         613  0.2771812    
         614  0.2768432    
         615  0.2765056    
         616  0.2761695    
         617  0.2758334    
         618  0.2754985    
         619  0.2751644    
         620  0.2748309    
         621  0.2744995    
         622  0.2741687    
         623  0.2738389    
         624  0.2735093    
         625  0.2731817    
         626  0.2728545    
         627  0.2725284    
         628  0.2722024    
         629  0.2718776    
         630  0.2715531    
         631  0.2712303    
         632  0.2709080    
         633  0.2705863    
         634  0.2702659    
         635  0.2699456    
         636  0.2696263    
         637  0.2693085    
         638  0.2689918    
         639  0.2686760    
         640  0.2683611    
         641  0.2680466    
         642  0.2677330    
         643  0.2674206    
         644  0.2671093    
         645  0.2667989    
         646  0.2664890    
         647  0.2661803    
         648  0.2658721    
         649  0.2655641    
         650  0.2652579    
         651  0.2649521    
         652  0.2646472    
         653  0.2643430    
         654  0.2640399    
         655  0.2637372    
         656  0.2634359    
         657  0.2631355    
         658  0.2628350    
         659  0.2625355    
         660  0.2622372    
         661  0.2619401    
         662  0.2616433    
         663  0.2613470    
         664  0.2610514    
         665  0.2607568    
         666  0.2604635    
         667  0.2601701    
         668  0.2598780    
         669  0.2595865    
         670  0.2592961    
         671  0.2590056    
         672  0.2587157    
         673  0.2584277    
         674  0.2581400    
         675  0.2578541    
         676  0.2575677    
         677  0.2572826    
         678  0.2569984    
         679  0.2567141    
         680  0.2564310    
         681  0.2561484    
         682  0.2558664    
         683  0.2555856    
         684  0.2553055    
         685  0.2550262    
         686  0.2547476    
         687  0.2544693    
         688  0.2541917    
         689  0.2539151    
         690  0.2536386    
         691  0.2533633    
         692  0.2530882    
         693  0.2528144    
         694  0.2525405    
         695  0.2522679    
         696  0.2519957    
         697  0.2517245    
         698  0.2514540    
         699  0.2511846    
         700  0.2509160    
         701  0.2506478    
         702  0.2503798    
         703  0.2501130    
         704  0.2498465    
         705  0.2495808    
         706  0.2493154    
         707  0.2490505    
         708  0.2487870    
         709  0.2485241    
         710  0.2482615    
         711  0.2479989    
         712  0.2477369    
         713  0.2474752    
         714  0.2472150    
         715  0.2469557    
         716  0.2466965    
         717  0.2464384    
         718  0.2461814    
         719  0.2459243    
         720  0.2456687    
         721  0.2454127    
         722  0.2451576    
         723  0.2449037    
         724  0.2446502    
         725  0.2443966    
         726  0.2441444    
         727  0.2438927    
         728  0.2436413    
         729  0.2433906    
         730  0.2431406    
         731  0.2428902    
         732  0.2426412    
         733  0.2423934    
         734  0.2421455    
         735  0.2418986    
         736  0.2416519    
         737  0.2414059    
         738  0.2411607    
         739  0.2409156    
         740  0.2406715    
         741  0.2404277    
         742  0.2401845    
         743  0.2399426    
         744  0.2397008    
         745  0.2394595    
         746  0.2392185    
         747  0.2389782    
         748  0.2387387    
         749  0.2384999    
         750  0.2382611    
         751  0.2380233    
         752  0.2377862    
         753  0.2375489    
         754  0.2373137    
         755  0.2370784    
         756  0.2368430    
         757  0.2366085    
         758  0.2363741    
         759  0.2361405    
         760  0.2359075    
         761  0.2356748    
         762  0.2354430    
         763  0.2352114    
         764  0.2349799    
         765  0.2347496    
         766  0.2345195    
         767  0.2342896    
         768  0.2340603    
         769  0.2338316    
         770  0.2336041    
         771  0.2333767    
         772  0.2331494    
         773  0.2329231    
         774  0.2326976    
         775  0.2324715    
         776  0.2322467    
         777  0.2320229    
         778  0.2317988    
         779  0.2315758    
         780  0.2313531    
         781  0.2311302    
         782  0.2309085    
         783  0.2306873    
         784  0.2304666    
         785  0.2302467    
         786  0.2300272    
         787  0.2298077    
         788  0.2295889    
         789  0.2293710    
         790  0.2291526    
         791  0.2289353    
         792  0.2287186    
         793  0.2285024    
         794  0.2282863    
         795  0.2280713    
         796  0.2278566    
         797  0.2276419    
         798  0.2274281    
         799  0.2272145    
         800  0.2270013    
         801  0.2267888    
         802  0.2265767    
         803  0.2263649    
         804  0.2261538    
         805  0.2259425    
         806  0.2257324    
         807  0.2255245    
         808  0.2253150    
         809  0.2251062    
         810  0.2248973    
         811  0.2246893    
         812  0.2244816    
         813  0.2242742    
         814  0.2240677    
         815  0.2238617    
         816  0.2236561    
         817  0.2234506    
         818  0.2232457    
         819  0.2230415    
         820  0.2228374    
         821  0.2226328    
         822  0.2224296    
         823  0.2222267    
         824  0.2220241    
         825  0.2218226    
         826  0.2216213    
         827  0.2214199    
         828  0.2212194    
         829  0.2210182    
         830  0.2208177    
         831  0.2206182    
         832  0.2204196    
         833  0.2202214    
         834  0.2200237    
         835  0.2198267    
         836  0.2196295    
         837  0.2194325    
         838  0.2192363    
         839  0.2190407    
         840  0.2188449    
         841  0.2186496    
         842  0.2184548    
         843  0.2182595    
         844  0.2180655    
         845  0.2178716    
         846  0.2176779    
         847  0.2174849    
         848  0.2172925    
         849  0.2171008    
         850  0.2169089    
         851  0.2167179    
         852  0.2165273    
         853  0.2163371    
         854  0.2161478    
         855  0.2159579    
         856  0.2157685    
         857  0.2155797    
         858  0.2153915    
         859  0.2152037    
         860  0.2150162    
         861  0.2148291    
         862  0.2146418    
         863  0.2144553    
         864  0.2142692    
         865  0.2140834    
         866  0.2138978    
         867  0.2137121    
         868  0.2135275    
         869  0.2133427    
         870  0.2131590    
         871  0.2129753    
         872  0.2127925    
         873  0.2126094    
         874  0.2124267    
         875  0.2122444    
         876  0.2120630    
         877  0.2118814    
         878  0.2117005    
         879  0.2115200    
         880  0.2113397    
         881  0.2111600    
         882  0.2109801    
         883  0.2108018    
         884  0.2106226    
         885  0.2104442    
         886  0.2102658    
         887  0.2100888    
         888  0.2099111    
         889  0.2097342    
         890  0.2095573    
         891  0.2093815    
         892  0.2092055    
         893  0.2090299    
         894  0.2088543    
         895  0.2086795    
         896  0.2085045    
         897  0.2083296    
         898  0.2081559    
         899  0.2079819    
         900  0.2078082    
         901  0.2076346    
         902  0.2074615    
         903  0.2072890    
         904  0.2071169    
         905  0.2069447    
         906  0.2067731    
         907  0.2066022    
         908  0.2064316    
         909  0.2062610    
         910  0.2060906    
         911  0.2059208    
         912  0.2057512    
         913  0.2055821    
         914  0.2054137    
         915  0.2052455    
         916  0.2050770    
         917  0.2049092    
         918  0.2047418    
         919  0.2045747    
         920  0.2044081    
         921  0.2042418    
         922  0.2040758    
         923  0.2039099    
         924  0.2037442    
         925  0.2035789    
         926  0.2034140    
         927  0.2032495    
         928  0.2030854    
         929  0.2029218    
         930  0.2027586    
         931  0.2025955    
         932  0.2024328    
         933  0.2022700    
         934  0.2021076    
         935  0.2019455    
         936  0.2017840    
         937  0.2016223    
         938  0.2014612    
         939  0.2013003    
         940  0.2011394    
         941  0.2009788    
         942  0.2008190    
         943  0.2006597    
         944  0.2005007    
         945  0.2003414    
         946  0.2001823    
         947  0.2000235    
         948  0.1998649    
         949  0.1997069    
         950  0.1995491    
         951  0.1993923    
         952  0.1992352    
         953  0.1990782    
         954  0.1989214    
         955  0.1987657    
         956  0.1986098    
         957  0.1984543    
         958  0.1982984    
         959  0.1981434    
         960  0.1979890    
         961  0.1978344    
         962  0.1976795    
         963  0.1975256    
         964  0.1973722    
         965  0.1972187    
         966  0.1970646    
         967  0.1969108    
         968  0.1967582    
         969  0.1966057    
         970  0.1964532    
         971  0.1963011    
         972  0.1961497    
         973  0.1959988    
         974  0.1958473    
         975  0.1956958    
         976  0.1955452    
         977  0.1953956    
         978  0.1952458    
         979  0.1950960    
         980  0.1949468    
         981  0.1947979    
         982  0.1946498    
         983  0.1945011    
         984  0.1943524    
         985  0.1942043    
         986  0.1940565    
         987  0.1939091    
         988  0.1937614    
         989  0.1936147    
         990  0.1934681    
         991  0.1933223    
         992  0.1931764    
         993  0.1930300    
         994  0.1928847    
         995  0.1927392    
         996  0.1925946    
         997  0.1924500    
         998  0.1923053    
         999  0.1921612    
        1000  0.1920169    

real	1m41.962s
user	0m0.092s
sys	0m0.124s
