           1   25.15661    
           2   16.41411    
           3   12.25775    
           4   9.895947    
           5   8.371467    
           6   7.299523    
           7   6.500540    
           8   5.879318    
           9   5.380798    
          10   4.970882    
          11   4.627043    
          12   4.333987    
          13   4.080880    
          14   3.859665    
          15   3.664642    
          16   3.491105    
          17   3.335642    
          18   3.195378    
          19   3.068150    
          20   2.952188    
          21   2.845935    
          22   2.748213    
          23   2.657939    
          24   2.574304    
          25   2.496570    
          26   2.424093    
          27   2.356339    
          28   2.292853    
          29   2.233231    
          30   2.177099    
          31   2.124138    
          32   2.074104    
          33   2.026738    
          34   1.981827    
          35   1.939143    
          36   1.898544    
          37   1.859899    
          38   1.823028    
          39   1.787829    
          40   1.754170    
          41   1.721939    
          42   1.691083    
          43   1.661467    
          44   1.633041    
          45   1.605722    
          46   1.579446    
          47   1.554149    
          48   1.529785    
          49   1.506287    
          50   1.483617    
          51   1.461727    
          52   1.440572    
          53   1.420121    
          54   1.400340    
          55   1.381189    
          56   1.362640    
          57   1.344658    
          58   1.327223    
          59   1.310296    
          60   1.293871    
          61   1.277925    
          62   1.262432    
          63   1.247361    
          64   1.232710    
          65   1.218453    
          66   1.204574    
          67   1.191053    
          68   1.177879    
          69   1.165046    
          70   1.152534    
          71   1.140329    
          72   1.128430    
          73   1.116810    
          74   1.105461    
          75   1.094385    
          76   1.083560    
          77   1.072981    
          78   1.062641    
          79   1.052536    
          80   1.042645    
          81   1.032967    
          82   1.023502    
          83   1.014234    
          84   1.005161    
          85  0.9962770    
          86  0.9875724    
          87  0.9790422    
          88  0.9706833    
          89  0.9624876    
          90  0.9544512    
          91  0.9465696    
          92  0.9388384    
          93  0.9312494    
          94  0.9238119    
          95  0.9165016    
          96  0.9093283    
          97  0.9022866    
          98  0.8953692    
          99  0.8885764    
         100  0.8819015    
         101  0.8753428    
         102  0.8688952    
         103  0.8625563    
         104  0.8563297    
         105  0.8502018    
         106  0.8441747    
         107  0.8382492    
         108  0.8324167    
         109  0.8266824    
         110  0.8210371    
         111  0.8154809    
         112  0.8100137    
         113  0.8046267    
         114  0.7993238    
         115  0.7941022    
         116  0.7889619    
         117  0.7838968    
         118  0.7789072    
         119  0.7739927    
         120  0.7691456    
         121  0.7643749    
         122  0.7596663    
         123  0.7550282    
         124  0.7504529    
         125  0.7459440    
         126  0.7414989    
         127  0.7371128    
         128  0.7327892    
         129  0.7285222    
         130  0.7243139    
         131  0.7201632    
         132  0.7160676    
         133  0.7120252    
         134  0.7080353    
         135  0.7040950    
         136  0.7002063    
         137  0.6963699    
         138  0.6925807    
         139  0.6888373    
         140  0.6851435    
         141  0.6814963    
         142  0.6778955    
         143  0.6743344    
         144  0.6708151    
         145  0.6673403    
         146  0.6639096    
         147  0.6605186    
         148  0.6571651    
         149  0.6538521    
         150  0.6505799    
         151  0.6473444    
         152  0.6441482    
         153  0.6409871    
         154  0.6378636    
         155  0.6347744    
         156  0.6317199    
         157  0.6287008    
         158  0.6257148    
         159  0.6227631    
         160  0.6198416    
         161  0.6169506    
         162  0.6140911    
         163  0.6112629    
         164  0.6084656    
         165  0.6056952    
         166  0.6029553    
         167  0.6002432    
         168  0.5975599    
         169  0.5949064    
         170  0.5922798    
         171  0.5896792    
         172  0.5871059    
         173  0.5845591    
         174  0.5820379    
         175  0.5795397    
         176  0.5770652    
         177  0.5746164    
         178  0.5721931    
         179  0.5697935    
         180  0.5674177    
         181  0.5650644    
         182  0.5627340    
         183  0.5604240    
         184  0.5581387    
         185  0.5558733    
         186  0.5536299    
         187  0.5514093    
         188  0.5492072    
         189  0.5470267    
         190  0.5448648    
         191  0.5427242    
         192  0.5406045    
         193  0.5385016    
         194  0.5364164    
         195  0.5343515    
         196  0.5323043    
         197  0.5302750    
         198  0.5282653    
         199  0.5262724    
         200  0.5242978    
         201  0.5223398    
         202  0.5203969    
         203  0.5184737    
         204  0.5165669    
         205  0.5146760    
         206  0.5128005    
         207  0.5109392    
         208  0.5090950    
         209  0.5072669    
         210  0.5054529    
         211  0.5036561    
         212  0.5018732    
         213  0.5001060    
         214  0.4983533    
         215  0.4966142    
         216  0.4948889    
         217  0.4931772    
         218  0.4914795    
         219  0.4897955    
         220  0.4881244    
         221  0.4864668    
         222  0.4848213    
         223  0.4831901    
         224  0.4815696    
         225  0.4799640    
         226  0.4783705    
         227  0.4767883    
         228  0.4752188    
         229  0.4736626    
         230  0.4721177    
         231  0.4705839    
         232  0.4690606    
         233  0.4675494    
         234  0.4660496    
         235  0.4645601    
         236  0.4630822    
         237  0.4616156    
         238  0.4601589    
         239  0.4587142    
         240  0.4572809    
         241  0.4558566    
         242  0.4544435    
         243  0.4530392    
         244  0.4516461    
         245  0.4502621    
         246  0.4488877    
         247  0.4475226    
         248  0.4461690    
         249  0.4448250    
         250  0.4434885    
         251  0.4421631    
         252  0.4408451    
         253  0.4395390    
         254  0.4382408    
         255  0.4369512    
         256  0.4356706    
         257  0.4343972    
         258  0.4331321    
         259  0.4318771    
         260  0.4306297    
         261  0.4293920    
         262  0.4281617    
         263  0.4269397    
         264  0.4257260    
         265  0.4245203    
         266  0.4233232    
         267  0.4221343    
         268  0.4209517    
         269  0.4197768    
         270  0.4186108    
         271  0.4174512    
         272  0.4162986    
         273  0.4151551    
         274  0.4140178    
         275  0.4128876    
         276  0.4117653    
         277  0.4106496    
         278  0.4095409    
         279  0.4084389    
         280  0.4073442    
         281  0.4062562    
         282  0.4051754    
         283  0.4041011    
         284  0.4030331    
         285  0.4019721    
         286  0.4009171    
         287  0.3998683    
         288  0.3988258    
         289  0.3977910    
         290  0.3967627    
         291  0.3957396    
         292  0.3947223    
         293  0.3937111    
         294  0.3927056    
         295  0.3917068    
         296  0.3907142    
         297  0.3897268    
         298  0.3887449    
         299  0.3877685    
         300  0.3867992    
         301  0.3858357    
         302  0.3848779    
         303  0.3839248    
         304  0.3829775    
         305  0.3820348    
         306  0.3810971    
         307  0.3801658    
         308  0.3792397    
         309  0.3783186    
         310  0.3774025    
         311  0.3764922    
         312  0.3755864    
         313  0.3746854    
         314  0.3737895    
         315  0.3728996    
         316  0.3720141    
         317  0.3711337    
         318  0.3702575    
         319  0.3693856    
         320  0.3685188    
         321  0.3676585    
         322  0.3668018    
         323  0.3659491    
         324  0.3651027    
         325  0.3642593    
         326  0.3634200    
         327  0.3625856    
         328  0.3617558    
         329  0.3609311    
         330  0.3601109    
         331  0.3592942    
         332  0.3584826    
         333  0.3576746    
         334  0.3568713    
         335  0.3560715    
         336  0.3552758    
         337  0.3544843    
         338  0.3536971    
         339  0.3529139    
         340  0.3521349    
         341  0.3513598    
         342  0.3505892    
         343  0.3498230    
         344  0.3490601    
         345  0.3483019    
         346  0.3475457    
         347  0.3467942    
         348  0.3460474    
         349  0.3453015    
         350  0.3445619    
         351  0.3438249    
         352  0.3430915    
         353  0.3423635    
         354  0.3416376    
         355  0.3409157    
         356  0.3401970    
         357  0.3394808    
         358  0.3387688    
         359  0.3380618    
         360  0.3373555    
         361  0.3366537    
         362  0.3359559    
         363  0.3352617    
         364  0.3345706    
         365  0.3338838    
         366  0.3331992    
         367  0.3325179    
         368  0.3318396    
         369  0.3311640    
         370  0.3304930    
         371  0.3298240    
         372  0.3291581    
         373  0.3284962    
         374  0.3278367    
         375  0.3271807    
         376  0.3265275    
         377  0.3258780    
         378  0.3252309    
         379  0.3245865    
         380  0.3239456    
         381  0.3233076    
         382  0.3226723    
         383  0.3220393    
         384  0.3214105    
         385  0.3207838    
         386  0.3201598    
         387  0.3195397    
         388  0.3189221    
         389  0.3183062    
         390  0.3176939    
         391  0.3170835    
         392  0.3164767    
         393  0.3158726    
         394  0.3152712    
         395  0.3146720    
         396  0.3140760    
         397  0.3134828    
         398  0.3128920    
         399  0.3123044    
         400  0.3117178    
         401  0.3111349    
         402  0.3105538    
         403  0.3099751    
         404  0.3093983    
         405  0.3088250    
         406  0.3082547    
         407  0.3076867    
         408  0.3071214    
         409  0.3065582    
         410  0.3059978    
         411  0.3054394    
         412  0.3048835    
         413  0.3043297    
         414  0.3037786    
         415  0.3032292    
         416  0.3026820    
         417  0.3021375    
         418  0.3015948    
         419  0.3010552    
         420  0.3005177    
         421  0.2999818    
         422  0.2994484    
         423  0.2989185    
         424  0.2983903    
         425  0.2978635    
         426  0.2973391    
         427  0.2968169    
         428  0.2962964    
         429  0.2957788    
         430  0.2952630    
         431  0.2947487    
         432  0.2942370    
         433  0.2937270    
         434  0.2932189    
         435  0.2927130    
         436  0.2922097    
         437  0.2917080    
         438  0.2912078    
         439  0.2907105    
         440  0.2902145    
         441  0.2897203    
         442  0.2892280    
         443  0.2887379    
         444  0.2882502    
         445  0.2877641    
         446  0.2872798    
         447  0.2867972    
         448  0.2863170    
         449  0.2858375    
         450  0.2853600    
         451  0.2848852    
         452  0.2844126    
         453  0.2839413    
         454  0.2834717    
         455  0.2830046    
         456  0.2825392    
         457  0.2820761    
         458  0.2816127    
         459  0.2811533    
         460  0.2806950    
         461  0.2802379    
         462  0.2797830    
         463  0.2793292    
         464  0.2788774    
         465  0.2784268    
         466  0.2779792    
         467  0.2775322    
         468  0.2770875    
         469  0.2766449    
         470  0.2762032    
         471  0.2757630    
         472  0.2753244    
         473  0.2748872    
         474  0.2744521    
         475  0.2740186    
         476  0.2735875    
         477  0.2731574    
         478  0.2727287    
         479  0.2723017    
         480  0.2718764    
         481  0.2714525    
         482  0.2710290    
         483  0.2706082    
         484  0.2701889    
         485  0.2697712    
         486  0.2693542    
         487  0.2689389    
         488  0.2685263    
         489  0.2681150    
         490  0.2677038    
         491  0.2672953    
         492  0.2668877    
         493  0.2664817    
         494  0.2660773    
         495  0.2656743    
         496  0.2652728    
         497  0.2648729    
         498  0.2644745    
         499  0.2640768    
         500  0.2636812    
         501  0.2632861    
         502  0.2628928    
         503  0.2625002    
         504  0.2621098    
         505  0.2617210    
         506  0.2613336    
         507  0.2609472    
         508  0.2605621    
         509  0.2601774    
         510  0.2597942    
         511  0.2594132    
         512  0.2590328    
         513  0.2586539    
         514  0.2582760    
         515  0.2578992    
         516  0.2575241    
         517  0.2571500    
         518  0.2567763    
         519  0.2564057    
         520  0.2560357    
         521  0.2556661    
         522  0.2552992    
         523  0.2549326    
         524  0.2545671    
         525  0.2542031    
         526  0.2538409    
         527  0.2534791    
         528  0.2531186    
         529  0.2527597    
         530  0.2524018    
         531  0.2520448    
         532  0.2516895    
         533  0.2513345    
         534  0.2509813    
         535  0.2506298    
         536  0.2502796    
         537  0.2499292    
         538  0.2495806    
         539  0.2492328    
         540  0.2488862    
         541  0.2485406    
         542  0.2481962    
         543  0.2478539    
         544  0.2475116    
         545  0.2471707    
         546  0.2468316    
         547  0.2464931    
         548  0.2461557    
         549  0.2458189    
         550  0.2454832    
         551  0.2451492    
         552  0.2448155    
         553  0.2444837    
         554  0.2441530    
         555  0.2438221    
         556  0.2434926    
         557  0.2431647    
         558  0.2428381    
         559  0.2425120    
         560  0.2421868    
         561  0.2418637    
         562  0.2415405    
         563  0.2412190    
         564  0.2408976    
         565  0.2405780    
         566  0.2402593    
         567  0.2399413    
         568  0.2396246    
         569  0.2393085    
         570  0.2389935    
         571  0.2386793    
         572  0.2383664    
         573  0.2380538    
         574  0.2377425    
         575  0.2374326    
         576  0.2371230    
         577  0.2368149    
         578  0.2365071    
         579  0.2362007    
         580  0.2358949    
         581  0.2355906    
         582  0.2352869    
         583  0.2349834    
         584  0.2346814    
         585  0.2343807    
         586  0.2340811    
         587  0.2337821    
         588  0.2334840    
         589  0.2331868    
         590  0.2328905    
         591  0.2325947    
         592  0.2322998    
         593  0.2320061    
         594  0.2317134    
         595  0.2314207    
         596  0.2311296    
         597  0.2308390    
         598  0.2305494    
         599  0.2302605    
         600  0.2299726    
         601  0.2296850    
         602  0.2293990    
         603  0.2291139    
         604  0.2288294    
         605  0.2285451    
         606  0.2282630    
         607  0.2279806    
         608  0.2276994    
         609  0.2274187    
         610  0.2271396    
         611  0.2268612    
         612  0.2265832    
         613  0.2263058    
         614  0.2260294    
         615  0.2257541    
         616  0.2254793    
         617  0.2252060    
         618  0.2249320    
         619  0.2246600    
         620  0.2243883    
         621  0.2241174    
         622  0.2238470    
         623  0.2235778    
         624  0.2233090    
         625  0.2230420    
         626  0.2227747    
         627  0.2225083    
         628  0.2222423    
         629  0.2219775    
         630  0.2217136    
         631  0.2214498    
         632  0.2211871    
         633  0.2209247    
         634  0.2206631    
         635  0.2204022    
         636  0.2201417    
         637  0.2198821    
         638  0.2196232    
         639  0.2193657    
         640  0.2191088    
         641  0.2188524    
         642  0.2185974    
         643  0.2183414    
         644  0.2180876    
         645  0.2178331    
         646  0.2175810    
         647  0.2173285    
         648  0.2170767    
         649  0.2168266    
         650  0.2165757    
         651  0.2163261    
         652  0.2160771    
         653  0.2158291    
         654  0.2155816    
         655  0.2153339    
         656  0.2150878    
         657  0.2148418    
         658  0.2145972    
         659  0.2143533    
         660  0.2141088    
         661  0.2138661    
         662  0.2136240    
         663  0.2133822    
         664  0.2131416    
         665  0.2129001    
         666  0.2126605    
         667  0.2124218    
         668  0.2121831    
         669  0.2119453    
         670  0.2117083    
         671  0.2114721    
         672  0.2112371    
         673  0.2110006    
         674  0.2107657    
         675  0.2105316    
         676  0.2102977    
         677  0.2100648    
         678  0.2098323    
         679  0.2096009    
         680  0.2093698    
         681  0.2091386    
         682  0.2089083    
         683  0.2086791    
         684  0.2084496    
         685  0.2082212    
         686  0.2079934    
         687  0.2077666    
         688  0.2075402    
         689  0.2073138    
         690  0.2070883    
         691  0.2068637    
         692  0.2066387    
         693  0.2064154    
         694  0.2061925    
         695  0.2059691    
         696  0.2057472    
         697  0.2055259    
         698  0.2053044    
         699  0.2050841    
         700  0.2048643    
         701  0.2046447    
         702  0.2044259    
         703  0.2042079    
         704  0.2039906    
         705  0.2037738    
         706  0.2035574    
         707  0.2033412    
         708  0.2031255    
         709  0.2029113    
         710  0.2026967    
         711  0.2024832    
         712  0.2022702    
         713  0.2020569    
         714  0.2018442    
         715  0.2016327    
         716  0.2014210    
         717  0.2012101    
         718  0.2010003    
         719  0.2007903    
         720  0.2005811    
         721  0.2003726    
         722  0.2001642    
         723  0.1999566    
         724  0.1997500    
         725  0.1995430    
         726  0.1993367    
         727  0.1991309    
         728  0.1989266    
         729  0.1987217    
         730  0.1985172    
         731  0.1983141    
         732  0.1981102    
         733  0.1979071    
         734  0.1977049    
         735  0.1975026    
         736  0.1973016    
         737  0.1971004    
         738  0.1969001    
         739  0.1966999    
         740  0.1965004    
         741  0.1963014    
         742  0.1961029    
         743  0.1959048    
         744  0.1957080    
         745  0.1955106    
         746  0.1953145    
         747  0.1951182    
         748  0.1949224    
         749  0.1947269    
         750  0.1945322    
         751  0.1943382    
         752  0.1941442    
         753  0.1939512    
         754  0.1937584    
         755  0.1935660    
         756  0.1933738    
         757  0.1931822    
         758  0.1929914    
         759  0.1928008    
         760  0.1926109    
         761  0.1924208    
         762  0.1922317    
         763  0.1920422    
         764  0.1918533    
         765  0.1916654    
         766  0.1914775    
         767  0.1912904    
         768  0.1911031    
         769  0.1909171    
         770  0.1907313    
         771  0.1905458    
         772  0.1903605    
         773  0.1901761    
         774  0.1899916    
         775  0.1898075    
         776  0.1896241    
         777  0.1894411    
         778  0.1892583    
         779  0.1890762    
         780  0.1888947    
         781  0.1887128    
         782  0.1885321    
         783  0.1883510    
         784  0.1881714    
         785  0.1879912    
         786  0.1878121    
         787  0.1876326    
         788  0.1874546    
         789  0.1872764    
         790  0.1870986    
         791  0.1869209    
         792  0.1867441    
         793  0.1865674    
         794  0.1863914    
         795  0.1862148    
         796  0.1860395    
         797  0.1858643    
         798  0.1856899    
         799  0.1855152    
         800  0.1853416    
         801  0.1851678    
         802  0.1849948    
         803  0.1848216    
         804  0.1846491    
         805  0.1844770    
         806  0.1843054    
         807  0.1841336    
         808  0.1839630    
         809  0.1837920    
         810  0.1836214    
         811  0.1834514    
         812  0.1832818    
         813  0.1831125    
         814  0.1829436    
         815  0.1827755    
         816  0.1826072    
         817  0.1824398    
         818  0.1822722    
         819  0.1821053    
         820  0.1819390    
         821  0.1817722    
         822  0.1816061    
         823  0.1814405    
         824  0.1812751    
         825  0.1811105    
         826  0.1809462    
         827  0.1807820    
         828  0.1806183    
         829  0.1804541    
         830  0.1802912    
         831  0.1801281    
         832  0.1799662    
         833  0.1798041    
         834  0.1796426    
         835  0.1794813    
         836  0.1793203    
         837  0.1791601    
         838  0.1789993    
         839  0.1788397    
         840  0.1786796    
         841  0.1785208    
         842  0.1783616    
         843  0.1782030    
         844  0.1780441    
         845  0.1778857    
         846  0.1777283    
         847  0.1775706    
         848  0.1774139    
         849  0.1772569    
         850  0.1771007    
         851  0.1769448    
         852  0.1767885    
         853  0.1766331    
         854  0.1764779    
         855  0.1763230    
         856  0.1761685    
         857  0.1760140    
         858  0.1758607    
         859  0.1757068    
         860  0.1755539    
         861  0.1754009    
         862  0.1752482    
         863  0.1750963    
         864  0.1749436    
         865  0.1747921    
         866  0.1746406    
         867  0.1744894    
         868  0.1743388    
         869  0.1741879    
         870  0.1740381    
         871  0.1738877    
         872  0.1737382    
         873  0.1735896    
         874  0.1734401    
         875  0.1732917    
         876  0.1731432    
         877  0.1729952    
         878  0.1728473    
         879  0.1726993    
         880  0.1725527    
         881  0.1724056    
         882  0.1722585    
         883  0.1721130    
         884  0.1719665    
         885  0.1718204    
         886  0.1716762    
         887  0.1715301    
         888  0.1713855    
         889  0.1712410    
         890  0.1710968    
         891  0.1709532    
         892  0.1708092    
         893  0.1706661    
         894  0.1705230    
         895  0.1703799    
         896  0.1702374    
         897  0.1700947    
         898  0.1699523    
         899  0.1698106    
         900  0.1696687    
         901  0.1695274    
         902  0.1693866    
         903  0.1692457    
         904  0.1691055    
         905  0.1689654    
         906  0.1688248    
         907  0.1686855    
         908  0.1685466    
         909  0.1684070    
         910  0.1682687    
         911  0.1681300    
         912  0.1679917    
         913  0.1678538    
         914  0.1677158    
         915  0.1675781    
         916  0.1674413    
         917  0.1673038    
         918  0.1671673    
         919  0.1670312    
         920  0.1668944    
         921  0.1667586    
         922  0.1666233    
         923  0.1664872    
         924  0.1663523    
         925  0.1662171    
         926  0.1660821    
         927  0.1659479    
         928  0.1658138    
         929  0.1656794    
         930  0.1655457    
         931  0.1654124    
         932  0.1652794    
         933  0.1651466    
         934  0.1650138    
         935  0.1648809    
         936  0.1647488    
         937  0.1646177    
         938  0.1644855    
         939  0.1643541    
         940  0.1642232    
         941  0.1640919    
         942  0.1639614    
         943  0.1638311    
         944  0.1637003    
         945  0.1635706    
         946  0.1634407    
         947  0.1633111    
         948  0.1631818    
         949  0.1630532    
         950  0.1629243    
         951  0.1627951    
         952  0.1626673    
         953  0.1625391    
         954  0.1624110    
         955  0.1622838    
         956  0.1621560    
         957  0.1620287    
         958  0.1619016    
         959  0.1617750    
         960  0.1616482    
         961  0.1615221    
         962  0.1613964    
         963  0.1612704    
         964  0.1611449    
         965  0.1610194    
         966  0.1608942    
         967  0.1607691    
         968  0.1606447    
         969  0.1605205    
         970  0.1603961    
         971  0.1602719    
         972  0.1601483    
         973  0.1600246    
         974  0.1599013    
         975  0.1597787    
         976  0.1596557    
         977  0.1595333    
         978  0.1594110    
         979  0.1592891    
         980  0.1591665    
         981  0.1590446    
         982  0.1589231    
         983  0.1588018    
         984  0.1586808    
         985  0.1585599    
         986  0.1584399    
         987  0.1583190    
         988  0.1581994    
         989  0.1580792    
         990  0.1579594    
         991  0.1578394    
         992  0.1577204    
         993  0.1576013    
         994  0.1574822    
         995  0.1573634    
         996  0.1572448    
         997  0.1571261    
         998  0.1570077    
         999  0.1568899    
        1000  0.1567727    
        1001  0.1566548    
        1002  0.1565375    
        1003  0.1564202    
        1004  0.1563036    
        1005  0.1561869    
        1006  0.1560707    
        1007  0.1559545    
        1008  0.1558381    
        1009  0.1557224    
        1010  0.1556064    
        1011  0.1554913    
        1012  0.1553754    
        1013  0.1552603    
        1014  0.1551456    
        1015  0.1550308    
        1016  0.1549162    
        1017  0.1548024    
        1018  0.1546886    
        1019  0.1545748    
        1020  0.1544609    
        1021  0.1543479    
        1022  0.1542347    
        1023  0.1541216    
        1024  0.1540087    
        1025  0.1538962    
        1026  0.1537837    
        1027  0.1536712    
        1028  0.1535591    
        1029  0.1534475    
        1030  0.1533359    
        1031  0.1532239    
        1032  0.1531128    
        1033  0.1530015    
        1034  0.1528904    
        1035  0.1527793    
        1036  0.1526687    
        1037  0.1525585    
        1038  0.1524484    
        1039  0.1523379    
        1040  0.1522281    
        1041  0.1521184    
        1042  0.1520087    
        1043  0.1518992    
        1044  0.1517904    
        1045  0.1516814    
        1046  0.1515727    
        1047  0.1514638    
        1048  0.1513558    
        1049  0.1512475    
        1050  0.1511395    
        1051  0.1510315    
        1052  0.1509238    
        1053  0.1508160    
        1054  0.1507090    
        1055  0.1506019    
        1056  0.1504948    
        1057  0.1503881    
        1058  0.1502817    
        1059  0.1501755    
        1060  0.1500698    
        1061  0.1499638    
        1062  0.1498582    
        1063  0.1497526    
        1064  0.1496472    
        1065  0.1495421    
        1066  0.1494371    
        1067  0.1493319    
        1068  0.1492266    
        1069  0.1491218    
        1070  0.1490169    
        1071  0.1489125    
        1072  0.1488079    
        1073  0.1487039    
        1074  0.1486000    
        1075  0.1484969    
        1076  0.1483929    
        1077  0.1482893    
        1078  0.1481863    
        1079  0.1480831    
        1080  0.1479801    
        1081  0.1478773    
        1082  0.1477750    
        1083  0.1476726    
        1084  0.1475703    
        1085  0.1474680    
        1086  0.1473662    
        1087  0.1472645    
        1088  0.1471633    
        1089  0.1470616    
        1090  0.1469602    
        1091  0.1468590    
        1092  0.1467581    
        1093  0.1466575    
        1094  0.1465568    
        1095  0.1464568    
        1096  0.1463566    
        1097  0.1462568    
        1098  0.1461565    
        1099  0.1460567    
        1100  0.1459574    
        1101  0.1458577    
        1102  0.1457586    
        1103  0.1456589    
        1104  0.1455599    
        1105  0.1454614    
        1106  0.1453628    
        1107  0.1452642    
        1108  0.1451656    
        1109  0.1450675    
        1110  0.1449694    
        1111  0.1448716    
        1112  0.1447737    
        1113  0.1446759    
        1114  0.1445787    
        1115  0.1444813    
        1116  0.1443843    
        1117  0.1442870    
        1118  0.1441902    
        1119  0.1440935    
        1120  0.1439973    
        1121  0.1439008    
        1122  0.1438043    
        1123  0.1437084    
        1124  0.1436123    
        1125  0.1435172    
        1126  0.1434213    
        1127  0.1433257    
        1128  0.1432304    
        1129  0.1431350    
        1130  0.1430404    
        1131  0.1429451    
        1132  0.1428503    
        1133  0.1427556    
        1134  0.1426611    
        1135  0.1425668    
        1136  0.1424726    
        1137  0.1423785    
        1138  0.1422849    
        1139  0.1421909    
        1140  0.1420976    
        1141  0.1420040    
        1142  0.1419108    
        1143  0.1418177    
        1144  0.1417246    
        1145  0.1416320    
        1146  0.1415398    
        1147  0.1414470    
        1148  0.1413548    
        1149  0.1412627    
        1150  0.1411709    
        1151  0.1410787    
        1152  0.1409868    
        1153  0.1408950    
        1154  0.1408037    
        1155  0.1407126    
        1156  0.1406215    
        1157  0.1405301    
        1158  0.1404393    
        1159  0.1403483    
        1160  0.1402579    
        1161  0.1401672    
        1162  0.1400764    
        1163  0.1399864    
        1164  0.1398964    
        1165  0.1398062    
        1166  0.1397165    
        1167  0.1396263    
        1168  0.1395368    
        1169  0.1394473    
        1170  0.1393579    
        1171  0.1392689    
        1172  0.1391797    
        1173  0.1390905    
        1174  0.1390019    
        1175  0.1389131    
        1176  0.1388244    
        1177  0.1387363    
        1178  0.1386477    
        1179  0.1385595    
        1180  0.1384717    
        1181  0.1383838    
        1182  0.1382961    
        1183  0.1382082    
        1184  0.1381204    
        1185  0.1380333    
        1186  0.1379457    
        1187  0.1378585    
        1188  0.1377719    
        1189  0.1376850    
        1190  0.1375981    
        1191  0.1375117    
        1192  0.1374251    
        1193  0.1373388    
        1194  0.1372524    
        1195  0.1371661    
        1196  0.1370801    
        1197  0.1369942    
        1198  0.1369085    
        1199  0.1368228    
        1200  0.1367370    
        1201  0.1366517    
        1202  0.1365663    
        1203  0.1364812    
        1204  0.1363961    
        1205  0.1363113    
        1206  0.1362263    
        1207  0.1361417    
        1208  0.1360571    
        1209  0.1359726    
        1210  0.1358883    
        1211  0.1358040    
        1212  0.1357198    
        1213  0.1356358    
        1214  0.1355519    
        1215  0.1354682    
        1216  0.1353845    
        1217  0.1353012    
        1218  0.1352176    
        1219  0.1351345    
        1220  0.1350511    
        1221  0.1349681    
        1222  0.1348854    
        1223  0.1348026    
        1224  0.1347196    
        1225  0.1346374    
        1226  0.1345548    
        1227  0.1344723    
        1228  0.1343903    
        1229  0.1343083    
        1230  0.1342262    
        1231  0.1341443    
        1232  0.1340623    
        1233  0.1339809    
        1234  0.1338994    
        1235  0.1338179    
        1236  0.1337370    
        1237  0.1336556    
        1238  0.1335746    
        1239  0.1334938    
        1240  0.1334130    
        1241  0.1333324    
        1242  0.1332518    
        1243  0.1331715    
        1244  0.1330912    
        1245  0.1330107    
        1246  0.1329311    
        1247  0.1328512    
        1248  0.1327713    
        1249  0.1326918    
        1250  0.1326119    
        1251  0.1325322    
        1252  0.1324528    
        1253  0.1323738    
        1254  0.1322944    
        1255  0.1322154    
        1256  0.1321364    
        1257  0.1320573    
        1258  0.1319786    
        1259  0.1319003    
        1260  0.1318216    
        1261  0.1317433    
        1262  0.1316651    
        1263  0.1315866    
        1264  0.1315087    
        1265  0.1314306    
        1266  0.1313529    
        1267  0.1312750    
        1268  0.1311973    
        1269  0.1311200    
        1270  0.1310422    
        1271  0.1309649    
        1272  0.1308879    
        1273  0.1308104    
        1274  0.1307333    
        1275  0.1306565    
        1276  0.1305797    
        1277  0.1305027    
        1278  0.1304264    
        1279  0.1303499    
        1280  0.1302731    
        1281  0.1301968    
        1282  0.1301208    
        1283  0.1300446    
        1284  0.1299685    
        1285  0.1298929    
        1286  0.1298169    
        1287  0.1297412    
        1288  0.1296658    
        1289  0.1295906    
        1290  0.1295149    
        1291  0.1294395    
        1292  0.1293647    
        1293  0.1292896    
        1294  0.1292146    
        1295  0.1291397    
        1296  0.1290650    
        1297  0.1289903    
        1298  0.1289157    
        1299  0.1288413    
        1300  0.1287670    
        1301  0.1286926    
        1302  0.1286186    
        1303  0.1285449    
        1304  0.1284706    
        1305  0.1283970    
        1306  0.1283232    
        1307  0.1282495    
        1308  0.1281758    
        1309  0.1281026    
        1310  0.1280294    
        1311  0.1279559    
        1312  0.1278825    
        1313  0.1278094    
        1314  0.1277363    
        1315  0.1276633    
        1316  0.1275905    
        1317  0.1275177    
        1318  0.1274451    
        1319  0.1273724    
        1320  0.1273001    
        1321  0.1272277    
        1322  0.1271553    
        1323  0.1270834    
        1324  0.1270116    
        1325  0.1269394    
        1326  0.1268676    
        1327  0.1267960    
        1328  0.1267241    
        1329  0.1266526    
        1330  0.1265812    
        1331  0.1265100    
        1332  0.1264389    
        1333  0.1263676    
        1334  0.1262968    
        1335  0.1262261    
        1336  0.1261549    
        1337  0.1260842    
        1338  0.1260133    
        1339  0.1259430    
        1340  0.1258723    
        1341  0.1258021    
        1342  0.1257318    
        1343  0.1256616    
        1344  0.1255911    
        1345  0.1255211    
        1346  0.1254511    
        1347  0.1253811    
        1348  0.1253110    
        1349  0.1252415    
        1350  0.1251718    
        1351  0.1251023    
        1352  0.1250325    
        1353  0.1249636    
        1354  0.1248943    
        1355  0.1248251    
        1356  0.1247559    
        1357  0.1246871    
        1358  0.1246183    
        1359  0.1245491    
        1360  0.1244804    
        1361  0.1244118    
        1362  0.1243434    
        1363  0.1242749    
        1364  0.1242065    
        1365  0.1241384    
        1366  0.1240701    
        1367  0.1240018    
        1368  0.1239339    
        1369  0.1238658    
        1370  0.1237981    
        1371  0.1237301    
        1372  0.1236626    
        1373  0.1235952    
        1374  0.1235280    
        1375  0.1234604    
        1376  0.1233931    
        1377  0.1233257    
        1378  0.1232590    
        1379  0.1231914    
        1380  0.1231245    
        1381  0.1230575    
        1382  0.1229911    
        1383  0.1229239    
        1384  0.1228575    
        1385  0.1227909    
        1386  0.1227245    
        1387  0.1226578    
        1388  0.1225918    
        1389  0.1225257    
        1390  0.1224595    
        1391  0.1223932    
        1392  0.1223273    
        1393  0.1222617    
        1394  0.1221958    
        1395  0.1221300    
        1396  0.1220643    
        1397  0.1219992    
        1398  0.1219337    
        1399  0.1218683    
        1400  0.1218030    
        1401  0.1217380    
        1402  0.1216730    
        1403  0.1216081    
        1404  0.1215429    
        1405  0.1214778    
        1406  0.1214133    
        1407  0.1213484    
        1408  0.1212838    
        1409  0.1212191    
        1410  0.1211550    
        1411  0.1210906    
        1412  0.1210260    
        1413  0.1209619    
        1414  0.1208976    
        1415  0.1208338    
        1416  0.1207695    
        1417  0.1207056    
        1418  0.1206419    
        1419  0.1205784    
        1420  0.1205146    
        1421  0.1204510    
        1422  0.1203876    
        1423  0.1203240    
        1424  0.1202609    
        1425  0.1201973    
        1426  0.1201341    
        1427  0.1200710    
        1428  0.1200082    
        1429  0.1199449    
        1430  0.1198819    
        1431  0.1198193    
        1432  0.1197565    
        1433  0.1196941    
        1434  0.1196312    
        1435  0.1195689    
        1436  0.1195063    
        1437  0.1194440    
        1438  0.1193817    
        1439  0.1193195    
        1440  0.1192576    
        1441  0.1191956    
        1442  0.1191337    
        1443  0.1190716    
        1444  0.1190095    
        1445  0.1189481    
        1446  0.1188865    
        1447  0.1188249    
        1448  0.1187631    
        1449  0.1187018    
        1450  0.1186406    
        1451  0.1185793    
        1452  0.1185179    
        1453  0.1184568    
        1454  0.1183961    
        1455  0.1183349    
        1456  0.1182738    
        1457  0.1182128    
        1458  0.1181520    
        1459  0.1180915    
        1460  0.1180307    
        1461  0.1179700    
        1462  0.1179094    
        1463  0.1178490    
        1464  0.1177889    
        1465  0.1177282    
        1466  0.1176679    
        1467  0.1176077    
        1468  0.1175476    
        1469  0.1174880    
        1470  0.1174276    
        1471  0.1173678    
        1472  0.1173080    
        1473  0.1172482    
        1474  0.1171888    
        1475  0.1171288    
        1476  0.1170692    
        1477  0.1170096    
        1478  0.1169505    
        1479  0.1168915    
        1480  0.1168318    
        1481  0.1167728    
        1482  0.1167136    
        1483  0.1166546    
        1484  0.1165960    
        1485  0.1165367    
        1486  0.1164778    
        1487  0.1164192    
        1488  0.1163608    
        1489  0.1163022    
        1490  0.1162432    
        1491  0.1161851    
        1492  0.1161267    
        1493  0.1160685    
        1494  0.1160100    
        1495  0.1159514    
        1496  0.1158936    
        1497  0.1158358    
        1498  0.1157776    
        1499  0.1157198    
        1500  0.1156619    
        1501  0.1156040    
        1502  0.1155465    
        1503  0.1154889    
        1504  0.1154314    
        1505  0.1153739    
        1506  0.1153162    
        1507  0.1152593    
        1508  0.1152018    
        1509  0.1151447    
        1510  0.1150875    
        1511  0.1150301    
        1512  0.1149734    
        1513  0.1149164    
        1514  0.1148596    
        1515  0.1148026    
        1516  0.1147456    
        1517  0.1146891    
        1518  0.1146326    
        1519  0.1145758    
        1520  0.1145192    
        1521  0.1144626    
        1522  0.1144063    
        1523  0.1143500    
        1524  0.1142935    
        1525  0.1142373    
        1526  0.1141812    
        1527  0.1141249    
        1528  0.1140691    
        1529  0.1140134    
        1530  0.1139571    
        1531  0.1139013    
        1532  0.1138454    
        1533  0.1137900    
        1534  0.1137344    
        1535  0.1136786    
        1536  0.1136229    
        1537  0.1135676    
        1538  0.1135121    
        1539  0.1134568    
        1540  0.1134016    
        1541  0.1133460    
        1542  0.1132909    
        1543  0.1132358    
        1544  0.1131810    
        1545  0.1131260    
        1546  0.1130709    
        1547  0.1130160    
        1548  0.1129612    
        1549  0.1129065    
        1550  0.1128521    
        1551  0.1127974    
        1552  0.1127426    
        1553  0.1126882    
        1554  0.1126340    
        1555  0.1125798    
        1556  0.1125254    
        1557  0.1124710    
        1558  0.1124168    
        1559  0.1123629    
        1560  0.1123088    
        1561  0.1122549    
        1562  0.1122008    
        1563  0.1121467    
        1564  0.1120930    
        1565  0.1120395    
        1566  0.1119856    
        1567  0.1119322    
        1568  0.1118786    
        1569  0.1118248    
        1570  0.1117716    
        1571  0.1117184    
        1572  0.1116650    
        1573  0.1116119    
        1574  0.1115586    
        1575  0.1115055    
        1576  0.1114527    
        1577  0.1113997    
        1578  0.1113467    
        1579  0.1112939    
        1580  0.1112411    
        1581  0.1111883    
        1582  0.1111358    
        1583  0.1110831    
        1584  0.1110304    
        1585  0.1109777    
        1586  0.1109252    
        1587  0.1108727    
        1588  0.1108205    
        1589  0.1107683    
        1590  0.1107156    
        1591  0.1106635    
        1592  0.1106114    
        1593  0.1105592    
        1594  0.1105074    
        1595  0.1104555    
        1596  0.1104033    
        1597  0.1103515    
        1598  0.1102998    
        1599  0.1102481    
        1600  0.1101968    
        1601  0.1101451    
        1602  0.1100934    
        1603  0.1100418    
        1604  0.1099903    
        1605  0.1099388    
        1606  0.1098879    
        1607  0.1098367    
        1608  0.1097853    
        1609  0.1097342    
        1610  0.1096830    
        1611  0.1096320    
        1612  0.1095812    
        1613  0.1095301    
        1614  0.1094790    
        1615  0.1094282    
        1616  0.1093776    
        1617  0.1093267    
        1618  0.1092761    
        1619  0.1092256    
        1620  0.1091749    
        1621  0.1091241    
        1622  0.1090738    
        1623  0.1090234    
        1624  0.1089730    
        1625  0.1089229    
        1626  0.1088726    
        1627  0.1088222    
        1628  0.1087721    
        1629  0.1087221    
        1630  0.1086720    
        1631  0.1086220    
        1632  0.1085721    
        1633  0.1085221    
        1634  0.1084723    
        1635  0.1084227    
        1636  0.1083727    
        1637  0.1083231    
        1638  0.1082735    
        1639  0.1082236    
        1640  0.1081742    
        1641  0.1081250    
        1642  0.1080756    
        1643  0.1080261    
        1644  0.1079768    
        1645  0.1079275    
        1646  0.1078782    
        1647  0.1078291    
        1648  0.1077802    
        1649  0.1077310    
        1650  0.1076821    
        1651  0.1076332    
        1652  0.1075842    
        1653  0.1075353    
        1654  0.1074867    
        1655  0.1074379    
        1656  0.1073893    
        1657  0.1073407    
        1658  0.1072920    
        1659  0.1072434    
        1660  0.1071949    
        1661  0.1071467    
        1662  0.1070982    
        1663  0.1070499    
        1664  0.1070015    
        1665  0.1069532    
        1666  0.1069049    
        1667  0.1068569    
        1668  0.1068089    
        1669  0.1067609    
        1670  0.1067128    
        1671  0.1066648    
        1672  0.1066168    
        1673  0.1065692    
        1674  0.1065214    
        1675  0.1064742    
        1676  0.1064266    
        1677  0.1063789    
        1678  0.1063315    
        1679  0.1062839    
        1680  0.1062367    
        1681  0.1061893    
        1682  0.1061422    
        1683  0.1060949    
        1684  0.1060477    
        1685  0.1060008    
        1686  0.1059535    
        1687  0.1059067    
        1688  0.1058597    
        1689  0.1058129    
        1690  0.1057656    
        1691  0.1057186    
        1692  0.1056718    
        1693  0.1056247    
        1694  0.1055781    
        1695  0.1055313    
        1696  0.1054845    
        1697  0.1054379    
        1698  0.1053912    
        1699  0.1053447    
        1700  0.1052983    
        1701  0.1052522    
        1702  0.1052056    
        1703  0.1051596    
        1704  0.1051132    
        1705  0.1050670    
        1706  0.1050210    
        1707  0.1049748    
        1708  0.1049289    
        1709  0.1048827    
        1710  0.1048370    
        1711  0.1047909    
        1712  0.1047450    
        1713  0.1046992    
        1714  0.1046534    
        1715  0.1046077    
        1716  0.1045621    
        1717  0.1045166    
        1718  0.1044707    
        1719  0.1044251    
        1720  0.1043795    
        1721  0.1043343    
        1722  0.1042887    
        1723  0.1042435    
        1724  0.1041981    
        1725  0.1041526    
        1726  0.1041073    
        1727  0.1040621    
        1728  0.1040172    
        1729  0.1039717    
        1730  0.1039267    
        1731  0.1038817    
        1732  0.1038366    
        1733  0.1037914    
        1734  0.1037466    
        1735  0.1037018    
        1736  0.1036568    
        1737  0.1036120    
        1738  0.1035675    
        1739  0.1035226    
        1740  0.1034778    
        1741  0.1034333    
        1742  0.1033887    
        1743  0.1033441    
        1744  0.1032995    
        1745  0.1032552    
        1746  0.1032108    
        1747  0.1031664    
        1748  0.1031219    
        1749  0.1030778    
        1750  0.1030336    
        1751  0.1029893    
        1752  0.1029453    
        1753  0.1029012    
        1754  0.1028572    
        1755  0.1028132    
        1756  0.1027692    
        1757  0.1027255    
        1758  0.1026817    
        1759  0.1026377    
        1760  0.1025943    
        1761  0.1025504    
        1762  0.1025068    
        1763  0.1024631    
        1764  0.1024197    
        1765  0.1023761    
        1766  0.1023328    
        1767  0.1022893    
        1768  0.1022461    
        1769  0.1022026    
        1770  0.1021594    
        1771  0.1021161    
        1772  0.1020729    
        1773  0.1020297    
        1774  0.1019867    
        1775  0.1019436    
        1776  0.1019008    
        1777  0.1018575    
        1778  0.1018146    
        1779  0.1017719    
        1780  0.1017291    
        1781  0.1016860    
        1782  0.1016433    
        1783  0.1016006    
        1784  0.1015580    
        1785  0.1015151    
        1786  0.1014726    
        1787  0.1014300    
        1788  0.1013874    
        1789  0.1013451    
        1790  0.1013027    
        1791  0.1012603    
        1792  0.1012178    
        1793  0.1011753    
        1794  0.1011330    
        1795  0.1010909    
        1796  0.1010487    
        1797  0.1010064    
        1798  0.1009645    
        1799  0.1009223    
        1800  0.1008802    
        1801  0.1008382    
        1802  0.1007961    
        1803  0.1007542    
        1804  0.1007122    
        1805  0.1006704    
        1806  0.1006288    
        1807  0.1005869    
        1808  0.1005449    
        1809  0.1005033    
        1810  0.1004618    
        1811  0.1004203    
        1812  0.1003785    
        1813  0.1003368    
        1814  0.1002956    
        1815  0.1002540    
        1816  0.1002126    
        1817  0.1001712    
        1818  0.1001300    
        1819  0.1000887    
        1820  0.1000473    
        1821  0.1000061    
        1822  9.9965155E-02
        1823  9.9923953E-02
        1824  9.9882737E-02
        1825  9.9841453E-02
        1826  9.9800661E-02
        1827  9.9759556E-02
        1828  9.9718586E-02
        1829  9.9677555E-02
        1830  9.9636726E-02
        1831  9.9596143E-02
        1832  9.9555559E-02
        1833  9.9514954E-02
        1834  9.9474430E-02
        1835  9.9433839E-02
        1836  9.9393249E-02
        1837  9.9352494E-02
        1838  9.9311955E-02
        1839  9.9271521E-02
        1840  9.9230938E-02
        1841  9.9190399E-02
        1842  9.9149734E-02
        1843  9.9109679E-02
        1844  9.9069364E-02
        1845  9.9028759E-02
        1846  9.8988518E-02
        1847  9.8948352E-02
        1848  9.8908231E-02
        1849  9.8867729E-02
        1850  9.8827802E-02
        1851  9.8787613E-02
        1852  9.8747790E-02
        1853  9.8707691E-02
        1854  9.8667614E-02
        1855  9.8627724E-02
        1856  9.8588035E-02
        1857  9.8548010E-02
        1858  9.8508075E-02
        1859  9.8468281E-02
        1860  9.8428592E-02
        1861  9.8388791E-02
        1862  9.8349251E-02
        1863  9.8309651E-02
        1864  9.8270074E-02
        1865  9.8230712E-02
        1866  9.8191038E-02
        1867  9.8151445E-02
        1868  9.8111905E-02
        1869  9.8072693E-02
        1870  9.8033376E-02
        1871  9.7994059E-02
        1872  9.7954720E-02
        1873  9.7915471E-02
        1874  9.7876333E-02
        1875  9.7836994E-02
        1876  9.7797833E-02
        1877  9.7758748E-02
        1878  9.7719662E-02
        1879  9.7680658E-02
        1880  9.7641580E-02
        1881  9.7602844E-02
        1882  9.7564057E-02
        1883  9.7525083E-02
        1884  9.7486071E-02
        1885  9.7447246E-02
        1886  9.7408600E-02
        1887  9.7369835E-02
        1888  9.7331196E-02
        1889  9.7292557E-02
        1890  9.7253941E-02
        1891  9.7215384E-02
        1892  9.7176813E-02
        1893  9.7138174E-02
        1894  9.7099774E-02
        1895  9.7061284E-02
        1896  9.7022764E-02
        1897  9.6984349E-02
        1898  9.6946001E-02
        1899  9.6907884E-02
        1900  9.6869551E-02
        1901  9.6831113E-02
        1902  9.6793018E-02
        1903  9.6754782E-02
        1904  9.6716769E-02
        1905  9.6678630E-02
        1906  9.6640602E-02
        1907  9.6602499E-02
        1908  9.6564762E-02
        1909  9.6526839E-02
        1910  9.6488811E-02
        1911  9.6451007E-02
        1912  9.6413054E-02
        1913  9.6375316E-02
        1914  9.6337542E-02
        1915  9.6299604E-02
        1916  9.6261911E-02
        1917  9.6224390E-02
        1918  9.6186876E-02
        1919  9.6149057E-02
        1920  9.6111588E-02
        1921  9.6074000E-02
        1922  9.6036464E-02
        1923  9.5999084E-02
        1924  9.5961459E-02
        1925  9.5924065E-02
        1926  9.5886640E-02
        1927  9.5849440E-02
        1928  9.5812209E-02
        1929  9.5774680E-02
        1930  9.5737442E-02
        1931  9.5700301E-02
        1932  9.5663197E-02
        1933  9.5626064E-02
        1934  9.5588915E-02
        1935  9.5551841E-02
        1936  9.5514916E-02
        1937  9.5477931E-02
        1938  9.5440872E-02
        1939  9.5403887E-02
        1940  9.5366918E-02
        1941  9.5330067E-02
        1942  9.5293365E-02
        1943  9.5256358E-02
        1944  9.5219597E-02
        1945  9.5182985E-02
        1946  9.5146313E-02
        1947  9.5109649E-02
        1948  9.5072813E-02
        1949  9.5036283E-02
        1950  9.4999626E-02
        1951  9.4963357E-02
        1952  9.4926789E-02
        1953  9.4890118E-02
        1954  9.4853736E-02
        1955  9.4817512E-02
        1956  9.4781198E-02
        1957  9.4745025E-02
        1958  9.4708674E-02
        1959  9.4672412E-02
        1960  9.4636075E-02
        1961  9.4599932E-02
        1962  9.4563678E-02
        1963  9.4527461E-02
        1964  9.4491482E-02
        1965  9.4455354E-02
        1966  9.4419435E-02
        1967  9.4383448E-02
        1968  9.4347306E-02
        1969  9.4311439E-02
        1970  9.4275504E-02
        1971  9.4239622E-02
        1972  9.4203889E-02
        1973  9.4167739E-02
        1974  9.4132103E-02
        1975  9.4096489E-02
        1976  9.4060659E-02
        1977  9.4024822E-02
        1978  9.3989179E-02
        1979  9.3953565E-02
        1980  9.3918040E-02
        1981  9.3882278E-02
        1982  9.3846716E-02
        1983  9.3811244E-02
        1984  9.3775928E-02
        1985  9.3740515E-02
        1986  9.3705080E-02
        1987  9.3669809E-02
        1988  9.3634322E-02
        1989  9.3599088E-02
        1990  9.3563899E-02
        1991  9.3528531E-02
        1992  9.3493178E-02
        1993  9.3458101E-02
        1994  9.3422987E-02
        1995  9.3387865E-02
        1996  9.3352869E-02
        1997  9.3317777E-02
        1998  9.3282595E-02
        1999  9.3247719E-02
        2000  9.3212850E-02
        2001  9.3177870E-02
        2002  9.3142644E-02
        2003  9.3107894E-02
        2004  9.3073033E-02
        2005  9.3038395E-02
        2006  9.3003459E-02
        2007  9.2968725E-02
        2008  9.2934027E-02
        2009  9.2899390E-02
        2010  9.2864722E-02
        2011  9.2830092E-02
        2012  9.2795387E-02
        2013  9.2760704E-02
        2014  9.2726231E-02
        2015  9.2691809E-02
        2016  9.2657417E-02
        2017  9.2622951E-02
        2018  9.2588283E-02
        2019  9.2554122E-02
        2020  9.2519529E-02
        2021  9.2485167E-02
        2022  9.2450999E-02
        2023  9.2416562E-02
        2024  9.2382289E-02
        2025  9.2348002E-02
        2026  9.2314050E-02
        2027  9.2280023E-02
        2028  9.2245713E-02
        2029  9.2211619E-02
        2030  9.2177652E-02
        2031  9.2143714E-02
        2032  9.2109859E-02
        2033  9.2075653E-02
        2034  9.2041545E-02
        2035  9.2007659E-02
        2036  9.1973938E-02
        2037  9.1940150E-02
        2038  9.1906399E-02
        2039  9.1872357E-02
        2040  9.1838799E-02
        2041  9.1805011E-02
        2042  9.1771446E-02
        2043  9.1737658E-02
        2044  9.1704041E-02
        2045  9.1670305E-02
        2046  9.1636665E-02
        2047  9.1603115E-02
        2048  9.1569610E-02
        2049  9.1536246E-02
        2050  9.1502577E-02
        2051  9.1468990E-02
        2052  9.1435820E-02
        2053  9.1402456E-02
        2054  9.1369055E-02
        2055  9.1335632E-02
        2056  9.1302238E-02
        2057  9.1269135E-02
        2058  9.1235735E-02
        2059  9.1202520E-02
        2060  9.1169499E-02
        2061  9.1136143E-02
        2062  9.1102943E-02
        2063  9.1069981E-02
        2064  9.1036819E-02
        2065  9.1003664E-02
        2066  9.0970486E-02
        2067  9.0937346E-02
        2068  9.0904497E-02
        2069  9.0871394E-02
        2070  9.0838447E-02
        2071  9.0805650E-02
        2072  9.0772718E-02
        2073  9.0739824E-02
        2074  9.0707026E-02
        2075  9.0674199E-02
        2076  9.0641536E-02
        2077  9.0608642E-02
        2078  9.0575896E-02
        2079  9.0543389E-02
        2080  9.0510644E-02
        2081  9.0477988E-02
        2082  9.0445235E-02
        2083  9.0412684E-02
        2084  9.0380006E-02
        2085  9.0347528E-02
        2086  9.0315171E-02
        2087  9.0282716E-02
        2088  9.0250269E-02
        2089  9.0217814E-02
        2090  9.0185426E-02
        2091  9.0153120E-02
        2092  9.0120941E-02
        2093  9.0088561E-02
        2094  9.0056166E-02
        2095  9.0024024E-02
        2096  8.9991458E-02
        2097  8.9959525E-02
        2098  8.9927517E-02
        2099  8.9895189E-02
        2100  8.9863114E-02
        2101  8.9830995E-02
        2102  8.9798801E-02
        2103  8.9766741E-02
        2104  8.9734927E-02
        2105  8.9702979E-02
        2106  8.9670904E-02
        2107  8.9639068E-02
        2108  8.9607157E-02
        2109  8.9575313E-02
        2110  8.9543641E-02
        2111  8.9511789E-02
        2112  8.9479856E-02
        2113  8.9448109E-02
        2114  8.9416221E-02
        2115  8.9384697E-02
        2116  8.9353181E-02
        2117  8.9321278E-02
        2118  8.9289472E-02
        2119  8.9258112E-02
        2120  8.9226194E-02
        2121  8.9194849E-02
        2122  8.9163475E-02
        2123  8.9131877E-02
        2124  8.9100309E-02
        2125  8.9068793E-02
        2126  8.9037396E-02
        2127  8.9006029E-02
        2128  8.8974617E-02
        2129  8.8943176E-02
        2130  8.8911824E-02
        2131  8.8880442E-02
        2132  8.8849261E-02
        2133  8.8818066E-02
        2134  8.8787042E-02
        2135  8.8755593E-02
        2136  8.8724375E-02
        2137  8.8693365E-02
        2138  8.8662215E-02
        2139  8.8631049E-02
        2140  8.8600218E-02
        2141  8.8569045E-02
        2142  8.8537835E-02
        2143  8.8506930E-02
        2144  8.8475950E-02
        2145  8.8445157E-02
        2146  8.8414215E-02
        2147  8.8383213E-02
        2148  8.8352263E-02
        2149  8.8321261E-02
        2150  8.8290662E-02
        2151  8.8259749E-02
        2152  8.8228993E-02
        2153  8.8198356E-02
        2154  8.8167466E-02
        2155  8.8136800E-02
        2156  8.8106155E-02
        2157  8.8075608E-02
        2158  8.8045098E-02
        2159  8.8014588E-02
        2160  8.7983869E-02
        2161  8.7953217E-02
        2162  8.7922968E-02
        2163  8.7892622E-02
        2164  8.7862194E-02
        2165  8.7831795E-02
        2166  8.7801181E-02
        2167  8.7770648E-02
        2168  8.7740555E-02
        2169  8.7710120E-02
        2170  8.7679766E-02
        2171  8.7649576E-02
        2172  8.7619297E-02
        2173  8.7588832E-02
        2174  8.7558761E-02
        2175  8.7528616E-02
        2176  8.7498464E-02
        2177  8.7468468E-02
        2178  8.7438330E-02
        2179  8.7408170E-02
        2180  8.7378077E-02
        2181  8.7347984E-02
        2182  8.7317869E-02
        2183  8.7288029E-02
        2184  8.7258250E-02
        2185  8.7228253E-02
        2186  8.7198153E-02
        2187  8.7168202E-02
        2188  8.7138489E-02
        2189  8.7108590E-02
        2190  8.7078862E-02
        2191  8.7049022E-02
        2192  8.7018982E-02
        2193  8.6989127E-02
        2194  8.6959638E-02
        2195  8.6929955E-02
        2196  8.6900197E-02
        2197  8.6870529E-02
        2198  8.6840846E-02
        2199  8.6811222E-02
        2200  8.6781554E-02
        2201  8.6752102E-02
        2202  8.6722590E-02
        2203  8.6692892E-02
        2204  8.6663455E-02
        2205  8.6634077E-02
        2206  8.6604349E-02
        2207  8.6574957E-02
        2208  8.6545542E-02
        2209  8.6516187E-02
        2210  8.6486727E-02
        2211  8.6457387E-02
        2212  8.6428016E-02
        2213  8.6398758E-02
        2214  8.6369537E-02
        2215  8.6340338E-02
        2216  8.6311042E-02
        2217  8.6281963E-02
        2218  8.6252764E-02
        2219  8.6223572E-02
        2220  8.6194456E-02
        2221  8.6165421E-02
        2222  8.6136334E-02
        2223  8.6107232E-02
        2224  8.6078212E-02
        2225  8.6049080E-02
        2226  8.6020045E-02
        2227  8.5991055E-02
        2228  8.5962325E-02
        2229  8.5933238E-02
        2230  8.5904360E-02
        2231  8.5875429E-02
        2232  8.5846409E-02
        2233  8.5817441E-02
        2234  8.5788772E-02
        2235  8.5760176E-02
        2236  8.5731365E-02
        2237  8.5702263E-02
        2238  8.5673571E-02
        2239  8.5644677E-02
        2240  8.5616127E-02
        2241  8.5587405E-02
        2242  8.5558742E-02
        2243  8.5530132E-02
        2244  8.5501455E-02
        2245  8.5472822E-02
        2246  8.5444219E-02
        2247  8.5415684E-02
        2248  8.5387208E-02
        2249  8.5358813E-02
        2250  8.5330375E-02
        2251  8.5301697E-02
        2252  8.5273288E-02
        2253  8.5244715E-02
        2254  8.5216239E-02
        2255  8.5188016E-02
        2256  8.5159823E-02
        2257  8.5131571E-02
        2258  8.5103095E-02
        2259  8.5074812E-02
        2260  8.5046552E-02
        2261  8.5018486E-02
        2262  8.4990308E-02
        2263  8.4962107E-02
        2264  8.4934093E-02
        2265  8.4905803E-02
        2266  8.4877804E-02
        2267  8.4849648E-02
        2268  8.4821679E-02
        2269  8.4793381E-02
        2270  8.4765583E-02
        2271  8.4737815E-02
        2272  8.4709734E-02
        2273  8.4681652E-02
        2274  8.4653810E-02
        2275  8.4625885E-02
        2276  8.4598005E-02
        2277  8.4570304E-02
        2278  8.4542453E-02
        2279  8.4514625E-02
        2280  8.4486648E-02
        2281  8.4458902E-02
        2282  8.4431246E-02
        2283  8.4403560E-02
        2284  8.4375925E-02
        2285  8.4348299E-02
        2286  8.4320679E-02
        2287  8.4292784E-02
        2288  8.4265165E-02
        2289  8.4237546E-02
        2290  8.4210016E-02
        2291  8.4182337E-02
        2292  8.4155023E-02
        2293  8.4127426E-02
        2294  8.4099740E-02
        2295  8.4072128E-02
        2296  8.4044911E-02
        2297  8.4017448E-02
        2298  8.3990090E-02
        2299  8.3962820E-02
        2300  8.3935544E-02

real	4m58.887s
user	0m0.128s
sys	0m0.200s
