           1   25.15660    
           2   16.41411    
           3   12.25777    
           4   9.896038    
           5   8.371449    
           6   7.299551    
           7   6.500562    
           8   5.879375    
           9   5.380870    
          10   4.970906    
          11   4.627105    
          12   4.334001    
          13   4.080885    
          14   3.859723    
          15   3.664687    
          16   3.491125    
          17   3.335639    
          18   3.195409    
          19   3.068178    
          20   2.952194    
          21   2.845943    
          22   2.748206    
          23   2.657944    
          24   2.574314    
          25   2.496573    
          26   2.424100    
          27   2.356350    
          28   2.292873    
          29   2.233243    
          30   2.177093    
          31   2.124149    
          32   2.074108    
          33   2.026734    
          34   1.981811    
          35   1.939141    
          36   1.898555    
          37   1.859908    
          38   1.823035    
          39   1.787823    
          40   1.754169    
          41   1.721943    
          42   1.691079    
          43   1.661469    
          44   1.633042    
          45   1.605720    
          46   1.579447    
          47   1.554149    
          48   1.529786    
          49   1.506287    
          50   1.483620    
          51   1.461735    
          52   1.440579    
          53   1.420136    
          54   1.400360    
          55   1.381201    
          56   1.362646    
          57   1.344663    
          58   1.327226    
          59   1.310299    
          60   1.293874    
          61   1.277935    
          62   1.262444    
          63   1.247367    
          64   1.232708    
          65   1.218447    
          66   1.204572    
          67   1.191053    
          68   1.177879    
          69   1.165046    
          70   1.152532    
          71   1.140328    
          72   1.128427    
          73   1.116810    
          74   1.105463    
          75   1.094388    
          76   1.083560    
          77   1.072983    
          78   1.062641    
          79   1.052533    
          80   1.042645    
          81   1.032968    
          82   1.023507    
          83   1.014237    
          84   1.005161    
          85  0.9962779    
          86  0.9875736    
          87  0.9790424    
          88  0.9706834    
          89  0.9624889    
          90  0.9544527    
          91  0.9465712    
          92  0.9388403    
          93  0.9312529    
          94  0.9238127    
          95  0.9165055    
          96  0.9093318    
          97  0.9022895    
          98  0.8953708    
          99  0.8885793    
         100  0.8819024    
         101  0.8753437    
         102  0.8688970    
         103  0.8625572    
         104  0.8563304    
         105  0.8502018    
         106  0.8441767    
         107  0.8382501    
         108  0.8324189    
         109  0.8266835    
         110  0.8210380    
         111  0.8154829    
         112  0.8100135    
         113  0.8046272    
         114  0.7993271    
         115  0.7941051    
         116  0.7889642    
         117  0.7838989    
         118  0.7789095    
         119  0.7739939    
         120  0.7691469    
         121  0.7643769    
         122  0.7596686    
         123  0.7550305    
         124  0.7504572    
         125  0.7459487    
         126  0.7415023    
         127  0.7371165    
         128  0.7327930    
         129  0.7285277    
         130  0.7243224    
         131  0.7201725    
         132  0.7160780    
         133  0.7120345    
         134  0.7080430    
         135  0.7041028    
         136  0.7002130    
         137  0.6963755    
         138  0.6925848    
         139  0.6888427    
         140  0.6851481    
         141  0.6815010    
         142  0.6778990    
         143  0.6743371    
         144  0.6708185    
         145  0.6673436    
         146  0.6639112    
         147  0.6605197    
         148  0.6571663    
         149  0.6538557    
         150  0.6505844    
         151  0.6473507    
         152  0.6441554    
         153  0.6409960    
         154  0.6378717    
         155  0.6347797    
         156  0.6317255    
         157  0.6287041    
         158  0.6257173    
         159  0.6227628    
         160  0.6198402    
         161  0.6169482    
         162  0.6140899    
         163  0.6112627    
         164  0.6084660    
         165  0.6056964    
         166  0.6029561    
         167  0.6002456    
         168  0.5975624    
         169  0.5949069    
         170  0.5922784    
         171  0.5896773    
         172  0.5871038    
         173  0.5845569    
         174  0.5820361    
         175  0.5795381    
         176  0.5770639    
         177  0.5746161    
         178  0.5721935    
         179  0.5697939    
         180  0.5674174    
         181  0.5650640    
         182  0.5627350    
         183  0.5604247    
         184  0.5581385    
         185  0.5558740    
         186  0.5536305    
         187  0.5514097    
         188  0.5492081    
         189  0.5470290    
         190  0.5448669    
         191  0.5427259    
         192  0.5406058    
         193  0.5385035    
         194  0.5364188    
         195  0.5343546    
         196  0.5323079    
         197  0.5302783    
         198  0.5282688    
         199  0.5262753    
         200  0.5243009    
         201  0.5223432    
         202  0.5204015    
         203  0.5184775    
         204  0.5165713    
         205  0.5146819    
         206  0.5128058    
         207  0.5109434    
         208  0.5090995    
         209  0.5072705    
         210  0.5054563    
         211  0.5036590    
         212  0.5018768    
         213  0.5001092    
         214  0.4983561    
         215  0.4966174    
         216  0.4948906    
         217  0.4931790    
         218  0.4914814    
         219  0.4897965    
         220  0.4881250    
         221  0.4864677    
         222  0.4848222    
         223  0.4831908    
         224  0.4815703    
         225  0.4799648    
         226  0.4783703    
         227  0.4767885    
         228  0.4752185    
         229  0.4736614    
         230  0.4721160    
         231  0.4705825    
         232  0.4690593    
         233  0.4675489    
         234  0.4660490    
         235  0.4645599    
         236  0.4630823    
         237  0.4616164    
         238  0.4601598    
         239  0.4587151    
         240  0.4572808    
         241  0.4558568    
         242  0.4544441    
         243  0.4530398    
         244  0.4516466    
         245  0.4502636    
         246  0.4488891    
         247  0.4475241    
         248  0.4461698    
         249  0.4448251    
         250  0.4434889    
         251  0.4421633    
         252  0.4408460    
         253  0.4395397    
         254  0.4382417    
         255  0.4369527    
         256  0.4356718    
         257  0.4343996    
         258  0.4331353    
         259  0.4318790    
         260  0.4306315    
         261  0.4293942    
         262  0.4281635    
         263  0.4269409    
         264  0.4257279    
         265  0.4245213    
         266  0.4233245    
         267  0.4221345    
         268  0.4209523    
         269  0.4197783    
         270  0.4186119    
         271  0.4174522    
         272  0.4162997    
         273  0.4151559    
         274  0.4140185    
         275  0.4128880    
         276  0.4117661    
         277  0.4106503    
         278  0.4095419    
         279  0.4084406    
         280  0.4073456    
         281  0.4062577    
         282  0.4051776    
         283  0.4041032    
         284  0.4030355    
         285  0.4019753    
         286  0.4009205    
         287  0.3998733    
         288  0.3988300    
         289  0.3977939    
         290  0.3967654    
         291  0.3957422    
         292  0.3947247    
         293  0.3937135    
         294  0.3927079    
         295  0.3917091    
         296  0.3907164    
         297  0.3897288    
         298  0.3887465    
         299  0.3877698    
         300  0.3868006    
         301  0.3858368    
         302  0.3848788    
         303  0.3839255    
         304  0.3829787    
         305  0.3820358    
         306  0.3810982    
         307  0.3801666    
         308  0.3792400    
         309  0.3783193    
         310  0.3774030    
         311  0.3764930    
         312  0.3755872    
         313  0.3746862    
         314  0.3737903    
         315  0.3729005    
         316  0.3720153    
         317  0.3711347    
         318  0.3702580    
         319  0.3693861    
         320  0.3685195    
         321  0.3676590    
         322  0.3668026    
         323  0.3659499    
         324  0.3651040    
         325  0.3642610    
         326  0.3634216    
         327  0.3625875    
         328  0.3617573    
         329  0.3609327    
         330  0.3601127    
         331  0.3592961    
         332  0.3584846    
         333  0.3576767    
         334  0.3568732    
         335  0.3560734    
         336  0.3552784    
         337  0.3544867    
         338  0.3536998    
         339  0.3529167    
         340  0.3521376    
         341  0.3513624    
         342  0.3505915    
         343  0.3498254    
         344  0.3490620    
         345  0.3483038    
         346  0.3475478    
         347  0.3467966    
         348  0.3460493    
         349  0.3453040    
         350  0.3445641    
         351  0.3438267    
         352  0.3430939    
         353  0.3423656    
         354  0.3416394    
         355  0.3409174    
         356  0.3401994    
         357  0.3394833    
         358  0.3387715    
         359  0.3380641    
         360  0.3373581    
         361  0.3366563    
         362  0.3359588    
         363  0.3352645    
         364  0.3345729    
         365  0.3338855    
         366  0.3332007    
         367  0.3325198    
         368  0.3318415    
         369  0.3311669    
         370  0.3304956    
         371  0.3298267    
         372  0.3291612    
         373  0.3284994    
         374  0.3278401    
         375  0.3271845    
         376  0.3265314    
         377  0.3258811    
         378  0.3252344    
         379  0.3245906    
         380  0.3239504    
         381  0.3233130    
         382  0.3226780    
         383  0.3220453    
         384  0.3214168    
         385  0.3207906    
         386  0.3201667    
         387  0.3195464    
         388  0.3189289    
         389  0.3183130    
         390  0.3177007    
         391  0.3170909    
         392  0.3164842    
         393  0.3158800    
         394  0.3152779    
         395  0.3146787    
         396  0.3140823    
         397  0.3134893    
         398  0.3128982    
         399  0.3123106    
         400  0.3117244    
         401  0.3111415    
         402  0.3105603    
         403  0.3099814    
         404  0.3094043    
         405  0.3088314    
         406  0.3082610    
         407  0.3076937    
         408  0.3071286    
         409  0.3065653    
         410  0.3060051    
         411  0.3054468    
         412  0.3048910    
         413  0.3043370    
         414  0.3037850    
         415  0.3032357    
         416  0.3026887    
         417  0.3021443    
         418  0.3016015    
         419  0.3010615    
         420  0.3005236    
         421  0.2999877    
         422  0.2994539    
         423  0.2989226    
         424  0.2983932    
         425  0.2978664    
         426  0.2973414    
         427  0.2968185    
         428  0.2962978    
         429  0.2957798    
         430  0.2952637    
         431  0.2947495    
         432  0.2942378    
         433  0.2937280    
         434  0.2932200    
         435  0.2927142    
         436  0.2922110    
         437  0.2917097    
         438  0.2912090    
         439  0.2907117    
         440  0.2902156    
         441  0.2897215    
         442  0.2892296    
         443  0.2887400    
         444  0.2882525    
         445  0.2877667    
         446  0.2872826    
         447  0.2868003    
         448  0.2863203    
         449  0.2858410    
         450  0.2853639    
         451  0.2848888    
         452  0.2844158    
         453  0.2839443    
         454  0.2834743    
         455  0.2830077    
         456  0.2825418    
         457  0.2820782    
         458  0.2816154    
         459  0.2811553    
         460  0.2806970    
         461  0.2802397    
         462  0.2797851    
         463  0.2793312    
         464  0.2788797    
         465  0.2784289    
         466  0.2779814    
         467  0.2775343    
         468  0.2770894    
         469  0.2766463    
         470  0.2762049    
         471  0.2757648    
         472  0.2753261    
         473  0.2748890    
         474  0.2744538    
         475  0.2740203    
         476  0.2735891    
         477  0.2731586    
         478  0.2727301    
         479  0.2723032    
         480  0.2718777    
         481  0.2714539    
         482  0.2710309    
         483  0.2706100    
         484  0.2701904    
         485  0.2697728    
         486  0.2693561    
         487  0.2689406    
         488  0.2685280    
         489  0.2681167    
         490  0.2677060    
         491  0.2672975    
         492  0.2668897    
         493  0.2664836    
         494  0.2660790    
         495  0.2656757    
         496  0.2652739    
         497  0.2648742    
         498  0.2644758    
         499  0.2640777    
         500  0.2636822    
         501  0.2632872    
         502  0.2628940    
         503  0.2625013    
         504  0.2621106    
         505  0.2617216    
         506  0.2613342    
         507  0.2609477    
         508  0.2605627    
         509  0.2601784    
         510  0.2597957    
         511  0.2594147    
         512  0.2590344    
         513  0.2586563    
         514  0.2582791    
         515  0.2579024    
         516  0.2575273    
         517  0.2571534    
         518  0.2567801    
         519  0.2564095    
         520  0.2560398    
         521  0.2556706    
         522  0.2553038    
         523  0.2549372    
         524  0.2545715    
         525  0.2542074    
         526  0.2538450    
         527  0.2534828    
         528  0.2531226    
         529  0.2527639    
         530  0.2524060    
         531  0.2520491    
         532  0.2516937    
         533  0.2513388    
         534  0.2509858    
         535  0.2506344    
         536  0.2502837    
         537  0.2499332    
         538  0.2495844    
         539  0.2492365    
         540  0.2488900    
         541  0.2485445    
         542  0.2482005    
         543  0.2478582    
         544  0.2475161    
         545  0.2471750    
         546  0.2468359    
         547  0.2464973    
         548  0.2461599    
         549  0.2458230    
         550  0.2454873    
         551  0.2451532    
         552  0.2448195    
         553  0.2444876    
         554  0.2441567    
         555  0.2438257    
         556  0.2434963    
         557  0.2431685    
         558  0.2428420    
         559  0.2425162    
         560  0.2421911    
         561  0.2418681    
         562  0.2415448    
         563  0.2412237    
         564  0.2409022    
         565  0.2405826    
         566  0.2402642    
         567  0.2399463    
         568  0.2396297    
         569  0.2393136    
         570  0.2389991    
         571  0.2386847    
         572  0.2383716    
         573  0.2380594    
         574  0.2377482    
         575  0.2374383    
         576  0.2371285    
         577  0.2368206    
         578  0.2365127    
         579  0.2362064    
         580  0.2359008    
         581  0.2355965    
         582  0.2352924    
         583  0.2349892    
         584  0.2346872    
         585  0.2343864    
         586  0.2340867    
         587  0.2337876    
         588  0.2334892    
         589  0.2331920    
         590  0.2328955    
         591  0.2325998    
         592  0.2323051    
         593  0.2320113    
         594  0.2317184    
         595  0.2314254    
         596  0.2311344    
         597  0.2308439    
         598  0.2305544    
         599  0.2302649    
         600  0.2299771    
         601  0.2296898    
         602  0.2294037    
         603  0.2291184    
         604  0.2288340    
         605  0.2285497    
         606  0.2282676    
         607  0.2279851    
         608  0.2277034    
         609  0.2274227    
         610  0.2271434    
         611  0.2268651    
         612  0.2265869    
         613  0.2263094    
         614  0.2260331    
         615  0.2257579    
         616  0.2254832    
         617  0.2252095    
         618  0.2249353    
         619  0.2246632    
         620  0.2243914    
         621  0.2241205    
         622  0.2238495    
         623  0.2235801    
         624  0.2233113    
         625  0.2230439    
         626  0.2227764    
         627  0.2225099    
         628  0.2222442    
         629  0.2219796    
         630  0.2217160    
         631  0.2214523    
         632  0.2211895    
         633  0.2209274    
         634  0.2206661    
         635  0.2204054    
         636  0.2201447    
         637  0.2198853    
         638  0.2196264    
         639  0.2193687    
         640  0.2191117    
         641  0.2188558    
         642  0.2186008    
         643  0.2183453    
         644  0.2180914    
         645  0.2178371    
         646  0.2175848    
         647  0.2173325    
         648  0.2170806    
         649  0.2168305    
         650  0.2165795    
         651  0.2163294    
         652  0.2160803    
         653  0.2158323    
         654  0.2155848    
         655  0.2153374    
         656  0.2150915    
         657  0.2148454    
         658  0.2146009    
         659  0.2143569    
         660  0.2141125    
         661  0.2138698    
         662  0.2136275    
         663  0.2133856    
         664  0.2131448    
         665  0.2129035    
         666  0.2126639    
         667  0.2124252    
         668  0.2121865    
         669  0.2119484    
         670  0.2117109    
         671  0.2114741    
         672  0.2112386    
         673  0.2110026    
         674  0.2107680    
         675  0.2105340    
         676  0.2103003    
         677  0.2100672    
         678  0.2098347    
         679  0.2096032    
         680  0.2093719    
         681  0.2091408    
         682  0.2089104    
         683  0.2086812    
         684  0.2084518    
         685  0.2082236    
         686  0.2079957    
         687  0.2077689    
         688  0.2075423    
         689  0.2073159    
         690  0.2070906    
         691  0.2068660    
         692  0.2066413    
         693  0.2064180    
         694  0.2061950    
         695  0.2059718    
         696  0.2057500    
         697  0.2055288    
         698  0.2053074    
         699  0.2050872    
         700  0.2048676    
         701  0.2046479    
         702  0.2044292    
         703  0.2042110    
         704  0.2039936    
         705  0.2037764    
         706  0.2035602    
         707  0.2033437    
         708  0.2031279    
         709  0.2029136    
         710  0.2026989    
         711  0.2024854    
         712  0.2022724    
         713  0.2020592    
         714  0.2018468    
         715  0.2016357    
         716  0.2014241    
         717  0.2012136    
         718  0.2010039    
         719  0.2007938    
         720  0.2005842    
         721  0.2003758    
         722  0.2001673    
         723  0.1999595    
         724  0.1997525    
         725  0.1995455    
         726  0.1993395    
         727  0.1991335    
         728  0.1989280    
         729  0.1987230    
         730  0.1985186    
         731  0.1983156    
         732  0.1981117    
         733  0.1979086    
         734  0.1977065    
         735  0.1975042    
         736  0.1973031    
         737  0.1971019    
         738  0.1969016    
         739  0.1967016    
         740  0.1965020    
         741  0.1963031    
         742  0.1961043    
         743  0.1959062    
         744  0.1957094    
         745  0.1955119    
         746  0.1953154    
         747  0.1951193    
         748  0.1949234    
         749  0.1947278    
         750  0.1945332    
         751  0.1943391    
         752  0.1941449    
         753  0.1939519    
         754  0.1937591    
         755  0.1935668    
         756  0.1933746    
         757  0.1931829    
         758  0.1929922    
         759  0.1928015    
         760  0.1926115    
         761  0.1924214    
         762  0.1922323    
         763  0.1920428    
         764  0.1918540    
         765  0.1916659    
         766  0.1914780    
         767  0.1912908    
         768  0.1911037    
         769  0.1909177    
         770  0.1907317    
         771  0.1905466    
         772  0.1903613    
         773  0.1901770    
         774  0.1899924    
         775  0.1898083    
         776  0.1896250    
         777  0.1894419    
         778  0.1892594    
         779  0.1890772    
         780  0.1888955    
         781  0.1887137    
         782  0.1885330    
         783  0.1883518    
         784  0.1881720    
         785  0.1879919    
         786  0.1878128    
         787  0.1876333    
         788  0.1874551    
         789  0.1872770    
         790  0.1870993    
         791  0.1869216    
         792  0.1867449    
         793  0.1865681    
         794  0.1863923    
         795  0.1862158    
         796  0.1860403    
         797  0.1858651    
         798  0.1856906    
         799  0.1855159    
         800  0.1853421    
         801  0.1851683    
         802  0.1849954    
         803  0.1848222    
         804  0.1846496    
         805  0.1844775    
         806  0.1843062    
         807  0.1841347    
         808  0.1839641    
         809  0.1837931    
         810  0.1836228    
         811  0.1834533    
         812  0.1832837    
         813  0.1831147    
         814  0.1829464    
         815  0.1827783    
         816  0.1826098    
         817  0.1824424    
         818  0.1822747    
         819  0.1821078    
         820  0.1819412    
         821  0.1817747    
         822  0.1816086    
         823  0.1814432    
         824  0.1812779    
         825  0.1811134    
         826  0.1809490    
         827  0.1807852    
         828  0.1806215    
         829  0.1804575    
         830  0.1802947    
         831  0.1801317    
         832  0.1799700    
         833  0.1798077    
         834  0.1796464    
         835  0.1794852    
         836  0.1793244    
         837  0.1791641    
         838  0.1790034    
         839  0.1788439    
         840  0.1786839    
         841  0.1785250    
         842  0.1783660    
         843  0.1782072    
         844  0.1780487    
         845  0.1778902    
         846  0.1777330    
         847  0.1775752    
         848  0.1774183    
         849  0.1772614    
         850  0.1771052    
         851  0.1769491    
         852  0.1767930    
         853  0.1766375    
         854  0.1764823    
         855  0.1763273    
         856  0.1761727    
         857  0.1760181    
         858  0.1758647    
         859  0.1757108    
         860  0.1755575    
         861  0.1754047    
         862  0.1752519    
         863  0.1750999    
         864  0.1749475    
         865  0.1747959    
         866  0.1746444    
         867  0.1744931    
         868  0.1743428    
         869  0.1741916    
         870  0.1740420    
         871  0.1738915    
         872  0.1737420    
         873  0.1735934    
         874  0.1734439    
         875  0.1732954    
         876  0.1731469    
         877  0.1729986    
         878  0.1728509    
         879  0.1727029    
         880  0.1725563    
         881  0.1724092    
         882  0.1722619    
         883  0.1721164    
         884  0.1719698    
         885  0.1718240    
         886  0.1716794    
         887  0.1715336    
         888  0.1713888    
         889  0.1712444    
         890  0.1711001    
         891  0.1709565    
         892  0.1708125    
         893  0.1706693    
         894  0.1705263    
         895  0.1703829    
         896  0.1702405    
         897  0.1700977    
         898  0.1699553    
         899  0.1698137    
         900  0.1696717    
         901  0.1695304    
         902  0.1693895    
         903  0.1692485    
         904  0.1691082    
         905  0.1689681    
         906  0.1688274    
         907  0.1686881    
         908  0.1685489    
         909  0.1684091    
         910  0.1682706    
         911  0.1681321    
         912  0.1679934    
         913  0.1678556    
         914  0.1677177    
         915  0.1675802    
         916  0.1674431    
         917  0.1673056    
         918  0.1671692    
         919  0.1670331    
         920  0.1668964    
         921  0.1667605    
         922  0.1666252    
         923  0.1664892    
         924  0.1663543    
         925  0.1662192    
         926  0.1660841    
         927  0.1659501    
         928  0.1658159    
         929  0.1656817    
         930  0.1655480    
         931  0.1654149    
         932  0.1652817    
         933  0.1651488    
         934  0.1650163    
         935  0.1648835    
         936  0.1647515    
         937  0.1646201    
         938  0.1644880    
         939  0.1643566    
         940  0.1642257    
         941  0.1640944    
         942  0.1639640    
         943  0.1638337    
         944  0.1637031    
         945  0.1635732    
         946  0.1634432    
         947  0.1633140    
         948  0.1631846    
         949  0.1630560    
         950  0.1629270    
         951  0.1627979    
         952  0.1626701    
         953  0.1625420    
         954  0.1624141    
         955  0.1622870    
         956  0.1621595    
         957  0.1620322    
         958  0.1619054    
         959  0.1617790    
         960  0.1616522    
         961  0.1615263    
         962  0.1614006    
         963  0.1612747    
         964  0.1611493    
         965  0.1610239    
         966  0.1608987    
         967  0.1607736    
         968  0.1606493    
         969  0.1605249    
         970  0.1604004    
         971  0.1602762    
         972  0.1601526    
         973  0.1600291    
         974  0.1599058    
         975  0.1597833    
         976  0.1596605    
         977  0.1595379    
         978  0.1594157    
         979  0.1592938    
         980  0.1591713    
         981  0.1590495    
         982  0.1589282    
         983  0.1588067    
         984  0.1586858    
         985  0.1585651    
         986  0.1584449    
         987  0.1583241    
         988  0.1582045    
         989  0.1580843    
         990  0.1579644    
         991  0.1578446    
         992  0.1577256    
         993  0.1576063    
         994  0.1574872    
         995  0.1573685    
         996  0.1572501    
         997  0.1571315    
         998  0.1570133    
         999  0.1568955    
        1000  0.1567780    
        1001  0.1566604    
        1002  0.1565429    
        1003  0.1564260    
        1004  0.1563091    
        1005  0.1561924    
        1006  0.1560760    
        1007  0.1559599    
        1008  0.1558437    
        1009  0.1557279    
        1010  0.1556120    
        1011  0.1554968    
        1012  0.1553809    
        1013  0.1552660    
        1014  0.1551512    
        1015  0.1550366    
        1016  0.1549218    
        1017  0.1548077    
        1018  0.1546938    
        1019  0.1545799    
        1020  0.1544660    
        1021  0.1543528    
        1022  0.1542396    
        1023  0.1541267    
        1024  0.1540136    
        1025  0.1539010    
        1026  0.1537885    
        1027  0.1536759    
        1028  0.1535636    
        1029  0.1534519    
        1030  0.1533401    
        1031  0.1532280    
        1032  0.1531167    
        1033  0.1530055    
        1034  0.1528946    
        1035  0.1527833    
        1036  0.1526727    
        1037  0.1525624    
        1038  0.1524523    
        1039  0.1523417    
        1040  0.1522328    
        1041  0.1521228    
        1042  0.1520134    
        1043  0.1519038    
        1044  0.1517948    
        1045  0.1516860    
        1046  0.1515773    
        1047  0.1514684    
        1048  0.1513601    
        1049  0.1512520    
        1050  0.1511439    
        1051  0.1510359    
        1052  0.1509282    
        1053  0.1508204    
        1054  0.1507133    
        1055  0.1506059    
        1056  0.1504989    
        1057  0.1503920    
        1058  0.1502857    
        1059  0.1501790    
        1060  0.1500730    
        1061  0.1499667    
        1062  0.1498611    
        1063  0.1497553    
        1064  0.1496495    
        1065  0.1495443    
        1066  0.1494391    
        1067  0.1493342    
        1068  0.1492289    
        1069  0.1491242    
        1070  0.1490195    
        1071  0.1489151    
        1072  0.1488104    
        1073  0.1487065    
        1074  0.1486026    
        1075  0.1484991    
        1076  0.1483955    
        1077  0.1482919    
        1078  0.1481888    
        1079  0.1480858    
        1080  0.1479829    
        1081  0.1478801    
        1082  0.1477780    
        1083  0.1476757    
        1084  0.1475734    
        1085  0.1474712    
        1086  0.1473695    
        1087  0.1472678    
        1088  0.1471667    
        1089  0.1470649    
        1090  0.1469636    
        1091  0.1468625    
        1092  0.1467616    
        1093  0.1466610    
        1094  0.1465605    
        1095  0.1464603    
        1096  0.1463600    
        1097  0.1462604    
        1098  0.1461600    
        1099  0.1460602    
        1100  0.1459610    
        1101  0.1458613    
        1102  0.1457621    
        1103  0.1456626    
        1104  0.1455635    
        1105  0.1454649    
        1106  0.1453663    
        1107  0.1452678    
        1108  0.1451691    
        1109  0.1450711    
        1110  0.1449729    
        1111  0.1448752    
        1112  0.1447774    
        1113  0.1446797    
        1114  0.1445824    
        1115  0.1444848    
        1116  0.1443879    
        1117  0.1442905    
        1118  0.1441936    
        1119  0.1440968    
        1120  0.1440005    
        1121  0.1439041    
        1122  0.1438075    
        1123  0.1437116    
        1124  0.1436156    
        1125  0.1435204    
        1126  0.1434246    
        1127  0.1433289    
        1128  0.1432337    
        1129  0.1431382    
        1130  0.1430435    
        1131  0.1429482    
        1132  0.1428532    
        1133  0.1427586    
        1134  0.1426641    
        1135  0.1425698    
        1136  0.1424755    
        1137  0.1423813    
        1138  0.1422878    
        1139  0.1421936    
        1140  0.1421001    
        1141  0.1420065    
        1142  0.1419133    
        1143  0.1418202    
        1144  0.1417270    
        1145  0.1416343    
        1146  0.1415419    
        1147  0.1414489    
        1148  0.1413567    
        1149  0.1412645    
        1150  0.1411728    
        1151  0.1410806    
        1152  0.1409886    
        1153  0.1408974    
        1154  0.1408058    
        1155  0.1407145    
        1156  0.1406232    
        1157  0.1405319    
        1158  0.1404411    
        1159  0.1403501    
        1160  0.1402598    
        1161  0.1401691    
        1162  0.1400784    
        1163  0.1399883    
        1164  0.1398982    
        1165  0.1398082    
        1166  0.1397185    
        1167  0.1396282    
        1168  0.1395386    
        1169  0.1394492    
        1170  0.1393597    
        1171  0.1392707    
        1172  0.1391814    
        1173  0.1390922    
        1174  0.1390036    
        1175  0.1389147    
        1176  0.1388260    
        1177  0.1387378    
        1178  0.1386491    
        1179  0.1385610    
        1180  0.1384731    
        1181  0.1383852    
        1182  0.1382975    
        1183  0.1382096    
        1184  0.1381219    
        1185  0.1380348    
        1186  0.1379474    
        1187  0.1378602    
        1188  0.1377736    
        1189  0.1376867    
        1190  0.1375998    
        1191  0.1375135    
        1192  0.1374269    
        1193  0.1373406    
        1194  0.1372545    
        1195  0.1371682    
        1196  0.1370821    
        1197  0.1369964    
        1198  0.1369105    
        1199  0.1368248    
        1200  0.1367392    
        1201  0.1366538    
        1202  0.1365684    
        1203  0.1364834    
        1204  0.1363984    
        1205  0.1363135    
        1206  0.1362286    
        1207  0.1361440    
        1208  0.1360595    
        1209  0.1359751    
        1210  0.1358907    
        1211  0.1358065    
        1212  0.1357223    
        1213  0.1356384    
        1214  0.1355547    
        1215  0.1354709    
        1216  0.1353874    
        1217  0.1353040    
        1218  0.1352206    
        1219  0.1351374    
        1220  0.1350540    
        1221  0.1349710    
        1222  0.1348882    
        1223  0.1348054    
        1224  0.1347225    
        1225  0.1346404    
        1226  0.1345578    
        1227  0.1344753    
        1228  0.1343934    
        1229  0.1343113    
        1230  0.1342292    
        1231  0.1341474    
        1232  0.1340652    
        1233  0.1339838    
        1234  0.1339023    
        1235  0.1338209    
        1236  0.1337398    
        1237  0.1336586    
        1238  0.1335776    
        1239  0.1334969    
        1240  0.1334161    
        1241  0.1333355    
        1242  0.1332550    
        1243  0.1331747    
        1244  0.1330944    
        1245  0.1330139    
        1246  0.1329342    
        1247  0.1328545    
        1248  0.1327746    
        1249  0.1326951    
        1250  0.1326153    
        1251  0.1325356    
        1252  0.1324562    
        1253  0.1323772    
        1254  0.1322978    
        1255  0.1322188    
        1256  0.1321399    
        1257  0.1320608    
        1258  0.1319820    
        1259  0.1319037    
        1260  0.1318249    
        1261  0.1317467    
        1262  0.1316685    
        1263  0.1315901    
        1264  0.1315122    
        1265  0.1314342    
        1266  0.1313563    
        1267  0.1312785    
        1268  0.1312008    
        1269  0.1311234    
        1270  0.1310456    
        1271  0.1309685    
        1272  0.1308913    
        1273  0.1308139    
        1274  0.1307368    
        1275  0.1306601    
        1276  0.1305832    
        1277  0.1305060    
        1278  0.1304298    
        1279  0.1303535    
        1280  0.1302769    
        1281  0.1302007    
        1282  0.1301247    
        1283  0.1300487    
        1284  0.1299727    
        1285  0.1298973    
        1286  0.1298214    
        1287  0.1297461    
        1288  0.1296706    
        1289  0.1295954    
        1290  0.1295196    
        1291  0.1294443    
        1292  0.1293693    
        1293  0.1292943    
        1294  0.1292193    
        1295  0.1291442    
        1296  0.1290697    
        1297  0.1289948    
        1298  0.1289203    
        1299  0.1288460    
        1300  0.1287714    
        1301  0.1286973    
        1302  0.1286231    
        1303  0.1285494    
        1304  0.1284751    
        1305  0.1284015    
        1306  0.1283276    
        1307  0.1282539    
        1308  0.1281802    
        1309  0.1281069    
        1310  0.1280337    
        1311  0.1279602    
        1312  0.1278868    
        1313  0.1278136    
        1314  0.1277405    
        1315  0.1276674    
        1316  0.1275947    
        1317  0.1275219    
        1318  0.1274493    
        1319  0.1273765    
        1320  0.1273043    
        1321  0.1272319    
        1322  0.1271596    
        1323  0.1270876    
        1324  0.1270158    
        1325  0.1269436    
        1326  0.1268719    
        1327  0.1268003    
        1328  0.1267284    
        1329  0.1266568    
        1330  0.1265855    
        1331  0.1265142    
        1332  0.1264430    
        1333  0.1263719    
        1334  0.1263009    
        1335  0.1262301    
        1336  0.1261590    
        1337  0.1260882    
        1338  0.1260174    
        1339  0.1259470    
        1340  0.1258761    
        1341  0.1258059    
        1342  0.1257355    
        1343  0.1256654    
        1344  0.1255947    
        1345  0.1255248    
        1346  0.1254548    
        1347  0.1253848    
        1348  0.1253147    
        1349  0.1252451    
        1350  0.1251754    
        1351  0.1251058    
        1352  0.1250361    
        1353  0.1249670    
        1354  0.1248977    
        1355  0.1248284    
        1356  0.1247591    
        1357  0.1246904    
        1358  0.1246215    
        1359  0.1245524    
        1360  0.1244837    
        1361  0.1244152    
        1362  0.1243468    
        1363  0.1242783    
        1364  0.1242098    
        1365  0.1241419    
        1366  0.1240736    
        1367  0.1240053    
        1368  0.1239373    
        1369  0.1238693    
        1370  0.1238016    
        1371  0.1237336    
        1372  0.1236660    
        1373  0.1235987    
        1374  0.1235315    
        1375  0.1234638    
        1376  0.1233965    
        1377  0.1233293    
        1378  0.1232625    
        1379  0.1231949    
        1380  0.1231280    
        1381  0.1230609    
        1382  0.1229943    
        1383  0.1229272    
        1384  0.1228608    
        1385  0.1227943    
        1386  0.1227279    
        1387  0.1226611    
        1388  0.1225951    
        1389  0.1225289    
        1390  0.1224629    
        1391  0.1223966    
        1392  0.1223306    
        1393  0.1222650    
        1394  0.1221991    
        1395  0.1221334    
        1396  0.1220676    
        1397  0.1220026    
        1398  0.1219371    
        1399  0.1218717    
        1400  0.1218063    
        1401  0.1217413    
        1402  0.1216762    
        1403  0.1216112    
        1404  0.1215462    
        1405  0.1214811    
        1406  0.1214165    
        1407  0.1213516    
        1408  0.1212872    
        1409  0.1212224    
        1410  0.1211583    
        1411  0.1210939    
        1412  0.1210294    
        1413  0.1209653    
        1414  0.1209011    
        1415  0.1208372    
        1416  0.1207729    
        1417  0.1207091    
        1418  0.1206453    
        1419  0.1205817    
        1420  0.1205180    
        1421  0.1204544    
        1422  0.1203910    
        1423  0.1203274    
        1424  0.1202644    
        1425  0.1202007    
        1426  0.1201376    
        1427  0.1200743    
        1428  0.1200117    
        1429  0.1199483    
        1430  0.1198853    
        1431  0.1198228    
        1432  0.1197600    
        1433  0.1196976    
        1434  0.1196347    
        1435  0.1195723    
        1436  0.1195099    
        1437  0.1194475    
        1438  0.1193852    
        1439  0.1193230    
        1440  0.1192611    
        1441  0.1191990    
        1442  0.1191373    
        1443  0.1190751    
        1444  0.1190132    
        1445  0.1189518    
        1446  0.1188901    
        1447  0.1188285    
        1448  0.1187668    
        1449  0.1187055    
        1450  0.1186443    
        1451  0.1185829    
        1452  0.1185217    
        1453  0.1184607    
        1454  0.1183998    
        1455  0.1183387    
        1456  0.1182776    
        1457  0.1182167    
        1458  0.1181559    
        1459  0.1180954    
        1460  0.1180345    
        1461  0.1179737    
        1462  0.1179132    
        1463  0.1178527    
        1464  0.1177926    
        1465  0.1177320    
        1466  0.1176717    
        1467  0.1176116    
        1468  0.1175513    
        1469  0.1174918    
        1470  0.1174313    
        1471  0.1173714    
        1472  0.1173116    
        1473  0.1172518    
        1474  0.1171922    
        1475  0.1171322    
        1476  0.1170727    
        1477  0.1170130    
        1478  0.1169538    
        1479  0.1168948    
        1480  0.1168350    
        1481  0.1167759    
        1482  0.1167168    
        1483  0.1166578    
        1484  0.1165990    
        1485  0.1165398    
        1486  0.1164809    
        1487  0.1164224    
        1488  0.1163638    
        1489  0.1163052    
        1490  0.1162463    
        1491  0.1161879    
        1492  0.1161296    
        1493  0.1160713    
        1494  0.1160127    
        1495  0.1159542    
        1496  0.1158962    
        1497  0.1158384    
        1498  0.1157802    
        1499  0.1157224    
        1500  0.1156644    
        1501  0.1156066    
        1502  0.1155490    
        1503  0.1154913    
        1504  0.1154338    
        1505  0.1153763    
        1506  0.1153187    
        1507  0.1152616    
        1508  0.1152042    
        1509  0.1151468    
        1510  0.1150898    
        1511  0.1150325    
        1512  0.1149756    
        1513  0.1149187    
        1514  0.1148619    
        1515  0.1148048    
        1516  0.1147479    
        1517  0.1146914    
        1518  0.1146348    
        1519  0.1145779    
        1520  0.1145214    
        1521  0.1144649    
        1522  0.1144084    
        1523  0.1143521    
        1524  0.1142956    
        1525  0.1142393    
        1526  0.1141832    
        1527  0.1141270    
        1528  0.1140711    
        1529  0.1140152    
        1530  0.1139590    
        1531  0.1139032    
        1532  0.1138473    
        1533  0.1137920    
        1534  0.1137363    
        1535  0.1136805    
        1536  0.1136249    
        1537  0.1135696    
        1538  0.1135141    
        1539  0.1134589    
        1540  0.1134036    
        1541  0.1133481    
        1542  0.1132931    
        1543  0.1132380    
        1544  0.1131830    
        1545  0.1131282    
        1546  0.1130730    
        1547  0.1130181    
        1548  0.1129635    
        1549  0.1129087    
        1550  0.1128545    
        1551  0.1127997    
        1552  0.1127449    
        1553  0.1126906    
        1554  0.1126364    
        1555  0.1125822    
        1556  0.1125279    
        1557  0.1124735    
        1558  0.1124193    
        1559  0.1123653    
        1560  0.1123113    
        1561  0.1122575    
        1562  0.1122033    
        1563  0.1121492    
        1564  0.1120956    
        1565  0.1120420    
        1566  0.1119882    
        1567  0.1119347    
        1568  0.1118810    
        1569  0.1118273    
        1570  0.1117742    
        1571  0.1117208    
        1572  0.1116674    
        1573  0.1116143    
        1574  0.1115611    
        1575  0.1115079    
        1576  0.1114552    
        1577  0.1114022    
        1578  0.1113491    
        1579  0.1112964    
        1580  0.1112435    
        1581  0.1111907    
        1582  0.1111382    
        1583  0.1110854    
        1584  0.1110327    
        1585  0.1109802    
        1586  0.1109276    
        1587  0.1108750    
        1588  0.1108229    
        1589  0.1107706    
        1590  0.1107180    
        1591  0.1106659    
        1592  0.1106138    
        1593  0.1105617    
        1594  0.1105098    
        1595  0.1104579    
        1596  0.1104058    
        1597  0.1103540    
        1598  0.1103022    
        1599  0.1102506    
        1600  0.1101990    
        1601  0.1101476    
        1602  0.1100956    
        1603  0.1100442    
        1604  0.1099927    
        1605  0.1099414    
        1606  0.1098902    
        1607  0.1098390    
        1608  0.1097875    
        1609  0.1097363    
        1610  0.1096852    
        1611  0.1096343    
        1612  0.1095833    
        1613  0.1095323    
        1614  0.1094814    
        1615  0.1094305    
        1616  0.1093800    
        1617  0.1093289    
        1618  0.1092784    
        1619  0.1092277    
        1620  0.1091770    
        1621  0.1091262    
        1622  0.1090760    
        1623  0.1090256    
        1624  0.1089752    
        1625  0.1089250    
        1626  0.1088748    
        1627  0.1088244    
        1628  0.1087744    
        1629  0.1087244    
        1630  0.1086743    
        1631  0.1086241    
        1632  0.1085744    
        1633  0.1085242    
        1634  0.1084745    
        1635  0.1084249    
        1636  0.1083749    
        1637  0.1083254    
        1638  0.1082758    
        1639  0.1082261    
        1640  0.1081764    
        1641  0.1081272    
        1642  0.1080778    
        1643  0.1080283    
        1644  0.1079792    
        1645  0.1079296    
        1646  0.1078802    
        1647  0.1078312    
        1648  0.1077823    
        1649  0.1077332    
        1650  0.1076845    
        1651  0.1076358    
        1652  0.1075866    
        1653  0.1075379    
        1654  0.1074892    
        1655  0.1074404    
        1656  0.1073917    
        1657  0.1073430    
        1658  0.1072946    
        1659  0.1072459    
        1660  0.1071974    
        1661  0.1071492    
        1662  0.1071006    
        1663  0.1070522    
        1664  0.1070040    
        1665  0.1069556    
        1666  0.1069075    
        1667  0.1068595    
        1668  0.1068114    
        1669  0.1067633    
        1670  0.1067153    
        1671  0.1066672    
        1672  0.1066193    
        1673  0.1065716    
        1674  0.1065239    
        1675  0.1064762    
        1676  0.1064285    
        1677  0.1063808    
        1678  0.1063332    
        1679  0.1062856    
        1680  0.1062384    
        1681  0.1061910    
        1682  0.1061437    
        1683  0.1060964    
        1684  0.1060491    
        1685  0.1060020    
        1686  0.1059548    
        1687  0.1059077    
        1688  0.1058607    
        1689  0.1058140    
        1690  0.1057668    
        1691  0.1057198    
        1692  0.1056731    
        1693  0.1056262    
        1694  0.1055796    
        1695  0.1055328    
        1696  0.1054862    
        1697  0.1054396    
        1698  0.1053929    
        1699  0.1053465    
        1700  0.1053001    
        1701  0.1052538    
        1702  0.1052074    
        1703  0.1051612    
        1704  0.1051147    
        1705  0.1050686    
        1706  0.1050224    
        1707  0.1049762    
        1708  0.1049303    
        1709  0.1048842    
        1710  0.1048385    
        1711  0.1047923    
        1712  0.1047464    
        1713  0.1047007    
        1714  0.1046548    
        1715  0.1046089    
        1716  0.1045634    
        1717  0.1045179    
        1718  0.1044717    
        1719  0.1044263    
        1720  0.1043808    
        1721  0.1043353    
        1722  0.1042897    
        1723  0.1042446    
        1724  0.1041992    
        1725  0.1041537    
        1726  0.1041084    
        1727  0.1040632    
        1728  0.1040182    
        1729  0.1039728    
        1730  0.1039278    
        1731  0.1038828    
        1732  0.1038376    
        1733  0.1037925    
        1734  0.1037476    
        1735  0.1037028    
        1736  0.1036580    
        1737  0.1036133    
        1738  0.1035686    
        1739  0.1035239    
        1740  0.1034791    
        1741  0.1034346    
        1742  0.1033900    
        1743  0.1033455    
        1744  0.1033010    
        1745  0.1032567    
        1746  0.1032122    
        1747  0.1031678    
        1748  0.1031234    
        1749  0.1030792    
        1750  0.1030352    
        1751  0.1029909    
        1752  0.1029470    
        1753  0.1029029    
        1754  0.1028588    
        1755  0.1028147    
        1756  0.1027708    
        1757  0.1027270    
        1758  0.1026831    
        1759  0.1026393    
        1760  0.1025959    
        1761  0.1025520    
        1762  0.1025083    
        1763  0.1024648    
        1764  0.1024214    
        1765  0.1023779    
        1766  0.1023345    
        1767  0.1022912    
        1768  0.1022478    
        1769  0.1022044    
        1770  0.1021611    
        1771  0.1021179    
        1772  0.1020748    
        1773  0.1020317    
        1774  0.1019886    
        1775  0.1019456    
        1776  0.1019026    
        1777  0.1018593    
        1778  0.1018165    
        1779  0.1017737    
        1780  0.1017308    
        1781  0.1016878    
        1782  0.1016451    
        1783  0.1016024    
        1784  0.1015597    
        1785  0.1015169    
        1786  0.1014744    
        1787  0.1014317    
        1788  0.1013892    
        1789  0.1013468    
        1790  0.1013044    
        1791  0.1012619    
        1792  0.1012194    
        1793  0.1011769    
        1794  0.1011348    
        1795  0.1010926    
        1796  0.1010504    
        1797  0.1010081    
        1798  0.1009661    
        1799  0.1009239    
        1800  0.1008818    
        1801  0.1008397    
        1802  0.1007977    
        1803  0.1007558    
        1804  0.1007138    
        1805  0.1006720    
        1806  0.1006304    
        1807  0.1005886    
        1808  0.1005465    
        1809  0.1005049    
        1810  0.1004633    
        1811  0.1004218    
        1812  0.1003800    
        1813  0.1003384    
        1814  0.1002971    
        1815  0.1002555    
        1816  0.1002140    
        1817  0.1001727    
        1818  0.1001314    
        1819  0.1000901    
        1820  0.1000488    
        1821  0.1000076    
        1822  9.9966623E-02
        1823  9.9925391E-02
        1824  9.9884175E-02
        1825  9.9842966E-02
        1826  9.9802122E-02
        1827  9.9761292E-02
        1828  9.9720187E-02
        1829  9.9679224E-02
        1830  9.9638492E-02
        1831  9.9597901E-02
        1832  9.9556886E-02
        1833  9.9516027E-02
        1834  9.9475220E-02
        1835  9.9434741E-02
        1836  9.9394023E-02
        1837  9.9353336E-02
        1838  9.9312790E-02
        1839  9.9272430E-02
        1840  9.9231891E-02
        1841  9.9191278E-02
        1842  9.9150762E-02
        1843  9.9110745E-02
        1844  9.9070333E-02
        1845  9.9029876E-02
        1846  9.8989680E-02
        1847  9.8949507E-02
        1848  9.8909378E-02
        1849  9.8868981E-02
        1850  9.8828934E-02
        1851  9.8788843E-02
        1852  9.8749012E-02
        1853  9.8708890E-02
        1854  9.8668851E-02
        1855  9.8628975E-02
        1856  9.8589323E-02
        1857  9.8549239E-02
        1858  9.8509260E-02
        1859  9.8469578E-02
        1860  9.8429814E-02
        1861  9.8390155E-02
        1862  9.8350488E-02
        1863  9.8310925E-02
        1864  9.8271333E-02
        1865  9.8231971E-02
        1866  9.8192222E-02
        1867  9.8152712E-02
        1868  9.8113239E-02
        1869  9.8074093E-02
        1870  9.8034695E-02
        1871  9.7995244E-02
        1872  9.7956009E-02
        1873  9.7916730E-02
        1874  9.7877637E-02
        1875  9.7838230E-02
        1876  9.7799182E-02
        1877  9.7760104E-02
        1878  9.7721040E-02
        1879  9.7682007E-02
        1880  9.7642995E-02
        1881  9.7604245E-02
        1882  9.7565405E-02
        1883  9.7526476E-02
        1884  9.7487353E-02
        1885  9.7448647E-02
        1886  9.7409919E-02
        1887  9.7371258E-02
        1888  9.7332649E-02
        1889  9.7293995E-02
        1890  9.7255401E-02
        1891  9.7216807E-02
        1892  9.7178206E-02
        1893  9.7139612E-02
        1894  9.7101137E-02
        1895  9.7062685E-02
        1896  9.7024217E-02
        1897  9.6985839E-02
        1898  9.6947461E-02
        1899  9.6909359E-02
        1900  9.6871041E-02
        1901  9.6832715E-02
        1902  9.6794553E-02
        1903  9.6756384E-02
        1904  9.6718393E-02
        1905  9.6680254E-02
        1906  9.6642263E-02
        1907  9.6604191E-02
        1908  9.6566431E-02
        1909  9.6528456E-02
        1910  9.6490540E-02
        1911  9.6452534E-02
        1912  9.6414581E-02
        1913  9.6376985E-02
        1914  9.6339203E-02
        1915  9.6301295E-02
        1916  9.6263632E-02
        1917  9.6226059E-02
        1918  9.6188553E-02
        1919  9.6150734E-02
        1920  9.6113242E-02
        1921  9.6075617E-02
        1922  9.6038222E-02
        1923  9.6000805E-02
        1924  9.5963053E-02
        1925  9.5925741E-02
        1926  9.5888399E-02
        1927  9.5851190E-02
        1928  9.5813893E-02
        1929  9.5776424E-02
        1930  9.5739193E-02
        1931  9.5702022E-02
        1932  9.5664881E-02
        1933  9.5627673E-02
        1934  9.5590606E-02
        1935  9.5553450E-02
        1936  9.5516503E-02
        1937  9.5479585E-02
        1938  9.5442429E-02
        1939  9.5405437E-02
        1940  9.5368527E-02
        1941  9.5331647E-02
        1942  9.5295049E-02
        1943  9.5258050E-02
        1944  9.5221139E-02
        1945  9.5184565E-02
        1946  9.5147900E-02
        1947  9.5111199E-02
        1948  9.5074408E-02
        1949  9.5037892E-02
        1950  9.5001288E-02
        1951  9.4964892E-02
        1952  9.4928369E-02
        1953  9.4891690E-02
        1954  9.4855390E-02
        1955  9.4819099E-02
        1956  9.4782747E-02
        1957  9.4746515E-02
        1958  9.4710134E-02
        1959  9.4673887E-02
        1960  9.4637573E-02
        1961  9.4601490E-02
        1962  9.4565257E-02
        1963  9.4528995E-02
        1964  9.4493046E-02
        1965  9.4456919E-02
        1966  9.4420969E-02
        1967  9.4385013E-02
        1968  9.4348945E-02
        1969  9.4313100E-02
        1970  9.4277203E-02
        1971  9.4241284E-02
        1972  9.4205596E-02
        1973  9.4169490E-02
        1974  9.4133846E-02
        1975  9.4098113E-02
        1976  9.4062410E-02
        1977  9.4026603E-02
        1978  9.3991026E-02
        1979  9.3955360E-02
        1980  9.3919806E-02
        1981  9.3884110E-02
        1982  9.3848594E-02
        1983  9.3813106E-02
        1984  9.3777753E-02
        1985  9.3742229E-02
        1986  9.3706958E-02
        1987  9.3671545E-02
        1988  9.3636058E-02
        1989  9.3600862E-02
        1990  9.3565583E-02
        1991  9.3530200E-02
        1992  9.3494944E-02
        1993  9.3459770E-02
        1994  9.3424648E-02
        1995  9.3389556E-02
        1996  9.3354523E-02
        1997  9.3319386E-02
        1998  9.3284167E-02
        1999  9.3249246E-02
        2000  9.3214385E-02
        2001  9.3179286E-02
        2002  9.3144238E-02
        2003  9.3109369E-02
        2004  9.3074478E-02
        2005  9.3039826E-02
        2006  9.3004957E-02
        2007  9.2970125E-02
        2008  9.2935473E-02
        2009  9.2900783E-02
        2010  9.2866160E-02
        2011  9.2831574E-02
        2012  9.2796847E-02
        2013  9.2762157E-02
        2014  9.2727788E-02
        2015  9.2693321E-02
        2016  9.2658982E-02
        2017  9.2624441E-02
        2018  9.2590079E-02
        2019  9.2555858E-02
        2020  9.2521466E-02
        2021  9.2487209E-02
        2022  9.2453025E-02
        2023  9.2418574E-02
        2024  9.2384428E-02
        2025  9.2350192E-02
        2026  9.2316084E-02
        2027  9.2282198E-02
        2028  9.2247993E-02
        2029  9.2213973E-02
        2030  9.2179991E-02
        2031  9.2146099E-02
        2032  9.2112243E-02
        2033  9.2078172E-02
        2034  9.2044160E-02
        2035  9.2010237E-02
        2036  9.1976561E-02
        2037  9.1942832E-02
        2038  9.1909043E-02
        2039  9.1875196E-02
        2040  9.1841437E-02
        2041  9.1807701E-02
        2042  9.1774136E-02
        2043  9.1740437E-02
        2044  9.1706760E-02
        2045  9.1672890E-02
        2046  9.1639325E-02
        2047  9.1605745E-02
        2048  9.1572225E-02
        2049  9.1538839E-02
        2050  9.1505125E-02
        2051  9.1471612E-02
        2052  9.1438383E-02
        2053  9.1405019E-02
        2054  9.1371767E-02
        2055  9.1338232E-02
        2056  9.1304772E-02
        2057  9.1271706E-02
        2058  9.1238379E-02
        2059  9.1205142E-02
        2060  9.1172136E-02
        2061  9.1138840E-02
        2062  9.1105677E-02
        2063  9.1072731E-02
        2064  9.1039501E-02
        2065  9.1006510E-02
        2066  9.0973452E-02
        2067  9.0940200E-02
        2068  9.0907335E-02
        2069  9.0874426E-02
        2070  9.0841524E-02
        2071  9.0808675E-02
        2072  9.0775825E-02
        2073  9.0742931E-02
        2074  9.0710171E-02
        2075  9.0677351E-02
        2076  9.0644844E-02
        2077  9.0611883E-02
        2078  9.0579085E-02
        2079  9.0546608E-02
        2080  9.0513952E-02
        2081  9.0481296E-02
        2082  9.0448640E-02
        2083  9.0416111E-02
        2084  9.0383515E-02
        2085  9.0351105E-02
        2086  9.0318710E-02
        2087  9.0286225E-02
        2088  9.0253942E-02
        2089  9.0221472E-02
        2090  9.0189092E-02
        2091  9.0156816E-02
        2092  9.0124659E-02
        2093  9.0092257E-02
        2094  9.0059921E-02
        2095  9.0027712E-02
        2096  8.9995332E-02
        2097  8.9963213E-02
        2098  8.9931183E-02
        2099  8.9898974E-02
        2100  8.9866810E-02
        2101  8.9834698E-02
        2102  8.9802556E-02
        2103  8.9770503E-02
        2104  8.9738645E-02
        2105  8.9706644E-02
        2106  8.9674719E-02
        2107  8.9642800E-02
        2108  8.9610890E-02
        2109  8.9579076E-02
        2110  8.9547388E-02
        2111  8.9515582E-02
        2112  8.9483708E-02
        2113  8.9451939E-02
        2114  8.9420058E-02
        2115  8.9388542E-02
        2116  8.9356966E-02
        2117  8.9325123E-02
        2118  8.9293294E-02
        2119  8.9261912E-02
        2120  8.9230090E-02
        2121  8.9198679E-02
        2122  8.9167289E-02
        2123  8.9135736E-02
        2124  8.9104071E-02
        2125  8.9072689E-02
        2126  8.9041278E-02
        2127  8.9009881E-02
        2128  8.8978581E-02
        2129  8.8947006E-02
        2130  8.8915631E-02
        2131  8.8884339E-02
        2132  8.8853069E-02
        2133  8.8821925E-02
        2134  8.8790849E-02
        2135  8.8759527E-02
        2136  8.8728212E-02
        2137  8.8697068E-02
        2138  8.8666052E-02
        2139  8.8634960E-02
        2140  8.8603951E-02
        2141  8.8572867E-02
        2142  8.8541776E-02
        2143  8.8510819E-02
        2144  8.8479847E-02
        2145  8.8448964E-02
        2146  8.8418074E-02
        2147  8.8387206E-02
        2148  8.8356227E-02
        2149  8.8325322E-02
        2150  8.8294692E-02
        2151  8.8263817E-02
        2152  8.8233136E-02
        2153  8.8202491E-02
        2154  8.8171639E-02
        2155  8.8141024E-02
        2156  8.8110305E-02
        2157  8.8079721E-02
        2158  8.8049218E-02
        2159  8.8018656E-02
        2160  8.7987967E-02
        2161  8.7957360E-02
        2162  8.7927110E-02
        2163  8.7896734E-02
        2164  8.7866247E-02
        2165  8.7835759E-02
        2166  8.7805301E-02
        2167  8.7774783E-02
        2168  8.7744616E-02
        2169  8.7714165E-02
        2170  8.7683856E-02
        2171  8.7653719E-02
        2172  8.7623365E-02
        2173  8.7592952E-02
        2174  8.7562799E-02
        2175  8.7532610E-02
        2176  8.7502487E-02
        2177  8.7472484E-02
        2178  8.7442368E-02
        2179  8.7412164E-02
        2180  8.7382056E-02
        2181  8.7352075E-02
        2182  8.7322026E-02
        2183  8.7292060E-02
        2184  8.7262243E-02
        2185  8.7232225E-02
        2186  8.7202132E-02
        2187  8.7172210E-02
        2188  8.7142549E-02
        2189  8.7112665E-02
        2190  8.7082922E-02
        2191  8.7053083E-02
        2192  8.7023072E-02
        2193  8.6993307E-02
        2194  8.6963743E-02
        2195  8.6934112E-02
        2196  8.6904339E-02
        2197  8.6874753E-02
        2198  8.6845070E-02
        2199  8.6815424E-02
        2200  8.6785913E-02
        2201  8.6756349E-02
        2202  8.6726911E-02
        2203  8.6697273E-02
        2204  8.6667858E-02
        2205  8.6638451E-02
        2206  8.6608797E-02
        2207  8.6579502E-02
        2208  8.6550079E-02
        2209  8.6520664E-02
        2210  8.6491309E-02
        2211  8.6461894E-02
        2212  8.6432546E-02
        2213  8.6403221E-02
        2214  8.6374156E-02
        2215  8.6344942E-02
        2216  8.6315662E-02
        2217  8.6286627E-02
        2218  8.6257339E-02
        2219  8.6228214E-02
        2220  8.6199105E-02
        2221  8.6170100E-02
        2222  8.6141072E-02
        2223  8.6111926E-02
        2224  8.6082898E-02
        2225  8.6053625E-02
        2226  8.6024716E-02
        2227  8.5995711E-02
        2228  8.5966885E-02
        2229  8.5937962E-02
        2230  8.5908957E-02
        2231  8.5879974E-02
        2232  8.5851125E-02
        2233  8.5822158E-02
        2234  8.5793391E-02
        2235  8.5764781E-02
        2236  8.5736051E-02
        2237  8.5707009E-02
        2238  8.5678309E-02
        2239  8.5649386E-02
        2240  8.5620768E-02
        2241  8.5592188E-02
        2242  8.5563414E-02
        2243  8.5534863E-02
        2244  8.5506104E-02
        2245  8.5477389E-02
        2246  8.5448779E-02
        2247  8.5420243E-02
        2248  8.5391767E-02
        2249  8.5363291E-02
        2250  8.5334875E-02
        2251  8.5306212E-02
        2252  8.5277766E-02
        2253  8.5249208E-02
        2254  8.5220791E-02
        2255  8.5192554E-02
        2256  8.5164294E-02
        2257  8.5136160E-02
        2258  8.5107677E-02
        2259  8.5079387E-02
        2260  8.5051000E-02
        2261  8.5023008E-02
        2262  8.4994733E-02
        2263  8.4966600E-02
        2264  8.4938578E-02
        2265  8.4910281E-02
        2266  8.4882155E-02
        2267  8.4854044E-02
        2268  8.4826089E-02
        2269  8.4797762E-02
        2270  8.4769942E-02
        2271  8.4742114E-02
        2272  8.4714070E-02
        2273  8.4685974E-02
        2274  8.4658042E-02
        2275  8.4630087E-02
        2276  8.4602214E-02
        2277  8.4574513E-02
        2278  8.4546804E-02
        2279  8.4518798E-02
        2280  8.4490821E-02
        2281  8.4463082E-02
        2282  8.4435306E-02
        2283  8.4407575E-02
        2284  8.4379882E-02
        2285  8.4352359E-02
        2286  8.4324643E-02
        2287  8.4296778E-02
        2288  8.4269084E-02
        2289  8.4241442E-02
        2290  8.4213920E-02
        2291  8.4186271E-02
        2292  8.4158830E-02
        2293  8.4131174E-02
        2294  8.4103465E-02
        2295  8.4075972E-02
        2296  8.4048577E-02
        2297  8.4021166E-02
        2298  8.3993755E-02
        2299  8.3966419E-02
        2300  8.3939061E-02

real	2m28.171s
user	0m0.164s
sys	0m0.260s
