           1   25.15660    
           2   16.41411    
           3   12.25777    
           4   9.896054    
           5   8.371462    
           6   7.299575    
           7   6.500571    
           8   5.879380    
           9   5.380873    
          10   4.970929    
          11   4.627110    
          12   4.334023    
          13   4.080902    
          14   3.859751    
          15   3.664674    
          16   3.491158    
          17   3.335660    
          18   3.195426    
          19   3.068197    
          20   2.952206    
          21   2.845953    
          22   2.748199    
          23   2.657948    
          24   2.574313    
          25   2.496582    
          26   2.424111    
          27   2.356372    
          28   2.292880    
          29   2.233242    
          30   2.177101    
          31   2.124148    
          32   2.074110    
          33   2.026741    
          34   1.981814    
          35   1.939142    
          36   1.898553    
          37   1.859908    
          38   1.823038    
          39   1.787828    
          40   1.754170    
          41   1.721950    
          42   1.691078    
          43   1.661471    
          44   1.633042    
          45   1.605724    
          46   1.579448    
          47   1.554156    
          48   1.529790    
          49   1.506295    
          50   1.483629    
          51   1.461741    
          52   1.440589    
          53   1.420139    
          54   1.400354    
          55   1.381200    
          56   1.362649    
          57   1.344665    
          58   1.327229    
          59   1.310307    
          60   1.293887    
          61   1.277931    
          62   1.262437    
          63   1.247368    
          64   1.232712    
          65   1.218451    
          66   1.204571    
          67   1.191054    
          68   1.177884    
          69   1.165050    
          70   1.152535    
          71   1.140335    
          72   1.128429    
          73   1.116807    
          74   1.105463    
          75   1.094385    
          76   1.083562    
          77   1.072985    
          78   1.062645    
          79   1.052538    
          80   1.042647    
          81   1.032971    
          82   1.023505    
          83   1.014239    
          84   1.005165    
          85  0.9962769    
          86  0.9875749    
          87  0.9790435    
          88  0.9706829    
          89  0.9624911    
          90  0.9544529    
          91  0.9465717    
          92  0.9388421    
          93  0.9312549    
          94  0.9238153    
          95  0.9165071    
          96  0.9093337    
          97  0.9022924    
          98  0.8953735    
          99  0.8885818    
         100  0.8819050    
         101  0.8753451    
         102  0.8688977    
         103  0.8625582    
         104  0.8563321    
         105  0.8502034    
         106  0.8441777    
         107  0.8382524    
         108  0.8324212    
         109  0.8266854    
         110  0.8210408    
         111  0.8154852    
         112  0.8100158    
         113  0.8046296    
         114  0.7993298    
         115  0.7941083    
         116  0.7889665    
         117  0.7839008    
         118  0.7789119    
         119  0.7739976    
         120  0.7691529    
         121  0.7643800    
         122  0.7596724    
         123  0.7550344    
         124  0.7504630    
         125  0.7459543    
         126  0.7415081    
         127  0.7371234    
         128  0.7327999    
         129  0.7285334    
         130  0.7243249    
         131  0.7201723    
         132  0.7160761    
         133  0.7120318    
         134  0.7080405    
         135  0.7041025    
         136  0.7002136    
         137  0.6963771    
         138  0.6925865    
         139  0.6888434    
         140  0.6851491    
         141  0.6815017    
         142  0.6778997    
         143  0.6743385    
         144  0.6708204    
         145  0.6673473    
         146  0.6639169    
         147  0.6605266    
         148  0.6571746    
         149  0.6538628    
         150  0.6505888    
         151  0.6473539    
         152  0.6441575    
         153  0.6409966    
         154  0.6378717    
         155  0.6347814    
         156  0.6317267    
         157  0.6287050    
         158  0.6257190    
         159  0.6227658    
         160  0.6198436    
         161  0.6169524    
         162  0.6140935    
         163  0.6112642    
         164  0.6084669    
         165  0.6056966    
         166  0.6029568    
         167  0.6002473    
         168  0.5975651    
         169  0.5949103    
         170  0.5922834    
         171  0.5896829    
         172  0.5871089    
         173  0.5845612    
         174  0.5820395    
         175  0.5795420    
         176  0.5770692    
         177  0.5746217    
         178  0.5721998    
         179  0.5698007    
         180  0.5674239    
         181  0.5650688    
         182  0.5627384    
         183  0.5604288    
         184  0.5581427    
         185  0.5558780    
         186  0.5536346    
         187  0.5514129    
         188  0.5492108    
         189  0.5470296    
         190  0.5448672    
         191  0.5427269    
         192  0.5406067    
         193  0.5385050    
         194  0.5364207    
         195  0.5343560    
         196  0.5323091    
         197  0.5302798    
         198  0.5282698    
         199  0.5262755    
         200  0.5243010    
         201  0.5223441    
         202  0.5204016    
         203  0.5184777    
         204  0.5165710    
         205  0.5146793    
         206  0.5128044    
         207  0.5109428    
         208  0.5090994    
         209  0.5072709    
         210  0.5054568    
         211  0.5036595    
         212  0.5018772    
         213  0.5001084    
         214  0.4983557    
         215  0.4966174    
         216  0.4948914    
         217  0.4931795    
         218  0.4914822    
         219  0.4897976    
         220  0.4881256    
         221  0.4864686    
         222  0.4848233    
         223  0.4831919    
         224  0.4815716    
         225  0.4799653    
         226  0.4783714    
         227  0.4767901    
         228  0.4752197    
         229  0.4736634    
         230  0.4721174    
         231  0.4705832    
         232  0.4690601    
         233  0.4675492    
         234  0.4660509    
         235  0.4645613    
         236  0.4630836    
         237  0.4616174    
         238  0.4601610    
         239  0.4587161    
         240  0.4572818    
         241  0.4558577    
         242  0.4544447    
         243  0.4530413    
         244  0.4516478    
         245  0.4502647    
         246  0.4488912    
         247  0.4475267    
         248  0.4461725    
         249  0.4448274    
         250  0.4434909    
         251  0.4421644    
         252  0.4408467    
         253  0.4395400    
         254  0.4382419    
         255  0.4369526    
         256  0.4356717    
         257  0.4343995    
         258  0.4331351    
         259  0.4318797    
         260  0.4306323    
         261  0.4293949    
         262  0.4281647    
         263  0.4269424    
         264  0.4257291    
         265  0.4245225    
         266  0.4233262    
         267  0.4221366    
         268  0.4209547    
         269  0.4197808    
         270  0.4186149    
         271  0.4174551    
         272  0.4163030    
         273  0.4151590    
         274  0.4140213    
         275  0.4128907    
         276  0.4117688    
         277  0.4106534    
         278  0.4095444    
         279  0.4084428    
         280  0.4073473    
         281  0.4062586    
         282  0.4051786    
         283  0.4041047    
         284  0.4030364    
         285  0.4019764    
         286  0.4009212    
         287  0.3998737    
         288  0.3988310    
         289  0.3977948    
         290  0.3967662    
         291  0.3957429    
         292  0.3947254    
         293  0.3937141    
         294  0.3927089    
         295  0.3917100    
         296  0.3907176    
         297  0.3897303    
         298  0.3887484    
         299  0.3877718    
         300  0.3868022    
         301  0.3858383    
         302  0.3848800    
         303  0.3839266    
         304  0.3829792    
         305  0.3820365    
         306  0.3810992    
         307  0.3801677    
         308  0.3792416    
         309  0.3783213    
         310  0.3774056    
         311  0.3764955    
         312  0.3755900    
         313  0.3746892    
         314  0.3737930    
         315  0.3729033    
         316  0.3720175    
         317  0.3711367    
         318  0.3702605    
         319  0.3693885    
         320  0.3685219    
         321  0.3676615    
         322  0.3668040    
         323  0.3659514    
         324  0.3651052    
         325  0.3642616    
         326  0.3634220    
         327  0.3625882    
         328  0.3617580    
         329  0.3609334    
         330  0.3601131    
         331  0.3592968    
         332  0.3584848    
         333  0.3576771    
         334  0.3568735    
         335  0.3560736    
         336  0.3552788    
         337  0.3544874    
         338  0.3537002    
         339  0.3529175    
         340  0.3521383    
         341  0.3513637    
         342  0.3505925    
         343  0.3498265    
         344  0.3490631    
         345  0.3483043    
         346  0.3475485    
         347  0.3467975    
         348  0.3460503    
         349  0.3453051    
         350  0.3445651    
         351  0.3438285    
         352  0.3430955    
         353  0.3423669    
         354  0.3416405    
         355  0.3409180    
         356  0.3401996    
         357  0.3394837    
         358  0.3387718    
         359  0.3380643    
         360  0.3373587    
         361  0.3366574    
         362  0.3359602    
         363  0.3352660    
         364  0.3345741    
         365  0.3338868    
         366  0.3332018    
         367  0.3325207    
         368  0.3318424    
         369  0.3311684    
         370  0.3304974    
         371  0.3298286    
         372  0.3291636    
         373  0.3285030    
         374  0.3278440    
         375  0.3271883    
         376  0.3265353    
         377  0.3258854    
         378  0.3252385    
         379  0.3245942    
         380  0.3239537    
         381  0.3233158    
         382  0.3226813    
         383  0.3220480    
         384  0.3214196    
         385  0.3207932    
         386  0.3201689    
         387  0.3195489    
         388  0.3189312    
         389  0.3183160    
         390  0.3177035    
         391  0.3170939    
         392  0.3164868    
         393  0.3158822    
         394  0.3152802    
         395  0.3146811    
         396  0.3140850    
         397  0.3134923    
         398  0.3129011    
         399  0.3123136    
         400  0.3117273    
         401  0.3111445    
         402  0.3105631    
         403  0.3099843    
         404  0.3094073    
         405  0.3088339    
         406  0.3082635    
         407  0.3076955    
         408  0.3071302    
         409  0.3065666    
         410  0.3060060    
         411  0.3054475    
         412  0.3048916    
         413  0.3043366    
         414  0.3037850    
         415  0.3032355    
         416  0.3026887    
         417  0.3021441    
         418  0.3016016    
         419  0.3010617    
         420  0.3005238    
         421  0.2999875    
         422  0.2994538    
         423  0.2989226    
         424  0.2983932    
         425  0.2978669    
         426  0.2973419    
         427  0.2968196    
         428  0.2962989    
         429  0.2957814    
         430  0.2952653    
         431  0.2947511    
         432  0.2942391    
         433  0.2937294    
         434  0.2932211    
         435  0.2927156    
         436  0.2922122    
         437  0.2917110    
         438  0.2912105    
         439  0.2907131    
         440  0.2902169    
         441  0.2897226    
         442  0.2892309    
         443  0.2887413    
         444  0.2882535    
         445  0.2877677    
         446  0.2872839    
         447  0.2868016    
         448  0.2863219    
         449  0.2858426    
         450  0.2853658    
         451  0.2848907    
         452  0.2844184    
         453  0.2839472    
         454  0.2834775    
         455  0.2830105    
         456  0.2825447    
         457  0.2820809    
         458  0.2816183    
         459  0.2811581    
         460  0.2806996    
         461  0.2802427    
         462  0.2797879    
         463  0.2793340    
         464  0.2788822    
         465  0.2784317    
         466  0.2779842    
         467  0.2775375    
         468  0.2770928    
         469  0.2766498    
         470  0.2762086    
         471  0.2757684    
         472  0.2753300    
         473  0.2748929    
         474  0.2744576    
         475  0.2740239    
         476  0.2735924    
         477  0.2731620    
         478  0.2727334    
         479  0.2723061    
         480  0.2718809    
         481  0.2714570    
         482  0.2710339    
         483  0.2706134    
         484  0.2701935    
         485  0.2697756    
         486  0.2693588    
         487  0.2689435    
         488  0.2685308    
         489  0.2681195    
         490  0.2677087    
         491  0.2673000    
         492  0.2668921    
         493  0.2664860    
         494  0.2660813    
         495  0.2656780    
         496  0.2652759    
         497  0.2648761    
         498  0.2644777    
         499  0.2640793    
         500  0.2636836    
         501  0.2632882    
         502  0.2628947    
         503  0.2625022    
         504  0.2621117    
         505  0.2617225    
         506  0.2613347    
         507  0.2609478    
         508  0.2605628    
         509  0.2601786    
         510  0.2597957    
         511  0.2594143    
         512  0.2590343    
         513  0.2586555    
         514  0.2582779    
         515  0.2579013    
         516  0.2575265    
         517  0.2571523    
         518  0.2567794    
         519  0.2564088    
         520  0.2560390    
         521  0.2556701    
         522  0.2553034    
         523  0.2549369    
         524  0.2545715    
         525  0.2542078    
         526  0.2538455    
         527  0.2534839    
         528  0.2531239    
         529  0.2527653    
         530  0.2524072    
         531  0.2520505    
         532  0.2516950    
         533  0.2513401    
         534  0.2509872    
         535  0.2506356    
         536  0.2502847    
         537  0.2499345    
         538  0.2495856    
         539  0.2492379    
         540  0.2488916    
         541  0.2485462    
         542  0.2482023    
         543  0.2478600    
         544  0.2475177    
         545  0.2471769    
         546  0.2468373    
         547  0.2464987    
         548  0.2461609    
         549  0.2458240    
         550  0.2454882    
         551  0.2451542    
         552  0.2448205    
         553  0.2444888    
         554  0.2441579    
         555  0.2438274    
         556  0.2434982    
         557  0.2431698    
         558  0.2428436    
         559  0.2425176    
         560  0.2421925    
         561  0.2418694    
         562  0.2415463    
         563  0.2412250    
         564  0.2409040    
         565  0.2405844    
         566  0.2402661    
         567  0.2399482    
         568  0.2396315    
         569  0.2393153    
         570  0.2390011    
         571  0.2386867    
         572  0.2383740    
         573  0.2380619    
         574  0.2377507    
         575  0.2374409    
         576  0.2371310    
         577  0.2368233    
         578  0.2365151    
         579  0.2362091    
         580  0.2359028    
         581  0.2355988    
         582  0.2352944    
         583  0.2349915    
         584  0.2346894    
         585  0.2343886    
         586  0.2340892    
         587  0.2337901    
         588  0.2334916    
         589  0.2331946    
         590  0.2328981    
         591  0.2326017    
         592  0.2323070    
         593  0.2320130    
         594  0.2317200    
         595  0.2314269    
         596  0.2311362    
         597  0.2308459    
         598  0.2305564    
         599  0.2302670    
         600  0.2299794    
         601  0.2296923    
         602  0.2294062    
         603  0.2291210    
         604  0.2288367    
         605  0.2285521    
         606  0.2282702    
         607  0.2279875    
         608  0.2277061    
         609  0.2274252    
         610  0.2271460    
         611  0.2268675    
         612  0.2265893    
         613  0.2263117    
         614  0.2260354    
         615  0.2257603    
         616  0.2254858    
         617  0.2252119    
         618  0.2249380    
         619  0.2246658    
         620  0.2243938    
         621  0.2241231    
         622  0.2238515    
         623  0.2235821    
         624  0.2233130    
         625  0.2230453    
         626  0.2227777    
         627  0.2225111    
         628  0.2222451    
         629  0.2219801    
         630  0.2217163    
         631  0.2214523    
         632  0.2211895    
         633  0.2209275    
         634  0.2206663    
         635  0.2204058    
         636  0.2201452    
         637  0.2198861    
         638  0.2196272    
         639  0.2193697    
         640  0.2191124    
         641  0.2188564    
         642  0.2186008    
         643  0.2183456    
         644  0.2180916    
         645  0.2178376    
         646  0.2175852    
         647  0.2173327    
         648  0.2170808    
         649  0.2168305    
         650  0.2165797    
         651  0.2163300    
         652  0.2160812    
         653  0.2158332    
         654  0.2155858    
         655  0.2153382    
         656  0.2150923    
         657  0.2148464    
         658  0.2146018    
         659  0.2143580    
         660  0.2141136    
         661  0.2138710    
         662  0.2136284    
         663  0.2133867    
         664  0.2131459    
         665  0.2129046    
         666  0.2126651    
         667  0.2124264    
         668  0.2121877    
         669  0.2119499    
         670  0.2117120    
         671  0.2114757    
         672  0.2112399    
         673  0.2110041    
         674  0.2107694    
         675  0.2105353    
         676  0.2103016    
         677  0.2100685    
         678  0.2098358    
         679  0.2096043    
         680  0.2093731    
         681  0.2091420    
         682  0.2089117    
         683  0.2086825    
         684  0.2084530    
         685  0.2082246    
         686  0.2079969    
         687  0.2077701    
         688  0.2075438    
         689  0.2073174    
         690  0.2070921    
         691  0.2068676    
         692  0.2066430    
         693  0.2064196    
         694  0.2061967    
         695  0.2059737    
         696  0.2057519    
         697  0.2055305    
         698  0.2053090    
         699  0.2050887    
         700  0.2048688    
         701  0.2046490    
         702  0.2044301    
         703  0.2042118    
         704  0.2039944    
         705  0.2037775    
         706  0.2035611    
         707  0.2033448    
         708  0.2031290    
         709  0.2029146    
         710  0.2027001    
         711  0.2024865    
         712  0.2022735    
         713  0.2020603    
         714  0.2018480    
         715  0.2016366    
         716  0.2014252    
         717  0.2012146    
         718  0.2010049    
         719  0.2007947    
         720  0.2005855    
         721  0.2003769    
         722  0.2001684    
         723  0.1999610    
         724  0.1997538    
         725  0.1995470    
         726  0.1993410    
         727  0.1991350    
         728  0.1989296    
         729  0.1987247    
         730  0.1985203    
         731  0.1983171    
         732  0.1981136    
         733  0.1979104    
         734  0.1977081    
         735  0.1975064    
         736  0.1973055    
         737  0.1971045    
         738  0.1969041    
         739  0.1967046    
         740  0.1965052    
         741  0.1963062    
         742  0.1961077    
         743  0.1959096    
         744  0.1957124    
         745  0.1955153    
         746  0.1953190    
         747  0.1951229    
         748  0.1949267    
         749  0.1947315    
         750  0.1945368    
         751  0.1943427    
         752  0.1941484    
         753  0.1939554    
         754  0.1937623    
         755  0.1935696    
         756  0.1933776    
         757  0.1931858    
         758  0.1929947    
         759  0.1928040    
         760  0.1926140    
         761  0.1924240    
         762  0.1922348    
         763  0.1920453    
         764  0.1918565    
         765  0.1916686    
         766  0.1914808    
         767  0.1912939    
         768  0.1911068    
         769  0.1909208    
         770  0.1907347    
         771  0.1905495    
         772  0.1903641    
         773  0.1901796    
         774  0.1899950    
         775  0.1898109    
         776  0.1896274    
         777  0.1894443    
         778  0.1892617    
         779  0.1890793    
         780  0.1888976    
         781  0.1887158    
         782  0.1885349    
         783  0.1883541    
         784  0.1881742    
         785  0.1879942    
         786  0.1878150    
         787  0.1876356    
         788  0.1874573    
         789  0.1872789    
         790  0.1871013    
         791  0.1869236    
         792  0.1867471    
         793  0.1865703    
         794  0.1863948    
         795  0.1862186    
         796  0.1860433    
         797  0.1858680    
         798  0.1856935    
         799  0.1855189    
         800  0.1853452    
         801  0.1851713    
         802  0.1849983    
         803  0.1848251    
         804  0.1846528    
         805  0.1844805    
         806  0.1843091    
         807  0.1841375    
         808  0.1839671    
         809  0.1837960    
         810  0.1836255    
         811  0.1834556    
         812  0.1832859    
         813  0.1831166    
         814  0.1829478    
         815  0.1827796    
         816  0.1826110    
         817  0.1824438    
         818  0.1822759    
         819  0.1821091    
         820  0.1819422    
         821  0.1817760    
         822  0.1816097    
         823  0.1814443    
         824  0.1812789    
         825  0.1811143    
         826  0.1809499    
         827  0.1807859    
         828  0.1806222    
         829  0.1804580    
         830  0.1802954    
         831  0.1801321    
         832  0.1799704    
         833  0.1798080    
         834  0.1796465    
         835  0.1794850    
         836  0.1793239    
         837  0.1791636    
         838  0.1790027    
         839  0.1788431    
         840  0.1786832    
         841  0.1785244    
         842  0.1783652    
         843  0.1782064    
         844  0.1780481    
         845  0.1778894    
         846  0.1777322    
         847  0.1775743    
         848  0.1774177    
         849  0.1772609    
         850  0.1771048    
         851  0.1769487    
         852  0.1767925    
         853  0.1766373    
         854  0.1764822    
         855  0.1763272    
         856  0.1761727    
         857  0.1760182    
         858  0.1758649    
         859  0.1757109    
         860  0.1755577    
         861  0.1754048    
         862  0.1752522    
         863  0.1751001    
         864  0.1749476    
         865  0.1747962    
         866  0.1746447    
         867  0.1744935    
         868  0.1743431    
         869  0.1741921    
         870  0.1740424    
         871  0.1738919    
         872  0.1737424    
         873  0.1735938    
         874  0.1734442    
         875  0.1732959    
         876  0.1731473    
         877  0.1729992    
         878  0.1728515    
         879  0.1727035    
         880  0.1725568    
         881  0.1724097    
         882  0.1722627    
         883  0.1721172    
         884  0.1719704    
         885  0.1718246    
         886  0.1716800    
         887  0.1715341    
         888  0.1713894    
         889  0.1712449    
         890  0.1711005    
         891  0.1709568    
         892  0.1708128    
         893  0.1706695    
         894  0.1705265    
         895  0.1703830    
         896  0.1702405    
         897  0.1700980    
         898  0.1699557    
         899  0.1698141    
         900  0.1696723    
         901  0.1695310    
         902  0.1693904    
         903  0.1692495    
         904  0.1691092    
         905  0.1689693    
         906  0.1688285    
         907  0.1686893    
         908  0.1685502    
         909  0.1684102    
         910  0.1682720    
         911  0.1681334    
         912  0.1679946    
         913  0.1678569    
         914  0.1677191    
         915  0.1675814    
         916  0.1674445    
         917  0.1673069    
         918  0.1671703    
         919  0.1670343    
         920  0.1668976    
         921  0.1667619    
         922  0.1666265    
         923  0.1664906    
         924  0.1663558    
         925  0.1662210    
         926  0.1660860    
         927  0.1659521    
         928  0.1658179    
         929  0.1656836    
         930  0.1655499    
         931  0.1654167    
         932  0.1652835    
         933  0.1651506    
         934  0.1650182    
         935  0.1648854    
         936  0.1647535    
         937  0.1646216    
         938  0.1644900    
         939  0.1643591    
         940  0.1642282    
         941  0.1640968    
         942  0.1639665    
         943  0.1638362    
         944  0.1637057    
         945  0.1635758    
         946  0.1634460    
         947  0.1633167    
         948  0.1631875    
         949  0.1630587    
         950  0.1629299    
         951  0.1628010    
         952  0.1626730    
         953  0.1625450    
         954  0.1624171    
         955  0.1622898    
         956  0.1621624    
         957  0.1620349    
         958  0.1619079    
         959  0.1617815    
         960  0.1616546    
         961  0.1615285    
         962  0.1614029    
         963  0.1612768    
         964  0.1611515    
         965  0.1610260    
         966  0.1609007    
         967  0.1607755    
         968  0.1606513    
         969  0.1605268    
         970  0.1604022    
         971  0.1602782    
         972  0.1601544    
         973  0.1600307    
         974  0.1599074    
         975  0.1597850    
         976  0.1596620    
         977  0.1595396    
         978  0.1594172    
         979  0.1592953    
         980  0.1591727    
         981  0.1590509    
         982  0.1589294    
         983  0.1588077    
         984  0.1586868    
         985  0.1585660    
         986  0.1584458    
         987  0.1583249    
         988  0.1582053    
         989  0.1580851    
         990  0.1579655    
         991  0.1578456    
         992  0.1577268    
         993  0.1576075    
         994  0.1574886    
         995  0.1573698    
         996  0.1572516    
         997  0.1571328    
         998  0.1570147    
         999  0.1568970    
        1000  0.1567795    
        1001  0.1566619    
        1002  0.1565446    
        1003  0.1564278    
        1004  0.1563109    
        1005  0.1561942    
        1006  0.1560781    
        1007  0.1559620    
        1008  0.1558457    
        1009  0.1557300    
        1010  0.1556144    
        1011  0.1554991    
        1012  0.1553833    
        1013  0.1552684    
        1014  0.1551535    
        1015  0.1550388    
        1016  0.1549240    
        1017  0.1548101    
        1018  0.1546961    
        1019  0.1545822    
        1020  0.1544684    
        1021  0.1543552    
        1022  0.1542418    
        1023  0.1541287    
        1024  0.1540157    
        1025  0.1539030    
        1026  0.1537905    
        1027  0.1536777    
        1028  0.1535655    
        1029  0.1534537    
        1030  0.1533418    
        1031  0.1532298    
        1032  0.1531187    
        1033  0.1530074    
        1034  0.1528965    
        1035  0.1527852    
        1036  0.1526749    
        1037  0.1525645    
        1038  0.1524543    
        1039  0.1523440    
        1040  0.1522343    
        1041  0.1521244    
        1042  0.1520149    
        1043  0.1519053    
        1044  0.1517964    
        1045  0.1516875    
        1046  0.1515787    
        1047  0.1514699    
        1048  0.1513617    
        1049  0.1512536    
        1050  0.1511454    
        1051  0.1510373    
        1052  0.1509297    
        1053  0.1508221    
        1054  0.1507148    
        1055  0.1506075    
        1056  0.1505005    
        1057  0.1503937    
        1058  0.1502875    
        1059  0.1501806    
        1060  0.1500747    
        1061  0.1499684    
        1062  0.1498627    
        1063  0.1497566    
        1064  0.1496511    
        1065  0.1495458    
        1066  0.1494406    
        1067  0.1493355    
        1068  0.1492303    
        1069  0.1491257    
        1070  0.1490207    
        1071  0.1489163    
        1072  0.1488117    
        1073  0.1487079    
        1074  0.1486039    
        1075  0.1485004    
        1076  0.1483968    
        1077  0.1482933    
        1078  0.1481902    
        1079  0.1480871    
        1080  0.1479841    
        1081  0.1478814    
        1082  0.1477792    
        1083  0.1476769    
        1084  0.1475745    
        1085  0.1474725    
        1086  0.1473709    
        1087  0.1472693    
        1088  0.1471682    
        1089  0.1470665    
        1090  0.1469654    
        1091  0.1468642    
        1092  0.1467634    
        1093  0.1466629    
        1094  0.1465624    
        1095  0.1464623    
        1096  0.1463619    
        1097  0.1462624    
        1098  0.1461620    
        1099  0.1460624    
        1100  0.1459632    
        1101  0.1458635    
        1102  0.1457644    
        1103  0.1456647    
        1104  0.1455660    
        1105  0.1454672    
        1106  0.1453686    
        1107  0.1452701    
        1108  0.1451714    
        1109  0.1450735    
        1110  0.1449753    
        1111  0.1448776    
        1112  0.1447798    
        1113  0.1446822    
        1114  0.1445850    
        1115  0.1444874    
        1116  0.1443906    
        1117  0.1442933    
        1118  0.1441965    
        1119  0.1440999    
        1120  0.1440036    
        1121  0.1439072    
        1122  0.1438108    
        1123  0.1437150    
        1124  0.1436190    
        1125  0.1435237    
        1126  0.1434281    
        1127  0.1433326    
        1128  0.1432374    
        1129  0.1431420    
        1130  0.1430472    
        1131  0.1429519    
        1132  0.1428571    
        1133  0.1427625    
        1134  0.1426680    
        1135  0.1425737    
        1136  0.1424793    
        1137  0.1423852    
        1138  0.1422917    
        1139  0.1421975    
        1140  0.1421040    
        1141  0.1420103    
        1142  0.1419171    
        1143  0.1418239    
        1144  0.1417306    
        1145  0.1416377    
        1146  0.1415451    
        1147  0.1414524    
        1148  0.1413600    
        1149  0.1412675    
        1150  0.1411757    
        1151  0.1410835    
        1152  0.1409914    
        1153  0.1409002    
        1154  0.1408082    
        1155  0.1407168    
        1156  0.1406254    
        1157  0.1405342    
        1158  0.1404433    
        1159  0.1403522    
        1160  0.1402617    
        1161  0.1401711    
        1162  0.1400802    
        1163  0.1399900    
        1164  0.1399000    
        1165  0.1398098    
        1166  0.1397200    
        1167  0.1396300    
        1168  0.1395403    
        1169  0.1394510    
        1170  0.1393614    
        1171  0.1392723    
        1172  0.1391832    
        1173  0.1390940    
        1174  0.1390055    
        1175  0.1389167    
        1176  0.1388278    
        1177  0.1387395    
        1178  0.1386510    
        1179  0.1385628    
        1180  0.1384748    
        1181  0.1383868    
        1182  0.1382990    
        1183  0.1382110    
        1184  0.1381235    
        1185  0.1380362    
        1186  0.1379487    
        1187  0.1378615    
        1188  0.1377748    
        1189  0.1376878    
        1190  0.1376011    
        1191  0.1375145    
        1192  0.1374278    
        1193  0.1373416    
        1194  0.1372553    
        1195  0.1371691    
        1196  0.1370832    
        1197  0.1369974    
        1198  0.1369115    
        1199  0.1368258    
        1200  0.1367403    
        1201  0.1366548    
        1202  0.1365695    
        1203  0.1364844    
        1204  0.1363995    
        1205  0.1363147    
        1206  0.1362298    
        1207  0.1361452    
        1208  0.1360607    
        1209  0.1359763    
        1210  0.1358920    
        1211  0.1358078    
        1212  0.1357236    
        1213  0.1356398    
        1214  0.1355559    
        1215  0.1354722    
        1216  0.1353885    
        1217  0.1353050    
        1218  0.1352217    
        1219  0.1351386    
        1220  0.1350553    
        1221  0.1349722    
        1222  0.1348895    
        1223  0.1348066    
        1224  0.1347238    
        1225  0.1346417    
        1226  0.1345589    
        1227  0.1344766    
        1228  0.1343947    
        1229  0.1343124    
        1230  0.1342304    
        1231  0.1341487    
        1232  0.1340666    
        1233  0.1339851    
        1234  0.1339037    
        1235  0.1338221    
        1236  0.1337409    
        1237  0.1336599    
        1238  0.1335788    
        1239  0.1334980    
        1240  0.1334172    
        1241  0.1333366    
        1242  0.1332560    
        1243  0.1331758    
        1244  0.1330956    
        1245  0.1330151    
        1246  0.1329353    
        1247  0.1328555    
        1248  0.1327755    
        1249  0.1326959    
        1250  0.1326161    
        1251  0.1325364    
        1252  0.1324572    
        1253  0.1323781    
        1254  0.1322985    
        1255  0.1322194    
        1256  0.1321406    
        1257  0.1320616    
        1258  0.1319828    
        1259  0.1319045    
        1260  0.1318257    
        1261  0.1317474    
        1262  0.1316693    
        1263  0.1315909    
        1264  0.1315130    
        1265  0.1314351    
        1266  0.1313574    
        1267  0.1312794    
        1268  0.1312018    
        1269  0.1311245    
        1270  0.1310466    
        1271  0.1309696    
        1272  0.1308924    
        1273  0.1308150    
        1274  0.1307377    
        1275  0.1306611    
        1276  0.1305842    
        1277  0.1305071    
        1278  0.1304309    
        1279  0.1303544    
        1280  0.1302778    
        1281  0.1302015    
        1282  0.1301255    
        1283  0.1300494    
        1284  0.1299733    
        1285  0.1298978    
        1286  0.1298219    
        1287  0.1297464    
        1288  0.1296709    
        1289  0.1295957    
        1290  0.1295199    
        1291  0.1294447    
        1292  0.1293698    
        1293  0.1292947    
        1294  0.1292197    
        1295  0.1291447    
        1296  0.1290701    
        1297  0.1289952    
        1298  0.1289207    
        1299  0.1288465    
        1300  0.1287718    
        1301  0.1286976    
        1302  0.1286235    
        1303  0.1285498    
        1304  0.1284753    
        1305  0.1284017    
        1306  0.1283280    
        1307  0.1282543    
        1308  0.1281805    
        1309  0.1281072    
        1310  0.1280340    
        1311  0.1279605    
        1312  0.1278873    
        1313  0.1278143    
        1314  0.1277412    
        1315  0.1276681    
        1316  0.1275955    
        1317  0.1275228    
        1318  0.1274501    
        1319  0.1273773    
        1320  0.1273051    
        1321  0.1272327    
        1322  0.1271604    
        1323  0.1270883    
        1324  0.1270165    
        1325  0.1269443    
        1326  0.1268727    
        1327  0.1268011    
        1328  0.1267292    
        1329  0.1266577    
        1330  0.1265863    
        1331  0.1265150    
        1332  0.1264438    
        1333  0.1263727    
        1334  0.1263018    
        1335  0.1262310    
        1336  0.1261598    
        1337  0.1260890    
        1338  0.1260183    
        1339  0.1259480    
        1340  0.1258771    
        1341  0.1258068    
        1342  0.1257366    
        1343  0.1256664    
        1344  0.1255959    
        1345  0.1255260    
        1346  0.1254561    
        1347  0.1253862    
        1348  0.1253160    
        1349  0.1252465    
        1350  0.1251768    
        1351  0.1251073    
        1352  0.1250376    
        1353  0.1249686    
        1354  0.1248994    
        1355  0.1248301    
        1356  0.1247609    
        1357  0.1246922    
        1358  0.1246233    
        1359  0.1245543    
        1360  0.1244857    
        1361  0.1244172    
        1362  0.1243487    
        1363  0.1242802    
        1364  0.1242118    
        1365  0.1241437    
        1366  0.1240755    
        1367  0.1240071    
        1368  0.1239392    
        1369  0.1238712    
        1370  0.1238034    
        1371  0.1237355    
        1372  0.1236679    
        1373  0.1236006    
        1374  0.1235333    
        1375  0.1234656    
        1376  0.1233984    
        1377  0.1233312    
        1378  0.1232644    
        1379  0.1231968    
        1380  0.1231300    
        1381  0.1230630    
        1382  0.1229964    
        1383  0.1229292    
        1384  0.1228628    
        1385  0.1227964    
        1386  0.1227301    
        1387  0.1226633    
        1388  0.1225972    
        1389  0.1225311    
        1390  0.1224650    
        1391  0.1223988    
        1392  0.1223328    
        1393  0.1222672    
        1394  0.1222014    
        1395  0.1221356    
        1396  0.1220699    
        1397  0.1220048    
        1398  0.1219393    
        1399  0.1218738    
        1400  0.1218084    
        1401  0.1217434    
        1402  0.1216784    
        1403  0.1216133    
        1404  0.1215484    
        1405  0.1214834    
        1406  0.1214187    
        1407  0.1213537    
        1408  0.1212891    
        1409  0.1212244    
        1410  0.1211604    
        1411  0.1210959    
        1412  0.1210316    
        1413  0.1209675    
        1414  0.1209033    
        1415  0.1208394    
        1416  0.1207751    
        1417  0.1207114    
        1418  0.1206477    
        1419  0.1205841    
        1420  0.1205203    
        1421  0.1204567    
        1422  0.1203934    
        1423  0.1203298    
        1424  0.1202669    
        1425  0.1202032    
        1426  0.1201401    
        1427  0.1200769    
        1428  0.1200140    
        1429  0.1199507    
        1430  0.1198877    
        1431  0.1198251    
        1432  0.1197622    
        1433  0.1196997    
        1434  0.1196367    
        1435  0.1195743    
        1436  0.1195118    
        1437  0.1194493    
        1438  0.1193869    
        1439  0.1193247    
        1440  0.1192627    
        1441  0.1192007    
        1442  0.1191386    
        1443  0.1190765    
        1444  0.1190146    
        1445  0.1189532    
        1446  0.1188914    
        1447  0.1188297    
        1448  0.1187680    
        1449  0.1187067    
        1450  0.1186454    
        1451  0.1185840    
        1452  0.1185227    
        1453  0.1184616    
        1454  0.1184007    
        1455  0.1183396    
        1456  0.1182783    
        1457  0.1182174    
        1458  0.1181565    
        1459  0.1180960    
        1460  0.1180353    
        1461  0.1179743    
        1462  0.1179139    
        1463  0.1178535    
        1464  0.1177933    
        1465  0.1177327    
        1466  0.1176725    
        1467  0.1176124    
        1468  0.1175522    
        1469  0.1174927    
        1470  0.1174322    
        1471  0.1173723    
        1472  0.1173127    
        1473  0.1172527    
        1474  0.1171931    
        1475  0.1171332    
        1476  0.1170735    
        1477  0.1170140    
        1478  0.1169548    
        1479  0.1168958    
        1480  0.1168360    
        1481  0.1167770    
        1482  0.1167179    
        1483  0.1166589    
        1484  0.1166002    
        1485  0.1165408    
        1486  0.1164821    
        1487  0.1164232    
        1488  0.1163645    
        1489  0.1163063    
        1490  0.1162476    
        1491  0.1161893    
        1492  0.1161309    
        1493  0.1160726    
        1494  0.1160141    
        1495  0.1159556    
        1496  0.1158977    
        1497  0.1158398    
        1498  0.1157816    
        1499  0.1157237    
        1500  0.1156658    
        1501  0.1156081    
        1502  0.1155506    
        1503  0.1154928    
        1504  0.1154352    
        1505  0.1153776    
        1506  0.1153202    
        1507  0.1152629    
        1508  0.1152056    
        1509  0.1151482    
        1510  0.1150911    
        1511  0.1150338    
        1512  0.1149770    
        1513  0.1149202    
        1514  0.1148633    
        1515  0.1148061    
        1516  0.1147493    
        1517  0.1146927    
        1518  0.1146362    
        1519  0.1145793    
        1520  0.1145228    
        1521  0.1144663    
        1522  0.1144099    
        1523  0.1143537    
        1524  0.1142973    
        1525  0.1142409    
        1526  0.1141848    
        1527  0.1141287    
        1528  0.1140728    
        1529  0.1140170    
        1530  0.1139608    
        1531  0.1139051    
        1532  0.1138492    
        1533  0.1137939    
        1534  0.1137384    
        1535  0.1136825    
        1536  0.1136270    
        1537  0.1135717    
        1538  0.1135162    
        1539  0.1134610    
        1540  0.1134058    
        1541  0.1133503    
        1542  0.1132952    
        1543  0.1132402    
        1544  0.1131852    
        1545  0.1131304    
        1546  0.1130752    
        1547  0.1130204    
        1548  0.1129657    
        1549  0.1129110    
        1550  0.1128566    
        1551  0.1128018    
        1552  0.1127470    
        1553  0.1126928    
        1554  0.1126385    
        1555  0.1125842    
        1556  0.1125298    
        1557  0.1124754    
        1558  0.1124211    
        1559  0.1123671    
        1560  0.1123131    
        1561  0.1122591    
        1562  0.1122051    
        1563  0.1121510    
        1564  0.1120974    
        1565  0.1120437    
        1566  0.1119900    
        1567  0.1119365    
        1568  0.1118828    
        1569  0.1118291    
        1570  0.1117760    
        1571  0.1117226    
        1572  0.1116692    
        1573  0.1116161    
        1574  0.1115630    
        1575  0.1115097    
        1576  0.1114570    
        1577  0.1114040    
        1578  0.1113509    
        1579  0.1112982    
        1580  0.1112453    
        1581  0.1111925    
        1582  0.1111401    
        1583  0.1110873    
        1584  0.1110345    
        1585  0.1109821    
        1586  0.1109294    
        1587  0.1108770    
        1588  0.1108247    
        1589  0.1107724    
        1590  0.1107198    
        1591  0.1106678    
        1592  0.1106156    
        1593  0.1105636    
        1594  0.1105117    
        1595  0.1104597    
        1596  0.1104075    
        1597  0.1103557    
        1598  0.1103040    
        1599  0.1102524    
        1600  0.1102008    
        1601  0.1101492    
        1602  0.1100973    
        1603  0.1100459    
        1604  0.1099944    
        1605  0.1099430    
        1606  0.1098918    
        1607  0.1098405    
        1608  0.1097890    
        1609  0.1097379    
        1610  0.1096868    
        1611  0.1096358    
        1612  0.1095848    
        1613  0.1095338    
        1614  0.1094826    
        1615  0.1094319    
        1616  0.1093812    
        1617  0.1093302    
        1618  0.1092797    
        1619  0.1092292    
        1620  0.1091783    
        1621  0.1091276    
        1622  0.1090774    
        1623  0.1090270    
        1624  0.1089765    
        1625  0.1089264    
        1626  0.1088760    
        1627  0.1088256    
        1628  0.1087757    
        1629  0.1087256    
        1630  0.1086756    
        1631  0.1086257    
        1632  0.1085758    
        1633  0.1085257    
        1634  0.1084761    
        1635  0.1084265    
        1636  0.1083765    
        1637  0.1083270    
        1638  0.1082775    
        1639  0.1082276    
        1640  0.1081782    
        1641  0.1081290    
        1642  0.1080796    
        1643  0.1080302    
        1644  0.1079810    
        1645  0.1079317    
        1646  0.1078824    
        1647  0.1078334    
        1648  0.1077844    
        1649  0.1077353    
        1650  0.1076864    
        1651  0.1076376    
        1652  0.1075885    
        1653  0.1075398    
        1654  0.1074912    
        1655  0.1074423    
        1656  0.1073938    
        1657  0.1073451    
        1658  0.1072966    
        1659  0.1072478    
        1660  0.1071996    
        1661  0.1071514    
        1662  0.1071028    
        1663  0.1070544    
        1664  0.1070062    
        1665  0.1069577    
        1666  0.1069096    
        1667  0.1068617    
        1668  0.1068135    
        1669  0.1067654    
        1670  0.1067174    
        1671  0.1066694    
        1672  0.1066215    
        1673  0.1065739    
        1674  0.1065261    
        1675  0.1064784    
        1676  0.1064306    
        1677  0.1063829    
        1678  0.1063355    
        1679  0.1062878    
        1680  0.1062405    
        1681  0.1061931    
        1682  0.1061458    
        1683  0.1060983    
        1684  0.1060511    
        1685  0.1060040    
        1686  0.1059568    
        1687  0.1059097    
        1688  0.1058627    
        1689  0.1058159    
        1690  0.1057685    
        1691  0.1057216    
        1692  0.1056749    
        1693  0.1056280    
        1694  0.1055814    
        1695  0.1055345    
        1696  0.1054879    
        1697  0.1054411    
        1698  0.1053945    
        1699  0.1053481    
        1700  0.1053016    
        1701  0.1052553    
        1702  0.1052090    
        1703  0.1051626    
        1704  0.1051162    
        1705  0.1050700    
        1706  0.1050239    
        1707  0.1049777    
        1708  0.1049317    
        1709  0.1048856    
        1710  0.1048398    
        1711  0.1047936    
        1712  0.1047477    
        1713  0.1047020    
        1714  0.1046561    
        1715  0.1046103    
        1716  0.1045647    
        1717  0.1045191    
        1718  0.1044730    
        1719  0.1044276    
        1720  0.1043820    
        1721  0.1043367    
        1722  0.1042910    
        1723  0.1042458    
        1724  0.1042004    
        1725  0.1041549    
        1726  0.1041096    
        1727  0.1040644    
        1728  0.1040194    
        1729  0.1039739    
        1730  0.1039289    
        1731  0.1038839    
        1732  0.1038387    
        1733  0.1037936    
        1734  0.1037488    
        1735  0.1037039    
        1736  0.1036592    
        1737  0.1036144    
        1738  0.1035696    
        1739  0.1035249    
        1740  0.1034801    
        1741  0.1034357    
        1742  0.1033910    
        1743  0.1033466    
        1744  0.1033020    
        1745  0.1032578    
        1746  0.1032132    
        1747  0.1031689    
        1748  0.1031245    
        1749  0.1030803    
        1750  0.1030362    
        1751  0.1029919    
        1752  0.1029478    
        1753  0.1029039    
        1754  0.1028597    
        1755  0.1028157    
        1756  0.1027718    
        1757  0.1027280    
        1758  0.1026841    
        1759  0.1026402    
        1760  0.1025967    
        1761  0.1025528    
        1762  0.1025091    
        1763  0.1024656    
        1764  0.1024224    
        1765  0.1023788    
        1766  0.1023353    
        1767  0.1022919    
        1768  0.1022487    
        1769  0.1022051    
        1770  0.1021619    
        1771  0.1021187    
        1772  0.1020757    
        1773  0.1020324    
        1774  0.1019893    
        1775  0.1019463    
        1776  0.1019034    
        1777  0.1018601    
        1778  0.1018173    
        1779  0.1017744    
        1780  0.1017316    
        1781  0.1016885    
        1782  0.1016458    
        1783  0.1016031    
        1784  0.1015603    
        1785  0.1015176    
        1786  0.1014750    
        1787  0.1014324    
        1788  0.1013898    
        1789  0.1013473    
        1790  0.1013049    
        1791  0.1012624    
        1792  0.1012199    
        1793  0.1011775    
        1794  0.1011352    
        1795  0.1010931    
        1796  0.1010508    
        1797  0.1010086    
        1798  0.1009666    
        1799  0.1009244    
        1800  0.1008823    
        1801  0.1008402    
        1802  0.1007982    
        1803  0.1007564    
        1804  0.1007144    
        1805  0.1006724    
        1806  0.1006308    
        1807  0.1005889    
        1808  0.1005470    
        1809  0.1005054    
        1810  0.1004637    
        1811  0.1004221    
        1812  0.1003804    
        1813  0.1003388    
        1814  0.1002975    
        1815  0.1002559    
        1816  0.1002145    
        1817  0.1001731    
        1818  0.1001319    
        1819  0.1000905    
        1820  0.1000493    
        1821  0.1000081    
        1822  9.9967107E-02
        1823  9.9925965E-02
        1824  9.9884816E-02
        1825  9.9843636E-02
        1826  9.9802814E-02
        1827  9.9761941E-02
        1828  9.9720970E-02
        1829  9.9679969E-02
        1830  9.9639162E-02
        1831  9.9598527E-02
        1832  9.9557661E-02
        1833  9.9516846E-02
        1834  9.9476069E-02
        1835  9.9435583E-02
        1836  9.9394962E-02
        1837  9.9354267E-02
        1838  9.9313684E-02
        1839  9.9273324E-02
        1840  9.9232815E-02
        1841  9.9192403E-02
        1842  9.9151924E-02
        1843  9.9111781E-02
        1844  9.9071383E-02
        1845  9.9030957E-02
        1846  9.8990820E-02
        1847  9.8950595E-02
        1848  9.8910429E-02
        1849  9.8870136E-02
        1850  9.8830156E-02
        1851  9.8790102E-02
        1852  9.8750316E-02
        1853  9.8710187E-02
        1854  9.8670177E-02
        1855  9.8630369E-02
        1856  9.8590650E-02
        1857  9.8550618E-02
        1858  9.8510817E-02
        1859  9.8471135E-02
        1860  9.8431446E-02
        1861  9.8391689E-02
        1862  9.8352030E-02
        1863  9.8312527E-02
        1864  9.8272935E-02
        1865  9.8233566E-02
        1866  9.8193914E-02
        1867  9.8154411E-02
        1868  9.8115027E-02
        1869  9.8075785E-02
        1870  9.8036379E-02
        1871  9.7996973E-02
        1872  9.7957708E-02
        1873  9.7918451E-02
        1874  9.7879365E-02
        1875  9.7840063E-02
        1876  9.7801067E-02
        1877  9.7761951E-02
        1878  9.7722962E-02
        1879  9.7683839E-02
        1880  9.7644791E-02
        1881  9.7606033E-02
        1882  9.7567163E-02
        1883  9.7528197E-02
        1884  9.7489186E-02
        1885  9.7450398E-02
        1886  9.7411729E-02
        1887  9.7373016E-02
        1888  9.7334310E-02
        1889  9.7295605E-02
        1890  9.7257063E-02
        1891  9.7218379E-02
        1892  9.7179793E-02
        1893  9.7141214E-02
        1894  9.7102776E-02
        1895  9.7064391E-02
        1896  9.7025886E-02
        1897  9.6987471E-02
        1898  9.6949093E-02
        1899  9.6910998E-02
        1900  9.6872747E-02
        1901  9.6834444E-02
        1902  9.6796237E-02
        1903  9.6758068E-02
        1904  9.6720107E-02
        1905  9.6681900E-02
        1906  9.6643925E-02
        1907  9.6605808E-02
        1908  9.6567944E-02
        1909  9.6529938E-02
        1910  9.6492007E-02
        1911  9.6454076E-02
        1912  9.6416146E-02
        1913  9.6378461E-02
        1914  9.6340664E-02
        1915  9.6302785E-02
        1916  9.6265145E-02
        1917  9.6227564E-02
        1918  9.6190006E-02
        1919  9.6152276E-02
        1920  9.6114732E-02
        1921  9.6077166E-02
        1922  9.6039727E-02
        1923  9.6002370E-02
        1924  9.5964693E-02
        1925  9.5927440E-02
        1926  9.5890068E-02
        1927  9.5852830E-02
        1928  9.5815539E-02
        1929  9.5778078E-02
        1930  9.5740944E-02
        1931  9.5703721E-02
        1932  9.5666647E-02
        1933  9.5629454E-02
        1934  9.5592387E-02
        1935  9.5555335E-02
        1936  9.5518373E-02
        1937  9.5481366E-02
        1938  9.5444225E-02
        1939  9.5407329E-02
        1940  9.5370524E-02
        1941  9.5333651E-02
        1942  9.5297039E-02
        1943  9.5260032E-02
        1944  9.5223218E-02
        1945  9.5186614E-02
        1946  9.5149912E-02
        1947  9.5113181E-02
        1948  9.5076449E-02
        1949  9.5039934E-02
        1950  9.5003404E-02
        1951  9.4967052E-02
        1952  9.4930515E-02
        1953  9.4893821E-02
        1954  9.4857581E-02
        1955  9.4821200E-02
        1956  9.4784901E-02
        1957  9.4748653E-02
        1958  9.4712175E-02
        1959  9.4676077E-02
        1960  9.4639823E-02
        1961  9.4603702E-02
        1962  9.4567463E-02
        1963  9.4531238E-02
        1964  9.4495274E-02
        1965  9.4459198E-02
        1966  9.4423234E-02
        1967  9.4387203E-02
        1968  9.4351195E-02
        1969  9.4315432E-02
        1970  9.4279520E-02
        1971  9.4243631E-02
        1972  9.4207749E-02
        1973  9.4171740E-02
        1974  9.4136141E-02
        1975  9.4100431E-02
        1976  9.4064705E-02
        1977  9.4028831E-02
        1978  9.3993187E-02
        1979  9.3957663E-02
        1980  9.3922205E-02
        1981  9.3886457E-02
        1982  9.3851022E-02
        1983  9.3815520E-02
        1984  9.3780123E-02
        1985  9.3744628E-02
        1986  9.3709305E-02
        1987  9.3673863E-02
        1988  9.3638361E-02
        1989  9.3603201E-02
        1990  9.3567990E-02
        1991  9.3532547E-02
        1992  9.3497321E-02
        1993  9.3462206E-02
        1994  9.3427055E-02
        1995  9.3392037E-02
        1996  9.3356982E-02
        1997  9.3321793E-02
        1998  9.3286589E-02
        1999  9.3251646E-02
        2000  9.3216822E-02
        2001  9.3181759E-02
        2002  9.3146734E-02
        2003  9.3111925E-02
        2004  9.3076959E-02
        2005  9.3042262E-02
        2006  9.3007438E-02
        2007  9.2972569E-02
        2008  9.2937849E-02
        2009  9.2903070E-02
        2010  9.2868522E-02
        2011  9.2833944E-02
        2012  9.2799224E-02
        2013  9.2764452E-02
        2014  9.2730127E-02
        2015  9.2695482E-02
        2016  9.2661202E-02
        2017  9.2626557E-02
        2018  9.2592001E-02
        2019  9.2557684E-02
        2020  9.2523254E-02
        2021  9.2489019E-02
        2022  9.2454739E-02
        2023  9.2420220E-02
        2024  9.2386007E-02
        2025  9.2351735E-02
        2026  9.2317566E-02
        2027  9.2283644E-02
        2028  9.2249289E-02
        2029  9.2215076E-02
        2030  9.2181131E-02
        2031  9.2147127E-02
        2032  9.2113219E-02
        2033  9.2079021E-02
        2034  9.2044875E-02
        2035  9.2011057E-02
        2036  9.1977328E-02
        2037  9.1943532E-02
        2038  9.1909647E-02
        2039  9.1875799E-02
        2040  9.1842063E-02
        2041  9.1808356E-02
        2042  9.1774672E-02
        2043  9.1741137E-02
        2044  9.1707356E-02
        2045  9.1673635E-02
        2046  9.1640145E-02
        2047  9.1606528E-02
        2048  9.1572993E-02
        2049  9.1539659E-02
        2050  9.1505952E-02
        2051  9.1472507E-02
        2052  9.1439202E-02
        2053  9.1405958E-02
        2054  9.1372587E-02
        2055  9.1339208E-02
        2056  9.1305733E-02
        2057  9.1272697E-02
        2058  9.1239341E-02
        2059  9.1206238E-02
        2060  9.1173157E-02
        2061  9.1139756E-02
        2062  9.1106653E-02
        2063  9.1073617E-02
        2064  9.1040470E-02
        2065  9.1007389E-02
        2066  9.0974264E-02
        2067  9.0941079E-02
        2068  9.0908147E-02
        2069  9.0875275E-02
        2070  9.0842322E-02
        2071  9.0809464E-02
        2072  9.0776578E-02
        2073  9.0743683E-02
        2074  9.0710998E-02
        2075  9.0678178E-02
        2076  9.0645522E-02
        2077  9.0612635E-02
        2078  9.0579845E-02
        2079  9.0547338E-02
        2080  9.0514675E-02
        2081  9.0481997E-02
        2082  9.0449370E-02
        2083  9.0416789E-02
        2084  9.0384141E-02
        2085  9.0351619E-02
        2086  9.0319335E-02
        2087  9.0286881E-02
        2088  9.0254515E-02
        2089  9.0221994E-02
        2090  9.0189658E-02
        2091  9.0157256E-02
        2092  9.0125151E-02
        2093  9.0092771E-02
        2094  9.0060405E-02
        2095  9.0028211E-02
        2096  8.9995801E-02
        2097  8.9963712E-02
        2098  8.9931674E-02
        2099  8.9899503E-02
        2100  8.9867286E-02
        2101  8.9835107E-02
        2102  8.9803092E-02
        2103  8.9771077E-02
        2104  8.9739196E-02
        2105  8.9707144E-02
        2106  8.9675143E-02
        2107  8.9643300E-02
        2108  8.9611351E-02
        2109  8.9579590E-02
        2110  8.9547917E-02
        2111  8.9516021E-02
        2112  8.9484170E-02
        2113  8.9452378E-02
        2114  8.9420542E-02
        2115  8.9389034E-02
        2116  8.9357458E-02
        2117  8.9325570E-02
        2118  8.9293770E-02
        2119  8.9262336E-02
        2120  8.9230537E-02
        2121  8.9199208E-02
        2122  8.9167818E-02
        2123  8.9136228E-02
        2124  8.9104585E-02
        2125  8.9073226E-02
        2126  8.9041792E-02
        2127  8.9010425E-02
        2128  8.8979110E-02
        2129  8.8947587E-02
        2130  8.8916190E-02
        2131  8.8884905E-02
        2132  8.8853598E-02
        2133  8.8822447E-02
        2134  8.8791311E-02
        2135  8.8759966E-02
        2136  8.8728696E-02
        2137  8.8697530E-02
        2138  8.8666499E-02
        2139  8.8635497E-02
        2140  8.8604525E-02
        2141  8.8573381E-02
        2142  8.8542305E-02
        2143  8.8511243E-02
        2144  8.8480368E-02
        2145  8.8449471E-02
        2146  8.8418588E-02
        2147  8.8387832E-02
        2148  8.8356771E-02
        2149  8.8325843E-02
        2150  8.8295139E-02
        2151  8.8264279E-02
        2152  8.8233627E-02
        2153  8.8202901E-02
        2154  8.8172019E-02
        2155  8.8141389E-02
        2156  8.8110685E-02
        2157  8.8080190E-02
        2158  8.8049553E-02
        2159  8.8019028E-02
        2160  8.7988228E-02
        2161  8.7957650E-02
        2162  8.7927319E-02
        2163  8.7896869E-02
        2164  8.7866448E-02
        2165  8.7835938E-02
        2166  8.7805495E-02
        2167  8.7774955E-02
        2168  8.7744638E-02
        2169  8.7714285E-02
        2170  8.7683901E-02
        2171  8.7653741E-02
        2172  8.7623373E-02
        2173  8.7592959E-02
        2174  8.7562732E-02
        2175  8.7532610E-02
        2176  8.7502405E-02
        2177  8.7472416E-02
        2178  8.7442286E-02
        2179  8.7412089E-02
        2180  8.7381959E-02
        2181  8.7352000E-02
        2182  8.7322056E-02
        2183  8.7292083E-02
        2184  8.7262169E-02
        2185  8.7232180E-02
        2186  8.7202102E-02
        2187  8.7172128E-02
        2188  8.7142348E-02
        2189  8.7112606E-02
        2190  8.7082706E-02
        2191  8.7052874E-02
        2192  8.7022901E-02
        2193  8.6993150E-02
        2194  8.6963579E-02
        2195  8.6933993E-02
        2196  8.6904220E-02
        2197  8.6874612E-02
        2198  8.6844929E-02
        2199  8.6815245E-02
        2200  8.6785741E-02
        2201  8.6756244E-02
        2202  8.6726815E-02
        2203  8.6697236E-02
        2204  8.6667746E-02
        2205  8.6638235E-02
        2206  8.6608544E-02
        2207  8.6579278E-02
        2208  8.6549960E-02
        2209  8.6520545E-02
        2210  8.6491108E-02
        2211  8.6461790E-02
        2212  8.6432427E-02
        2213  8.6403042E-02
        2214  8.6373970E-02
        2215  8.6344749E-02
        2216  8.6315580E-02
        2217  8.6286470E-02
        2218  8.6257152E-02
        2219  8.6228088E-02
        2220  8.6198911E-02
        2221  8.6169966E-02
        2222  8.6140975E-02
        2223  8.6111858E-02
        2224  8.6082742E-02
        2225  8.6053528E-02
        2226  8.6024635E-02
        2227  8.5995659E-02
        2228  8.5966915E-02
        2229  8.5937925E-02
        2230  8.5909002E-02
        2231  8.5880019E-02
        2232  8.5851066E-02
        2233  8.5822158E-02
        2234  8.5793354E-02
        2235  8.5764736E-02
        2236  8.5736111E-02
        2237  8.5707106E-02
        2238  8.5678309E-02
        2239  8.5649543E-02
        2240  8.5620835E-02
        2241  8.5592248E-02
        2242  8.5563570E-02
        2243  8.5534900E-02
        2244  8.5506193E-02
        2245  8.5477524E-02
        2246  8.5448921E-02
        2247  8.5420318E-02
        2248  8.5391842E-02
        2249  8.5363343E-02
        2250  8.5334972E-02
        2251  8.5306160E-02
        2252  8.5277714E-02
        2253  8.5249178E-02
        2254  8.5220784E-02
        2255  8.5192479E-02
        2256  8.5164227E-02
        2257  8.5135937E-02
        2258  8.5107535E-02
        2259  8.5079178E-02
        2260  8.5050873E-02
        2261  8.5022733E-02
        2262  8.4994510E-02
        2263  8.4966384E-02
        2264  8.4938288E-02
        2265  8.4910080E-02
        2266  8.4881827E-02
        2267  8.4853806E-02
        2268  8.4825836E-02
        2269  8.4797740E-02
        2270  8.4769785E-02
        2271  8.4741905E-02
        2272  8.4713787E-02
        2273  8.4685788E-02
        2274  8.4657930E-02
        2275  8.4629953E-02
        2276  8.4602080E-02
        2277  8.4574409E-02
        2278  8.4546760E-02
        2279  8.4518768E-02
        2280  8.4490784E-02
        2281  8.4463112E-02
        2282  8.4435344E-02
        2283  8.4407650E-02
        2284  8.4379978E-02
        2285  8.4352463E-02
        2286  8.4324740E-02
        2287  8.4296852E-02
        2288  8.4269106E-02
        2289  8.4241517E-02
        2290  8.4213920E-02
        2291  8.4186375E-02
        2292  8.4159009E-02
        2293  8.4131330E-02
        2294  8.4103547E-02
        2295  8.4076151E-02
        2296  8.4048830E-02
        2297  8.4021412E-02
        2298  8.3994031E-02
        2299  8.3966643E-02
        2300  8.3939344E-02

real	1m17.383s
user	0m0.140s
sys	0m0.200s
