           1   25.15660    
           2   16.41411    
           3   12.25776    
           4   9.896099    
           5   8.371473    
           6   7.299594    
           7   6.500585    
           8   5.879382    
           9   5.380888    
          10   4.970948    
          11   4.627110    
          12   4.334039    
          13   4.080914    
          14   3.859758    
          15   3.664686    
          16   3.491171    
          17   3.335673    
          18   3.195421    
          19   3.068204    
          20   2.952210    
          21   2.845956    
          22   2.748203    
          23   2.657951    
          24   2.574320    
          25   2.496588    
          26   2.424116    
          27   2.356370    
          28   2.292879    
          29   2.233245    
          30   2.177105    
          31   2.124151    
          32   2.074117    
          33   2.026742    
          34   1.981815    
          35   1.939144    
          36   1.898558    
          37   1.859908    
          38   1.823039    
          39   1.787831    
          40   1.754170    
          41   1.721951    
          42   1.691082    
          43   1.661473    
          44   1.633045    
          45   1.605726    
          46   1.579452    
          47   1.554159    
          48   1.529793    
          49   1.506298    
          50   1.483631    
          51   1.461742    
          52   1.440592    
          53   1.420140    
          54   1.400356    
          55   1.381202    
          56   1.362650    
          57   1.344668    
          58   1.327232    
          59   1.310309    
          60   1.293887    
          61   1.277936    
          62   1.262434    
          63   1.247367    
          64   1.232711    
          65   1.218450    
          66   1.204571    
          67   1.191054    
          68   1.177885    
          69   1.165051    
          70   1.152537    
          71   1.140336    
          72   1.128430    
          73   1.116809    
          74   1.105465    
          75   1.094385    
          76   1.083562    
          77   1.072986    
          78   1.062647    
          79   1.052538    
          80   1.042649    
          81   1.032974    
          82   1.023507    
          83   1.014240    
          84   1.005166    
          85  0.9962792    
          86  0.9875754    
          87  0.9790438    
          88  0.9706823    
          89  0.9624912    
          90  0.9544548    
          91  0.9465727    
          92  0.9388433    
          93  0.9312556    
          94  0.9238150    
          95  0.9165078    
          96  0.9093350    
          97  0.9022923    
          98  0.8953755    
          99  0.8885810    
         100  0.8819063    
         101  0.8753468    
         102  0.8688982    
         103  0.8625609    
         104  0.8563316    
         105  0.8502050    
         106  0.8441792    
         107  0.8382528    
         108  0.8324224    
         109  0.8266866    
         110  0.8210428    
         111  0.8154858    
         112  0.8100181    
         113  0.8046318    
         114  0.7993325    
         115  0.7941107    
         116  0.7889690    
         117  0.7839035    
         118  0.7789156    
         119  0.7740007    
         120  0.7691545    
         121  0.7643827    
         122  0.7596745    
         123  0.7550359    
         124  0.7504640    
         125  0.7459550    
         126  0.7415097    
         127  0.7371251    
         128  0.7327992    
         129  0.7285338    
         130  0.7243255    
         131  0.7201727    
         132  0.7160769    
         133  0.7120335    
         134  0.7080429    
         135  0.7041038    
         136  0.7002146    
         137  0.6963793    
         138  0.6925892    
         139  0.6888465    
         140  0.6851521    
         141  0.6815041    
         142  0.6779018    
         143  0.6743402    
         144  0.6708232    
         145  0.6673498    
         146  0.6639189    
         147  0.6605279    
         148  0.6571763    
         149  0.6538638    
         150  0.6505907    
         151  0.6473562    
         152  0.6441599    
         153  0.6409984    
         154  0.6378725    
         155  0.6347835    
         156  0.6317278    
         157  0.6287066    
         158  0.6257198    
         159  0.6227662    
         160  0.6198441    
         161  0.6169522    
         162  0.6140935    
         163  0.6112652    
         164  0.6084674    
         165  0.6056982    
         166  0.6029589    
         167  0.6002489    
         168  0.5975668    
         169  0.5949121    
         170  0.5922842    
         171  0.5896840    
         172  0.5871104    
         173  0.5845624    
         174  0.5820407    
         175  0.5795433    
         176  0.5770701    
         177  0.5746240    
         178  0.5722010    
         179  0.5698014    
         180  0.5674247    
         181  0.5650695    
         182  0.5627396    
         183  0.5604302    
         184  0.5581439    
         185  0.5558795    
         186  0.5536361    
         187  0.5514136    
         188  0.5492116    
         189  0.5470303    
         190  0.5448684    
         191  0.5427281    
         192  0.5406076    
         193  0.5385052    
         194  0.5364216    
         195  0.5343567    
         196  0.5323101    
         197  0.5302805    
         198  0.5282711    
         199  0.5262772    
         200  0.5243026    
         201  0.5223449    
         202  0.5204018    
         203  0.5184787    
         204  0.5165721    
         205  0.5146799    
         206  0.5128058    
         207  0.5109440    
         208  0.5091007    
         209  0.5072727    
         210  0.5054585    
         211  0.5036612    
         212  0.5018785    
         213  0.5001096    
         214  0.4983569    
         215  0.4966188    
         216  0.4948917    
         217  0.4931782    
         218  0.4914806    
         219  0.4897965    
         220  0.4881247    
         221  0.4864675    
         222  0.4848229    
         223  0.4831913    
         224  0.4815713    
         225  0.4799653    
         226  0.4783714    
         227  0.4767902    
         228  0.4752195    
         229  0.4736629    
         230  0.4721169    
         231  0.4705825    
         232  0.4690597    
         233  0.4675487    
         234  0.4660500    
         235  0.4645618    
         236  0.4630839    
         237  0.4616175    
         238  0.4601613    
         239  0.4587167    
         240  0.4572831    
         241  0.4558582    
         242  0.4544445    
         243  0.4530408    
         244  0.4516472    
         245  0.4502647    
         246  0.4488915    
         247  0.4475261    
         248  0.4461721    
         249  0.4448278    
         250  0.4434924    
         251  0.4421661    
         252  0.4408483    
         253  0.4395412    
         254  0.4382422    
         255  0.4369529    
         256  0.4356727    
         257  0.4344006    
         258  0.4331365    
         259  0.4318809    
         260  0.4306338    
         261  0.4293957    
         262  0.4281651    
         263  0.4269435    
         264  0.4257309    
         265  0.4245247    
         266  0.4233273    
         267  0.4221376    
         268  0.4209554    
         269  0.4197805    
         270  0.4186137    
         271  0.4174553    
         272  0.4163035    
         273  0.4151596    
         274  0.4140216    
         275  0.4128905    
         276  0.4117689    
         277  0.4106537    
         278  0.4095448    
         279  0.4084434    
         280  0.4073487    
         281  0.4062605    
         282  0.4051799    
         283  0.4041049    
         284  0.4030372    
         285  0.4019767    
         286  0.4009216    
         287  0.3998738    
         288  0.3988310    
         289  0.3977949    
         290  0.3967668    
         291  0.3957435    
         292  0.3947260    
         293  0.3937150    
         294  0.3927095    
         295  0.3917102    
         296  0.3907180    
         297  0.3897308    
         298  0.3887487    
         299  0.3877724    
         300  0.3868029    
         301  0.3858386    
         302  0.3848805    
         303  0.3839275    
         304  0.3829797    
         305  0.3820370    
         306  0.3810995    
         307  0.3801677    
         308  0.3792417    
         309  0.3783213    
         310  0.3774061    
         311  0.3764957    
         312  0.3755904    
         313  0.3746895    
         314  0.3737932    
         315  0.3729034    
         316  0.3720178    
         317  0.3711369    
         318  0.3702612    
         319  0.3693893    
         320  0.3685224    
         321  0.3676621    
         322  0.3668049    
         323  0.3659526    
         324  0.3651064    
         325  0.3642626    
         326  0.3634231    
         327  0.3625896    
         328  0.3617596    
         329  0.3609346    
         330  0.3601138    
         331  0.3592976    
         332  0.3584857    
         333  0.3576786    
         334  0.3568752    
         335  0.3560748    
         336  0.3552801    
         337  0.3544889    
         338  0.3537013    
         339  0.3529181    
         340  0.3521392    
         341  0.3513645    
         342  0.3505938    
         343  0.3498280    
         344  0.3490642    
         345  0.3483065    
         346  0.3475508    
         347  0.3468000    
         348  0.3460527    
         349  0.3453070    
         350  0.3445667    
         351  0.3438303    
         352  0.3430976    
         353  0.3423688    
         354  0.3416429    
         355  0.3409204    
         356  0.3402019    
         357  0.3394863    
         358  0.3387748    
         359  0.3380673    
         360  0.3373615    
         361  0.3366601    
         362  0.3359624    
         363  0.3352682    
         364  0.3345765    
         365  0.3338896    
         366  0.3332045    
         367  0.3325232    
         368  0.3318453    
         369  0.3311712    
         370  0.3305001    
         371  0.3298311    
         372  0.3291653    
         373  0.3285037    
         374  0.3278441    
         375  0.3271885    
         376  0.3265357    
         377  0.3258861    
         378  0.3252395    
         379  0.3245950    
         380  0.3239541    
         381  0.3233161    
         382  0.3226812    
         383  0.3220483    
         384  0.3214200    
         385  0.3207932    
         386  0.3201691    
         387  0.3195487    
         388  0.3189310    
         389  0.3183154    
         390  0.3177031    
         391  0.3170935    
         392  0.3164865    
         393  0.3158828    
         394  0.3152807    
         395  0.3146817    
         396  0.3140851    
         397  0.3134921    
         398  0.3129012    
         399  0.3123130    
         400  0.3117270    
         401  0.3111440    
         402  0.3105629    
         403  0.3099841    
         404  0.3094075    
         405  0.3088340    
         406  0.3082636    
         407  0.3076956    
         408  0.3071299    
         409  0.3065669    
         410  0.3060061    
         411  0.3054477    
         412  0.3048917    
         413  0.3043371    
         414  0.3037851    
         415  0.3032357    
         416  0.3026887    
         417  0.3021442    
         418  0.3016021    
         419  0.3010624    
         420  0.3005247    
         421  0.2999889    
         422  0.2994555    
         423  0.2989244    
         424  0.2983952    
         425  0.2978681    
         426  0.2973435    
         427  0.2968212    
         428  0.2963010    
         429  0.2957827    
         430  0.2952663    
         431  0.2947520    
         432  0.2942406    
         433  0.2937309    
         434  0.2932228    
         435  0.2927172    
         436  0.2922132    
         437  0.2917119    
         438  0.2912117    
         439  0.2907144    
         440  0.2902188    
         441  0.2897247    
         442  0.2892324    
         443  0.2887427    
         444  0.2882548    
         445  0.2877689    
         446  0.2872852    
         447  0.2868033    
         448  0.2863231    
         449  0.2858440    
         450  0.2853670    
         451  0.2848921    
         452  0.2844197    
         453  0.2839482    
         454  0.2834786    
         455  0.2830113    
         456  0.2825454    
         457  0.2820818    
         458  0.2816196    
         459  0.2811595    
         460  0.2807012    
         461  0.2802444    
         462  0.2797898    
         463  0.2793361    
         464  0.2788841    
         465  0.2784335    
         466  0.2779857    
         467  0.2775390    
         468  0.2770941    
         469  0.2766510    
         470  0.2762095    
         471  0.2757691    
         472  0.2753307    
         473  0.2748937    
         474  0.2744585    
         475  0.2740249    
         476  0.2735936    
         477  0.2731633    
         478  0.2727345    
         479  0.2723072    
         480  0.2718818    
         481  0.2714580    
         482  0.2710347    
         483  0.2706142    
         484  0.2701942    
         485  0.2697766    
         486  0.2693598    
         487  0.2689449    
         488  0.2685322    
         489  0.2681209    
         490  0.2677101    
         491  0.2673009    
         492  0.2668927    
         493  0.2664865    
         494  0.2660820    
         495  0.2656786    
         496  0.2652765    
         497  0.2648762    
         498  0.2644777    
         499  0.2640797    
         500  0.2636842    
         501  0.2632888    
         502  0.2628953    
         503  0.2625029    
         504  0.2621123    
         505  0.2617225    
         506  0.2613355    
         507  0.2609485    
         508  0.2605635    
         509  0.2601791    
         510  0.2597965    
         511  0.2594151    
         512  0.2590351    
         513  0.2586565    
         514  0.2582786    
         515  0.2579020    
         516  0.2575268    
         517  0.2571529    
         518  0.2567800    
         519  0.2564092    
         520  0.2560397    
         521  0.2556709    
         522  0.2553039    
         523  0.2549373    
         524  0.2545719    
         525  0.2542079    
         526  0.2538458    
         527  0.2534843    
         528  0.2531243    
         529  0.2527658    
         530  0.2524079    
         531  0.2520507    
         532  0.2516952    
         533  0.2513404    
         534  0.2509872    
         535  0.2506358    
         536  0.2502852    
         537  0.2499347    
         538  0.2495862    
         539  0.2492387    
         540  0.2488924    
         541  0.2485472    
         542  0.2482032    
         543  0.2478607    
         544  0.2475185    
         545  0.2471775    
         546  0.2468376    
         547  0.2464993    
         548  0.2461614    
         549  0.2458249    
         550  0.2454892    
         551  0.2451555    
         552  0.2448223    
         553  0.2444902    
         554  0.2441597    
         555  0.2438292    
         556  0.2434999    
         557  0.2431719    
         558  0.2428450    
         559  0.2425193    
         560  0.2421941    
         561  0.2418709    
         562  0.2415478    
         563  0.2412261    
         564  0.2409053    
         565  0.2405854    
         566  0.2402673    
         567  0.2399494    
         568  0.2396326    
         569  0.2393165    
         570  0.2390017    
         571  0.2386874    
         572  0.2383739    
         573  0.2380620    
         574  0.2377511    
         575  0.2374413    
         576  0.2371316    
         577  0.2368237    
         578  0.2365159    
         579  0.2362095    
         580  0.2359037    
         581  0.2355994    
         582  0.2352955    
         583  0.2349920    
         584  0.2346901    
         585  0.2343890    
         586  0.2340895    
         587  0.2337902    
         588  0.2334919    
         589  0.2331947    
         590  0.2328984    
         591  0.2326027    
         592  0.2323076    
         593  0.2320136    
         594  0.2317205    
         595  0.2314276    
         596  0.2311368    
         597  0.2308469    
         598  0.2305574    
         599  0.2302683    
         600  0.2299806    
         601  0.2296936    
         602  0.2294074    
         603  0.2291220    
         604  0.2288374    
         605  0.2285533    
         606  0.2282712    
         607  0.2279889    
         608  0.2277072    
         609  0.2274263    
         610  0.2271470    
         611  0.2268686    
         612  0.2265906    
         613  0.2263130    
         614  0.2260366    
         615  0.2257609    
         616  0.2254866    
         617  0.2252123    
         618  0.2249386    
         619  0.2246660    
         620  0.2243940    
         621  0.2241229    
         622  0.2238518    
         623  0.2235822    
         624  0.2233136    
         625  0.2230458    
         626  0.2227782    
         627  0.2225118    
         628  0.2222457    
         629  0.2219809    
         630  0.2217168    
         631  0.2214531    
         632  0.2211903    
         633  0.2209282    
         634  0.2206667    
         635  0.2204062    
         636  0.2201461    
         637  0.2198866    
         638  0.2196280    
         639  0.2193702    
         640  0.2191136    
         641  0.2188573    
         642  0.2186017    
         643  0.2183468    
         644  0.2180923    
         645  0.2178386    
         646  0.2175855    
         647  0.2173333    
         648  0.2170814    
         649  0.2168307    
         650  0.2165800    
         651  0.2163301    
         652  0.2160813    
         653  0.2158329    
         654  0.2155855    
         655  0.2153383    
         656  0.2150921    
         657  0.2148465    
         658  0.2146020    
         659  0.2143579    
         660  0.2141140    
         661  0.2138712    
         662  0.2136288    
         663  0.2133869    
         664  0.2131458    
         665  0.2129049    
         666  0.2126649    
         667  0.2124263    
         668  0.2121875    
         669  0.2119494    
         670  0.2117121    
         671  0.2114755    
         672  0.2112394    
         673  0.2110039    
         674  0.2107689    
         675  0.2105350    
         676  0.2103012    
         677  0.2100681    
         678  0.2098358    
         679  0.2096044    
         680  0.2093730    
         681  0.2091424    
         682  0.2089122    
         683  0.2086828    
         684  0.2084536    
         685  0.2082252    
         686  0.2079973    
         687  0.2077706    
         688  0.2075438    
         689  0.2073179    
         690  0.2070926    
         691  0.2068678    
         692  0.2066434    
         693  0.2064200    
         694  0.2061971    
         695  0.2059742    
         696  0.2057521    
         697  0.2055307    
         698  0.2053097    
         699  0.2050893    
         700  0.2048698    
         701  0.2046503    
         702  0.2044316    
         703  0.2042133    
         704  0.2039958    
         705  0.2037787    
         706  0.2035620    
         707  0.2033459    
         708  0.2031302    
         709  0.2029154    
         710  0.2027012    
         711  0.2024873    
         712  0.2022743    
         713  0.2020613    
         714  0.2018491    
         715  0.2016376    
         716  0.2014265    
         717  0.2012157    
         718  0.2010056    
         719  0.2007958    
         720  0.2005865    
         721  0.2003777    
         722  0.2001695    
         723  0.1999618    
         724  0.1997547    
         725  0.1995479    
         726  0.1993418    
         727  0.1991359    
         728  0.1989306    
         729  0.1987259    
         730  0.1985217    
         731  0.1983182    
         732  0.1981150    
         733  0.1979120    
         734  0.1977097    
         735  0.1975080    
         736  0.1973069    
         737  0.1971059    
         738  0.1969056    
         739  0.1967058    
         740  0.1965063    
         741  0.1963071    
         742  0.1961088    
         743  0.1959108    
         744  0.1957135    
         745  0.1955163    
         746  0.1953197    
         747  0.1951236    
         748  0.1949273    
         749  0.1947322    
         750  0.1945372    
         751  0.1943431    
         752  0.1941490    
         753  0.1939559    
         754  0.1937630    
         755  0.1935704    
         756  0.1933785    
         757  0.1931868    
         758  0.1929958    
         759  0.1928052    
         760  0.1926151    
         761  0.1924253    
         762  0.1922359    
         763  0.1920465    
         764  0.1918577    
         765  0.1916696    
         766  0.1914817    
         767  0.1912946    
         768  0.1911076    
         769  0.1909215    
         770  0.1907355    
         771  0.1905501    
         772  0.1903649    
         773  0.1901800    
         774  0.1899955    
         775  0.1898115    
         776  0.1896280    
         777  0.1894447    
         778  0.1892622    
         779  0.1890799    
         780  0.1888982    
         781  0.1887164    
         782  0.1885355    
         783  0.1883547    
         784  0.1881747    
         785  0.1879948    
         786  0.1878155    
         787  0.1876363    
         788  0.1874577    
         789  0.1872795    
         790  0.1871018    
         791  0.1869242    
         792  0.1867477    
         793  0.1865710    
         794  0.1863953    
         795  0.1862193    
         796  0.1860440    
         797  0.1858688    
         798  0.1856942    
         799  0.1855198    
         800  0.1853457    
         801  0.1851720    
         802  0.1849988    
         803  0.1848255    
         804  0.1846530    
         805  0.1844809    
         806  0.1843093    
         807  0.1841378    
         808  0.1839674    
         809  0.1837963    
         810  0.1836258    
         811  0.1834559    
         812  0.1832862    
         813  0.1831166    
         814  0.1829482    
         815  0.1827800    
         816  0.1826117    
         817  0.1824443    
         818  0.1822768    
         819  0.1821098    
         820  0.1819429    
         821  0.1817766    
         822  0.1816105    
         823  0.1814451    
         824  0.1812795    
         825  0.1811150    
         826  0.1809507    
         827  0.1807867    
         828  0.1806229    
         829  0.1804590    
         830  0.1802962    
         831  0.1801329    
         832  0.1799710    
         833  0.1798089    
         834  0.1796474    
         835  0.1794860    
         836  0.1793250    
         837  0.1791648    
         838  0.1790041    
         839  0.1788444    
         840  0.1786844    
         841  0.1785254    
         842  0.1783661    
         843  0.1782074    
         844  0.1780490    
         845  0.1778903    
         846  0.1777331    
         847  0.1775752    
         848  0.1774184    
         849  0.1772614    
         850  0.1771055    
         851  0.1769492    
         852  0.1767932    
         853  0.1766378    
         854  0.1764826    
         855  0.1763278    
         856  0.1761732    
         857  0.1760187    
         858  0.1758652    
         859  0.1757114    
         860  0.1755582    
         861  0.1754052    
         862  0.1752527    
         863  0.1751007    
         864  0.1749483    
         865  0.1747968    
         866  0.1746454    
         867  0.1744944    
         868  0.1743439    
         869  0.1741931    
         870  0.1740432    
         871  0.1738929    
         872  0.1737435    
         873  0.1735947    
         874  0.1734455    
         875  0.1732970    
         876  0.1731482    
         877  0.1730004    
         878  0.1728524    
         879  0.1727045    
         880  0.1725578    
         881  0.1724104    
         882  0.1722636    
         883  0.1721179    
         884  0.1719714    
         885  0.1718257    
         886  0.1716808    
         887  0.1715354    
         888  0.1713906    
         889  0.1712460    
         890  0.1711020    
         891  0.1709582    
         892  0.1708141    
         893  0.1706710    
         894  0.1705279    
         895  0.1703846    
         896  0.1702420    
         897  0.1700993    
         898  0.1699569    
         899  0.1698150    
         900  0.1696731    
         901  0.1695316    
         902  0.1693907    
         903  0.1692497    
         904  0.1691093    
         905  0.1689692    
         906  0.1688290    
         907  0.1686894    
         908  0.1685505    
         909  0.1684109    
         910  0.1682724    
         911  0.1681340    
         912  0.1679954    
         913  0.1678575    
         914  0.1677198    
         915  0.1675822    
         916  0.1674450    
         917  0.1673077    
         918  0.1671713    
         919  0.1670351    
         920  0.1668988    
         921  0.1667630    
         922  0.1666276    
         923  0.1664919    
         924  0.1663568    
         925  0.1662219    
         926  0.1660869    
         927  0.1659528    
         928  0.1658186    
         929  0.1656844    
         930  0.1655509    
         931  0.1654178    
         932  0.1652846    
         933  0.1651519    
         934  0.1650191    
         935  0.1648866    
         936  0.1647546    
         937  0.1646226    
         938  0.1644908    
         939  0.1643595    
         940  0.1642283    
         941  0.1640973    
         942  0.1639668    
         943  0.1638363    
         944  0.1637059    
         945  0.1635761    
         946  0.1634461    
         947  0.1633169    
         948  0.1631878    
         949  0.1630586    
         950  0.1629299    
         951  0.1628012    
         952  0.1626731    
         953  0.1625451    
         954  0.1624174    
         955  0.1622902    
         956  0.1621627    
         957  0.1620355    
         958  0.1619086    
         959  0.1617821    
         960  0.1616556    
         961  0.1615294    
         962  0.1614036    
         963  0.1612778    
         964  0.1611525    
         965  0.1610269    
         966  0.1609016    
         967  0.1607767    
         968  0.1606523    
         969  0.1605280    
         970  0.1604035    
         971  0.1602796    
         972  0.1601555    
         973  0.1600320    
         974  0.1599089    
         975  0.1597862    
         976  0.1596634    
         977  0.1595410    
         978  0.1594187    
         979  0.1592965    
         980  0.1591744    
         981  0.1590525    
         982  0.1589309    
         983  0.1588092    
         984  0.1586883    
         985  0.1585675    
         986  0.1584470    
         987  0.1583265    
         988  0.1582066    
         989  0.1580864    
         990  0.1579667    
         991  0.1578470    
         992  0.1577278    
         993  0.1576085    
         994  0.1574898    
         995  0.1573710    
         996  0.1572526    
         997  0.1571341    
         998  0.1570158    
         999  0.1568982    
        1000  0.1567806    
        1001  0.1566632    
        1002  0.1565458    
        1003  0.1564288    
        1004  0.1563120    
        1005  0.1561953    
        1006  0.1560791    
        1007  0.1559628    
        1008  0.1558467    
        1009  0.1557310    
        1010  0.1556153    
        1011  0.1554996    
        1012  0.1553842    
        1013  0.1552692    
        1014  0.1551542    
        1015  0.1550395    
        1016  0.1549249    
        1017  0.1548108    
        1018  0.1546967    
        1019  0.1545830    
        1020  0.1544691    
        1021  0.1543558    
        1022  0.1542424    
        1023  0.1541295    
        1024  0.1540163    
        1025  0.1539035    
        1026  0.1537910    
        1027  0.1536785    
        1028  0.1535662    
        1029  0.1534545    
        1030  0.1533426    
        1031  0.1532309    
        1032  0.1531195    
        1033  0.1530084    
        1034  0.1528973    
        1035  0.1527863    
        1036  0.1526757    
        1037  0.1525653    
        1038  0.1524551    
        1039  0.1523450    
        1040  0.1522352    
        1041  0.1521253    
        1042  0.1520159    
        1043  0.1519065    
        1044  0.1517975    
        1045  0.1516885    
        1046  0.1515798    
        1047  0.1514711    
        1048  0.1513629    
        1049  0.1512546    
        1050  0.1511465    
        1051  0.1510385    
        1052  0.1509310    
        1053  0.1508233    
        1054  0.1507160    
        1055  0.1506089    
        1056  0.1505020    
        1057  0.1503950    
        1058  0.1502885    
        1059  0.1501819    
        1060  0.1500759    
        1061  0.1499696    
        1062  0.1498639    
        1063  0.1497582    
        1064  0.1496526    
        1065  0.1495473    
        1066  0.1494420    
        1067  0.1493369    
        1068  0.1492318    
        1069  0.1491271    
        1070  0.1490221    
        1071  0.1489176    
        1072  0.1488132    
        1073  0.1487092    
        1074  0.1486051    
        1075  0.1485016    
        1076  0.1483981    
        1077  0.1482947    
        1078  0.1481915    
        1079  0.1480885    
        1080  0.1479855    
        1081  0.1478829    
        1082  0.1477807    
        1083  0.1476783    
        1084  0.1475761    
        1085  0.1474741    
        1086  0.1473724    
        1087  0.1472705    
        1088  0.1471692    
        1089  0.1470677    
        1090  0.1469664    
        1091  0.1468653    
        1092  0.1467643    
        1093  0.1466638    
        1094  0.1465633    
        1095  0.1464630    
        1096  0.1463628    
        1097  0.1462628    
        1098  0.1461627    
        1099  0.1460629    
        1100  0.1459635    
        1101  0.1458639    
        1102  0.1457647    
        1103  0.1456653    
        1104  0.1455664    
        1105  0.1454676    
        1106  0.1453691    
        1107  0.1452706    
        1108  0.1451722    
        1109  0.1450741    
        1110  0.1449760    
        1111  0.1448783    
        1112  0.1447806    
        1113  0.1446830    
        1114  0.1445857    
        1115  0.1444882    
        1116  0.1443913    
        1117  0.1442941    
        1118  0.1441971    
        1119  0.1441005    
        1120  0.1440039    
        1121  0.1439076    
        1122  0.1438112    
        1123  0.1437153    
        1124  0.1436194    
        1125  0.1435240    
        1126  0.1434285    
        1127  0.1433330    
        1128  0.1432378    
        1129  0.1431423    
        1130  0.1430475    
        1131  0.1429523    
        1132  0.1428575    
        1133  0.1427628    
        1134  0.1426684    
        1135  0.1425738    
        1136  0.1424796    
        1137  0.1423853    
        1138  0.1422917    
        1139  0.1421977    
        1140  0.1421042    
        1141  0.1420104    
        1142  0.1419173    
        1143  0.1418240    
        1144  0.1417309    
        1145  0.1416379    
        1146  0.1415453    
        1147  0.1414527    
        1148  0.1413604    
        1149  0.1412680    
        1150  0.1411762    
        1151  0.1410841    
        1152  0.1409922    
        1153  0.1409008    
        1154  0.1408091    
        1155  0.1407177    
        1156  0.1406262    
        1157  0.1405351    
        1158  0.1404442    
        1159  0.1403531    
        1160  0.1402625    
        1161  0.1401719    
        1162  0.1400813    
        1163  0.1399911    
        1164  0.1399010    
        1165  0.1398109    
        1166  0.1397209    
        1167  0.1396309    
        1168  0.1395413    
        1169  0.1394520    
        1170  0.1393625    
        1171  0.1392733    
        1172  0.1391842    
        1173  0.1390951    
        1174  0.1390065    
        1175  0.1389177    
        1176  0.1388289    
        1177  0.1387405    
        1178  0.1386520    
        1179  0.1385639    
        1180  0.1384758    
        1181  0.1383878    
        1182  0.1383000    
        1183  0.1382120    
        1184  0.1381244    
        1185  0.1380372    
        1186  0.1379497    
        1187  0.1378626    
        1188  0.1377758    
        1189  0.1376889    
        1190  0.1376021    
        1191  0.1375155    
        1192  0.1374290    
        1193  0.1373427    
        1194  0.1372564    
        1195  0.1371701    
        1196  0.1370841    
        1197  0.1369984    
        1198  0.1369124    
        1199  0.1368266    
        1200  0.1367410    
        1201  0.1366558    
        1202  0.1365702    
        1203  0.1364854    
        1204  0.1364004    
        1205  0.1363155    
        1206  0.1362307    
        1207  0.1361461    
        1208  0.1360614    
        1209  0.1359771    
        1210  0.1358928    
        1211  0.1358085    
        1212  0.1357244    
        1213  0.1356406    
        1214  0.1355566    
        1215  0.1354730    
        1216  0.1353893    
        1217  0.1353058    
        1218  0.1352225    
        1219  0.1351393    
        1220  0.1350560    
        1221  0.1349731    
        1222  0.1348903    
        1223  0.1348074    
        1224  0.1347247    
        1225  0.1346425    
        1226  0.1345598    
        1227  0.1344775    
        1228  0.1343956    
        1229  0.1343134    
        1230  0.1342314    
        1231  0.1341497    
        1232  0.1340676    
        1233  0.1339862    
        1234  0.1339048    
        1235  0.1338232    
        1236  0.1337420    
        1237  0.1336610    
        1238  0.1335798    
        1239  0.1334991    
        1240  0.1334183    
        1241  0.1333376    
        1242  0.1332572    
        1243  0.1331768    
        1244  0.1330966    
        1245  0.1330164    
        1246  0.1329364    
        1247  0.1328566    
        1248  0.1327767    
        1249  0.1326970    
        1250  0.1326173    
        1251  0.1325377    
        1252  0.1324584    
        1253  0.1323792    
        1254  0.1322998    
        1255  0.1322207    
        1256  0.1321418    
        1257  0.1320629    
        1258  0.1319841    
        1259  0.1319058    
        1260  0.1318271    
        1261  0.1317488    
        1262  0.1316707    
        1263  0.1315923    
        1264  0.1315144    
        1265  0.1314364    
        1266  0.1313586    
        1267  0.1312808    
        1268  0.1312031    
        1269  0.1311258    
        1270  0.1310481    
        1271  0.1309709    
        1272  0.1308936    
        1273  0.1308162    
        1274  0.1307389    
        1275  0.1306621    
        1276  0.1305851    
        1277  0.1305081    
        1278  0.1304318    
        1279  0.1303552    
        1280  0.1302786    
        1281  0.1302022    
        1282  0.1301261    
        1283  0.1300500    
        1284  0.1299740    
        1285  0.1298984    
        1286  0.1298225    
        1287  0.1297471    
        1288  0.1296716    
        1289  0.1295962    
        1290  0.1295207    
        1291  0.1294455    
        1292  0.1293706    
        1293  0.1292954    
        1294  0.1292205    
        1295  0.1291456    
        1296  0.1290709    
        1297  0.1289960    
        1298  0.1289215    
        1299  0.1288473    
        1300  0.1287727    
        1301  0.1286985    
        1302  0.1286244    
        1303  0.1285506    
        1304  0.1284765    
        1305  0.1284028    
        1306  0.1283292    
        1307  0.1282554    
        1308  0.1281818    
        1309  0.1281084    
        1310  0.1280351    
        1311  0.1279617    
        1312  0.1278885    
        1313  0.1278153    
        1314  0.1277423    
        1315  0.1276693    
        1316  0.1275965    
        1317  0.1275236    
        1318  0.1274511    
        1319  0.1273784    
        1320  0.1273060    
        1321  0.1272336    
        1322  0.1271614    
        1323  0.1270893    
        1324  0.1270175    
        1325  0.1269454    
        1326  0.1268736    
        1327  0.1268021    
        1328  0.1267302    
        1329  0.1266588    
        1330  0.1265873    
        1331  0.1265161    
        1332  0.1264449    
        1333  0.1263738    
        1334  0.1263027    
        1335  0.1262319    
        1336  0.1261608    
        1337  0.1260902    
        1338  0.1260194    
        1339  0.1259490    
        1340  0.1258783    
        1341  0.1258080    
        1342  0.1257377    
        1343  0.1256675    
        1344  0.1255971    
        1345  0.1255271    
        1346  0.1254570    
        1347  0.1253872    
        1348  0.1253171    
        1349  0.1252474    
        1350  0.1251777    
        1351  0.1251082    
        1352  0.1250386    
        1353  0.1249695    
        1354  0.1249002    
        1355  0.1248310    
        1356  0.1247619    
        1357  0.1246932    
        1358  0.1246243    
        1359  0.1245553    
        1360  0.1244869    
        1361  0.1244183    
        1362  0.1243498    
        1363  0.1242814    
        1364  0.1242130    
        1365  0.1241447    
        1366  0.1240763    
        1367  0.1240082    
        1368  0.1239402    
        1369  0.1238722    
        1370  0.1238043    
        1371  0.1237366    
        1372  0.1236690    
        1373  0.1236014    
        1374  0.1235339    
        1375  0.1234665    
        1376  0.1233995    
        1377  0.1233325    
        1378  0.1232657    
        1379  0.1231983    
        1380  0.1231315    
        1381  0.1230644    
        1382  0.1229977    
        1383  0.1229307    
        1384  0.1228641    
        1385  0.1227976    
        1386  0.1227312    
        1387  0.1226646    
        1388  0.1225985    
        1389  0.1225323    
        1390  0.1224661    
        1391  0.1224000    
        1392  0.1223341    
        1393  0.1222684    
        1394  0.1222026    
        1395  0.1221368    
        1396  0.1220713    
        1397  0.1220061    
        1398  0.1219406    
        1399  0.1218751    
        1400  0.1218098    
        1401  0.1217448    
        1402  0.1216797    
        1403  0.1216146    
        1404  0.1215497    
        1405  0.1214849    
        1406  0.1214200    
        1407  0.1213552    
        1408  0.1212905    
        1409  0.1212259    
        1410  0.1211617    
        1411  0.1210971    
        1412  0.1210329    
        1413  0.1209688    
        1414  0.1209047    
        1415  0.1208406    
        1416  0.1207763    
        1417  0.1207128    
        1418  0.1206490    
        1419  0.1205853    
        1420  0.1205215    
        1421  0.1204581    
        1422  0.1203945    
        1423  0.1203309    
        1424  0.1202677    
        1425  0.1202040    
        1426  0.1201409    
        1427  0.1200777    
        1428  0.1200147    
        1429  0.1199514    
        1430  0.1198884    
        1431  0.1198257    
        1432  0.1197628    
        1433  0.1197001    
        1434  0.1196374    
        1435  0.1195749    
        1436  0.1195124    
        1437  0.1194499    
        1438  0.1193875    
        1439  0.1193253    
        1440  0.1192634    
        1441  0.1192013    
        1442  0.1191392    
        1443  0.1190772    
        1444  0.1190154    
        1445  0.1189538    
        1446  0.1188919    
        1447  0.1188302    
        1448  0.1187687    
        1449  0.1187074    
        1450  0.1186459    
        1451  0.1185847    
        1452  0.1185234    
        1453  0.1184624    
        1454  0.1184016    
        1455  0.1183404    
        1456  0.1182794    
        1457  0.1182186    
        1458  0.1181578    
        1459  0.1180972    
        1460  0.1180364    
        1461  0.1179757    
        1462  0.1179152    
        1463  0.1178548    
        1464  0.1177944    
        1465  0.1177339    
        1466  0.1176738    
        1467  0.1176136    
        1468  0.1175535    
        1469  0.1174937    
        1470  0.1174335    
        1471  0.1173736    
        1472  0.1173138    
        1473  0.1172540    
        1474  0.1171943    
        1475  0.1171345    
        1476  0.1170750    
        1477  0.1170154    
        1478  0.1169561    
        1479  0.1168969    
        1480  0.1168374    
        1481  0.1167783    
        1482  0.1167191    
        1483  0.1166601    
        1484  0.1166011    
        1485  0.1165421    
        1486  0.1164833    
        1487  0.1164246    
        1488  0.1163660    
        1489  0.1163074    
        1490  0.1162487    
        1491  0.1161904    
        1492  0.1161318    
        1493  0.1160736    
        1494  0.1160150    
        1495  0.1159567    
        1496  0.1158987    
        1497  0.1158406    
        1498  0.1157825    
        1499  0.1157246    
        1500  0.1156667    
        1501  0.1156089    
        1502  0.1155514    
        1503  0.1154937    
        1504  0.1154360    
        1505  0.1153785    
        1506  0.1153212    
        1507  0.1152638    
        1508  0.1152066    
        1509  0.1151493    
        1510  0.1150922    
        1511  0.1150350    
        1512  0.1149781    
        1513  0.1149211    
        1514  0.1148643    
        1515  0.1148072    
        1516  0.1147504    
        1517  0.1146937    
        1518  0.1146372    
        1519  0.1145804    
        1520  0.1145240    
        1521  0.1144674    
        1522  0.1144110    
        1523  0.1143547    
        1524  0.1142982    
        1525  0.1142420    
        1526  0.1141858    
        1527  0.1141297    
        1528  0.1140737    
        1529  0.1140177    
        1530  0.1139617    
        1531  0.1139060    
        1532  0.1138500    
        1533  0.1137946    
        1534  0.1137389    
        1535  0.1136833    
        1536  0.1136277    
        1537  0.1135723    
        1538  0.1135169    
        1539  0.1134616    
        1540  0.1134062    
        1541  0.1133510    
        1542  0.1132958    
        1543  0.1132407    
        1544  0.1131857    
        1545  0.1131308    
        1546  0.1130759    
        1547  0.1130211    
        1548  0.1129664    
        1549  0.1129117    
        1550  0.1128572    
        1551  0.1128026    
        1552  0.1127479    
        1553  0.1126935    
        1554  0.1126392    
        1555  0.1125849    
        1556  0.1125304    
        1557  0.1124762    
        1558  0.1124220    
        1559  0.1123679    
        1560  0.1123139    
        1561  0.1122600    
        1562  0.1122059    
        1563  0.1121520    
        1564  0.1120984    
        1565  0.1120446    
        1566  0.1119908    
        1567  0.1119373    
        1568  0.1118837    
        1569  0.1118300    
        1570  0.1117768    
        1571  0.1117233    
        1572  0.1116700    
        1573  0.1116169    
        1574  0.1115637    
        1575  0.1115105    
        1576  0.1114576    
        1577  0.1114046    
        1578  0.1113515    
        1579  0.1112988    
        1580  0.1112459    
        1581  0.1111932    
        1582  0.1111405    
        1583  0.1110878    
        1584  0.1110350    
        1585  0.1109826    
        1586  0.1109300    
        1587  0.1108776    
        1588  0.1108251    
        1589  0.1107729    
        1590  0.1107204    
        1591  0.1106683    
        1592  0.1106162    
        1593  0.1105642    
        1594  0.1105121    
        1595  0.1104601    
        1596  0.1104081    
        1597  0.1103563    
        1598  0.1103046    
        1599  0.1102529    
        1600  0.1102013    
        1601  0.1101497    
        1602  0.1100980    
        1603  0.1100465    
        1604  0.1099950    
        1605  0.1099437    
        1606  0.1098924    
        1607  0.1098411    
        1608  0.1097899    
        1609  0.1097387    
        1610  0.1096876    
        1611  0.1096366    
        1612  0.1095855    
        1613  0.1095346    
        1614  0.1094836    
        1615  0.1094329    
        1616  0.1093821    
        1617  0.1093312    
        1618  0.1092805    
        1619  0.1092299    
        1620  0.1091793    
        1621  0.1091287    
        1622  0.1090782    
        1623  0.1090279    
        1624  0.1089774    
        1625  0.1089272    
        1626  0.1088769    
        1627  0.1088266    
        1628  0.1087766    
        1629  0.1087265    
        1630  0.1086764    
        1631  0.1086265    
        1632  0.1085767    
        1633  0.1085267    
        1634  0.1084769    
        1635  0.1084271    
        1636  0.1083772    
        1637  0.1083276    
        1638  0.1082780    
        1639  0.1082284    
        1640  0.1081789    
        1641  0.1081295    
        1642  0.1080801    
        1643  0.1080307    
        1644  0.1079814    
        1645  0.1079322    
        1646  0.1078829    
        1647  0.1078338    
        1648  0.1077847    
        1649  0.1077356    
        1650  0.1076867    
        1651  0.1076379    
        1652  0.1075889    
        1653  0.1075402    
        1654  0.1074914    
        1655  0.1074426    
        1656  0.1073940    
        1657  0.1073454    
        1658  0.1072969    
        1659  0.1072483    
        1660  0.1071999    
        1661  0.1071515    
        1662  0.1071031    
        1663  0.1070546    
        1664  0.1070065    
        1665  0.1069581    
        1666  0.1069100    
        1667  0.1068619    
        1668  0.1068137    
        1669  0.1067658    
        1670  0.1067178    
        1671  0.1066698    
        1672  0.1066219    
        1673  0.1065742    
        1674  0.1065264    
        1675  0.1064787    
        1676  0.1064311    
        1677  0.1063834    
        1678  0.1063359    
        1679  0.1062884    
        1680  0.1062410    
        1681  0.1061935    
        1682  0.1061462    
        1683  0.1060988    
        1684  0.1060515    
        1685  0.1060044    
        1686  0.1059573    
        1687  0.1059101    
        1688  0.1058630    
        1689  0.1058161    
        1690  0.1057690    
        1691  0.1057221    
        1692  0.1056753    
        1693  0.1056284    
        1694  0.1055817    
        1695  0.1055349    
        1696  0.1054883    
        1697  0.1054417    
        1698  0.1053951    
        1699  0.1053485    
        1700  0.1053021    
        1701  0.1052557    
        1702  0.1052093    
        1703  0.1051630    
        1704  0.1051167    
        1705  0.1050704    
        1706  0.1050242    
        1707  0.1049781    
        1708  0.1049319    
        1709  0.1048858    
        1710  0.1048400    
        1711  0.1047940    
        1712  0.1047480    
        1713  0.1047022    
        1714  0.1046564    
        1715  0.1046106    
        1716  0.1045649    
        1717  0.1045195    
        1718  0.1044735    
        1719  0.1044280    
        1720  0.1043824    
        1721  0.1043370    
        1722  0.1042914    
        1723  0.1042461    
        1724  0.1042008    
        1725  0.1041554    
        1726  0.1041101    
        1727  0.1040649    
        1728  0.1040198    
        1729  0.1039745    
        1730  0.1039294    
        1731  0.1038844    
        1732  0.1038393    
        1733  0.1037944    
        1734  0.1037495    
        1735  0.1037047    
        1736  0.1036599    
        1737  0.1036152    
        1738  0.1035705    
        1739  0.1035258    
        1740  0.1034812    
        1741  0.1034367    
        1742  0.1033920    
        1743  0.1033476    
        1744  0.1033031    
        1745  0.1032587    
        1746  0.1032143    
        1747  0.1031700    
        1748  0.1031256    
        1749  0.1030813    
        1750  0.1030372    
        1751  0.1029929    
        1752  0.1029488    
        1753  0.1029048    
        1754  0.1028607    
        1755  0.1028166    
        1756  0.1027728    
        1757  0.1027288    
        1758  0.1026850    
        1759  0.1026411    
        1760  0.1025975    
        1761  0.1025537    
        1762  0.1025100    
        1763  0.1024664    
        1764  0.1024230    
        1765  0.1023795    
        1766  0.1023359    
        1767  0.1022926    
        1768  0.1022493    
        1769  0.1022058    
        1770  0.1021625    
        1771  0.1021194    
        1772  0.1020762    
        1773  0.1020330    
        1774  0.1019899    
        1775  0.1019469    
        1776  0.1019039    
        1777  0.1018607    
        1778  0.1018179    
        1779  0.1017750    
        1780  0.1017321    
        1781  0.1016891    
        1782  0.1016463    
        1783  0.1016036    
        1784  0.1015609    
        1785  0.1015182    
        1786  0.1014757    
        1787  0.1014331    
        1788  0.1013904    
        1789  0.1013480    
        1790  0.1013055    
        1791  0.1012631    
        1792  0.1012205    
        1793  0.1011782    
        1794  0.1011359    
        1795  0.1010938    
        1796  0.1010515    
        1797  0.1010093    
        1798  0.1009673    
        1799  0.1009252    
        1800  0.1008830    
        1801  0.1008410    
        1802  0.1007989    
        1803  0.1007571    
        1804  0.1007151    
        1805  0.1006732    
        1806  0.1006315    
        1807  0.1005897    
        1808  0.1005478    
        1809  0.1005061    
        1810  0.1004646    
        1811  0.1004228    
        1812  0.1003812    
        1813  0.1003397    
        1814  0.1002983    
        1815  0.1002567    
        1816  0.1002154    
        1817  0.1001741    
        1818  0.1001327    
        1819  0.1000915    
        1820  0.1000503    
        1821  0.1000091    
        1822  9.9968001E-02
        1823  9.9926874E-02
        1824  9.9885769E-02
        1825  9.9844590E-02
        1826  9.9803679E-02
        1827  9.9762835E-02
        1828  9.9721901E-02
        1829  9.9680938E-02
        1830  9.9640146E-02
        1831  9.9599361E-02
        1832  9.9558547E-02
        1833  9.9517748E-02
        1834  9.9477008E-02
        1835  9.9436410E-02
        1836  9.9395804E-02
        1837  9.9355184E-02
        1838  9.9314578E-02
        1839  9.9274173E-02
        1840  9.9233679E-02
        1841  9.9193245E-02
        1842  9.9152848E-02
        1843  9.9112615E-02
        1844  9.9072270E-02
        1845  9.9031888E-02
        1846  9.8991722E-02
        1847  9.8951451E-02
        1848  9.8911293E-02
        1849  9.8871037E-02
        1850  9.8831050E-02
        1851  9.8791003E-02
        1852  9.8751083E-02
        1853  9.8711021E-02
        1854  9.8670997E-02
        1855  9.8631196E-02
        1856  9.8591506E-02
        1857  9.8551415E-02
        1858  9.8511644E-02
        1859  9.8471954E-02
        1860  9.8432243E-02
        1861  9.8392442E-02
        1862  9.8352872E-02
        1863  9.8313332E-02
        1864  9.8273687E-02
        1865  9.8234214E-02
        1866  9.8194629E-02
        1867  9.8155148E-02
        1868  9.8115750E-02
        1869  9.8076463E-02
        1870  9.8037004E-02
        1871  9.7997695E-02
        1872  9.7958438E-02
        1873  9.7919151E-02
        1874  9.7880036E-02
        1875  9.7840764E-02
        1876  9.7801752E-02
        1877  9.7762629E-02
        1878  9.7723506E-02
        1879  9.7684391E-02
        1880  9.7645462E-02
        1881  9.7606592E-02
        1882  9.7567737E-02
        1883  9.7528763E-02
        1884  9.7489834E-02
        1885  9.7451024E-02
        1886  9.7412251E-02
        1887  9.7373649E-02
        1888  9.7334929E-02
        1889  9.7296253E-02
        1890  9.7257726E-02
        1891  9.7219050E-02
        1892  9.7180545E-02
        1893  9.7141892E-02
        1894  9.7103469E-02
        1895  9.7064994E-02
        1896  9.7026557E-02
        1897  9.6988156E-02
        1898  9.6949823E-02
        1899  9.6911587E-02
        1900  9.6873313E-02
        1901  9.6835114E-02
        1902  9.6796870E-02
        1903  9.6758768E-02
        1904  9.6720733E-02
        1905  9.6682586E-02
        1906  9.6644633E-02
        1907  9.6606590E-02
        1908  9.6568696E-02
        1909  9.6530743E-02
        1910  9.6492894E-02
        1911  9.6455052E-02
        1912  9.6417099E-02
        1913  9.6379369E-02
        1914  9.6341617E-02
        1915  9.6303806E-02
        1916  9.6266158E-02
        1917  9.6228562E-02
        1918  9.6190944E-02
        1919  9.6153334E-02
        1920  9.6115842E-02
        1921  9.6078247E-02
        1922  9.6040860E-02
        1923  9.6003383E-02
        1924  9.5965773E-02
        1925  9.5928565E-02
        1926  9.5891230E-02
        1927  9.5853925E-02
        1928  9.5816649E-02
        1929  9.5779337E-02
        1930  9.5742129E-02
        1931  9.5704921E-02
        1932  9.5667809E-02
        1933  9.5630608E-02
        1934  9.5593587E-02
        1935  9.5556475E-02
        1936  9.5519505E-02
        1937  9.5482446E-02
        1938  9.5445395E-02
        1939  9.5408499E-02
        1940  9.5371619E-02
        1941  9.5334738E-02
        1942  9.5297977E-02
        1943  9.5261060E-02
        1944  9.5224261E-02
        1945  9.5187612E-02
        1946  9.5150851E-02
        1947  9.5114134E-02
        1948  9.5077462E-02
        1949  9.5040902E-02
        1950  9.5004357E-02
        1951  9.4967939E-02
        1952  9.4931424E-02
        1953  9.4894826E-02
        1954  9.4858497E-02
        1955  9.4822079E-02
        1956  9.4785817E-02
        1957  9.4749510E-02
        1958  9.4713166E-02
        1959  9.4676957E-02
        1960  9.4640687E-02
        1961  9.4604604E-02
        1962  9.4568364E-02
        1963  9.4532229E-02
        1964  9.4496213E-02
        1965  9.4460070E-02
        1966  9.4424017E-02
        1967  9.4388075E-02
        1968  9.4352089E-02
        1969  9.4316244E-02
        1970  9.4280273E-02
        1971  9.4244465E-02
        1972  9.4208620E-02
        1973  9.4172634E-02
        1974  9.4137006E-02
        1975  9.4101265E-02
        1976  9.4065562E-02
        1977  9.4029792E-02
        1978  9.3994118E-02
        1979  9.3958586E-02
        1980  9.3923070E-02
        1981  9.3887359E-02
        1982  9.3851916E-02
        1983  9.3816489E-02
        1984  9.3781054E-02
        1985  9.3745552E-02
        1986  9.3710154E-02
        1987  9.3674779E-02
        1988  9.3639322E-02
        1989  9.3604058E-02
        1990  9.3568772E-02
        1991  9.3533345E-02
        1992  9.3498141E-02
        1993  9.3463004E-02
        1994  9.3427852E-02
        1995  9.3392722E-02
        1996  9.3357623E-02
        1997  9.3322538E-02
        1998  9.3287334E-02
        1999  9.3252391E-02
        2000  9.3217507E-02
        2001  9.3182445E-02
        2002  9.3147494E-02
        2003  9.3112595E-02
        2004  9.3077660E-02
        2005  9.3042947E-02
        2006  9.3008056E-02
        2007  9.2973180E-02
        2008  9.2938460E-02
        2009  9.2903741E-02
        2010  9.2869155E-02
        2011  9.2834473E-02
        2012  9.2799827E-02
        2013  9.2765152E-02
        2014  9.2730701E-02
        2015  9.2696160E-02
        2016  9.2661723E-02
        2017  9.2627168E-02
        2018  9.2592679E-02
        2019  9.2558257E-02
        2020  9.2523940E-02
        2021  9.2489615E-02
        2022  9.2455298E-02
        2023  9.2420988E-02
        2024  9.2386737E-02
        2025  9.2352472E-02
        2026  9.2318259E-02
        2027  9.2284255E-02
        2028  9.2250042E-02
        2029  9.2215918E-02
        2030  9.2181876E-02
        2031  9.2147887E-02
        2032  9.2113972E-02
        2033  9.2079729E-02
        2034  9.2045739E-02
        2035  9.2011839E-02
        2036  9.1978125E-02
        2037  9.1944255E-02
        2038  9.1910414E-02
        2039  9.1876559E-02
        2040  9.1842882E-02
        2041  9.1809101E-02
        2042  9.1775358E-02
        2043  9.1741785E-02
        2044  9.1708057E-02
        2045  9.1674387E-02
        2046  9.1640793E-02
        2047  9.1607183E-02
        2048  9.1573641E-02
        2049  9.1540210E-02
        2050  9.1506563E-02
        2051  9.1473244E-02
        2052  9.1439769E-02
        2053  9.1406457E-02
        2054  9.1373116E-02
        2055  9.1339700E-02
        2056  9.1306321E-02
        2057  9.1273166E-02
        2058  9.1239750E-02
        2059  9.1206610E-02
        2060  9.1173552E-02
        2061  9.1140181E-02
        2062  9.1107093E-02
        2063  9.1074027E-02
        2064  9.1040894E-02
        2065  9.1007821E-02
        2066  9.0974644E-02
        2067  9.0941556E-02
        2068  9.0908684E-02
        2069  9.0875693E-02
        2070  9.0842709E-02
        2071  9.0809941E-02
        2072  9.0777047E-02
        2073  9.0744168E-02
        2074  9.0711445E-02
        2075  9.0678625E-02
        2076  9.0645872E-02
        2077  9.0613022E-02
        2078  9.0580292E-02
        2079  9.0547793E-02
        2080  9.0515129E-02
        2081  9.0482414E-02
        2082  9.0449788E-02
        2083  9.0417191E-02
        2084  9.0384573E-02
        2085  9.0352155E-02
        2086  9.0319708E-02
        2087  9.0287216E-02
        2088  9.0254851E-02
        2089  9.0222359E-02
        2090  9.0190016E-02
        2091  9.0157650E-02
        2092  9.0125427E-02
        2093  9.0093099E-02
        2094  9.0060785E-02
        2095  9.0028621E-02
        2096  8.9996226E-02
        2097  8.9964114E-02
        2098  8.9932054E-02
        2099  8.9899845E-02
        2100  8.9867778E-02
        2101  8.9835532E-02
        2102  8.9803591E-02
        2103  8.9771539E-02
        2104  8.9739583E-02
        2105  8.9707509E-02
        2106  8.9675598E-02
        2107  8.9643732E-02
        2108  8.9611813E-02
        2109  8.9580022E-02
        2110  8.9548260E-02
        2111  8.9516424E-02
        2112  8.9484610E-02
        2113  8.9452833E-02
        2114  8.9421049E-02
        2115  8.9389443E-02
        2116  8.9357875E-02
        2117  8.9326046E-02
        2118  8.9294374E-02
        2119  8.9262880E-02
        2120  8.9231223E-02
        2121  8.9199767E-02
        2122  8.9168325E-02
        2123  8.9136794E-02
        2124  8.9105256E-02
        2125  8.9073822E-02
        2126  8.9042418E-02
        2127  8.9010976E-02
        2128  8.8979594E-02
        2129  8.8948235E-02
        2130  8.8916890E-02
        2131  8.8885590E-02
        2132  8.8854223E-02
        2133  8.8823095E-02
        2134  8.8791929E-02
        2135  8.8760577E-02
        2136  8.8729374E-02
        2137  8.8698268E-02
        2138  8.8667080E-02
        2139  8.8636100E-02
        2140  8.8605061E-02
        2141  8.8573851E-02
        2142  8.8542856E-02
        2143  8.8511869E-02
        2144  8.8480935E-02
        2145  8.8450067E-02
        2146  8.8419065E-02
        2147  8.8388205E-02
        2148  8.8357262E-02
        2149  8.8326342E-02
        2150  8.8295646E-02
        2151  8.8264786E-02
        2152  8.8234082E-02
        2153  8.8203296E-02
        2154  8.8172361E-02
        2155  8.8141769E-02
        2156  8.8111073E-02
        2157  8.8080466E-02
        2158  8.8049807E-02
        2159  8.8019267E-02
        2160  8.7988570E-02
        2161  8.7958008E-02
        2162  8.7927654E-02
        2163  8.7897211E-02
        2164  8.7866798E-02
        2165  8.7836258E-02
        2166  8.7805837E-02
        2167  8.7775439E-02
        2168  8.7745070E-02
        2169  8.7714709E-02
        2170  8.7684378E-02
        2171  8.7654196E-02
        2172  8.7623812E-02
        2173  8.7593488E-02
        2174  8.7563314E-02
        2175  8.7533198E-02
        2176  8.7503009E-02
        2177  8.7473087E-02
        2178  8.7442920E-02
        2179  8.7412767E-02
        2180  8.7382421E-02
        2181  8.7352522E-02
        2182  8.7322488E-02
        2183  8.7292641E-02
        2184  8.7262735E-02
        2185  8.7232895E-02
        2186  8.7203003E-02
        2187  8.7173037E-02
        2188  8.7143213E-02
        2189  8.7113418E-02
        2190  8.7083571E-02
        2191  8.7053657E-02
        2192  8.7023817E-02
        2193  8.6994089E-02
        2194  8.6964346E-02
        2195  8.6934857E-02
        2196  8.6904988E-02
        2197  8.6875349E-02
        2198  8.6845696E-02
        2199  8.6816117E-02
        2200  8.6786546E-02
        2201  8.6756907E-02
        2202  8.6727448E-02
        2203  8.6697824E-02
        2204  8.6668372E-02
        2205  8.6638838E-02
        2206  8.6609244E-02
        2207  8.6579904E-02
        2208  8.6550497E-02
        2209  8.6521037E-02
        2210  8.6491644E-02
        2211  8.6462297E-02
        2212  8.6433001E-02
        2213  8.6403638E-02
        2214  8.6374491E-02
        2215  8.6345196E-02
        2216  8.6315975E-02
        2217  8.6286776E-02
        2218  8.6257540E-02
        2219  8.6228363E-02
        2220  8.6199321E-02
        2221  8.6170226E-02
        2222  8.6141229E-02
        2223  8.6112089E-02
        2224  8.6082965E-02
        2225  8.6053871E-02
        2226  8.6024947E-02
        2227  8.5995972E-02
        2228  8.5967176E-02
        2229  8.5938200E-02
        2230  8.5909285E-02
        2231  8.5880369E-02
        2232  8.5851543E-02
        2233  8.5822567E-02
        2234  8.5793853E-02
        2235  8.5765079E-02
        2236  8.5736431E-02
        2237  8.5707553E-02
        2238  8.5678846E-02
        2239  8.5650019E-02
        2240  8.5621379E-02
        2241  8.5592829E-02
        2242  8.5564144E-02
        2243  8.5535400E-02
        2244  8.5506722E-02
        2245  8.5478142E-02
        2246  8.5449532E-02
        2247  8.5421018E-02
        2248  8.5392520E-02
        2249  8.5364006E-02
        2250  8.5335538E-02
        2251  8.5306853E-02
        2252  8.5278541E-02
        2253  8.5250035E-02
        2254  8.5221618E-02
        2255  8.5193254E-02
        2256  8.5165039E-02
        2257  8.5136689E-02
        2258  8.5108303E-02
        2259  8.5080042E-02
        2260  8.5051753E-02
        2261  8.5023649E-02
        2262  8.4995449E-02
        2263  8.4967300E-02
        2264  8.4939122E-02
        2265  8.4911011E-02
        2266  8.4882922E-02
        2267  8.4854759E-02
        2268  8.4826805E-02
        2269  8.4798731E-02
        2270  8.4770754E-02
        2271  8.4742829E-02
        2272  8.4714733E-02
        2273  8.4686838E-02
        2274  8.4658980E-02
        2275  8.4630989E-02
        2276  8.4603168E-02
        2277  8.4575430E-02
        2278  8.4547609E-02
        2279  8.4519736E-02
        2280  8.4491819E-02
        2281  8.4464155E-02
        2282  8.4436394E-02
        2283  8.4408619E-02
        2284  8.4381029E-02
        2285  8.4353358E-02
        2286  8.4325634E-02
        2287  8.4297918E-02
        2288  8.4270209E-02
        2289  8.4242634E-02
        2290  8.4215023E-02
        2291  8.4187515E-02
        2292  8.4160045E-02
        2293  8.4132381E-02
        2294  8.4104717E-02
        2295  8.4077366E-02
        2296  8.4049970E-02
        2297  8.4022485E-02
        2298  8.3995089E-02
        2299  8.3967745E-02
        2300  8.3940372E-02

real	1m8.845s
user	0m0.132s
sys	0m0.232s
