srun: Warning: can't run 1 processes on 2 nodes, setting nnodes to 1
           1   25.15660    
           2   16.41410    
           3   12.25774    
           4   9.896063    
           5   8.371389    
           6   7.299368    
           7   6.500522    
           8   5.879222    
           9   5.380790    
          10   4.970847    
          11   4.626974    
          12   4.333840    
          13   4.080894    
          14   3.859592    
          15   3.664533    
          16   3.491058    
          17   3.335651    
          18   3.195318    
          19   3.068096    
          20   2.952073    
          21   2.845915    
          22   2.748199    
          23   2.657907    
          24   2.574279    
          25   2.496543    
          26   2.424075    
          27   2.356315    
          28   2.292826    
          29   2.233168    
          30   2.177022    
          31   2.124072    
          32   2.074104    
          33   2.026755    
          34   1.981809    
          35   1.939123    
          36   1.898533    
          37   1.859889    
          38   1.823021    
          39   1.787819    
          40   1.754163    
          41   1.721934    
          42   1.691078    
          43   1.661455    
          44   1.633030    
          45   1.605711    
          46   1.579431    
          47   1.554136    
          48   1.529770    
          49   1.506276    
          50   1.483603    
          51   1.461713    
          52   1.440557    
          53   1.420103    
          54   1.400314    
          55   1.381154    
          56   1.362599    
          57   1.344610    
          58   1.327183    
          59   1.310273    
          60   1.293861    
          61   1.277927    
          62   1.262440    
          63   1.247381    
          64   1.232717    
          65   1.218455    
          66   1.204563    
          67   1.191040    
          68   1.177873    
          69   1.165037    
          70   1.152525    
          71   1.140326    
          72   1.128424    
          73   1.116797    
          74   1.105454    
          75   1.094375    
          76   1.083549    
          77   1.072969    
          78   1.062626    
          79   1.052522    
          80   1.042638    
          81   1.032965    
          82   1.023496    
          83   1.014228    
          84   1.005152    
          85  0.9962690    
          86  0.9875610    
          87  0.9790288    
          88  0.9706707    
          89  0.9624746    
          90  0.9544373    
          91  0.9465564    
          92  0.9388295    
          93  0.9312438    
          94  0.9238046    
          95  0.9164957    
          96  0.9093223    
          97  0.9022817    
          98  0.8953623    
          99  0.8885706    
         100  0.8818992    
         101  0.8753375    
         102  0.8688892    
         103  0.8625506    
         104  0.8563256    
         105  0.8501962    
         106  0.8441691    
         107  0.8382421    
         108  0.8324091    
         109  0.8266738    
         110  0.8210296    
         111  0.8154746    
         112  0.8100064    
         113  0.8046197    
         114  0.7993196    
         115  0.7940970    
         116  0.7889561    
         117  0.7838911    
         118  0.7789004    
         119  0.7739849    
         120  0.7691401    
         121  0.7643667    
         122  0.7596579    
         123  0.7550220    
         124  0.7504444    
         125  0.7459332    
         126  0.7414863    
         127  0.7371002    
         128  0.7327747    
         129  0.7285067    
         130  0.7242975    
         131  0.7201452    
         132  0.7160503    
         133  0.7120067    
         134  0.7080154    
         135  0.7040730    
         136  0.7001840    
         137  0.6963471    
         138  0.6925564    
         139  0.6888144    
         140  0.6851197    
         141  0.6814703    
         142  0.6778710    
         143  0.6743104    
         144  0.6707923    
         145  0.6673195    
         146  0.6638952    
         147  0.6605070    
         148  0.6571573    
         149  0.6538468    
         150  0.6505756    
         151  0.6473430    
         152  0.6441485    
         153  0.6409882    
         154  0.6378657    
         155  0.6347789    
         156  0.6317254    
         157  0.6287037    
         158  0.6257169    
         159  0.6227636    
         160  0.6198407    
         161  0.6169486    
         162  0.6140876    
         163  0.6112579    
         164  0.6084581    
         165  0.6056863    
         166  0.6029459    
         167  0.6002347    
         168  0.5975507    
         169  0.5948968    
         170  0.5922708    
         171  0.5896702    
         172  0.5870969    
         173  0.5845491    
         174  0.5820275    
         175  0.5795286    
         176  0.5770545    
         177  0.5746068    
         178  0.5721837    
         179  0.5697850    
         180  0.5674109    
         181  0.5650551    
         182  0.5627249    
         183  0.5604141    
         184  0.5581270    
         185  0.5558623    
         186  0.5536205    
         187  0.5514005    
         188  0.5491993    
         189  0.5470197    
         190  0.5448591    
         191  0.5427199    
         192  0.5405985    
         193  0.5384946    
         194  0.5364096    
         195  0.5343459    
         196  0.5322983    
         197  0.5302682    
         198  0.5282581    
         199  0.5262656    
         200  0.5242921    
         201  0.5223352    
         202  0.5203922    
         203  0.5184695    
         204  0.5165614    
         205  0.5146710    
         206  0.5127940    
         207  0.5109332    
         208  0.5090892    
         209  0.5072585    
         210  0.5054423    
         211  0.5036439    
         212  0.5018600    
         213  0.5000944    
         214  0.4983414    
         215  0.4966029    
         216  0.4948790    
         217  0.4931681    
         218  0.4914697    
         219  0.4897841    
         220  0.4881112    
         221  0.4864542    
         222  0.4848087    
         223  0.4831761    
         224  0.4815550    
         225  0.4799502    
         226  0.4783578    
         227  0.4767758    
         228  0.4752063    
         229  0.4736502    
         230  0.4721036    
         231  0.4705738    
         232  0.4690508    
         233  0.4675404    
         234  0.4660406    
         235  0.4645526    
         236  0.4630744    
         237  0.4616078    
         238  0.4601512    
         239  0.4587056    
         240  0.4572727    
         241  0.4558488    
         242  0.4544358    
         243  0.4530322    
         244  0.4516384    
         245  0.4502541    
         246  0.4488793    
         247  0.4475144    
         248  0.4461600    
         249  0.4448156    
         250  0.4434808    
         251  0.4421546    
         252  0.4408368    
         253  0.4395303    
         254  0.4382325    
         255  0.4369442    
         256  0.4356641    
         257  0.4343907    
         258  0.4331259    
         259  0.4318707    
         260  0.4306230    
         261  0.4293847    
         262  0.4281544    
         263  0.4269335    
         264  0.4257199    
         265  0.4245135    
         266  0.4233168    
         267  0.4221261    
         268  0.4209437    
         269  0.4197674    
         270  0.4186020    
         271  0.4174412    
         272  0.4162892    
         273  0.4151457    
         274  0.4140083    
         275  0.4128776    
         276  0.4117555    
         277  0.4106396    
         278  0.4095310    
         279  0.4084291    
         280  0.4073339    
         281  0.4062449    
         282  0.4051647    
         283  0.4040900    
         284  0.4030227    
         285  0.4019627    
         286  0.4009092    
         287  0.3998618    
         288  0.3988177    
         289  0.3977822    
         290  0.3967535    
         291  0.3957304    
         292  0.3947134    
         293  0.3937019    
         294  0.3926962    
         295  0.3916982    
         296  0.3907057    
         297  0.3897182    
         298  0.3887364    
         299  0.3877596    
         300  0.3867892    
         301  0.3858257    
         302  0.3848673    
         303  0.3839139    
         304  0.3829660    
         305  0.3820240    
         306  0.3810862    
         307  0.3801551    
         308  0.3792284    
         309  0.3783075    
         310  0.3773920    
         311  0.3764815    
         312  0.3755756    
         313  0.3746746    
         314  0.3737779    
         315  0.3728877    
         316  0.3720012    
         317  0.3711201    
         318  0.3702436    
         319  0.3693710    
         320  0.3685038    
         321  0.3676433    
         322  0.3667866    
         323  0.3659340    
         324  0.3650868    
         325  0.3642443    
         326  0.3634043    
         327  0.3625700    
         328  0.3617399    
         329  0.3609154    
         330  0.3600960    
         331  0.3592793    
         332  0.3584681    
         333  0.3576608    
         334  0.3568581    
         335  0.3560584    
         336  0.3552632    
         337  0.3544716    
         338  0.3536841    
         339  0.3529029    
         340  0.3521237    
         341  0.3513482    
         342  0.3505777    
         343  0.3498118    
         344  0.3490487    
         345  0.3482902    
         346  0.3475344    
         347  0.3467830    
         348  0.3460357    
         349  0.3452897    
         350  0.3445501    
         351  0.3438134    
         352  0.3430806    
         353  0.3423527    
         354  0.3416264    
         355  0.3409047    
         356  0.3401860    
         357  0.3394704    
         358  0.3387584    
         359  0.3380514    
         360  0.3373450    
         361  0.3366435    
         362  0.3359458    
         363  0.3352522    
         364  0.3345612    
         365  0.3338765    
         366  0.3331944    
         367  0.3325120    
         368  0.3318342    
         369  0.3311588    
         370  0.3304876    
         371  0.3298183    
         372  0.3291522    
         373  0.3284899    
         374  0.3278304    
         375  0.3271745    
         376  0.3265210    
         377  0.3258713    
         378  0.3252243    
         379  0.3245798    
         380  0.3239391    
         381  0.3233010    
         382  0.3226655    
         383  0.3220323    
         384  0.3214035    
         385  0.3207771    
         386  0.3201527    
         387  0.3195326    
         388  0.3189147    
         389  0.3182996    
         390  0.3176871    
         391  0.3170767    
         392  0.3164701    
         393  0.3158657    
         394  0.3152640    
         395  0.3146643    
         396  0.3140680    
         397  0.3134745    
         398  0.3128831    
         399  0.3122950    
         400  0.3117085    
         401  0.3111253    
         402  0.3105441    
         403  0.3099656    
         404  0.3093887    
         405  0.3088159    
         406  0.3082453    
         407  0.3076770    
         408  0.3071112    
         409  0.3065478    
         410  0.3059868    
         411  0.3054288    
         412  0.3048724    
         413  0.3043182    
         414  0.3037667    
         415  0.3032168    
         416  0.3026694    
         417  0.3021247    
         418  0.3015821    
         419  0.3010420    
         420  0.3005044    
         421  0.2999685    
         422  0.2994350    
         423  0.2989041    
         424  0.2983758    
         425  0.2978494    
         426  0.2973245    
         427  0.2968023    
         428  0.2962816    
         429  0.2957639    
         430  0.2952481    
         431  0.2947342    
         432  0.2942224    
         433  0.2937123    
         434  0.2932042    
         435  0.2926981    
         436  0.2921944    
         437  0.2916929    
         438  0.2911928    
         439  0.2906957    
         440  0.2901995    
         441  0.2897055    
         442  0.2892136    
         443  0.2887241    
         444  0.2882361    
         445  0.2877499    
         446  0.2872656    
         447  0.2867833    
         448  0.2863034    
         449  0.2858247    
         450  0.2853478    
         451  0.2848735    
         452  0.2844012    
         453  0.2839303    
         454  0.2834609    
         455  0.2829938    
         456  0.2825286    
         457  0.2820651    
         458  0.2816032    
         459  0.2811434    
         460  0.2806853    
         461  0.2802290    
         462  0.2797743    
         463  0.2793209    
         464  0.2788699    
         465  0.2784200    
         466  0.2779727    
         467  0.2775269    
         468  0.2770824    
         469  0.2766402    
         470  0.2761993    
         471  0.2757599    
         472  0.2753221    
         473  0.2748860    
         474  0.2744514    
         475  0.2740183    
         476  0.2735873    
         477  0.2731569    
         478  0.2727280    
         479  0.2723012    
         480  0.2718754    
         481  0.2714516    
         482  0.2710279    
         483  0.2706071    
         484  0.2701880    
         485  0.2697706    
         486  0.2693533    
         487  0.2689384    
         488  0.2685256    
         489  0.2681138    
         490  0.2677023    
         491  0.2672940    
         492  0.2668865    
         493  0.2664809    
         494  0.2660760    
         495  0.2656728    
         496  0.2652708    
         497  0.2648710    
         498  0.2644724    
         499  0.2640744    
         500  0.2636786    
         501  0.2632830    
         502  0.2628890    
         503  0.2624963    
         504  0.2621058    
         505  0.2617165    
         506  0.2613280    
         507  0.2609412    
         508  0.2605560    
         509  0.2601716    
         510  0.2597889    
         511  0.2594075    
         512  0.2590274    
         513  0.2586483    
         514  0.2582708    
         515  0.2578939    
         516  0.2575186    
         517  0.2571443    
         518  0.2567708    
         519  0.2564000    
         520  0.2560297    
         521  0.2556601    
         522  0.2552932    
         523  0.2549262    
         524  0.2545604    
         525  0.2541962    
         526  0.2538338    
         527  0.2534721    
         528  0.2531117    
         529  0.2527523    
         530  0.2523941    
         531  0.2520371    
         532  0.2516817    
         533  0.2513269    
         534  0.2509737    
         535  0.2506222    
         536  0.2502717    
         537  0.2499224    
         538  0.2495733    
         539  0.2492251    
         540  0.2488781    
         541  0.2485323    
         542  0.2481880    
         543  0.2478450    
         544  0.2475022    
         545  0.2471615    
         546  0.2468221    
         547  0.2464838    
         548  0.2461462    
         549  0.2458093    
         550  0.2454732    
         551  0.2451393    
         552  0.2448057    
         553  0.2444737    
         554  0.2441425    
         555  0.2438118    
         556  0.2434825    
         557  0.2431545    
         558  0.2428283    
         559  0.2425029    
         560  0.2421779    
         561  0.2418550    
         562  0.2415317    
         563  0.2412109    
         564  0.2408898    
         565  0.2405704    
         566  0.2402514    
         567  0.2399341    
         568  0.2396176    
         569  0.2393017    
         570  0.2389874    
         571  0.2386728    
         572  0.2383602    
         573  0.2380478    
         574  0.2377361    
         575  0.2374264    
         576  0.2371164    
         577  0.2368085    
         578  0.2365006    
         579  0.2361964    
         580  0.2358916    
         581  0.2355875    
         582  0.2352830    
         583  0.2349796    
         584  0.2346774    
         585  0.2343766    
         586  0.2340766    
         587  0.2337776    
         588  0.2334794    
         589  0.2331816    
         590  0.2328852    
         591  0.2325893    
         592  0.2322941    
         593  0.2320005    
         594  0.2317076    
         595  0.2314149    
         596  0.2311241    
         597  0.2308334    
         598  0.2305441    
         599  0.2302552    
         600  0.2299677    
         601  0.2296802    
         602  0.2293942    
         603  0.2291088    
         604  0.2288245    
         605  0.2285397    
         606  0.2282577    
         607  0.2279753    
         608  0.2276940    
         609  0.2274133    
         610  0.2271343    
         611  0.2268556    
         612  0.2265775    
         613  0.2262999    
         614  0.2260233    
         615  0.2257485    
         616  0.2254736    
         617  0.2252002    
         618  0.2249264    
         619  0.2246540    
         620  0.2243824    
         621  0.2241117    
         622  0.2238410    
         623  0.2235717    
         624  0.2233026    
         625  0.2230356    
         626  0.2227679    
         627  0.2225017    
         628  0.2222358    
         629  0.2219705    
         630  0.2217069    
         631  0.2214431    
         632  0.2211806    
         633  0.2209186    
         634  0.2206572    
         635  0.2203965    
         636  0.2201363    
         637  0.2198766    
         638  0.2196173    
         639  0.2193599    
         640  0.2191026    
         641  0.2188462    
         642  0.2185908    
         643  0.2183351    
         644  0.2180809    
         645  0.2178265    
         646  0.2175741    
         647  0.2173214    
         648  0.2170698    
         649  0.2168200    
         650  0.2165686    
         651  0.2163190    
         652  0.2160701    
         653  0.2158218    
         654  0.2155746    
         655  0.2153269    
         656  0.2150810    
         657  0.2148350    
         658  0.2145905    
         659  0.2143467    
         660  0.2141022    
         661  0.2138595    
         662  0.2136172    
         663  0.2133756    
         664  0.2131348    
         665  0.2128935    
         666  0.2126536    
         667  0.2124154    
         668  0.2121769    
         669  0.2119387    
         670  0.2117013    
         671  0.2114646    
         672  0.2112293    
         673  0.2109927    
         674  0.2107581    
         675  0.2105241    
         676  0.2102902    
         677  0.2100572    
         678  0.2098243    
         679  0.2095927    
         680  0.2093614    
         681  0.2091300    
         682  0.2088994    
         683  0.2086700    
         684  0.2084401    
         685  0.2082116    
         686  0.2079840    
         687  0.2077572    
         688  0.2075307    
         689  0.2073043    
         690  0.2070791    
         691  0.2068548    
         692  0.2066299    
         693  0.2064064    
         694  0.2061836    
         695  0.2059603    
         696  0.2057384    
         697  0.2055174    
         698  0.2052957    
         699  0.2050752    
         700  0.2048557    
         701  0.2046360    
         702  0.2044173    
         703  0.2041997    
         704  0.2039823    
         705  0.2037655    
         706  0.2035496    
         707  0.2033332    
         708  0.2031181    
         709  0.2029039    
         710  0.2026895    
         711  0.2024759    
         712  0.2022628    
         713  0.2020495    
         714  0.2018369    
         715  0.2016256    
         716  0.2014139    
         717  0.2012030    
         718  0.2009932    
         719  0.2007833    
         720  0.2005738    
         721  0.2003650    
         722  0.2001571    
         723  0.1999494    
         724  0.1997423    
         725  0.1995353    
         726  0.1993292    
         727  0.1991233    
         728  0.1989180    
         729  0.1987132    
         730  0.1985091    
         731  0.1983064    
         732  0.1981023    
         733  0.1978997    
         734  0.1976976    
         735  0.1974954    
         736  0.1972943    
         737  0.1970936    
         738  0.1968933    
         739  0.1966933    
         740  0.1964938    
         741  0.1962948    
         742  0.1960962    
         743  0.1958983    
         744  0.1957012    
         745  0.1955037    
         746  0.1953076    
         747  0.1951107    
         748  0.1949146    
         749  0.1947194    
         750  0.1945243    
         751  0.1943305    
         752  0.1941366    
         753  0.1939433    
         754  0.1937504    
         755  0.1935582    
         756  0.1933661    
         757  0.1931743    
         758  0.1929834    
         759  0.1927925    
         760  0.1926027    
         761  0.1924124    
         762  0.1922233    
         763  0.1920336    
         764  0.1918447    
         765  0.1916564    
         766  0.1914687    
         767  0.1912816    
         768  0.1910944    
         769  0.1909083    
         770  0.1907228    
         771  0.1905374    
         772  0.1903521    
         773  0.1901677    
         774  0.1899831    
         775  0.1897991    
         776  0.1896159    
         777  0.1894327    
         778  0.1892501    
         779  0.1890678    
         780  0.1888860    
         781  0.1887042    
         782  0.1885235    
         783  0.1883427    
         784  0.1881630    
         785  0.1879827    
         786  0.1878038    
         787  0.1876244    
         788  0.1874461    
         789  0.1872678    
         790  0.1870900    
         791  0.1869120    
         792  0.1867353    
         793  0.1865588    
         794  0.1863830    
         795  0.1862066    
         796  0.1860311    
         797  0.1858557    
         798  0.1856809    
         799  0.1855066    
         800  0.1853329    
         801  0.1851590    
         802  0.1849861    
         803  0.1848125    
         804  0.1846398    
         805  0.1844676    
         806  0.1842961    
         807  0.1841246    
         808  0.1839537    
         809  0.1837829    
         810  0.1836125    
         811  0.1834430    
         812  0.1832735    
         813  0.1831043    
         814  0.1829354    
         815  0.1827673    
         816  0.1825991    
         817  0.1824317    
         818  0.1822640    
         819  0.1820976    
         820  0.1819311    
         821  0.1817643    
         822  0.1815982    
         823  0.1814328    
         824  0.1812674    
         825  0.1811030    
         826  0.1809386    
         827  0.1807744    
         828  0.1806108    
         829  0.1804469    
         830  0.1802841    
         831  0.1801212    
         832  0.1799589    
         833  0.1797969    
         834  0.1796353    
         835  0.1794739    
         836  0.1793128    
         837  0.1791528    
         838  0.1789919    
         839  0.1788322    
         840  0.1786724    
         841  0.1785136    
         842  0.1783545    
         843  0.1781958    
         844  0.1780367    
         845  0.1778783    
         846  0.1777209    
         847  0.1775632    
         848  0.1774063    
         849  0.1772494    
         850  0.1770929    
         851  0.1769374    
         852  0.1767823    
         853  0.1766270    
         854  0.1764718    
         855  0.1763166    
         856  0.1761620    
         857  0.1760074    
         858  0.1758542    
         859  0.1757003    
         860  0.1755471    
         861  0.1753943    
         862  0.1752417    
         863  0.1750896    
         864  0.1749369    
         865  0.1747854    
         866  0.1746339    
         867  0.1744825    
         868  0.1743318    
         869  0.1741808    
         870  0.1740310    
         871  0.1738806    
         872  0.1737312    
         873  0.1735825    
         874  0.1734331    
         875  0.1732851    
         876  0.1731365    
         877  0.1729883    
         878  0.1728408    
         879  0.1726929    
         880  0.1725464    
         881  0.1723991    
         882  0.1722520    
         883  0.1721065    
         884  0.1719600    
         885  0.1718141    
         886  0.1716696    
         887  0.1715234    
         888  0.1713789    
         889  0.1712344    
         890  0.1710897    
         891  0.1709462    
         892  0.1708021    
         893  0.1706588    
         894  0.1705154    
         895  0.1703723    
         896  0.1702296    
         897  0.1700872    
         898  0.1699447    
         899  0.1698030    
         900  0.1696610    
         901  0.1695199    
         902  0.1693790    
         903  0.1692381    
         904  0.1690980    
         905  0.1689581    
         906  0.1688174    
         907  0.1686780    
         908  0.1685390    
         909  0.1683993    
         910  0.1682610    
         911  0.1681221    
         912  0.1679838    
         913  0.1678459    
         914  0.1677080    
         915  0.1675703    
         916  0.1674334    
         917  0.1672972    
         918  0.1671610    
         919  0.1670257    
         920  0.1668892    
         921  0.1667538    
         922  0.1666188    
         923  0.1664823    
         924  0.1663473    
         925  0.1662123    
         926  0.1660773    
         927  0.1659432    
         928  0.1658093    
         929  0.1656749    
         930  0.1655414    
         931  0.1654083    
         932  0.1652753    
         933  0.1651426    
         934  0.1650102    
         935  0.1648774    
         936  0.1647453    
         937  0.1646142    
         938  0.1644820    
         939  0.1643505    
         940  0.1642197    
         941  0.1640885    
         942  0.1639579    
         943  0.1638280    
         944  0.1636972    
         945  0.1635674    
         946  0.1634376    
         947  0.1633085    
         948  0.1631792    
         949  0.1630505    
         950  0.1629218    
         951  0.1627928    
         952  0.1626650    
         953  0.1625369    
         954  0.1624089    
         955  0.1622818    
         956  0.1621543    
         957  0.1620268    
         958  0.1619001    
         959  0.1617736    
         960  0.1616468    
         961  0.1615208    
         962  0.1613950    
         963  0.1612691    
         964  0.1611437    
         965  0.1610182    
         966  0.1608932    
         967  0.1607678    
         968  0.1606437    
         969  0.1605194    
         970  0.1603953    
         971  0.1602711    
         972  0.1601476    
         973  0.1600238    
         974  0.1599009    
         975  0.1597783    
         976  0.1596553    
         977  0.1595332    
         978  0.1594110    
         979  0.1592890    
         980  0.1591664    
         981  0.1590448    
         982  0.1589232    
         983  0.1588019    
         984  0.1586811    
         985  0.1585603    
         986  0.1584402    
         987  0.1583194    
         988  0.1582000    
         989  0.1580797    
         990  0.1579599    
         991  0.1578403    
         992  0.1577212    
         993  0.1576021    
         994  0.1574828    
         995  0.1573642    
         996  0.1572460    
         997  0.1571272    
         998  0.1570089    
         999  0.1568912    
        1000  0.1567742    
        1001  0.1566561    
        1002  0.1565392    
        1003  0.1564221    
        1004  0.1563053    
        1005  0.1561886    
        1006  0.1560725    
        1007  0.1559564    
        1008  0.1558400    
        1009  0.1557244    
        1010  0.1556085    
        1011  0.1554931    
        1012  0.1553771    
        1013  0.1552620    
        1014  0.1551471    
        1015  0.1550325    
        1016  0.1549176    
        1017  0.1548039    
        1018  0.1546898    
        1019  0.1545758    
        1020  0.1544615    
        1021  0.1543486    
        1022  0.1542350    
        1023  0.1541221    
        1024  0.1540090    
        1025  0.1538963    
        1026  0.1537837    
        1027  0.1536711    
        1028  0.1535587    
        1029  0.1534467    
        1030  0.1533352    
        1031  0.1532228    
        1032  0.1531116    
        1033  0.1530003    
        1034  0.1528892    
        1035  0.1527779    
        1036  0.1526673    
        1037  0.1525568    
        1038  0.1524468    
        1039  0.1523361    
        1040  0.1522264    
        1041  0.1521166    
        1042  0.1520069    
        1043  0.1518973    
        1044  0.1517882    
        1045  0.1516794    
        1046  0.1515708    
        1047  0.1514618    
        1048  0.1513536    
        1049  0.1512454    
        1050  0.1511375    
        1051  0.1510293    
        1052  0.1509215    
        1053  0.1508139    
        1054  0.1507068    
        1055  0.1505999    
        1056  0.1504928    
        1057  0.1503858    
        1058  0.1502795    
        1059  0.1501728    
        1060  0.1500666    
        1061  0.1499605    
        1062  0.1498546    
        1063  0.1497488    
        1064  0.1496434    
        1065  0.1495378    
        1066  0.1494330    
        1067  0.1493276    
        1068  0.1492228    
        1069  0.1491183    
        1070  0.1490133    
        1071  0.1489088    
        1072  0.1488043    
        1073  0.1487003    
        1074  0.1485965    
        1075  0.1484932    
        1076  0.1483896    
        1077  0.1482858    
        1078  0.1481826    
        1079  0.1480794    
        1080  0.1479762    
        1081  0.1478735    
        1082  0.1477711    
        1083  0.1476687    
        1084  0.1475665    
        1085  0.1474642    
        1086  0.1473621    
        1087  0.1472606    
        1088  0.1471592    
        1089  0.1470574    
        1090  0.1469562    
        1091  0.1468550    
        1092  0.1467541    
        1093  0.1466533    
        1094  0.1465526    
        1095  0.1464523    
        1096  0.1463521    
        1097  0.1462521    
        1098  0.1461520    
        1099  0.1460522    
        1100  0.1459528    
        1101  0.1458530    
        1102  0.1457539    
        1103  0.1456541    
        1104  0.1455552    
        1105  0.1454564    
        1106  0.1453580    
        1107  0.1452594    
        1108  0.1451606    
        1109  0.1450628    
        1110  0.1449648    
        1111  0.1448667    
        1112  0.1447690    
        1113  0.1446714    
        1114  0.1445742    
        1115  0.1444770    
        1116  0.1443798    
        1117  0.1442829    
        1118  0.1441860    
        1119  0.1440893    
        1120  0.1439931    
        1121  0.1438967    
        1122  0.1438003    
        1123  0.1437043    
        1124  0.1436086    
        1125  0.1435133    
        1126  0.1434179    
        1127  0.1433219    
        1128  0.1432267    
        1129  0.1431314    
        1130  0.1430366    
        1131  0.1429414    
        1132  0.1428465    
        1133  0.1427519    
        1134  0.1426573    
        1135  0.1425630    
        1136  0.1424688    
        1137  0.1423745    
        1138  0.1422810    
        1139  0.1421867    
        1140  0.1420936    
        1141  0.1419997    
        1142  0.1419066    
        1143  0.1418134    
        1144  0.1417202    
        1145  0.1416277    
        1146  0.1415352    
        1147  0.1414423    
        1148  0.1413500    
        1149  0.1412579    
        1150  0.1411660    
        1151  0.1410736    
        1152  0.1409816    
        1153  0.1408902    
        1154  0.1407982    
        1155  0.1407069    
        1156  0.1406155    
        1157  0.1405242    
        1158  0.1404333    
        1159  0.1403422    
        1160  0.1402517    
        1161  0.1401611    
        1162  0.1400703    
        1163  0.1399802    
        1164  0.1398900    
        1165  0.1397998    
        1166  0.1397102    
        1167  0.1396200    
        1168  0.1395304    
        1169  0.1394411    
        1170  0.1393516    
        1171  0.1392628    
        1172  0.1391733    
        1173  0.1390841    
        1174  0.1389957    
        1175  0.1389069    
        1176  0.1388183    
        1177  0.1387302    
        1178  0.1386416    
        1179  0.1385534    
        1180  0.1384656    
        1181  0.1383778    
        1182  0.1382901    
        1183  0.1382023    
        1184  0.1381147    
        1185  0.1380275    
        1186  0.1379399    
        1187  0.1378528    
        1188  0.1377661    
        1189  0.1376789    
        1190  0.1375921    
        1191  0.1375058    
        1192  0.1374191    
        1193  0.1373329    
        1194  0.1372466    
        1195  0.1371601    
        1196  0.1370742    
        1197  0.1369882    
        1198  0.1369024    
        1199  0.1368166    
        1200  0.1367310    
        1201  0.1366456    
        1202  0.1365602    
        1203  0.1364750    
        1204  0.1363898    
        1205  0.1363049    
        1206  0.1362200    
        1207  0.1361353    
        1208  0.1360507    
        1209  0.1359663    
        1210  0.1358820    
        1211  0.1357977    
        1212  0.1357135    
        1213  0.1356293    
        1214  0.1355453    
        1215  0.1354613    
        1216  0.1353779    
        1217  0.1352943    
        1218  0.1352108    
        1219  0.1351277    
        1220  0.1350445    
        1221  0.1349613    
        1222  0.1348786    
        1223  0.1347957    
        1224  0.1347127    
        1225  0.1346302    
        1226  0.1345477    
        1227  0.1344652    
        1228  0.1343833    
        1229  0.1343011    
        1230  0.1342191    
        1231  0.1341372    
        1232  0.1340551    
        1233  0.1339738    
        1234  0.1338924    
        1235  0.1338109    
        1236  0.1337297    
        1237  0.1336485    
        1238  0.1335675    
        1239  0.1334867    
        1240  0.1334059    
        1241  0.1333254    
        1242  0.1332446    
        1243  0.1331642    
        1244  0.1330841    
        1245  0.1330035    
        1246  0.1329236    
        1247  0.1328440    
        1248  0.1327639    
        1249  0.1326842    
        1250  0.1326045    
        1251  0.1325247    
        1252  0.1324454    
        1253  0.1323662    
        1254  0.1322868    
        1255  0.1322077    
        1256  0.1321289    
        1257  0.1320500    
        1258  0.1319715    
        1259  0.1318932    
        1260  0.1318145    
        1261  0.1317360    
        1262  0.1316581    
        1263  0.1315797    
        1264  0.1315017    
        1265  0.1314238    
        1266  0.1313462    
        1267  0.1312682    
        1268  0.1311910    
        1269  0.1311135    
        1270  0.1310357    
        1271  0.1309585    
        1272  0.1308813    
        1273  0.1308040    
        1274  0.1307270    
        1275  0.1306501    
        1276  0.1305735    
        1277  0.1304965    
        1278  0.1304203    
        1279  0.1303436    
        1280  0.1302670    
        1281  0.1301910    
        1282  0.1301151    
        1283  0.1300388    
        1284  0.1299629    
        1285  0.1298870    
        1286  0.1298110    
        1287  0.1297355    
        1288  0.1296600    
        1289  0.1295845    
        1290  0.1295090    
        1291  0.1294334    
        1292  0.1293587    
        1293  0.1292836    
        1294  0.1292087    
        1295  0.1291339    
        1296  0.1290591    
        1297  0.1289842    
        1298  0.1289098    
        1299  0.1288355    
        1300  0.1287609    
        1301  0.1286868    
        1302  0.1286128    
        1303  0.1285387    
        1304  0.1284646    
        1305  0.1283907    
        1306  0.1283170    
        1307  0.1282434    
        1308  0.1281693    
        1309  0.1280962    
        1310  0.1280230    
        1311  0.1279493    
        1312  0.1278762    
        1313  0.1278029    
        1314  0.1277300    
        1315  0.1276570    
        1316  0.1275840    
        1317  0.1275110    
        1318  0.1274387    
        1319  0.1273660    
        1320  0.1272937    
        1321  0.1272212    
        1322  0.1271488    
        1323  0.1270768    
        1324  0.1270050    
        1325  0.1269327    
        1326  0.1268609    
        1327  0.1267893    
        1328  0.1267173    
        1329  0.1266456    
        1330  0.1265740    
        1331  0.1265028    
        1332  0.1264312    
        1333  0.1263599    
        1334  0.1262891    
        1335  0.1262182    
        1336  0.1261469    
        1337  0.1260763    
        1338  0.1260055    
        1339  0.1259353    
        1340  0.1258645    
        1341  0.1257942    
        1342  0.1257240    
        1343  0.1256539    
        1344  0.1255833    
        1345  0.1255136    
        1346  0.1254434    
        1347  0.1253735    
        1348  0.1253035    
        1349  0.1252334    
        1350  0.1251635    
        1351  0.1250944    
        1352  0.1250252    
        1353  0.1249563    
        1354  0.1248871    
        1355  0.1248176    
        1356  0.1247484    
        1357  0.1246796    
        1358  0.1246106    
        1359  0.1245415    
        1360  0.1244727    
        1361  0.1244042    
        1362  0.1243355    
        1363  0.1242671    
        1364  0.1241987    
        1365  0.1241308    
        1366  0.1240625    
        1367  0.1239941    
        1368  0.1239261    
        1369  0.1238581    
        1370  0.1237906    
        1371  0.1237224    
        1372  0.1236549    
        1373  0.1235873    
        1374  0.1235201    
        1375  0.1234525    
        1376  0.1233853    
        1377  0.1233181    
        1378  0.1232511    
        1379  0.1231836    
        1380  0.1231168    
        1381  0.1230498    
        1382  0.1229831    
        1383  0.1229159    
        1384  0.1228497    
        1385  0.1227829    
        1386  0.1227166    
        1387  0.1226498    
        1388  0.1225838    
        1389  0.1225175    
        1390  0.1224514    
        1391  0.1223853    
        1392  0.1223193    
        1393  0.1222537    
        1394  0.1221879    
        1395  0.1221221    
        1396  0.1220564    
        1397  0.1219913    
        1398  0.1219259    
        1399  0.1218604    
        1400  0.1217951    
        1401  0.1217303    
        1402  0.1216652    
        1403  0.1216001    
        1404  0.1215350    
        1405  0.1214697    
        1406  0.1214052    
        1407  0.1213403    
        1408  0.1212756    
        1409  0.1212110    
        1410  0.1211469    
        1411  0.1210828    
        1412  0.1210181    
        1413  0.1209539    
        1414  0.1208898    
        1415  0.1208259    
        1416  0.1207616    
        1417  0.1206979    
        1418  0.1206341    
        1419  0.1205706    
        1420  0.1205066    
        1421  0.1204431    
        1422  0.1203794    
        1423  0.1203160    
        1424  0.1202529    
        1425  0.1201890    
        1426  0.1201261    
        1427  0.1200628    
        1428  0.1200002    
        1429  0.1199368    
        1430  0.1198738    
        1431  0.1198110    
        1432  0.1197482    
        1433  0.1196859    
        1434  0.1196230    
        1435  0.1195605    
        1436  0.1194981    
        1437  0.1194356    
        1438  0.1193733    
        1439  0.1193111    
        1440  0.1192491    
        1441  0.1191870    
        1442  0.1191251    
        1443  0.1190629    
        1444  0.1190009    
        1445  0.1189396    
        1446  0.1188778    
        1447  0.1188162    
        1448  0.1187544    
        1449  0.1186930    
        1450  0.1186319    
        1451  0.1185702    
        1452  0.1185096    
        1453  0.1184488    
        1454  0.1183881    
        1455  0.1183272    
        1456  0.1182663    
        1457  0.1182056    
        1458  0.1181452    
        1459  0.1180845    
        1460  0.1180239    
        1461  0.1179632    
        1462  0.1179028    
        1463  0.1178421    
        1464  0.1177820    
        1465  0.1177209    
        1466  0.1176606    
        1467  0.1175999    
        1468  0.1175399    
        1469  0.1174804    
        1470  0.1174198    
        1471  0.1173599    
        1472  0.1173002    
        1473  0.1172405    
        1474  0.1171809    
        1475  0.1171209    
        1476  0.1170613    
        1477  0.1170019    
        1478  0.1169426    
        1479  0.1168835    
        1480  0.1168238    
        1481  0.1167649    
        1482  0.1167057    
        1483  0.1166464    
        1484  0.1165878    
        1485  0.1165285    
        1486  0.1164698    
        1487  0.1164111    
        1488  0.1163528    
        1489  0.1162941    
        1490  0.1162351    
        1491  0.1161767    
        1492  0.1161184    
        1493  0.1160601    
        1494  0.1160017    
        1495  0.1159430    
        1496  0.1158850    
        1497  0.1158274    
        1498  0.1157690    
        1499  0.1157110    
        1500  0.1156531    
        1501  0.1155954    
        1502  0.1155379    
        1503  0.1154801    
        1504  0.1154225    
        1505  0.1153651    
        1506  0.1153075    
        1507  0.1152505    
        1508  0.1151929    
        1509  0.1151358    
        1510  0.1150784    
        1511  0.1150210    
        1512  0.1149643    
        1513  0.1149074    
        1514  0.1148505    
        1515  0.1147934    
        1516  0.1147364    
        1517  0.1146799    
        1518  0.1146234    
        1519  0.1145665    
        1520  0.1145101    
        1521  0.1144533    
        1522  0.1143970    
        1523  0.1143408    
        1524  0.1142844    
        1525  0.1142281    
        1526  0.1141718    
        1527  0.1141153    
        1528  0.1140598    
        1529  0.1140040    
        1530  0.1139478    
        1531  0.1138920    
        1532  0.1138363    
        1533  0.1137807    
        1534  0.1137251    
        1535  0.1136692    
        1536  0.1136134    
        1537  0.1135580    
        1538  0.1135026    
        1539  0.1134473    
        1540  0.1133921    
        1541  0.1133363    
        1542  0.1132814    
        1543  0.1132262    
        1544  0.1131714    
        1545  0.1131163    
        1546  0.1130611    
        1547  0.1130064    
        1548  0.1129516    
        1549  0.1128969    
        1550  0.1128424    
        1551  0.1127877    
        1552  0.1127329    
        1553  0.1126786    
        1554  0.1126243    
        1555  0.1125698    
        1556  0.1125155    
        1557  0.1124610    
        1558  0.1124067    
        1559  0.1123529    
        1560  0.1122986    
        1561  0.1122445    
        1562  0.1121904    
        1563  0.1121364    
        1564  0.1120828    
        1565  0.1120290    
        1566  0.1119753    
        1567  0.1119218    
        1568  0.1118681    
        1569  0.1118144    
        1570  0.1117612    
        1571  0.1117077    
        1572  0.1116545    
        1573  0.1116014    
        1574  0.1115481    
        1575  0.1114948    
        1576  0.1114422    
        1577  0.1113891    
        1578  0.1113359    
        1579  0.1112833    
        1580  0.1112303    
        1581  0.1111775    
        1582  0.1111249    
        1583  0.1110724    
        1584  0.1110196    
        1585  0.1109671    
        1586  0.1109146    
        1587  0.1108621    
        1588  0.1108100    
        1589  0.1107579    
        1590  0.1107051    
        1591  0.1106531    
        1592  0.1106011    
        1593  0.1105489    
        1594  0.1104971    
        1595  0.1104453    
        1596  0.1103929    
        1597  0.1103412    
        1598  0.1102896    
        1599  0.1102380    
        1600  0.1101866    
        1601  0.1101351    
        1602  0.1100835    
        1603  0.1100321    
        1604  0.1099805    
        1605  0.1099291    
        1606  0.1098782    
        1607  0.1098270    
        1608  0.1097758    
        1609  0.1097248    
        1610  0.1096736    
        1611  0.1096226    
        1612  0.1095718    
        1613  0.1095207    
        1614  0.1094699    
        1615  0.1094190    
        1616  0.1093684    
        1617  0.1093174    
        1618  0.1092671    
        1619  0.1092164    
        1620  0.1091658    
        1621  0.1091150    
        1622  0.1090646    
        1623  0.1090144    
        1624  0.1089641    
        1625  0.1089140    
        1626  0.1088638    
        1627  0.1088132    
        1628  0.1087634    
        1629  0.1087133    
        1630  0.1086635    
        1631  0.1086134    
        1632  0.1085637    
        1633  0.1085136    
        1634  0.1084639    
        1635  0.1084145    
        1636  0.1083646    
        1637  0.1083149    
        1638  0.1082655    
        1639  0.1082158    
        1640  0.1081664    
        1641  0.1081171    
        1642  0.1080679    
        1643  0.1080185    
        1644  0.1079690    
        1645  0.1079198    
        1646  0.1078706    
        1647  0.1078218    
        1648  0.1077728    
        1649  0.1077239    
        1650  0.1076749    
        1651  0.1076259    
        1652  0.1075770    
        1653  0.1075283    
        1654  0.1074795    
        1655  0.1074309    
        1656  0.1073825    
        1657  0.1073339    
        1658  0.1072850    
        1659  0.1072365    
        1660  0.1071883    
        1661  0.1071400    
        1662  0.1070914    
        1663  0.1070433    
        1664  0.1069948    
        1665  0.1069465    
        1666  0.1068984    
        1667  0.1068504    
        1668  0.1068023    
        1669  0.1067541    
        1670  0.1067062    
        1671  0.1066583    
        1672  0.1066102    
        1673  0.1065625    
        1674  0.1065148    
        1675  0.1064671    
        1676  0.1064197    
        1677  0.1063718    
        1678  0.1063243    
        1679  0.1062766    
        1680  0.1062293    
        1681  0.1061817    
        1682  0.1061347    
        1683  0.1060873    
        1684  0.1060399    
        1685  0.1059928    
        1686  0.1059455    
        1687  0.1058987    
        1688  0.1058518    
        1689  0.1058047    
        1690  0.1057577    
        1691  0.1057106    
        1692  0.1056638    
        1693  0.1056167    
        1694  0.1055703    
        1695  0.1055234    
        1696  0.1054766    
        1697  0.1054300    
        1698  0.1053834    
        1699  0.1053369    
        1700  0.1052905    
        1701  0.1052442    
        1702  0.1051979    
        1703  0.1051519    
        1704  0.1051054    
        1705  0.1050590    
        1706  0.1050129    
        1707  0.1049667    
        1708  0.1049208    
        1709  0.1048747    
        1710  0.1048289    
        1711  0.1047828    
        1712  0.1047370    
        1713  0.1046911    
        1714  0.1046454    
        1715  0.1045995    
        1716  0.1045538    
        1717  0.1045083    
        1718  0.1044625    
        1719  0.1044170    
        1720  0.1043715    
        1721  0.1043262    
        1722  0.1042805    
        1723  0.1042356    
        1724  0.1041902    
        1725  0.1041447    
        1726  0.1040994    
        1727  0.1040542    
        1728  0.1040092    
        1729  0.1039639    
        1730  0.1039189    
        1731  0.1038741    
        1732  0.1038290    
        1733  0.1037838    
        1734  0.1037391    
        1735  0.1036941    
        1736  0.1036494    
        1737  0.1036046    
        1738  0.1035599    
        1739  0.1035152    
        1740  0.1034703    
        1741  0.1034257    
        1742  0.1033812    
        1743  0.1033366    
        1744  0.1032921    
        1745  0.1032478    
        1746  0.1032034    
        1747  0.1031588    
        1748  0.1031145    
        1749  0.1030704    
        1750  0.1030262    
        1751  0.1029819    
        1752  0.1029381    
        1753  0.1028939    
        1754  0.1028499    
        1755  0.1028058    
        1756  0.1027618    
        1757  0.1027181    
        1758  0.1026743    
        1759  0.1026303    
        1760  0.1025869    
        1761  0.1025430    
        1762  0.1024995    
        1763  0.1024557    
        1764  0.1024123    
        1765  0.1023686    
        1766  0.1023255    
        1767  0.1022821    
        1768  0.1022389    
        1769  0.1021952    
        1770  0.1021520    
        1771  0.1021086    
        1772  0.1020655    
        1773  0.1020224    
        1774  0.1019793    
        1775  0.1019362    
        1776  0.1018934    
        1777  0.1018501    
        1778  0.1018072    
        1779  0.1017644    
        1780  0.1017215    
        1781  0.1016787    
        1782  0.1016362    
        1783  0.1015933    
        1784  0.1015507    
        1785  0.1015079    
        1786  0.1014652    
        1787  0.1014228    
        1788  0.1013802    
        1789  0.1013379    
        1790  0.1012956    
        1791  0.1012530    
        1792  0.1012107    
        1793  0.1011682    
        1794  0.1011259    
        1795  0.1010838    
        1796  0.1010416    
        1797  0.1009996    
        1798  0.1009572    
        1799  0.1009153    
        1800  0.1008731    
        1801  0.1008312    
        1802  0.1007890    
        1803  0.1007472    
        1804  0.1007054    
        1805  0.1006634    
        1806  0.1006218    
        1807  0.1005799    
        1808  0.1005381    
        1809  0.1004962    
        1810  0.1004548    
        1811  0.1004132    
        1812  0.1003714    
        1813  0.1003299    
        1814  0.1002888    
        1815  0.1002472    
        1816  0.1002058    
        1817  0.1001644    
        1818  0.1001231    
        1819  0.1000817    
        1820  0.1000404    
        1821  9.9999294E-02
        1822  9.9958301E-02
        1823  9.9917017E-02
        1824  9.9875778E-02
        1825  9.9834614E-02
        1826  9.9793568E-02
        1827  9.9752806E-02
        1828  9.9711798E-02
        1829  9.9670820E-02
        1830  9.9630080E-02
        1831  9.9589437E-02
        1832  9.9548303E-02
        1833  9.9507555E-02
        1834  9.9466696E-02
        1835  9.9426277E-02
        1836  9.9385612E-02
        1837  9.9344902E-02
        1838  9.9304266E-02
        1839  9.9263936E-02
        1840  9.9223360E-02
        1841  9.9182658E-02
        1842  9.9142142E-02
        1843  9.9101931E-02
        1844  9.9061601E-02
        1845  9.9021055E-02
        1846  9.8980792E-02
        1847  9.8940641E-02
        1848  9.8900460E-02
        1849  9.8860152E-02
        1850  9.8820053E-02
        1851  9.8779723E-02
        1852  9.8740004E-02
        1853  9.8699860E-02
        1854  9.8659821E-02
        1855  9.8620005E-02
        1856  9.8580420E-02
        1857  9.8540261E-02
        1858  9.8500386E-02
        1859  9.8460540E-02
        1860  9.8420948E-02
        1861  9.8381042E-02
        1862  9.8341510E-02
        1863  9.8301873E-02
        1864  9.8262288E-02
        1865  9.8222680E-02
        1866  9.8183289E-02
        1867  9.8143689E-02
        1868  9.8104119E-02
        1869  9.8064683E-02
        1870  9.8025307E-02
        1871  9.7985812E-02
        1872  9.7946435E-02
        1873  9.7907342E-02
        1874  9.7868271E-02
        1875  9.7828828E-02
        1876  9.7789809E-02
        1877  9.7750783E-02
        1878  9.7711585E-02
        1879  9.7672597E-02
        1880  9.7633682E-02
        1881  9.7594865E-02
        1882  9.7555965E-02
        1883  9.7516946E-02
        1884  9.7478241E-02
        1885  9.7438976E-02
        1886  9.7400285E-02
        1887  9.7361676E-02
        1888  9.7323090E-02
        1889  9.7284473E-02
        1890  9.7245857E-02
        1891  9.7207427E-02
        1892  9.7168826E-02
        1893  9.7130172E-02
        1894  9.7091831E-02
        1895  9.7053409E-02
        1896  9.7014837E-02
        1897  9.6976273E-02
        1898  9.6938103E-02
        1899  9.6899994E-02
        1900  9.6861824E-02
        1901  9.6823439E-02
        1902  9.6784979E-02
        1903  9.6747071E-02
        1904  9.6708924E-02
        1905  9.6670732E-02
        1906  9.6632883E-02
        1907  9.6594661E-02
        1908  9.6556880E-02
        1909  9.6519001E-02
        1910  9.6481092E-02
        1911  9.6443169E-02
        1912  9.6405119E-02
        1913  9.6367568E-02
        1914  9.6329808E-02
        1915  9.6291915E-02
        1916  9.6254252E-02
        1917  9.6216783E-02
        1918  9.6179225E-02
        1919  9.6141547E-02
        1920  9.6104026E-02
        1921  9.6066460E-02
        1922  9.6028917E-02
        1923  9.5991470E-02
        1924  9.5953815E-02
        1925  9.5916659E-02
        1926  9.5879190E-02
        1927  9.5841862E-02
        1928  9.5804676E-02
        1929  9.5767319E-02
        1930  9.5729969E-02
        1931  9.5692582E-02
        1932  9.5655516E-02
        1933  9.5618270E-02
        1934  9.5581174E-02
        1935  9.5544063E-02
        1936  9.5507018E-02
        1937  9.5470287E-02
        1938  9.5433019E-02
        1939  9.5396042E-02
        1940  9.5359236E-02
        1941  9.5322371E-02
        1942  9.5285647E-02
        1943  9.5248595E-02
        1944  9.5211968E-02
        1945  9.5175274E-02
        1946  9.5138617E-02
        1947  9.5102005E-02
        1948  9.5064998E-02
        1949  9.5028609E-02
        1950  9.4991960E-02
        1951  9.4955727E-02
        1952  9.4919302E-02
        1953  9.4882503E-02
        1954  9.4846122E-02
        1955  9.4809905E-02
        1956  9.4773598E-02
        1957  9.4737306E-02
        1958  9.4700880E-02
        1959  9.4664812E-02
        1960  9.4628543E-02
        1961  9.4592385E-02
        1962  9.4556339E-02
        1963  9.4519861E-02
        1964  9.4484136E-02
        1965  9.4448105E-02
        1966  9.4411910E-02
        1967  9.4376035E-02
        1968  9.4339967E-02
        1969  9.4303921E-02
        1970  9.4268046E-02
        1971  9.4232231E-02
        1972  9.4196364E-02
        1973  9.4160475E-02
        1974  9.4124816E-02
        1975  9.4089113E-02
        1976  9.4053425E-02
        1977  9.4017580E-02
        1978  9.3981862E-02
        1979  9.3946323E-02
        1980  9.3910918E-02
        1981  9.3875013E-02
        1982  9.3839526E-02
        1983  9.3803942E-02
        1984  9.3768530E-02
        1985  9.3733042E-02
        1986  9.3697615E-02
        1987  9.3662173E-02
        1988  9.3626887E-02
        1989  9.3591519E-02
        1990  9.3556181E-02
        1991  9.3520880E-02
        1992  9.3485586E-02
        1993  9.3450204E-02
        1994  9.3415134E-02
        1995  9.3380086E-02
        1996  9.3345009E-02
        1997  9.3310013E-02
        1998  9.3274698E-02
        1999  9.3239740E-02
        2000  9.3204916E-02
        2001  9.3169831E-02
        2002  9.3134761E-02
        2003  9.3099996E-02
        2004  9.3065098E-02
        2005  9.3030304E-02
        2006  9.2995517E-02
        2007  9.2960626E-02
        2008  9.2926100E-02
        2009  9.2891350E-02
        2010  9.2856772E-02
        2011  9.2822053E-02
        2012  9.2787489E-02
        2013  9.2752650E-02
        2014  9.2718467E-02
        2015  9.2683852E-02
        2016  9.2649534E-02
        2017  9.2614979E-02
        2018  9.2580490E-02
        2019  9.2546210E-02
        2020  9.2511885E-02
        2021  9.2477687E-02
        2022  9.2443332E-02
        2023  9.2408806E-02
        2024  9.2374697E-02
        2025  9.2340469E-02
        2026  9.2306465E-02
        2027  9.2272609E-02
        2028  9.2237994E-02
        2029  9.2204183E-02
        2030  9.2170119E-02
        2031  9.2136249E-02
        2032  9.2102326E-02
        2033  9.2068300E-02
        2034  9.2033915E-02
        2035  9.2000164E-02
        2036  9.1966450E-02
        2037  9.1932707E-02
        2038  9.1899127E-02
        2039  9.1865070E-02
        2040  9.1831483E-02
        2041  9.1797687E-02
        2042  9.1763943E-02
        2043  9.1730364E-02
        2044  9.1696791E-02
        2045  9.1663115E-02
        2046  9.1629468E-02
        2047  9.1596015E-02
        2048  9.1562577E-02
        2049  9.1529042E-02
        2050  9.1495447E-02
        2051  9.1461964E-02
        2052  9.1428705E-02
        2053  9.1395304E-02
        2054  9.1362000E-02
        2055  9.1328524E-02
        2056  9.1295198E-02
        2057  9.1262072E-02
        2058  9.1228761E-02
        2059  9.1195442E-02
        2060  9.1162562E-02
        2061  9.1129281E-02
        2062  9.1096170E-02
        2063  9.1063239E-02
        2064  9.1029897E-02
        2065  9.0997003E-02
        2066  9.0963759E-02
        2067  9.0930797E-02
        2068  9.0897866E-02
        2069  9.0865076E-02
        2070  9.0832010E-02
        2071  9.0799332E-02
        2072  9.0766154E-02
        2073  9.0733469E-02
        2074  9.0700679E-02
        2075  9.0667866E-02
        2076  9.0635248E-02
        2077  9.0602338E-02
        2078  9.0569682E-02
        2079  9.0537265E-02
        2080  9.0504609E-02
        2081  9.0472043E-02
        2082  9.0439282E-02
        2083  9.0406798E-02
        2084  9.0374149E-02
        2085  9.0341590E-02
        2086  9.0309307E-02
        2087  9.0276957E-02
        2088  9.0244576E-02
        2089  9.0212017E-02
        2090  9.0179786E-02
        2091  9.0147361E-02
        2092  9.0115368E-02
        2093  9.0082921E-02
        2094  9.0050586E-02
        2095  9.0018407E-02
        2096  8.9985892E-02
        2097  8.9953877E-02
        2098  8.9921929E-02
        2099  8.9889638E-02
        2100  8.9857481E-02
        2101  8.9825332E-02
        2102  8.9793324E-02
        2103  8.9761272E-02
        2104  8.9729324E-02
        2105  8.9697368E-02
        2106  8.9665301E-02
        2107  8.9633681E-02
        2108  8.9601524E-02
        2109  8.9569859E-02
        2110  8.9538068E-02
        2111  8.9506142E-02
        2112  8.9474335E-02
        2113  8.9442678E-02
        2114  8.9410685E-02
        2115  8.9379333E-02
        2116  8.9347579E-02
        2117  8.9315824E-02
        2118  8.9284353E-02
        2119  8.9252889E-02
        2120  8.9221127E-02
        2121  8.9189723E-02
        2122  8.9158200E-02
        2123  8.9126721E-02
        2124  8.9094989E-02
        2125  8.9063652E-02
        2126  8.9032136E-02
        2127  8.9000873E-02
        2128  8.8969499E-02
        2129  8.8937975E-02
        2130  8.8906601E-02
        2131  8.8875383E-02
        2132  8.8844173E-02
        2133  8.8812850E-02
        2134  8.8781804E-02
        2135  8.8750198E-02
        2136  8.8718981E-02
        2137  8.8687934E-02
        2138  8.8656686E-02
        2139  8.8625126E-02
        2140  8.8594198E-02
        2141  8.8563159E-02
        2142  8.8531934E-02
        2143  8.8501006E-02
        2144  8.8470511E-02
        2145  8.8440001E-02
        2146  8.8409379E-02
        2147  8.8378616E-02
        2148  8.8347688E-02
        2149  8.8316754E-02
        2150  8.8286109E-02
        2151  8.8255152E-02
        2152  8.8224299E-02
        2153  8.8193774E-02
        2154  8.8162787E-02
        2155  8.8132091E-02
        2156  8.8101514E-02
        2157  8.8070959E-02
        2158  8.8040479E-02
        2159  8.8009842E-02
        2160  8.7979250E-02
        2161  8.7948427E-02
        2162  8.7918274E-02
        2163  8.7887786E-02
        2164  8.7857284E-02
        2165  8.7826908E-02
        2166  8.7796435E-02
        2167  8.7765858E-02
        2168  8.7735698E-02
        2169  8.7705307E-02
        2170  8.7674946E-02
        2171  8.7644704E-02
        2172  8.7614372E-02
        2173  8.7583952E-02
        2174  8.7553844E-02
        2175  8.7523654E-02
        2176  8.7493502E-02
        2177  8.7463439E-02
        2178  8.7433279E-02
        2179  8.7403178E-02
        2180  8.7373070E-02
        2181  8.7342881E-02
        2182  8.7312959E-02
        2183  8.7282941E-02
        2184  8.7253056E-02
        2185  8.7223165E-02
        2186  8.7192811E-02
        2187  8.7162971E-02
        2188  8.7133288E-02
        2189  8.7103270E-02
        2190  8.7073587E-02
        2191  8.7043777E-02
        2192  8.7013848E-02
        2193  8.6983897E-02
        2194  8.6954094E-02
        2195  8.6924642E-02
        2196  8.6894885E-02
        2197  8.6865045E-02
        2198  8.6835355E-02
        2199  8.6805820E-02
        2200  8.6776204E-02
        2201  8.6746596E-02
        2202  8.6717159E-02
        2203  8.6687319E-02
        2204  8.6657874E-02
        2205  8.6628437E-02
        2206  8.6598687E-02
        2207  8.6569302E-02
        2208  8.6539909E-02
        2209  8.6510353E-02
        2210  8.6481057E-02
        2211  8.6451761E-02
        2212  8.6422279E-02
        2213  8.6393073E-02
        2214  8.6363748E-02
        2215  8.6334608E-02
        2216  8.6305216E-02
        2217  8.6276151E-02
        2218  8.6247005E-02
        2219  8.6217850E-02
        2220  8.6188637E-02
        2221  8.6159736E-02
        2222  8.6130582E-02
        2223  8.6101398E-02
        2224  8.6072534E-02
        2225  8.6043298E-02
        2226  8.6014330E-02
        2227  8.5985221E-02
        2228  8.5956715E-02
        2229  8.5927494E-02
        2230  8.5898481E-02
        2231  8.5869640E-02
        2232  8.5840613E-02
        2233  8.5811704E-02
        2234  8.5783005E-02
        2235  8.5754432E-02
        2236  8.5725568E-02
        2237  8.5696474E-02
        2238  8.5667901E-02
        2239  8.5639015E-02
        2240  8.5610285E-02
        2241  8.5581757E-02
        2242  8.5553110E-02
        2243  8.5524447E-02
        2244  8.5495643E-02
        2245  8.5467011E-02
        2246  8.5438319E-02
        2247  8.5409895E-02
        2248  8.5381441E-02
        2249  8.5353024E-02
        2250  8.5324518E-02
        2251  8.5295923E-02
        2252  8.5267514E-02
        2253  8.5238993E-02
        2254  8.5210562E-02
        2255  8.5182354E-02
        2256  8.5154139E-02
        2257  8.5125878E-02
        2258  8.5097328E-02
        2259  8.5069224E-02
        2260  8.5040875E-02
        2261  8.5012689E-02
        2262  8.4984601E-02
        2263  8.4956415E-02
        2264  8.4928289E-02
        2265  8.4900066E-02
        2266  8.4871963E-02
        2267  8.4843896E-02
        2268  8.4815815E-02
        2269  8.4787615E-02
        2270  8.4759809E-02
        2271  8.4731951E-02
        2272  8.4703766E-02
        2273  8.4675759E-02
        2274  8.4647939E-02
        2275  8.4619880E-02
        2276  8.4592104E-02
        2277  8.4564343E-02
        2278  8.4536493E-02
        2279  8.4508590E-02
        2280  8.4480666E-02
        2281  8.4452838E-02
        2282  8.4425211E-02
        2283  8.4397525E-02
        2284  8.4369794E-02
        2285  8.4342331E-02
        2286  8.4314674E-02
        2287  8.4286720E-02
        2288  8.4259152E-02
        2289  8.4231541E-02
        2290  8.4203854E-02
        2291  8.4176242E-02
        2292  8.4148884E-02
        2293  8.4121279E-02
        2294  8.4093556E-02
        2295  8.4066063E-02
        2296  8.4038794E-02
        2297  8.4011301E-02
        2298  8.3984025E-02
        2299  8.3956800E-02
        2300  8.3929829E-02

real	9m28.835s
user	0m0.148s
sys	0m0.160s
