pure MPI, 50 MPI per node, OMP_NUM_THREAD=1
 k        1501
 k        1501
 k        1501
 k        1501
 diffnorm  0.1156566    
 diffnorm  0.1156566    
 k        1501
 diffnorm  0.1156566    
 k        1501
 diffnorm  0.1156566    
 k        1501
 diffnorm  0.1156566    
 k        1501
 diffnorm  0.1156566    
 diffnorm  0.1156566    
 k        1501
 diffnorm  0.1156566    
 k        1501
 diffnorm  0.1156566    
 k        1501
 k        1501
 k        1501
 k        1501
 k        1501
 diffnorm  0.1156566    
 diffnorm  0.1156566    
 diffnorm  0.1156566    
 diffnorm  0.1156566    
 diffnorm  0.1156566    
 k        1501
 k        1501
 diffnorm  0.1156566    
 diffnorm  0.1156566    
 k        1501
 k        1501
 k        1501
 diffnorm  0.1156566    
 diffnorm  0.1156566    
 k        1501
 diffnorm  0.1156566    
 k        1501
 k        1501
 diffnorm  0.1156566    
 k        1501
 k        1501
 k        1501
 k        1501
 k        1501
 diffnorm  0.1156566    
 diffnorm  0.1156566    
 diffnorm  0.1156566    
 diffnorm  0.1156566    
 diffnorm  0.1156566    
 diffnorm  0.1156566    
 diffnorm  0.1156566    
 k        1501
 diffnorm  0.1156566    
 k        1501
 diffnorm  0.1156566    
 k        1501
 k        1501
 k        1501
 diffnorm  0.1156566    
 diffnorm  0.1156566    
 diffnorm  0.1156566    
 k        1501
 k        1501
 diffnorm  0.1156566    
 k        1501
 k        1501
 k        1501
 diffnorm  0.1156566    
 k        1501
 k        1501
 k        1501
 k        1501
 k        1501
 k        1501
 k        1501
 k        1501
 k        1501
 diffnorm  0.1156566    
 k        1501
 k        1501
 k        1501
 k        1501
 diffnorm  0.1156566    
 diffnorm  0.1156566    
 diffnorm  0.1156566    
 diffnorm  0.1156566    
 diffnorm  0.1156566    
 diffnorm  0.1156566    
 diffnorm  0.1156566    
 diffnorm  0.1156566    
 diffnorm  0.1156566    
 diffnorm  0.1156566    
 diffnorm  0.1156566    
 diffnorm  0.1156566    
 diffnorm  0.1156566    
 diffnorm  0.1156566    
 diffnorm  0.1156566    
 diffnorm  0.1156566    
 k        1501
 k        1501
 diffnorm  0.1156566    
 k        1501
 diffnorm  0.1156566    
 k        1501
 k        1501
 diffnorm  0.1156566    
 diffnorm  0.1156566    
 diffnorm  0.1156566    
 k        1501
 diffnorm  0.1156566    
 k        1501
 diffnorm  0.1156566    
 k        1501
 k        1501
 diffnorm  0.1156566    
 diffnorm  0.1156566    
 k        1501
 diffnorm  0.1156566    
 k        1501
 k        1501
 k        1501
 k        1501
 k        1501
 diffnorm  0.1156566    
 k        1501
 diffnorm  0.1156566    
 diffnorm  0.1156566    
 diffnorm  0.1156566    
 diffnorm  0.1156566    
 diffnorm  0.1156566    
 k        1501
 diffnorm  0.1156566    
 k        1501
 diffnorm  0.1156566    
 k        1501
 k        1501
 diffnorm  0.1156566    
 k        1501
 diffnorm  0.1156566    
 diffnorm  0.1156566    
 k        1501
 k        1501
 diffnorm  0.1156566    
 diffnorm  0.1156566    
 k        1501
 k        1501
 k        1501
 k        1501
 k        1501
 diffnorm  0.1156566    
 k        1501
 diffnorm  0.1156566    
 diffnorm  0.1156566    
 diffnorm  0.1156566    
 diffnorm  0.1156566    
 diffnorm  0.1156566    
 k        1501
 diffnorm  0.1156566    
 k        1501
 diffnorm  0.1156566    
 k        1501
 diffnorm  0.1156566    
 k        1501
 k        1501
 k        1501
 diffnorm  0.1156566    
 diffnorm  0.1156566    
 diffnorm  0.1156566    
 k        1501
 k        1501
 k        1501
 k        1501
 diffnorm  0.1156566    
 diffnorm  0.1156566    
 k        1501
 k        1501
 k        1501
 diffnorm  0.1156566    
 k        1501
 k        1501
 k        1501
 k        1501
 diffnorm  0.1156566    
 k        1501
 k        1501
 k        1501
 diffnorm  0.1156566    
 diffnorm  0.1156566    
 diffnorm  0.1156566    
 diffnorm  0.1156566    
 diffnorm  0.1156566    
 diffnorm  0.1156566    
 diffnorm  0.1156566    
 diffnorm  0.1156566    
 diffnorm  0.1156566    
 diffnorm  0.1156566    
------------------------
hybrid  OMP/MPI, 25 MPI per node, OMP_NUM_THREAD=2
 k        1501
 k        1501
 k        1501
 k        1501
 diffnorm  0.1156557    
 k        1501
 diffnorm  0.1156557    
 diffnorm  0.1156557    
 diffnorm  0.1156557    
 diffnorm  0.1156557    
 k        1501
 diffnorm  0.1156557    
 k        1501
 diffnorm  0.1156557    
 k        1501
 diffnorm  0.1156557    
 k        1501
 diffnorm  0.1156557    
 k        1501
 diffnorm  0.1156557    
 k        1501
 k        1501
 diffnorm  0.1156557    
 k        1501
 k        1501
 diffnorm  0.1156557    
 k        1501
 k        1501
 diffnorm  0.1156557    
 diffnorm  0.1156557    
 k        1501
 diffnorm  0.1156557    
 diffnorm  0.1156557    
 diffnorm  0.1156557    
 k        1501
 k        1501
 k        1501
 k        1501
 k        1501
 k        1501
 k        1501
 diffnorm  0.1156557    
 diffnorm  0.1156557    
 k        1501
 diffnorm  0.1156557    
 diffnorm  0.1156557    
 diffnorm  0.1156557    
 diffnorm  0.1156557    
 diffnorm  0.1156557    
 diffnorm  0.1156557    
 k        1501
 diffnorm  0.1156557    
 k        1501
 diffnorm  0.1156557    
 k        1501
 k        1501
 diffnorm  0.1156557    
 diffnorm  0.1156557    
 k        1501
 diffnorm  0.1156557    
 k        1501
 k        1501
 diffnorm  0.1156557    
 k        1501
 k        1501
 k        1501
 k        1501
 k        1501
 diffnorm  0.1156557    
 diffnorm  0.1156557    
 diffnorm  0.1156557    
 diffnorm  0.1156557    
 diffnorm  0.1156557    
 diffnorm  0.1156557    
 k        1501
 diffnorm  0.1156557    
 k        1501
 k        1501
 k        1501
 k        1501
 k        1501
 k        1501
 k        1501
 k        1501
 k        1501
 k        1501
 k        1501
 k        1501
 diffnorm  0.1156557    
 diffnorm  0.1156557    
 diffnorm  0.1156557    
 diffnorm  0.1156557    
 diffnorm  0.1156557    
 diffnorm  0.1156557    
 diffnorm  0.1156557    
 diffnorm  0.1156557    
 diffnorm  0.1156557    
 diffnorm  0.1156557    
 diffnorm  0.1156557    
 diffnorm  0.1156557    
------------------------
hybrid OMP/ MPI, 20 MPI per node, OMP_NUM_THREAD=4
 k        1501
 diffnorm  0.1156548    
 k        1501
 diffnorm  0.1156548    
 k        1501
 diffnorm  0.1156548    
 k        1501
 diffnorm  0.1156548    
 k        1501
 k        1501
 diffnorm  0.1156548    
 k        1501
 k        1501
 diffnorm  0.1156548    
 k        1501
 diffnorm  0.1156548    
 diffnorm  0.1156548    
 k        1501
 diffnorm  0.1156548    
 diffnorm  0.1156548    
 k        1501
 k        1501
 diffnorm  0.1156548    
 diffnorm  0.1156548    
 k        1501
 k        1501
 k        1501
 diffnorm  0.1156548    
 k        1501
 k        1501
 k        1501
 k        1501
 diffnorm  0.1156548    
 diffnorm  0.1156548    
 k        1501
 diffnorm  0.1156548    
 diffnorm  0.1156548    
 k        1501
 diffnorm  0.1156548    
 k        1501
 k        1501
 diffnorm  0.1156548    
 k        1501
 diffnorm  0.1156548    
 k        1501
 k        1501
 k        1501
 k        1501
 diffnorm  0.1156548    
 k        1501
 diffnorm  0.1156548    
 k        1501
 diffnorm  0.1156548    
 k        1501
 diffnorm  0.1156548    
 k        1501
 diffnorm  0.1156548    
 k        1501
 diffnorm  0.1156548    
 k        1501
 k        1501
 k        1501
 k        1501
 k        1501
 k        1501
 diffnorm  0.1156548    
 k        1501
 diffnorm  0.1156548    
 diffnorm  0.1156548    
 diffnorm  0.1156548    
 diffnorm  0.1156548    
 diffnorm  0.1156548    
 diffnorm  0.1156548    
 diffnorm  0.1156548    
 diffnorm  0.1156548    
 diffnorm  0.1156548    
 diffnorm  0.1156548    
 diffnorm  0.1156548    
 diffnorm  0.1156548    
 diffnorm  0.1156548    
------------------------
hybrid OMP/ MPI, 8 MPI per node, OMP_NUM_THREAD=8
 k        1501
 diffnorm  0.1156496    
 k        1501
 k        1501
 diffnorm  0.1156496    
 k        1501
 k        1501
 k        1501
 diffnorm  0.1156496    
 k        1501
 k        1501
 diffnorm  0.1156496    
 k        1501
 diffnorm  0.1156496    
 diffnorm  0.1156496    
 diffnorm  0.1156496    
 diffnorm  0.1156496    
 k        1501
 k        1501
 diffnorm  0.1156496    
 diffnorm  0.1156496    
 k        1501
 diffnorm  0.1156496    
 diffnorm  0.1156496    
 k        1501
 k        1501
 k        1501
 diffnorm  0.1156496    
 k        1501
 diffnorm  0.1156496    
 diffnorm  0.1156496    
 diffnorm  0.1156496    
------------------------
hybrid OMP/ MPI, 4 MPI per node, OMP_NUM_THREAD=32
 k        1501
 diffnorm  0.1156434    
 k        1501
 diffnorm  0.1156434    
 k        1501
 k        1501
 diffnorm  0.1156434    
 diffnorm  0.1156434    
 k        1501
 diffnorm  0.1156434    
 k        1501
 k        1501
 diffnorm  0.1156434    
 diffnorm  0.1156434    
 k        1501
 diffnorm  0.1156434    
------------------------
pure OMP, 1 MPI per node, OMP_NUM_THREAD=64
